[2023-12-04 00:17:58,475] {taskinstance.py:1159} INFO - Dependencies all met for <TaskInstance: water_polution.model_preprocessing manual__2023-12-03T19:17:50.636636+00:00 [queued]>
[2023-12-04 00:17:58,487] {taskinstance.py:1159} INFO - Dependencies all met for <TaskInstance: water_polution.model_preprocessing manual__2023-12-03T19:17:50.636636+00:00 [queued]>
[2023-12-04 00:17:58,487] {taskinstance.py:1356} INFO - 
--------------------------------------------------------------------------------
[2023-12-04 00:17:58,487] {taskinstance.py:1357} INFO - Starting attempt 1 of 6
[2023-12-04 00:17:58,487] {taskinstance.py:1358} INFO - 
--------------------------------------------------------------------------------
[2023-12-04 00:17:58,503] {taskinstance.py:1377} INFO - Executing <Task(BashOperator): model_preprocessing> on 2023-12-03 19:17:50.636636+00:00
[2023-12-04 00:17:58,506] {standard_task_runner.py:52} INFO - Started process 34869 to run task
[2023-12-04 00:17:58,514] {standard_task_runner.py:79} INFO - Running: ['airflow', 'tasks', 'run', 'water_polution', 'model_preprocessing', 'manual__2023-12-03T19:17:50.636636+00:00', '--job-id', '28', '--raw', '--subdir', 'DAGS_FOLDER/water_polution.py', '--cfg-path', '/tmp/tmp8u_vzulf', '--error-file', '/tmp/tmp7hhb55q6']
[2023-12-04 00:17:58,518] {standard_task_runner.py:80} INFO - Job 28: Subtask model_preprocessing
[2023-12-04 00:17:58,563] {task_command.py:369} INFO - Running <TaskInstance: water_polution.model_preprocessing manual__2023-12-03T19:17:50.636636+00:00 [running]> on host MLops.myguest.virtualbox.org
[2023-12-04 00:17:58,628] {taskinstance.py:1569} INFO - Exporting the following env vars:
AIRFLOW_CTX_DAG_OWNER=Admin
AIRFLOW_CTX_DAG_ID=water_polution
AIRFLOW_CTX_TASK_ID=model_preprocessing
AIRFLOW_CTX_EXECUTION_DATE=2023-12-03T19:17:50.636636+00:00
AIRFLOW_CTX_TRY_NUMBER=1
AIRFLOW_CTX_DAG_RUN_ID=manual__2023-12-03T19:17:50.636636+00:00
[2023-12-04 00:17:58,629] {subprocess.py:62} INFO - Tmp dir root location: 
 /tmp
[2023-12-04 00:17:58,630] {subprocess.py:74} INFO - Running command: ['bash', '-c', 'python3 /home/antosha/project/scripts/model_preprocessing.py']
[2023-12-04 00:17:58,646] {subprocess.py:85} INFO - Output:
[2023-12-04 00:18:00,986] {subprocess.py:96} INFO - Command exited with return code 0
[2023-12-04 00:18:01,009] {taskinstance.py:1395} INFO - Marking task as SUCCESS. dag_id=water_polution, task_id=model_preprocessing, execution_date=20231203T191750, start_date=20231203T191758, end_date=20231203T191801
[2023-12-04 00:18:01,077] {local_task_job.py:156} INFO - Task exited with return code 0
[2023-12-04 00:18:01,116] {local_task_job.py:273} INFO - 1 downstream tasks scheduled from follow-on schedule check
