[2023-12-03 21:24:22,774] {processor.py:153} INFO - Started process (PID=5257) to work on /home/antosha/venvs/practice_3/lib/python3.10/site-packages/airflow/example_dags/example_skip_dag.py
[2023-12-03 21:24:22,774] {processor.py:641} INFO - Processing file /home/antosha/venvs/practice_3/lib/python3.10/site-packages/airflow/example_dags/example_skip_dag.py for tasks to queue
[2023-12-03 21:24:22,774] {logging_mixin.py:115} INFO - [2023-12-03 21:24:22,774] {dagbag.py:507} INFO - Filling up the DagBag from /home/antosha/venvs/practice_3/lib/python3.10/site-packages/airflow/example_dags/example_skip_dag.py
[2023-12-03 21:24:22,779] {processor.py:651} INFO - DAG(s) dict_keys(['example_skip_dag']) retrieved from /home/antosha/venvs/practice_3/lib/python3.10/site-packages/airflow/example_dags/example_skip_dag.py
[2023-12-03 21:24:22,892] {logging_mixin.py:115} INFO - [2023-12-03 21:24:22,892] {manager.py:508} INFO - Created Permission View: can delete on DAG:example_skip_dag
[2023-12-03 21:24:22,897] {logging_mixin.py:115} INFO - [2023-12-03 21:24:22,897] {manager.py:508} INFO - Created Permission View: can edit on DAG:example_skip_dag
[2023-12-03 21:24:22,901] {logging_mixin.py:115} INFO - [2023-12-03 21:24:22,901] {manager.py:508} INFO - Created Permission View: can read on DAG:example_skip_dag
[2023-12-03 21:24:22,902] {logging_mixin.py:115} INFO - [2023-12-03 21:24:22,901] {dag.py:2371} INFO - Sync 1 DAGs
[2023-12-03 21:24:22,906] {logging_mixin.py:115} INFO - [2023-12-03 21:24:22,906] {dag.py:2390} INFO - Creating ORM DAG for example_skip_dag
[2023-12-03 21:24:22,911] {logging_mixin.py:115} INFO - [2023-12-03 21:24:22,911] {dag.py:2915} INFO - Setting next_dagrun for example_skip_dag to 2023-12-02T16:24:22.911626+00:00, run_after=2023-12-03T16:24:22.911626+00:00
[2023-12-03 21:24:22,920] {processor.py:161} INFO - Processing /home/antosha/venvs/practice_3/lib/python3.10/site-packages/airflow/example_dags/example_skip_dag.py took 0.148 seconds
[2023-12-03 21:24:53,844] {processor.py:153} INFO - Started process (PID=5295) to work on /home/antosha/venvs/practice_3/lib/python3.10/site-packages/airflow/example_dags/example_skip_dag.py
[2023-12-03 21:24:53,845] {processor.py:641} INFO - Processing file /home/antosha/venvs/practice_3/lib/python3.10/site-packages/airflow/example_dags/example_skip_dag.py for tasks to queue
[2023-12-03 21:24:53,845] {logging_mixin.py:115} INFO - [2023-12-03 21:24:53,845] {dagbag.py:507} INFO - Filling up the DagBag from /home/antosha/venvs/practice_3/lib/python3.10/site-packages/airflow/example_dags/example_skip_dag.py
[2023-12-03 21:24:53,849] {processor.py:651} INFO - DAG(s) dict_keys(['example_skip_dag']) retrieved from /home/antosha/venvs/practice_3/lib/python3.10/site-packages/airflow/example_dags/example_skip_dag.py
[2023-12-03 21:24:53,866] {logging_mixin.py:115} INFO - [2023-12-03 21:24:53,866] {dag.py:2371} INFO - Sync 1 DAGs
[2023-12-03 21:24:53,879] {logging_mixin.py:115} INFO - [2023-12-03 21:24:53,879] {dag.py:2915} INFO - Setting next_dagrun for example_skip_dag to 2023-12-02T16:24:53.879608+00:00, run_after=2023-12-03T16:24:53.879608+00:00
[2023-12-03 21:24:53,888] {processor.py:161} INFO - Processing /home/antosha/venvs/practice_3/lib/python3.10/site-packages/airflow/example_dags/example_skip_dag.py took 0.048 seconds
[2023-12-03 21:25:28,030] {processor.py:153} INFO - Started process (PID=5341) to work on /home/antosha/venvs/practice_3/lib/python3.10/site-packages/airflow/example_dags/example_skip_dag.py
[2023-12-03 21:25:28,031] {processor.py:641} INFO - Processing file /home/antosha/venvs/practice_3/lib/python3.10/site-packages/airflow/example_dags/example_skip_dag.py for tasks to queue
[2023-12-03 21:25:28,031] {logging_mixin.py:115} INFO - [2023-12-03 21:25:28,031] {dagbag.py:507} INFO - Filling up the DagBag from /home/antosha/venvs/practice_3/lib/python3.10/site-packages/airflow/example_dags/example_skip_dag.py
[2023-12-03 21:25:28,035] {processor.py:651} INFO - DAG(s) dict_keys(['example_skip_dag']) retrieved from /home/antosha/venvs/practice_3/lib/python3.10/site-packages/airflow/example_dags/example_skip_dag.py
[2023-12-03 21:25:28,048] {logging_mixin.py:115} INFO - [2023-12-03 21:25:28,048] {dag.py:2371} INFO - Sync 1 DAGs
[2023-12-03 21:25:28,061] {logging_mixin.py:115} INFO - [2023-12-03 21:25:28,061] {dag.py:2915} INFO - Setting next_dagrun for example_skip_dag to 2023-12-02T16:25:28.060801+00:00, run_after=2023-12-03T16:25:28.060801+00:00
[2023-12-03 21:25:28,068] {processor.py:161} INFO - Processing /home/antosha/venvs/practice_3/lib/python3.10/site-packages/airflow/example_dags/example_skip_dag.py took 0.041 seconds
[2023-12-03 21:25:58,826] {processor.py:153} INFO - Started process (PID=5375) to work on /home/antosha/venvs/practice_3/lib/python3.10/site-packages/airflow/example_dags/example_skip_dag.py
[2023-12-03 21:25:58,827] {processor.py:641} INFO - Processing file /home/antosha/venvs/practice_3/lib/python3.10/site-packages/airflow/example_dags/example_skip_dag.py for tasks to queue
[2023-12-03 21:25:58,827] {logging_mixin.py:115} INFO - [2023-12-03 21:25:58,827] {dagbag.py:507} INFO - Filling up the DagBag from /home/antosha/venvs/practice_3/lib/python3.10/site-packages/airflow/example_dags/example_skip_dag.py
[2023-12-03 21:25:58,831] {processor.py:651} INFO - DAG(s) dict_keys(['example_skip_dag']) retrieved from /home/antosha/venvs/practice_3/lib/python3.10/site-packages/airflow/example_dags/example_skip_dag.py
[2023-12-03 21:25:58,848] {logging_mixin.py:115} INFO - [2023-12-03 21:25:58,848] {dag.py:2371} INFO - Sync 1 DAGs
[2023-12-03 21:25:58,868] {logging_mixin.py:115} INFO - [2023-12-03 21:25:58,868] {dag.py:2915} INFO - Setting next_dagrun for example_skip_dag to 2023-12-02T16:25:58.867959+00:00, run_after=2023-12-03T16:25:58.867959+00:00
[2023-12-03 21:25:58,877] {processor.py:161} INFO - Processing /home/antosha/venvs/practice_3/lib/python3.10/site-packages/airflow/example_dags/example_skip_dag.py took 0.053 seconds
[2023-12-03 21:26:32,498] {processor.py:153} INFO - Started process (PID=5425) to work on /home/antosha/venvs/practice_3/lib/python3.10/site-packages/airflow/example_dags/example_skip_dag.py
[2023-12-03 21:26:32,499] {processor.py:641} INFO - Processing file /home/antosha/venvs/practice_3/lib/python3.10/site-packages/airflow/example_dags/example_skip_dag.py for tasks to queue
[2023-12-03 21:26:32,499] {logging_mixin.py:115} INFO - [2023-12-03 21:26:32,499] {dagbag.py:507} INFO - Filling up the DagBag from /home/antosha/venvs/practice_3/lib/python3.10/site-packages/airflow/example_dags/example_skip_dag.py
[2023-12-03 21:26:32,503] {processor.py:651} INFO - DAG(s) dict_keys(['example_skip_dag']) retrieved from /home/antosha/venvs/practice_3/lib/python3.10/site-packages/airflow/example_dags/example_skip_dag.py
[2023-12-03 21:26:32,516] {logging_mixin.py:115} INFO - [2023-12-03 21:26:32,516] {dag.py:2371} INFO - Sync 1 DAGs
[2023-12-03 21:26:32,528] {logging_mixin.py:115} INFO - [2023-12-03 21:26:32,528] {dag.py:2915} INFO - Setting next_dagrun for example_skip_dag to 2023-12-02T16:26:32.528573+00:00, run_after=2023-12-03T16:26:32.528573+00:00
[2023-12-03 21:26:32,536] {processor.py:161} INFO - Processing /home/antosha/venvs/practice_3/lib/python3.10/site-packages/airflow/example_dags/example_skip_dag.py took 0.041 seconds
[2023-12-03 21:27:04,533] {processor.py:153} INFO - Started process (PID=5459) to work on /home/antosha/venvs/practice_3/lib/python3.10/site-packages/airflow/example_dags/example_skip_dag.py
[2023-12-03 21:27:04,533] {processor.py:641} INFO - Processing file /home/antosha/venvs/practice_3/lib/python3.10/site-packages/airflow/example_dags/example_skip_dag.py for tasks to queue
[2023-12-03 21:27:04,534] {logging_mixin.py:115} INFO - [2023-12-03 21:27:04,534] {dagbag.py:507} INFO - Filling up the DagBag from /home/antosha/venvs/practice_3/lib/python3.10/site-packages/airflow/example_dags/example_skip_dag.py
[2023-12-03 21:27:04,538] {processor.py:651} INFO - DAG(s) dict_keys(['example_skip_dag']) retrieved from /home/antosha/venvs/practice_3/lib/python3.10/site-packages/airflow/example_dags/example_skip_dag.py
[2023-12-03 21:27:04,551] {logging_mixin.py:115} INFO - [2023-12-03 21:27:04,551] {dag.py:2371} INFO - Sync 1 DAGs
[2023-12-03 21:27:04,563] {logging_mixin.py:115} INFO - [2023-12-03 21:27:04,563] {dag.py:2915} INFO - Setting next_dagrun for example_skip_dag to 2023-12-02T16:27:04.563618+00:00, run_after=2023-12-03T16:27:04.563618+00:00
[2023-12-03 21:27:04,571] {processor.py:161} INFO - Processing /home/antosha/venvs/practice_3/lib/python3.10/site-packages/airflow/example_dags/example_skip_dag.py took 0.040 seconds
[2023-12-03 21:27:37,316] {processor.py:153} INFO - Started process (PID=5494) to work on /home/antosha/venvs/practice_3/lib/python3.10/site-packages/airflow/example_dags/example_skip_dag.py
[2023-12-03 21:27:37,317] {processor.py:641} INFO - Processing file /home/antosha/venvs/practice_3/lib/python3.10/site-packages/airflow/example_dags/example_skip_dag.py for tasks to queue
[2023-12-03 21:27:37,317] {logging_mixin.py:115} INFO - [2023-12-03 21:27:37,317] {dagbag.py:507} INFO - Filling up the DagBag from /home/antosha/venvs/practice_3/lib/python3.10/site-packages/airflow/example_dags/example_skip_dag.py
[2023-12-03 21:27:37,321] {processor.py:651} INFO - DAG(s) dict_keys(['example_skip_dag']) retrieved from /home/antosha/venvs/practice_3/lib/python3.10/site-packages/airflow/example_dags/example_skip_dag.py
[2023-12-03 21:27:37,338] {logging_mixin.py:115} INFO - [2023-12-03 21:27:37,338] {dag.py:2371} INFO - Sync 1 DAGs
[2023-12-03 21:27:37,356] {logging_mixin.py:115} INFO - [2023-12-03 21:27:37,356] {dag.py:2915} INFO - Setting next_dagrun for example_skip_dag to 2023-12-02T16:27:37.355921+00:00, run_after=2023-12-03T16:27:37.355921+00:00
[2023-12-03 21:27:37,368] {processor.py:161} INFO - Processing /home/antosha/venvs/practice_3/lib/python3.10/site-packages/airflow/example_dags/example_skip_dag.py took 0.054 seconds
[2023-12-03 21:28:10,943] {processor.py:153} INFO - Started process (PID=5563) to work on /home/antosha/venvs/practice_3/lib/python3.10/site-packages/airflow/example_dags/example_skip_dag.py
[2023-12-03 21:28:10,944] {processor.py:641} INFO - Processing file /home/antosha/venvs/practice_3/lib/python3.10/site-packages/airflow/example_dags/example_skip_dag.py for tasks to queue
[2023-12-03 21:28:10,944] {logging_mixin.py:115} INFO - [2023-12-03 21:28:10,944] {dagbag.py:507} INFO - Filling up the DagBag from /home/antosha/venvs/practice_3/lib/python3.10/site-packages/airflow/example_dags/example_skip_dag.py
[2023-12-03 21:28:10,948] {processor.py:651} INFO - DAG(s) dict_keys(['example_skip_dag']) retrieved from /home/antosha/venvs/practice_3/lib/python3.10/site-packages/airflow/example_dags/example_skip_dag.py
[2023-12-03 21:28:10,961] {logging_mixin.py:115} INFO - [2023-12-03 21:28:10,961] {dag.py:2371} INFO - Sync 1 DAGs
[2023-12-03 21:28:10,978] {logging_mixin.py:115} INFO - [2023-12-03 21:28:10,978] {dag.py:2915} INFO - Setting next_dagrun for example_skip_dag to 2023-12-02T16:28:10.977765+00:00, run_after=2023-12-03T16:28:10.977765+00:00
[2023-12-03 21:28:10,986] {processor.py:161} INFO - Processing /home/antosha/venvs/practice_3/lib/python3.10/site-packages/airflow/example_dags/example_skip_dag.py took 0.045 seconds
[2023-12-03 21:28:43,456] {processor.py:153} INFO - Started process (PID=5598) to work on /home/antosha/venvs/practice_3/lib/python3.10/site-packages/airflow/example_dags/example_skip_dag.py
[2023-12-03 21:28:43,456] {processor.py:641} INFO - Processing file /home/antosha/venvs/practice_3/lib/python3.10/site-packages/airflow/example_dags/example_skip_dag.py for tasks to queue
[2023-12-03 21:28:43,456] {logging_mixin.py:115} INFO - [2023-12-03 21:28:43,456] {dagbag.py:507} INFO - Filling up the DagBag from /home/antosha/venvs/practice_3/lib/python3.10/site-packages/airflow/example_dags/example_skip_dag.py
[2023-12-03 21:28:43,460] {processor.py:651} INFO - DAG(s) dict_keys(['example_skip_dag']) retrieved from /home/antosha/venvs/practice_3/lib/python3.10/site-packages/airflow/example_dags/example_skip_dag.py
[2023-12-03 21:28:43,473] {logging_mixin.py:115} INFO - [2023-12-03 21:28:43,473] {dag.py:2371} INFO - Sync 1 DAGs
[2023-12-03 21:28:43,486] {logging_mixin.py:115} INFO - [2023-12-03 21:28:43,486] {dag.py:2915} INFO - Setting next_dagrun for example_skip_dag to 2023-12-02T16:28:43.485932+00:00, run_after=2023-12-03T16:28:43.485932+00:00
[2023-12-03 21:28:43,493] {processor.py:161} INFO - Processing /home/antosha/venvs/practice_3/lib/python3.10/site-packages/airflow/example_dags/example_skip_dag.py took 0.040 seconds
[2023-12-03 21:29:15,656] {processor.py:153} INFO - Started process (PID=5638) to work on /home/antosha/venvs/practice_3/lib/python3.10/site-packages/airflow/example_dags/example_skip_dag.py
[2023-12-03 21:29:15,656] {processor.py:641} INFO - Processing file /home/antosha/venvs/practice_3/lib/python3.10/site-packages/airflow/example_dags/example_skip_dag.py for tasks to queue
[2023-12-03 21:29:15,657] {logging_mixin.py:115} INFO - [2023-12-03 21:29:15,657] {dagbag.py:507} INFO - Filling up the DagBag from /home/antosha/venvs/practice_3/lib/python3.10/site-packages/airflow/example_dags/example_skip_dag.py
[2023-12-03 21:29:15,661] {processor.py:651} INFO - DAG(s) dict_keys(['example_skip_dag']) retrieved from /home/antosha/venvs/practice_3/lib/python3.10/site-packages/airflow/example_dags/example_skip_dag.py
[2023-12-03 21:29:15,684] {logging_mixin.py:115} INFO - [2023-12-03 21:29:15,684] {dag.py:2371} INFO - Sync 1 DAGs
[2023-12-03 21:29:15,697] {logging_mixin.py:115} INFO - [2023-12-03 21:29:15,697] {dag.py:2915} INFO - Setting next_dagrun for example_skip_dag to 2023-12-02T16:29:15.696879+00:00, run_after=2023-12-03T16:29:15.696879+00:00
[2023-12-03 21:29:15,705] {processor.py:161} INFO - Processing /home/antosha/venvs/practice_3/lib/python3.10/site-packages/airflow/example_dags/example_skip_dag.py took 0.051 seconds
[2023-12-03 21:29:47,734] {processor.py:153} INFO - Started process (PID=5677) to work on /home/antosha/venvs/practice_3/lib/python3.10/site-packages/airflow/example_dags/example_skip_dag.py
[2023-12-03 21:29:47,734] {processor.py:641} INFO - Processing file /home/antosha/venvs/practice_3/lib/python3.10/site-packages/airflow/example_dags/example_skip_dag.py for tasks to queue
[2023-12-03 21:29:47,735] {logging_mixin.py:115} INFO - [2023-12-03 21:29:47,735] {dagbag.py:507} INFO - Filling up the DagBag from /home/antosha/venvs/practice_3/lib/python3.10/site-packages/airflow/example_dags/example_skip_dag.py
[2023-12-03 21:29:47,738] {processor.py:651} INFO - DAG(s) dict_keys(['example_skip_dag']) retrieved from /home/antosha/venvs/practice_3/lib/python3.10/site-packages/airflow/example_dags/example_skip_dag.py
[2023-12-03 21:29:47,751] {logging_mixin.py:115} INFO - [2023-12-03 21:29:47,751] {dag.py:2371} INFO - Sync 1 DAGs
[2023-12-03 21:29:47,764] {logging_mixin.py:115} INFO - [2023-12-03 21:29:47,764] {dag.py:2915} INFO - Setting next_dagrun for example_skip_dag to 2023-12-02T16:29:47.764158+00:00, run_after=2023-12-03T16:29:47.764158+00:00
[2023-12-03 21:29:47,772] {processor.py:161} INFO - Processing /home/antosha/venvs/practice_3/lib/python3.10/site-packages/airflow/example_dags/example_skip_dag.py took 0.040 seconds
[2023-12-03 21:30:19,432] {processor.py:153} INFO - Started process (PID=5716) to work on /home/antosha/venvs/practice_3/lib/python3.10/site-packages/airflow/example_dags/example_skip_dag.py
[2023-12-03 21:30:19,433] {processor.py:641} INFO - Processing file /home/antosha/venvs/practice_3/lib/python3.10/site-packages/airflow/example_dags/example_skip_dag.py for tasks to queue
[2023-12-03 21:30:19,433] {logging_mixin.py:115} INFO - [2023-12-03 21:30:19,433] {dagbag.py:507} INFO - Filling up the DagBag from /home/antosha/venvs/practice_3/lib/python3.10/site-packages/airflow/example_dags/example_skip_dag.py
[2023-12-03 21:30:19,437] {processor.py:651} INFO - DAG(s) dict_keys(['example_skip_dag']) retrieved from /home/antosha/venvs/practice_3/lib/python3.10/site-packages/airflow/example_dags/example_skip_dag.py
[2023-12-03 21:30:19,450] {logging_mixin.py:115} INFO - [2023-12-03 21:30:19,450] {dag.py:2371} INFO - Sync 1 DAGs
[2023-12-03 21:30:19,463] {logging_mixin.py:115} INFO - [2023-12-03 21:30:19,463] {dag.py:2915} INFO - Setting next_dagrun for example_skip_dag to 2023-12-02T16:30:19.463019+00:00, run_after=2023-12-03T16:30:19.463019+00:00
[2023-12-03 21:30:19,471] {processor.py:161} INFO - Processing /home/antosha/venvs/practice_3/lib/python3.10/site-packages/airflow/example_dags/example_skip_dag.py took 0.041 seconds
[2023-12-03 21:30:53,107] {processor.py:153} INFO - Started process (PID=5759) to work on /home/antosha/venvs/practice_3/lib/python3.10/site-packages/airflow/example_dags/example_skip_dag.py
[2023-12-03 21:30:53,107] {processor.py:641} INFO - Processing file /home/antosha/venvs/practice_3/lib/python3.10/site-packages/airflow/example_dags/example_skip_dag.py for tasks to queue
[2023-12-03 21:30:53,108] {logging_mixin.py:115} INFO - [2023-12-03 21:30:53,107] {dagbag.py:507} INFO - Filling up the DagBag from /home/antosha/venvs/practice_3/lib/python3.10/site-packages/airflow/example_dags/example_skip_dag.py
[2023-12-03 21:30:53,112] {processor.py:651} INFO - DAG(s) dict_keys(['example_skip_dag']) retrieved from /home/antosha/venvs/practice_3/lib/python3.10/site-packages/airflow/example_dags/example_skip_dag.py
[2023-12-03 21:30:53,126] {logging_mixin.py:115} INFO - [2023-12-03 21:30:53,126] {dag.py:2371} INFO - Sync 1 DAGs
[2023-12-03 21:30:53,140] {logging_mixin.py:115} INFO - [2023-12-03 21:30:53,140] {dag.py:2915} INFO - Setting next_dagrun for example_skip_dag to 2023-12-02T16:30:53.139971+00:00, run_after=2023-12-03T16:30:53.139971+00:00
[2023-12-03 21:30:53,148] {processor.py:161} INFO - Processing /home/antosha/venvs/practice_3/lib/python3.10/site-packages/airflow/example_dags/example_skip_dag.py took 0.044 seconds
[2023-12-03 21:31:26,126] {processor.py:153} INFO - Started process (PID=5793) to work on /home/antosha/venvs/practice_3/lib/python3.10/site-packages/airflow/example_dags/example_skip_dag.py
[2023-12-03 21:31:26,126] {processor.py:641} INFO - Processing file /home/antosha/venvs/practice_3/lib/python3.10/site-packages/airflow/example_dags/example_skip_dag.py for tasks to queue
[2023-12-03 21:31:26,127] {logging_mixin.py:115} INFO - [2023-12-03 21:31:26,127] {dagbag.py:507} INFO - Filling up the DagBag from /home/antosha/venvs/practice_3/lib/python3.10/site-packages/airflow/example_dags/example_skip_dag.py
[2023-12-03 21:31:26,131] {processor.py:651} INFO - DAG(s) dict_keys(['example_skip_dag']) retrieved from /home/antosha/venvs/practice_3/lib/python3.10/site-packages/airflow/example_dags/example_skip_dag.py
[2023-12-03 21:31:26,144] {logging_mixin.py:115} INFO - [2023-12-03 21:31:26,144] {dag.py:2371} INFO - Sync 1 DAGs
[2023-12-03 21:31:26,158] {logging_mixin.py:115} INFO - [2023-12-03 21:31:26,157] {dag.py:2915} INFO - Setting next_dagrun for example_skip_dag to 2023-12-02T16:31:26.157659+00:00, run_after=2023-12-03T16:31:26.157659+00:00
[2023-12-03 21:31:26,166] {processor.py:161} INFO - Processing /home/antosha/venvs/practice_3/lib/python3.10/site-packages/airflow/example_dags/example_skip_dag.py took 0.042 seconds
[2023-12-03 21:31:57,514] {processor.py:153} INFO - Started process (PID=5827) to work on /home/antosha/venvs/practice_3/lib/python3.10/site-packages/airflow/example_dags/example_skip_dag.py
[2023-12-03 21:31:57,515] {processor.py:641} INFO - Processing file /home/antosha/venvs/practice_3/lib/python3.10/site-packages/airflow/example_dags/example_skip_dag.py for tasks to queue
[2023-12-03 21:31:57,515] {logging_mixin.py:115} INFO - [2023-12-03 21:31:57,515] {dagbag.py:507} INFO - Filling up the DagBag from /home/antosha/venvs/practice_3/lib/python3.10/site-packages/airflow/example_dags/example_skip_dag.py
[2023-12-03 21:31:57,520] {processor.py:651} INFO - DAG(s) dict_keys(['example_skip_dag']) retrieved from /home/antosha/venvs/practice_3/lib/python3.10/site-packages/airflow/example_dags/example_skip_dag.py
[2023-12-03 21:31:57,534] {logging_mixin.py:115} INFO - [2023-12-03 21:31:57,534] {dag.py:2371} INFO - Sync 1 DAGs
[2023-12-03 21:31:57,547] {logging_mixin.py:115} INFO - [2023-12-03 21:31:57,547] {dag.py:2915} INFO - Setting next_dagrun for example_skip_dag to 2023-12-02T16:31:57.547628+00:00, run_after=2023-12-03T16:31:57.547628+00:00
[2023-12-03 21:31:57,555] {processor.py:161} INFO - Processing /home/antosha/venvs/practice_3/lib/python3.10/site-packages/airflow/example_dags/example_skip_dag.py took 0.044 seconds
[2023-12-03 21:32:30,585] {processor.py:153} INFO - Started process (PID=5861) to work on /home/antosha/venvs/practice_3/lib/python3.10/site-packages/airflow/example_dags/example_skip_dag.py
[2023-12-03 21:32:30,585] {processor.py:641} INFO - Processing file /home/antosha/venvs/practice_3/lib/python3.10/site-packages/airflow/example_dags/example_skip_dag.py for tasks to queue
[2023-12-03 21:32:30,585] {logging_mixin.py:115} INFO - [2023-12-03 21:32:30,585] {dagbag.py:507} INFO - Filling up the DagBag from /home/antosha/venvs/practice_3/lib/python3.10/site-packages/airflow/example_dags/example_skip_dag.py
[2023-12-03 21:32:30,589] {processor.py:651} INFO - DAG(s) dict_keys(['example_skip_dag']) retrieved from /home/antosha/venvs/practice_3/lib/python3.10/site-packages/airflow/example_dags/example_skip_dag.py
[2023-12-03 21:32:30,603] {logging_mixin.py:115} INFO - [2023-12-03 21:32:30,603] {dag.py:2371} INFO - Sync 1 DAGs
[2023-12-03 21:32:30,619] {logging_mixin.py:115} INFO - [2023-12-03 21:32:30,619] {dag.py:2915} INFO - Setting next_dagrun for example_skip_dag to 2023-12-02T16:32:30.619173+00:00, run_after=2023-12-03T16:32:30.619173+00:00
[2023-12-03 21:32:30,627] {processor.py:161} INFO - Processing /home/antosha/venvs/practice_3/lib/python3.10/site-packages/airflow/example_dags/example_skip_dag.py took 0.045 seconds
[2023-12-03 21:33:04,774] {processor.py:153} INFO - Started process (PID=5899) to work on /home/antosha/venvs/practice_3/lib/python3.10/site-packages/airflow/example_dags/example_skip_dag.py
[2023-12-03 21:33:04,775] {processor.py:641} INFO - Processing file /home/antosha/venvs/practice_3/lib/python3.10/site-packages/airflow/example_dags/example_skip_dag.py for tasks to queue
[2023-12-03 21:33:04,775] {logging_mixin.py:115} INFO - [2023-12-03 21:33:04,775] {dagbag.py:507} INFO - Filling up the DagBag from /home/antosha/venvs/practice_3/lib/python3.10/site-packages/airflow/example_dags/example_skip_dag.py
[2023-12-03 21:33:04,779] {processor.py:651} INFO - DAG(s) dict_keys(['example_skip_dag']) retrieved from /home/antosha/venvs/practice_3/lib/python3.10/site-packages/airflow/example_dags/example_skip_dag.py
[2023-12-03 21:33:04,792] {logging_mixin.py:115} INFO - [2023-12-03 21:33:04,792] {dag.py:2371} INFO - Sync 1 DAGs
[2023-12-03 21:33:04,806] {logging_mixin.py:115} INFO - [2023-12-03 21:33:04,806] {dag.py:2915} INFO - Setting next_dagrun for example_skip_dag to 2023-12-02T16:33:04.805859+00:00, run_after=2023-12-03T16:33:04.805859+00:00
[2023-12-03 21:33:04,814] {processor.py:161} INFO - Processing /home/antosha/venvs/practice_3/lib/python3.10/site-packages/airflow/example_dags/example_skip_dag.py took 0.042 seconds
[2023-12-03 21:33:36,697] {processor.py:153} INFO - Started process (PID=5933) to work on /home/antosha/venvs/practice_3/lib/python3.10/site-packages/airflow/example_dags/example_skip_dag.py
[2023-12-03 21:33:36,698] {processor.py:641} INFO - Processing file /home/antosha/venvs/practice_3/lib/python3.10/site-packages/airflow/example_dags/example_skip_dag.py for tasks to queue
[2023-12-03 21:33:36,698] {logging_mixin.py:115} INFO - [2023-12-03 21:33:36,698] {dagbag.py:507} INFO - Filling up the DagBag from /home/antosha/venvs/practice_3/lib/python3.10/site-packages/airflow/example_dags/example_skip_dag.py
[2023-12-03 21:33:36,702] {processor.py:651} INFO - DAG(s) dict_keys(['example_skip_dag']) retrieved from /home/antosha/venvs/practice_3/lib/python3.10/site-packages/airflow/example_dags/example_skip_dag.py
[2023-12-03 21:33:36,715] {logging_mixin.py:115} INFO - [2023-12-03 21:33:36,715] {dag.py:2371} INFO - Sync 1 DAGs
[2023-12-03 21:33:36,728] {logging_mixin.py:115} INFO - [2023-12-03 21:33:36,728] {dag.py:2915} INFO - Setting next_dagrun for example_skip_dag to 2023-12-02T16:33:36.728106+00:00, run_after=2023-12-03T16:33:36.728106+00:00
[2023-12-03 21:33:36,736] {processor.py:161} INFO - Processing /home/antosha/venvs/practice_3/lib/python3.10/site-packages/airflow/example_dags/example_skip_dag.py took 0.042 seconds
[2023-12-03 21:34:09,141] {processor.py:153} INFO - Started process (PID=5970) to work on /home/antosha/venvs/practice_3/lib/python3.10/site-packages/airflow/example_dags/example_skip_dag.py
[2023-12-03 21:34:09,142] {processor.py:641} INFO - Processing file /home/antosha/venvs/practice_3/lib/python3.10/site-packages/airflow/example_dags/example_skip_dag.py for tasks to queue
[2023-12-03 21:34:09,142] {logging_mixin.py:115} INFO - [2023-12-03 21:34:09,142] {dagbag.py:507} INFO - Filling up the DagBag from /home/antosha/venvs/practice_3/lib/python3.10/site-packages/airflow/example_dags/example_skip_dag.py
[2023-12-03 21:34:09,146] {processor.py:651} INFO - DAG(s) dict_keys(['example_skip_dag']) retrieved from /home/antosha/venvs/practice_3/lib/python3.10/site-packages/airflow/example_dags/example_skip_dag.py
[2023-12-03 21:34:09,159] {logging_mixin.py:115} INFO - [2023-12-03 21:34:09,159] {dag.py:2371} INFO - Sync 1 DAGs
[2023-12-03 21:34:09,172] {logging_mixin.py:115} INFO - [2023-12-03 21:34:09,172] {dag.py:2915} INFO - Setting next_dagrun for example_skip_dag to 2023-12-02T16:34:09.171801+00:00, run_after=2023-12-03T16:34:09.171801+00:00
[2023-12-03 21:34:09,180] {processor.py:161} INFO - Processing /home/antosha/venvs/practice_3/lib/python3.10/site-packages/airflow/example_dags/example_skip_dag.py took 0.041 seconds
[2023-12-03 21:34:41,340] {processor.py:153} INFO - Started process (PID=6005) to work on /home/antosha/venvs/practice_3/lib/python3.10/site-packages/airflow/example_dags/example_skip_dag.py
[2023-12-03 21:34:41,341] {processor.py:641} INFO - Processing file /home/antosha/venvs/practice_3/lib/python3.10/site-packages/airflow/example_dags/example_skip_dag.py for tasks to queue
[2023-12-03 21:34:41,341] {logging_mixin.py:115} INFO - [2023-12-03 21:34:41,341] {dagbag.py:507} INFO - Filling up the DagBag from /home/antosha/venvs/practice_3/lib/python3.10/site-packages/airflow/example_dags/example_skip_dag.py
[2023-12-03 21:34:41,346] {processor.py:651} INFO - DAG(s) dict_keys(['example_skip_dag']) retrieved from /home/antosha/venvs/practice_3/lib/python3.10/site-packages/airflow/example_dags/example_skip_dag.py
[2023-12-03 21:34:41,361] {logging_mixin.py:115} INFO - [2023-12-03 21:34:41,361] {dag.py:2371} INFO - Sync 1 DAGs
[2023-12-03 21:34:41,377] {logging_mixin.py:115} INFO - [2023-12-03 21:34:41,377] {dag.py:2915} INFO - Setting next_dagrun for example_skip_dag to 2023-12-02T16:34:41.377465+00:00, run_after=2023-12-03T16:34:41.377465+00:00
[2023-12-03 21:34:41,387] {processor.py:161} INFO - Processing /home/antosha/venvs/practice_3/lib/python3.10/site-packages/airflow/example_dags/example_skip_dag.py took 0.051 seconds
[2023-12-03 21:35:12,947] {processor.py:153} INFO - Started process (PID=6047) to work on /home/antosha/venvs/practice_3/lib/python3.10/site-packages/airflow/example_dags/example_skip_dag.py
[2023-12-03 21:35:12,947] {processor.py:641} INFO - Processing file /home/antosha/venvs/practice_3/lib/python3.10/site-packages/airflow/example_dags/example_skip_dag.py for tasks to queue
[2023-12-03 21:35:12,947] {logging_mixin.py:115} INFO - [2023-12-03 21:35:12,947] {dagbag.py:507} INFO - Filling up the DagBag from /home/antosha/venvs/practice_3/lib/python3.10/site-packages/airflow/example_dags/example_skip_dag.py
[2023-12-03 21:35:12,951] {processor.py:651} INFO - DAG(s) dict_keys(['example_skip_dag']) retrieved from /home/antosha/venvs/practice_3/lib/python3.10/site-packages/airflow/example_dags/example_skip_dag.py
[2023-12-03 21:35:12,965] {logging_mixin.py:115} INFO - [2023-12-03 21:35:12,965] {dag.py:2371} INFO - Sync 1 DAGs
[2023-12-03 21:35:12,979] {logging_mixin.py:115} INFO - [2023-12-03 21:35:12,979] {dag.py:2915} INFO - Setting next_dagrun for example_skip_dag to 2023-12-02T16:35:12.979675+00:00, run_after=2023-12-03T16:35:12.979675+00:00
[2023-12-03 21:35:12,989] {processor.py:161} INFO - Processing /home/antosha/venvs/practice_3/lib/python3.10/site-packages/airflow/example_dags/example_skip_dag.py took 0.045 seconds
[2023-12-03 21:35:47,724] {processor.py:153} INFO - Started process (PID=6085) to work on /home/antosha/venvs/practice_3/lib/python3.10/site-packages/airflow/example_dags/example_skip_dag.py
[2023-12-03 21:35:47,725] {processor.py:641} INFO - Processing file /home/antosha/venvs/practice_3/lib/python3.10/site-packages/airflow/example_dags/example_skip_dag.py for tasks to queue
[2023-12-03 21:35:47,725] {logging_mixin.py:115} INFO - [2023-12-03 21:35:47,725] {dagbag.py:507} INFO - Filling up the DagBag from /home/antosha/venvs/practice_3/lib/python3.10/site-packages/airflow/example_dags/example_skip_dag.py
[2023-12-03 21:35:47,729] {processor.py:651} INFO - DAG(s) dict_keys(['example_skip_dag']) retrieved from /home/antosha/venvs/practice_3/lib/python3.10/site-packages/airflow/example_dags/example_skip_dag.py
[2023-12-03 21:35:47,742] {logging_mixin.py:115} INFO - [2023-12-03 21:35:47,742] {dag.py:2371} INFO - Sync 1 DAGs
[2023-12-03 21:35:47,756] {logging_mixin.py:115} INFO - [2023-12-03 21:35:47,756] {dag.py:2915} INFO - Setting next_dagrun for example_skip_dag to 2023-12-02T16:35:47.756035+00:00, run_after=2023-12-03T16:35:47.756035+00:00
[2023-12-03 21:35:47,764] {processor.py:161} INFO - Processing /home/antosha/venvs/practice_3/lib/python3.10/site-packages/airflow/example_dags/example_skip_dag.py took 0.042 seconds
