[2023-12-03 21:23:56,060] {processor.py:153} INFO - Started process (PID=4543) to work on /home/antosha/venvs/practice_3/lib/python3.10/site-packages/airflow/example_dags/example_trigger_target_dag.py
[2023-12-03 21:23:56,060] {processor.py:641} INFO - Processing file /home/antosha/venvs/practice_3/lib/python3.10/site-packages/airflow/example_dags/example_trigger_target_dag.py for tasks to queue
[2023-12-03 21:23:56,061] {logging_mixin.py:115} INFO - [2023-12-03 21:23:56,061] {dagbag.py:507} INFO - Filling up the DagBag from /home/antosha/venvs/practice_3/lib/python3.10/site-packages/airflow/example_dags/example_trigger_target_dag.py
[2023-12-03 21:23:56,076] {processor.py:651} INFO - DAG(s) dict_keys(['example_trigger_target_dag']) retrieved from /home/antosha/venvs/practice_3/lib/python3.10/site-packages/airflow/example_dags/example_trigger_target_dag.py
[2023-12-03 21:23:56,146] {logging_mixin.py:115} INFO - [2023-12-03 21:23:56,146] {manager.py:508} INFO - Created Permission View: can delete on DAG:example_trigger_target_dag
[2023-12-03 21:23:56,155] {logging_mixin.py:115} INFO - [2023-12-03 21:23:56,155] {manager.py:508} INFO - Created Permission View: can edit on DAG:example_trigger_target_dag
[2023-12-03 21:23:56,162] {logging_mixin.py:115} INFO - [2023-12-03 21:23:56,162] {manager.py:508} INFO - Created Permission View: can read on DAG:example_trigger_target_dag
[2023-12-03 21:23:56,162] {logging_mixin.py:115} INFO - [2023-12-03 21:23:56,162] {dag.py:2371} INFO - Sync 1 DAGs
[2023-12-03 21:23:56,169] {logging_mixin.py:115} INFO - [2023-12-03 21:23:56,169] {dag.py:2390} INFO - Creating ORM DAG for example_trigger_target_dag
[2023-12-03 21:23:56,177] {logging_mixin.py:115} INFO - [2023-12-03 21:23:56,177] {dag.py:2915} INFO - Setting next_dagrun for example_trigger_target_dag to None, run_after=None
[2023-12-03 21:23:56,190] {processor.py:161} INFO - Processing /home/antosha/venvs/practice_3/lib/python3.10/site-packages/airflow/example_dags/example_trigger_target_dag.py took 0.134 seconds
[2023-12-03 21:24:31,564] {processor.py:153} INFO - Started process (PID=5270) to work on /home/antosha/venvs/practice_3/lib/python3.10/site-packages/airflow/example_dags/example_trigger_target_dag.py
[2023-12-03 21:24:31,565] {processor.py:641} INFO - Processing file /home/antosha/venvs/practice_3/lib/python3.10/site-packages/airflow/example_dags/example_trigger_target_dag.py for tasks to queue
[2023-12-03 21:24:31,565] {logging_mixin.py:115} INFO - [2023-12-03 21:24:31,565] {dagbag.py:507} INFO - Filling up the DagBag from /home/antosha/venvs/practice_3/lib/python3.10/site-packages/airflow/example_dags/example_trigger_target_dag.py
[2023-12-03 21:24:31,576] {processor.py:651} INFO - DAG(s) dict_keys(['example_trigger_target_dag']) retrieved from /home/antosha/venvs/practice_3/lib/python3.10/site-packages/airflow/example_dags/example_trigger_target_dag.py
[2023-12-03 21:24:31,589] {logging_mixin.py:115} INFO - [2023-12-03 21:24:31,589] {dag.py:2371} INFO - Sync 1 DAGs
[2023-12-03 21:24:31,600] {logging_mixin.py:115} INFO - [2023-12-03 21:24:31,600] {dag.py:2915} INFO - Setting next_dagrun for example_trigger_target_dag to None, run_after=None
[2023-12-03 21:24:31,607] {processor.py:161} INFO - Processing /home/antosha/venvs/practice_3/lib/python3.10/site-packages/airflow/example_dags/example_trigger_target_dag.py took 0.045 seconds
[2023-12-03 21:25:03,264] {processor.py:153} INFO - Started process (PID=5311) to work on /home/antosha/venvs/practice_3/lib/python3.10/site-packages/airflow/example_dags/example_trigger_target_dag.py
[2023-12-03 21:25:03,264] {processor.py:641} INFO - Processing file /home/antosha/venvs/practice_3/lib/python3.10/site-packages/airflow/example_dags/example_trigger_target_dag.py for tasks to queue
[2023-12-03 21:25:03,265] {logging_mixin.py:115} INFO - [2023-12-03 21:25:03,264] {dagbag.py:507} INFO - Filling up the DagBag from /home/antosha/venvs/practice_3/lib/python3.10/site-packages/airflow/example_dags/example_trigger_target_dag.py
[2023-12-03 21:25:03,276] {processor.py:651} INFO - DAG(s) dict_keys(['example_trigger_target_dag']) retrieved from /home/antosha/venvs/practice_3/lib/python3.10/site-packages/airflow/example_dags/example_trigger_target_dag.py
[2023-12-03 21:25:03,290] {logging_mixin.py:115} INFO - [2023-12-03 21:25:03,290] {dag.py:2371} INFO - Sync 1 DAGs
[2023-12-03 21:25:03,301] {logging_mixin.py:115} INFO - [2023-12-03 21:25:03,301] {dag.py:2915} INFO - Setting next_dagrun for example_trigger_target_dag to None, run_after=None
[2023-12-03 21:25:03,309] {processor.py:161} INFO - Processing /home/antosha/venvs/practice_3/lib/python3.10/site-packages/airflow/example_dags/example_trigger_target_dag.py took 0.048 seconds
[2023-12-03 21:25:36,041] {processor.py:153} INFO - Started process (PID=5350) to work on /home/antosha/venvs/practice_3/lib/python3.10/site-packages/airflow/example_dags/example_trigger_target_dag.py
[2023-12-03 21:25:36,041] {processor.py:641} INFO - Processing file /home/antosha/venvs/practice_3/lib/python3.10/site-packages/airflow/example_dags/example_trigger_target_dag.py for tasks to queue
[2023-12-03 21:25:36,042] {logging_mixin.py:115} INFO - [2023-12-03 21:25:36,042] {dagbag.py:507} INFO - Filling up the DagBag from /home/antosha/venvs/practice_3/lib/python3.10/site-packages/airflow/example_dags/example_trigger_target_dag.py
[2023-12-03 21:25:36,053] {processor.py:651} INFO - DAG(s) dict_keys(['example_trigger_target_dag']) retrieved from /home/antosha/venvs/practice_3/lib/python3.10/site-packages/airflow/example_dags/example_trigger_target_dag.py
[2023-12-03 21:25:36,067] {logging_mixin.py:115} INFO - [2023-12-03 21:25:36,067] {dag.py:2371} INFO - Sync 1 DAGs
[2023-12-03 21:25:36,078] {logging_mixin.py:115} INFO - [2023-12-03 21:25:36,078] {dag.py:2915} INFO - Setting next_dagrun for example_trigger_target_dag to None, run_after=None
[2023-12-03 21:25:36,086] {processor.py:161} INFO - Processing /home/antosha/venvs/practice_3/lib/python3.10/site-packages/airflow/example_dags/example_trigger_target_dag.py took 0.048 seconds
[2023-12-03 21:26:07,980] {processor.py:153} INFO - Started process (PID=5384) to work on /home/antosha/venvs/practice_3/lib/python3.10/site-packages/airflow/example_dags/example_trigger_target_dag.py
[2023-12-03 21:26:07,980] {processor.py:641} INFO - Processing file /home/antosha/venvs/practice_3/lib/python3.10/site-packages/airflow/example_dags/example_trigger_target_dag.py for tasks to queue
[2023-12-03 21:26:07,980] {logging_mixin.py:115} INFO - [2023-12-03 21:26:07,980] {dagbag.py:507} INFO - Filling up the DagBag from /home/antosha/venvs/practice_3/lib/python3.10/site-packages/airflow/example_dags/example_trigger_target_dag.py
[2023-12-03 21:26:07,992] {processor.py:651} INFO - DAG(s) dict_keys(['example_trigger_target_dag']) retrieved from /home/antosha/venvs/practice_3/lib/python3.10/site-packages/airflow/example_dags/example_trigger_target_dag.py
[2023-12-03 21:26:08,007] {logging_mixin.py:115} INFO - [2023-12-03 21:26:08,007] {dag.py:2371} INFO - Sync 1 DAGs
[2023-12-03 21:26:08,018] {logging_mixin.py:115} INFO - [2023-12-03 21:26:08,017] {dag.py:2915} INFO - Setting next_dagrun for example_trigger_target_dag to None, run_after=None
[2023-12-03 21:26:08,031] {processor.py:161} INFO - Processing /home/antosha/venvs/practice_3/lib/python3.10/site-packages/airflow/example_dags/example_trigger_target_dag.py took 0.056 seconds
[2023-12-03 21:26:41,288] {processor.py:153} INFO - Started process (PID=5434) to work on /home/antosha/venvs/practice_3/lib/python3.10/site-packages/airflow/example_dags/example_trigger_target_dag.py
[2023-12-03 21:26:41,288] {processor.py:641} INFO - Processing file /home/antosha/venvs/practice_3/lib/python3.10/site-packages/airflow/example_dags/example_trigger_target_dag.py for tasks to queue
[2023-12-03 21:26:41,289] {logging_mixin.py:115} INFO - [2023-12-03 21:26:41,289] {dagbag.py:507} INFO - Filling up the DagBag from /home/antosha/venvs/practice_3/lib/python3.10/site-packages/airflow/example_dags/example_trigger_target_dag.py
[2023-12-03 21:26:41,300] {processor.py:651} INFO - DAG(s) dict_keys(['example_trigger_target_dag']) retrieved from /home/antosha/venvs/practice_3/lib/python3.10/site-packages/airflow/example_dags/example_trigger_target_dag.py
[2023-12-03 21:26:41,313] {logging_mixin.py:115} INFO - [2023-12-03 21:26:41,313] {dag.py:2371} INFO - Sync 1 DAGs
[2023-12-03 21:26:41,324] {logging_mixin.py:115} INFO - [2023-12-03 21:26:41,323] {dag.py:2915} INFO - Setting next_dagrun for example_trigger_target_dag to None, run_after=None
[2023-12-03 21:26:41,331] {processor.py:161} INFO - Processing /home/antosha/venvs/practice_3/lib/python3.10/site-packages/airflow/example_dags/example_trigger_target_dag.py took 0.046 seconds
[2023-12-03 21:27:12,538] {processor.py:153} INFO - Started process (PID=5468) to work on /home/antosha/venvs/practice_3/lib/python3.10/site-packages/airflow/example_dags/example_trigger_target_dag.py
[2023-12-03 21:27:12,539] {processor.py:641} INFO - Processing file /home/antosha/venvs/practice_3/lib/python3.10/site-packages/airflow/example_dags/example_trigger_target_dag.py for tasks to queue
[2023-12-03 21:27:12,539] {logging_mixin.py:115} INFO - [2023-12-03 21:27:12,539] {dagbag.py:507} INFO - Filling up the DagBag from /home/antosha/venvs/practice_3/lib/python3.10/site-packages/airflow/example_dags/example_trigger_target_dag.py
[2023-12-03 21:27:12,550] {processor.py:651} INFO - DAG(s) dict_keys(['example_trigger_target_dag']) retrieved from /home/antosha/venvs/practice_3/lib/python3.10/site-packages/airflow/example_dags/example_trigger_target_dag.py
[2023-12-03 21:27:12,563] {logging_mixin.py:115} INFO - [2023-12-03 21:27:12,563] {dag.py:2371} INFO - Sync 1 DAGs
[2023-12-03 21:27:12,574] {logging_mixin.py:115} INFO - [2023-12-03 21:27:12,574] {dag.py:2915} INFO - Setting next_dagrun for example_trigger_target_dag to None, run_after=None
[2023-12-03 21:27:12,581] {processor.py:161} INFO - Processing /home/antosha/venvs/practice_3/lib/python3.10/site-packages/airflow/example_dags/example_trigger_target_dag.py took 0.046 seconds
[2023-12-03 21:27:45,182] {processor.py:153} INFO - Started process (PID=5520) to work on /home/antosha/venvs/practice_3/lib/python3.10/site-packages/airflow/example_dags/example_trigger_target_dag.py
[2023-12-03 21:27:45,183] {processor.py:641} INFO - Processing file /home/antosha/venvs/practice_3/lib/python3.10/site-packages/airflow/example_dags/example_trigger_target_dag.py for tasks to queue
[2023-12-03 21:27:45,183] {logging_mixin.py:115} INFO - [2023-12-03 21:27:45,183] {dagbag.py:507} INFO - Filling up the DagBag from /home/antosha/venvs/practice_3/lib/python3.10/site-packages/airflow/example_dags/example_trigger_target_dag.py
[2023-12-03 21:27:45,194] {processor.py:651} INFO - DAG(s) dict_keys(['example_trigger_target_dag']) retrieved from /home/antosha/venvs/practice_3/lib/python3.10/site-packages/airflow/example_dags/example_trigger_target_dag.py
[2023-12-03 21:27:45,209] {logging_mixin.py:115} INFO - [2023-12-03 21:27:45,209] {dag.py:2371} INFO - Sync 1 DAGs
[2023-12-03 21:27:45,220] {logging_mixin.py:115} INFO - [2023-12-03 21:27:45,219] {dag.py:2915} INFO - Setting next_dagrun for example_trigger_target_dag to None, run_after=None
[2023-12-03 21:27:45,228] {processor.py:161} INFO - Processing /home/antosha/venvs/practice_3/lib/python3.10/site-packages/airflow/example_dags/example_trigger_target_dag.py took 0.048 seconds
[2023-12-03 21:28:19,191] {processor.py:153} INFO - Started process (PID=5572) to work on /home/antosha/venvs/practice_3/lib/python3.10/site-packages/airflow/example_dags/example_trigger_target_dag.py
[2023-12-03 21:28:19,192] {processor.py:641} INFO - Processing file /home/antosha/venvs/practice_3/lib/python3.10/site-packages/airflow/example_dags/example_trigger_target_dag.py for tasks to queue
[2023-12-03 21:28:19,192] {logging_mixin.py:115} INFO - [2023-12-03 21:28:19,192] {dagbag.py:507} INFO - Filling up the DagBag from /home/antosha/venvs/practice_3/lib/python3.10/site-packages/airflow/example_dags/example_trigger_target_dag.py
[2023-12-03 21:28:19,203] {processor.py:651} INFO - DAG(s) dict_keys(['example_trigger_target_dag']) retrieved from /home/antosha/venvs/practice_3/lib/python3.10/site-packages/airflow/example_dags/example_trigger_target_dag.py
[2023-12-03 21:28:19,216] {logging_mixin.py:115} INFO - [2023-12-03 21:28:19,216] {dag.py:2371} INFO - Sync 1 DAGs
[2023-12-03 21:28:19,227] {logging_mixin.py:115} INFO - [2023-12-03 21:28:19,227] {dag.py:2915} INFO - Setting next_dagrun for example_trigger_target_dag to None, run_after=None
[2023-12-03 21:28:19,234] {processor.py:161} INFO - Processing /home/antosha/venvs/practice_3/lib/python3.10/site-packages/airflow/example_dags/example_trigger_target_dag.py took 0.046 seconds
[2023-12-03 21:28:52,245] {processor.py:153} INFO - Started process (PID=5607) to work on /home/antosha/venvs/practice_3/lib/python3.10/site-packages/airflow/example_dags/example_trigger_target_dag.py
[2023-12-03 21:28:52,245] {processor.py:641} INFO - Processing file /home/antosha/venvs/practice_3/lib/python3.10/site-packages/airflow/example_dags/example_trigger_target_dag.py for tasks to queue
[2023-12-03 21:28:52,245] {logging_mixin.py:115} INFO - [2023-12-03 21:28:52,245] {dagbag.py:507} INFO - Filling up the DagBag from /home/antosha/venvs/practice_3/lib/python3.10/site-packages/airflow/example_dags/example_trigger_target_dag.py
[2023-12-03 21:28:52,258] {processor.py:651} INFO - DAG(s) dict_keys(['example_trigger_target_dag']) retrieved from /home/antosha/venvs/practice_3/lib/python3.10/site-packages/airflow/example_dags/example_trigger_target_dag.py
[2023-12-03 21:28:52,272] {logging_mixin.py:115} INFO - [2023-12-03 21:28:52,272] {dag.py:2371} INFO - Sync 1 DAGs
[2023-12-03 21:28:52,282] {logging_mixin.py:115} INFO - [2023-12-03 21:28:52,282] {dag.py:2915} INFO - Setting next_dagrun for example_trigger_target_dag to None, run_after=None
[2023-12-03 21:28:52,290] {processor.py:161} INFO - Processing /home/antosha/venvs/practice_3/lib/python3.10/site-packages/airflow/example_dags/example_trigger_target_dag.py took 0.048 seconds
[2023-12-03 21:29:25,257] {processor.py:153} INFO - Started process (PID=5652) to work on /home/antosha/venvs/practice_3/lib/python3.10/site-packages/airflow/example_dags/example_trigger_target_dag.py
[2023-12-03 21:29:25,258] {processor.py:641} INFO - Processing file /home/antosha/venvs/practice_3/lib/python3.10/site-packages/airflow/example_dags/example_trigger_target_dag.py for tasks to queue
[2023-12-03 21:29:25,258] {logging_mixin.py:115} INFO - [2023-12-03 21:29:25,258] {dagbag.py:507} INFO - Filling up the DagBag from /home/antosha/venvs/practice_3/lib/python3.10/site-packages/airflow/example_dags/example_trigger_target_dag.py
[2023-12-03 21:29:25,269] {processor.py:651} INFO - DAG(s) dict_keys(['example_trigger_target_dag']) retrieved from /home/antosha/venvs/practice_3/lib/python3.10/site-packages/airflow/example_dags/example_trigger_target_dag.py
[2023-12-03 21:29:25,283] {logging_mixin.py:115} INFO - [2023-12-03 21:29:25,282] {dag.py:2371} INFO - Sync 1 DAGs
[2023-12-03 21:29:25,293] {logging_mixin.py:115} INFO - [2023-12-03 21:29:25,293] {dag.py:2915} INFO - Setting next_dagrun for example_trigger_target_dag to None, run_after=None
[2023-12-03 21:29:25,301] {processor.py:161} INFO - Processing /home/antosha/venvs/practice_3/lib/python3.10/site-packages/airflow/example_dags/example_trigger_target_dag.py took 0.047 seconds
[2023-12-03 21:29:56,643] {processor.py:153} INFO - Started process (PID=5686) to work on /home/antosha/venvs/practice_3/lib/python3.10/site-packages/airflow/example_dags/example_trigger_target_dag.py
[2023-12-03 21:29:56,643] {processor.py:641} INFO - Processing file /home/antosha/venvs/practice_3/lib/python3.10/site-packages/airflow/example_dags/example_trigger_target_dag.py for tasks to queue
[2023-12-03 21:29:56,643] {logging_mixin.py:115} INFO - [2023-12-03 21:29:56,643] {dagbag.py:507} INFO - Filling up the DagBag from /home/antosha/venvs/practice_3/lib/python3.10/site-packages/airflow/example_dags/example_trigger_target_dag.py
[2023-12-03 21:29:56,655] {processor.py:651} INFO - DAG(s) dict_keys(['example_trigger_target_dag']) retrieved from /home/antosha/venvs/practice_3/lib/python3.10/site-packages/airflow/example_dags/example_trigger_target_dag.py
[2023-12-03 21:29:56,669] {logging_mixin.py:115} INFO - [2023-12-03 21:29:56,669] {dag.py:2371} INFO - Sync 1 DAGs
[2023-12-03 21:29:56,680] {logging_mixin.py:115} INFO - [2023-12-03 21:29:56,680] {dag.py:2915} INFO - Setting next_dagrun for example_trigger_target_dag to None, run_after=None
[2023-12-03 21:29:56,687] {processor.py:161} INFO - Processing /home/antosha/venvs/practice_3/lib/python3.10/site-packages/airflow/example_dags/example_trigger_target_dag.py took 0.047 seconds
[2023-12-03 21:30:27,437] {processor.py:153} INFO - Started process (PID=5728) to work on /home/antosha/venvs/practice_3/lib/python3.10/site-packages/airflow/example_dags/example_trigger_target_dag.py
[2023-12-03 21:30:27,437] {processor.py:641} INFO - Processing file /home/antosha/venvs/practice_3/lib/python3.10/site-packages/airflow/example_dags/example_trigger_target_dag.py for tasks to queue
[2023-12-03 21:30:27,437] {logging_mixin.py:115} INFO - [2023-12-03 21:30:27,437] {dagbag.py:507} INFO - Filling up the DagBag from /home/antosha/venvs/practice_3/lib/python3.10/site-packages/airflow/example_dags/example_trigger_target_dag.py
[2023-12-03 21:30:27,449] {processor.py:651} INFO - DAG(s) dict_keys(['example_trigger_target_dag']) retrieved from /home/antosha/venvs/practice_3/lib/python3.10/site-packages/airflow/example_dags/example_trigger_target_dag.py
[2023-12-03 21:30:27,462] {logging_mixin.py:115} INFO - [2023-12-03 21:30:27,462] {dag.py:2371} INFO - Sync 1 DAGs
[2023-12-03 21:30:27,472] {logging_mixin.py:115} INFO - [2023-12-03 21:30:27,472] {dag.py:2915} INFO - Setting next_dagrun for example_trigger_target_dag to None, run_after=None
[2023-12-03 21:30:27,480] {processor.py:161} INFO - Processing /home/antosha/venvs/practice_3/lib/python3.10/site-packages/airflow/example_dags/example_trigger_target_dag.py took 0.045 seconds
[2023-12-03 21:31:01,631] {processor.py:153} INFO - Started process (PID=5768) to work on /home/antosha/venvs/practice_3/lib/python3.10/site-packages/airflow/example_dags/example_trigger_target_dag.py
[2023-12-03 21:31:01,632] {processor.py:641} INFO - Processing file /home/antosha/venvs/practice_3/lib/python3.10/site-packages/airflow/example_dags/example_trigger_target_dag.py for tasks to queue
[2023-12-03 21:31:01,632] {logging_mixin.py:115} INFO - [2023-12-03 21:31:01,632] {dagbag.py:507} INFO - Filling up the DagBag from /home/antosha/venvs/practice_3/lib/python3.10/site-packages/airflow/example_dags/example_trigger_target_dag.py
[2023-12-03 21:31:01,644] {processor.py:651} INFO - DAG(s) dict_keys(['example_trigger_target_dag']) retrieved from /home/antosha/venvs/practice_3/lib/python3.10/site-packages/airflow/example_dags/example_trigger_target_dag.py
[2023-12-03 21:31:01,659] {logging_mixin.py:115} INFO - [2023-12-03 21:31:01,659] {dag.py:2371} INFO - Sync 1 DAGs
[2023-12-03 21:31:01,670] {logging_mixin.py:115} INFO - [2023-12-03 21:31:01,670] {dag.py:2915} INFO - Setting next_dagrun for example_trigger_target_dag to None, run_after=None
[2023-12-03 21:31:01,678] {processor.py:161} INFO - Processing /home/antosha/venvs/practice_3/lib/python3.10/site-packages/airflow/example_dags/example_trigger_target_dag.py took 0.051 seconds
[2023-12-03 21:31:34,135] {processor.py:153} INFO - Started process (PID=5802) to work on /home/antosha/venvs/practice_3/lib/python3.10/site-packages/airflow/example_dags/example_trigger_target_dag.py
[2023-12-03 21:31:34,137] {processor.py:641} INFO - Processing file /home/antosha/venvs/practice_3/lib/python3.10/site-packages/airflow/example_dags/example_trigger_target_dag.py for tasks to queue
[2023-12-03 21:31:34,137] {logging_mixin.py:115} INFO - [2023-12-03 21:31:34,137] {dagbag.py:507} INFO - Filling up the DagBag from /home/antosha/venvs/practice_3/lib/python3.10/site-packages/airflow/example_dags/example_trigger_target_dag.py
[2023-12-03 21:31:34,149] {processor.py:651} INFO - DAG(s) dict_keys(['example_trigger_target_dag']) retrieved from /home/antosha/venvs/practice_3/lib/python3.10/site-packages/airflow/example_dags/example_trigger_target_dag.py
[2023-12-03 21:31:34,164] {logging_mixin.py:115} INFO - [2023-12-03 21:31:34,164] {dag.py:2371} INFO - Sync 1 DAGs
[2023-12-03 21:31:34,175] {logging_mixin.py:115} INFO - [2023-12-03 21:31:34,175] {dag.py:2915} INFO - Setting next_dagrun for example_trigger_target_dag to None, run_after=None
[2023-12-03 21:31:34,184] {processor.py:161} INFO - Processing /home/antosha/venvs/practice_3/lib/python3.10/site-packages/airflow/example_dags/example_trigger_target_dag.py took 0.055 seconds
[2023-12-03 21:32:06,055] {processor.py:153} INFO - Started process (PID=5836) to work on /home/antosha/venvs/practice_3/lib/python3.10/site-packages/airflow/example_dags/example_trigger_target_dag.py
[2023-12-03 21:32:06,055] {processor.py:641} INFO - Processing file /home/antosha/venvs/practice_3/lib/python3.10/site-packages/airflow/example_dags/example_trigger_target_dag.py for tasks to queue
[2023-12-03 21:32:06,056] {logging_mixin.py:115} INFO - [2023-12-03 21:32:06,056] {dagbag.py:507} INFO - Filling up the DagBag from /home/antosha/venvs/practice_3/lib/python3.10/site-packages/airflow/example_dags/example_trigger_target_dag.py
[2023-12-03 21:32:06,068] {processor.py:651} INFO - DAG(s) dict_keys(['example_trigger_target_dag']) retrieved from /home/antosha/venvs/practice_3/lib/python3.10/site-packages/airflow/example_dags/example_trigger_target_dag.py
[2023-12-03 21:32:06,082] {logging_mixin.py:115} INFO - [2023-12-03 21:32:06,082] {dag.py:2371} INFO - Sync 1 DAGs
[2023-12-03 21:32:06,094] {logging_mixin.py:115} INFO - [2023-12-03 21:32:06,094] {dag.py:2915} INFO - Setting next_dagrun for example_trigger_target_dag to None, run_after=None
[2023-12-03 21:32:06,103] {processor.py:161} INFO - Processing /home/antosha/venvs/practice_3/lib/python3.10/site-packages/airflow/example_dags/example_trigger_target_dag.py took 0.050 seconds
[2023-12-03 21:32:39,877] {processor.py:153} INFO - Started process (PID=5872) to work on /home/antosha/venvs/practice_3/lib/python3.10/site-packages/airflow/example_dags/example_trigger_target_dag.py
[2023-12-03 21:32:39,878] {processor.py:641} INFO - Processing file /home/antosha/venvs/practice_3/lib/python3.10/site-packages/airflow/example_dags/example_trigger_target_dag.py for tasks to queue
[2023-12-03 21:32:39,878] {logging_mixin.py:115} INFO - [2023-12-03 21:32:39,878] {dagbag.py:507} INFO - Filling up the DagBag from /home/antosha/venvs/practice_3/lib/python3.10/site-packages/airflow/example_dags/example_trigger_target_dag.py
[2023-12-03 21:32:39,890] {processor.py:651} INFO - DAG(s) dict_keys(['example_trigger_target_dag']) retrieved from /home/antosha/venvs/practice_3/lib/python3.10/site-packages/airflow/example_dags/example_trigger_target_dag.py
[2023-12-03 21:32:39,903] {logging_mixin.py:115} INFO - [2023-12-03 21:32:39,903] {dag.py:2371} INFO - Sync 1 DAGs
[2023-12-03 21:32:39,914] {logging_mixin.py:115} INFO - [2023-12-03 21:32:39,914] {dag.py:2915} INFO - Setting next_dagrun for example_trigger_target_dag to None, run_after=None
[2023-12-03 21:32:39,922] {processor.py:161} INFO - Processing /home/antosha/venvs/practice_3/lib/python3.10/site-packages/airflow/example_dags/example_trigger_target_dag.py took 0.047 seconds
[2023-12-03 21:33:11,978] {processor.py:153} INFO - Started process (PID=5908) to work on /home/antosha/venvs/practice_3/lib/python3.10/site-packages/airflow/example_dags/example_trigger_target_dag.py
[2023-12-03 21:33:11,979] {processor.py:641} INFO - Processing file /home/antosha/venvs/practice_3/lib/python3.10/site-packages/airflow/example_dags/example_trigger_target_dag.py for tasks to queue
[2023-12-03 21:33:11,979] {logging_mixin.py:115} INFO - [2023-12-03 21:33:11,979] {dagbag.py:507} INFO - Filling up the DagBag from /home/antosha/venvs/practice_3/lib/python3.10/site-packages/airflow/example_dags/example_trigger_target_dag.py
[2023-12-03 21:33:11,991] {processor.py:651} INFO - DAG(s) dict_keys(['example_trigger_target_dag']) retrieved from /home/antosha/venvs/practice_3/lib/python3.10/site-packages/airflow/example_dags/example_trigger_target_dag.py
[2023-12-03 21:33:12,008] {logging_mixin.py:115} INFO - [2023-12-03 21:33:12,008] {dag.py:2371} INFO - Sync 1 DAGs
[2023-12-03 21:33:12,019] {logging_mixin.py:115} INFO - [2023-12-03 21:33:12,019] {dag.py:2915} INFO - Setting next_dagrun for example_trigger_target_dag to None, run_after=None
[2023-12-03 21:33:12,026] {processor.py:161} INFO - Processing /home/antosha/venvs/practice_3/lib/python3.10/site-packages/airflow/example_dags/example_trigger_target_dag.py took 0.050 seconds
[2023-12-03 21:33:44,699] {processor.py:153} INFO - Started process (PID=5942) to work on /home/antosha/venvs/practice_3/lib/python3.10/site-packages/airflow/example_dags/example_trigger_target_dag.py
[2023-12-03 21:33:44,700] {processor.py:641} INFO - Processing file /home/antosha/venvs/practice_3/lib/python3.10/site-packages/airflow/example_dags/example_trigger_target_dag.py for tasks to queue
[2023-12-03 21:33:44,700] {logging_mixin.py:115} INFO - [2023-12-03 21:33:44,700] {dagbag.py:507} INFO - Filling up the DagBag from /home/antosha/venvs/practice_3/lib/python3.10/site-packages/airflow/example_dags/example_trigger_target_dag.py
[2023-12-03 21:33:44,712] {processor.py:651} INFO - DAG(s) dict_keys(['example_trigger_target_dag']) retrieved from /home/antosha/venvs/practice_3/lib/python3.10/site-packages/airflow/example_dags/example_trigger_target_dag.py
[2023-12-03 21:33:44,725] {logging_mixin.py:115} INFO - [2023-12-03 21:33:44,725] {dag.py:2371} INFO - Sync 1 DAGs
[2023-12-03 21:33:44,736] {logging_mixin.py:115} INFO - [2023-12-03 21:33:44,736] {dag.py:2915} INFO - Setting next_dagrun for example_trigger_target_dag to None, run_after=None
[2023-12-03 21:33:44,744] {processor.py:161} INFO - Processing /home/antosha/venvs/practice_3/lib/python3.10/site-packages/airflow/example_dags/example_trigger_target_dag.py took 0.047 seconds
[2023-12-03 21:34:17,771] {processor.py:153} INFO - Started process (PID=5980) to work on /home/antosha/venvs/practice_3/lib/python3.10/site-packages/airflow/example_dags/example_trigger_target_dag.py
[2023-12-03 21:34:17,772] {processor.py:641} INFO - Processing file /home/antosha/venvs/practice_3/lib/python3.10/site-packages/airflow/example_dags/example_trigger_target_dag.py for tasks to queue
[2023-12-03 21:34:17,772] {logging_mixin.py:115} INFO - [2023-12-03 21:34:17,772] {dagbag.py:507} INFO - Filling up the DagBag from /home/antosha/venvs/practice_3/lib/python3.10/site-packages/airflow/example_dags/example_trigger_target_dag.py
[2023-12-03 21:34:17,786] {processor.py:651} INFO - DAG(s) dict_keys(['example_trigger_target_dag']) retrieved from /home/antosha/venvs/practice_3/lib/python3.10/site-packages/airflow/example_dags/example_trigger_target_dag.py
[2023-12-03 21:34:17,797] {logging_mixin.py:115} INFO - [2023-12-03 21:34:17,797] {dag.py:2371} INFO - Sync 1 DAGs
[2023-12-03 21:34:17,808] {logging_mixin.py:115} INFO - [2023-12-03 21:34:17,808] {dag.py:2915} INFO - Setting next_dagrun for example_trigger_target_dag to None, run_after=None
[2023-12-03 21:34:17,815] {processor.py:161} INFO - Processing /home/antosha/venvs/practice_3/lib/python3.10/site-packages/airflow/example_dags/example_trigger_target_dag.py took 0.047 seconds
[2023-12-03 21:34:50,088] {processor.py:153} INFO - Started process (PID=6014) to work on /home/antosha/venvs/practice_3/lib/python3.10/site-packages/airflow/example_dags/example_trigger_target_dag.py
[2023-12-03 21:34:50,089] {processor.py:641} INFO - Processing file /home/antosha/venvs/practice_3/lib/python3.10/site-packages/airflow/example_dags/example_trigger_target_dag.py for tasks to queue
[2023-12-03 21:34:50,089] {logging_mixin.py:115} INFO - [2023-12-03 21:34:50,089] {dagbag.py:507} INFO - Filling up the DagBag from /home/antosha/venvs/practice_3/lib/python3.10/site-packages/airflow/example_dags/example_trigger_target_dag.py
[2023-12-03 21:34:50,104] {processor.py:651} INFO - DAG(s) dict_keys(['example_trigger_target_dag']) retrieved from /home/antosha/venvs/practice_3/lib/python3.10/site-packages/airflow/example_dags/example_trigger_target_dag.py
[2023-12-03 21:34:50,116] {logging_mixin.py:115} INFO - [2023-12-03 21:34:50,116] {dag.py:2371} INFO - Sync 1 DAGs
[2023-12-03 21:34:50,128] {logging_mixin.py:115} INFO - [2023-12-03 21:34:50,127] {dag.py:2915} INFO - Setting next_dagrun for example_trigger_target_dag to None, run_after=None
[2023-12-03 21:34:50,136] {processor.py:161} INFO - Processing /home/antosha/venvs/practice_3/lib/python3.10/site-packages/airflow/example_dags/example_trigger_target_dag.py took 0.050 seconds
[2023-12-03 21:35:21,753] {processor.py:153} INFO - Started process (PID=6059) to work on /home/antosha/venvs/practice_3/lib/python3.10/site-packages/airflow/example_dags/example_trigger_target_dag.py
[2023-12-03 21:35:21,753] {processor.py:641} INFO - Processing file /home/antosha/venvs/practice_3/lib/python3.10/site-packages/airflow/example_dags/example_trigger_target_dag.py for tasks to queue
[2023-12-03 21:35:21,754] {logging_mixin.py:115} INFO - [2023-12-03 21:35:21,754] {dagbag.py:507} INFO - Filling up the DagBag from /home/antosha/venvs/practice_3/lib/python3.10/site-packages/airflow/example_dags/example_trigger_target_dag.py
[2023-12-03 21:35:21,768] {processor.py:651} INFO - DAG(s) dict_keys(['example_trigger_target_dag']) retrieved from /home/antosha/venvs/practice_3/lib/python3.10/site-packages/airflow/example_dags/example_trigger_target_dag.py
[2023-12-03 21:35:21,780] {logging_mixin.py:115} INFO - [2023-12-03 21:35:21,780] {dag.py:2371} INFO - Sync 1 DAGs
[2023-12-03 21:35:21,792] {logging_mixin.py:115} INFO - [2023-12-03 21:35:21,792] {dag.py:2915} INFO - Setting next_dagrun for example_trigger_target_dag to None, run_after=None
[2023-12-03 21:35:21,801] {processor.py:161} INFO - Processing /home/antosha/venvs/practice_3/lib/python3.10/site-packages/airflow/example_dags/example_trigger_target_dag.py took 0.051 seconds
