[2023-12-03 21:24:27,561] {processor.py:153} INFO - Started process (PID=5266) to work on /home/antosha/venvs/practice_3/lib/python3.10/site-packages/airflow/example_dags/example_trigger_controller_dag.py
[2023-12-03 21:24:27,562] {processor.py:641} INFO - Processing file /home/antosha/venvs/practice_3/lib/python3.10/site-packages/airflow/example_dags/example_trigger_controller_dag.py for tasks to queue
[2023-12-03 21:24:27,562] {logging_mixin.py:115} INFO - [2023-12-03 21:24:27,562] {dagbag.py:507} INFO - Filling up the DagBag from /home/antosha/venvs/practice_3/lib/python3.10/site-packages/airflow/example_dags/example_trigger_controller_dag.py
[2023-12-03 21:24:27,565] {processor.py:651} INFO - DAG(s) dict_keys(['example_trigger_controller_dag']) retrieved from /home/antosha/venvs/practice_3/lib/python3.10/site-packages/airflow/example_dags/example_trigger_controller_dag.py
[2023-12-03 21:24:27,625] {logging_mixin.py:115} INFO - [2023-12-03 21:24:27,625] {manager.py:508} INFO - Created Permission View: can delete on DAG:example_trigger_controller_dag
[2023-12-03 21:24:27,638] {logging_mixin.py:115} INFO - [2023-12-03 21:24:27,638] {manager.py:508} INFO - Created Permission View: can edit on DAG:example_trigger_controller_dag
[2023-12-03 21:24:27,644] {logging_mixin.py:115} INFO - [2023-12-03 21:24:27,644] {manager.py:508} INFO - Created Permission View: can read on DAG:example_trigger_controller_dag
[2023-12-03 21:24:27,644] {logging_mixin.py:115} INFO - [2023-12-03 21:24:27,644] {dag.py:2371} INFO - Sync 1 DAGs
[2023-12-03 21:24:27,651] {logging_mixin.py:115} INFO - [2023-12-03 21:24:27,651] {dag.py:2390} INFO - Creating ORM DAG for example_trigger_controller_dag
[2023-12-03 21:24:27,656] {logging_mixin.py:115} INFO - [2023-12-03 21:24:27,656] {dag.py:2915} INFO - Setting next_dagrun for example_trigger_controller_dag to 2021-01-01T00:00:00+00:00, run_after=2021-01-01T00:00:00+00:00
[2023-12-03 21:24:27,664] {processor.py:161} INFO - Processing /home/antosha/venvs/practice_3/lib/python3.10/site-packages/airflow/example_dags/example_trigger_controller_dag.py took 0.106 seconds
[2023-12-03 21:24:58,997] {processor.py:153} INFO - Started process (PID=5300) to work on /home/antosha/venvs/practice_3/lib/python3.10/site-packages/airflow/example_dags/example_trigger_controller_dag.py
[2023-12-03 21:24:58,998] {processor.py:641} INFO - Processing file /home/antosha/venvs/practice_3/lib/python3.10/site-packages/airflow/example_dags/example_trigger_controller_dag.py for tasks to queue
[2023-12-03 21:24:58,998] {logging_mixin.py:115} INFO - [2023-12-03 21:24:58,998] {dagbag.py:507} INFO - Filling up the DagBag from /home/antosha/venvs/practice_3/lib/python3.10/site-packages/airflow/example_dags/example_trigger_controller_dag.py
[2023-12-03 21:24:59,001] {processor.py:651} INFO - DAG(s) dict_keys(['example_trigger_controller_dag']) retrieved from /home/antosha/venvs/practice_3/lib/python3.10/site-packages/airflow/example_dags/example_trigger_controller_dag.py
[2023-12-03 21:24:59,035] {logging_mixin.py:115} INFO - [2023-12-03 21:24:59,035] {dag.py:2371} INFO - Sync 1 DAGs
[2023-12-03 21:24:59,066] {logging_mixin.py:115} INFO - [2023-12-03 21:24:59,066] {dag.py:2915} INFO - Setting next_dagrun for example_trigger_controller_dag to 2021-01-01T00:00:00+00:00, run_after=2021-01-01T00:00:00+00:00
[2023-12-03 21:24:59,079] {processor.py:161} INFO - Processing /home/antosha/venvs/practice_3/lib/python3.10/site-packages/airflow/example_dags/example_trigger_controller_dag.py took 0.088 seconds
[2023-12-03 21:25:33,168] {processor.py:153} INFO - Started process (PID=5346) to work on /home/antosha/venvs/practice_3/lib/python3.10/site-packages/airflow/example_dags/example_trigger_controller_dag.py
[2023-12-03 21:25:33,168] {processor.py:641} INFO - Processing file /home/antosha/venvs/practice_3/lib/python3.10/site-packages/airflow/example_dags/example_trigger_controller_dag.py for tasks to queue
[2023-12-03 21:25:33,169] {logging_mixin.py:115} INFO - [2023-12-03 21:25:33,169] {dagbag.py:507} INFO - Filling up the DagBag from /home/antosha/venvs/practice_3/lib/python3.10/site-packages/airflow/example_dags/example_trigger_controller_dag.py
[2023-12-03 21:25:33,173] {processor.py:651} INFO - DAG(s) dict_keys(['example_trigger_controller_dag']) retrieved from /home/antosha/venvs/practice_3/lib/python3.10/site-packages/airflow/example_dags/example_trigger_controller_dag.py
[2023-12-03 21:25:33,192] {logging_mixin.py:115} INFO - [2023-12-03 21:25:33,192] {dag.py:2371} INFO - Sync 1 DAGs
[2023-12-03 21:25:33,205] {logging_mixin.py:115} INFO - [2023-12-03 21:25:33,205] {dag.py:2915} INFO - Setting next_dagrun for example_trigger_controller_dag to 2021-01-01T00:00:00+00:00, run_after=2021-01-01T00:00:00+00:00
[2023-12-03 21:25:33,213] {processor.py:161} INFO - Processing /home/antosha/venvs/practice_3/lib/python3.10/site-packages/airflow/example_dags/example_trigger_controller_dag.py took 0.049 seconds
[2023-12-03 21:26:03,958] {processor.py:153} INFO - Started process (PID=5380) to work on /home/antosha/venvs/practice_3/lib/python3.10/site-packages/airflow/example_dags/example_trigger_controller_dag.py
[2023-12-03 21:26:03,959] {processor.py:641} INFO - Processing file /home/antosha/venvs/practice_3/lib/python3.10/site-packages/airflow/example_dags/example_trigger_controller_dag.py for tasks to queue
[2023-12-03 21:26:03,959] {logging_mixin.py:115} INFO - [2023-12-03 21:26:03,959] {dagbag.py:507} INFO - Filling up the DagBag from /home/antosha/venvs/practice_3/lib/python3.10/site-packages/airflow/example_dags/example_trigger_controller_dag.py
[2023-12-03 21:26:03,962] {processor.py:651} INFO - DAG(s) dict_keys(['example_trigger_controller_dag']) retrieved from /home/antosha/venvs/practice_3/lib/python3.10/site-packages/airflow/example_dags/example_trigger_controller_dag.py
[2023-12-03 21:26:03,974] {logging_mixin.py:115} INFO - [2023-12-03 21:26:03,974] {dag.py:2371} INFO - Sync 1 DAGs
[2023-12-03 21:26:03,991] {logging_mixin.py:115} INFO - [2023-12-03 21:26:03,991] {dag.py:2915} INFO - Setting next_dagrun for example_trigger_controller_dag to 2021-01-01T00:00:00+00:00, run_after=2021-01-01T00:00:00+00:00
[2023-12-03 21:26:03,998] {processor.py:161} INFO - Processing /home/antosha/venvs/practice_3/lib/python3.10/site-packages/airflow/example_dags/example_trigger_controller_dag.py took 0.042 seconds
[2023-12-03 21:26:37,630] {processor.py:153} INFO - Started process (PID=5430) to work on /home/antosha/venvs/practice_3/lib/python3.10/site-packages/airflow/example_dags/example_trigger_controller_dag.py
[2023-12-03 21:26:37,631] {processor.py:641} INFO - Processing file /home/antosha/venvs/practice_3/lib/python3.10/site-packages/airflow/example_dags/example_trigger_controller_dag.py for tasks to queue
[2023-12-03 21:26:37,631] {logging_mixin.py:115} INFO - [2023-12-03 21:26:37,631] {dagbag.py:507} INFO - Filling up the DagBag from /home/antosha/venvs/practice_3/lib/python3.10/site-packages/airflow/example_dags/example_trigger_controller_dag.py
[2023-12-03 21:26:37,633] {processor.py:651} INFO - DAG(s) dict_keys(['example_trigger_controller_dag']) retrieved from /home/antosha/venvs/practice_3/lib/python3.10/site-packages/airflow/example_dags/example_trigger_controller_dag.py
[2023-12-03 21:26:37,646] {logging_mixin.py:115} INFO - [2023-12-03 21:26:37,646] {dag.py:2371} INFO - Sync 1 DAGs
[2023-12-03 21:26:37,663] {logging_mixin.py:115} INFO - [2023-12-03 21:26:37,663] {dag.py:2915} INFO - Setting next_dagrun for example_trigger_controller_dag to 2021-01-01T00:00:00+00:00, run_after=2021-01-01T00:00:00+00:00
[2023-12-03 21:26:37,677] {processor.py:161} INFO - Processing /home/antosha/venvs/practice_3/lib/python3.10/site-packages/airflow/example_dags/example_trigger_controller_dag.py took 0.050 seconds
[2023-12-03 21:27:08,538] {processor.py:153} INFO - Started process (PID=5464) to work on /home/antosha/venvs/practice_3/lib/python3.10/site-packages/airflow/example_dags/example_trigger_controller_dag.py
[2023-12-03 21:27:08,539] {processor.py:641} INFO - Processing file /home/antosha/venvs/practice_3/lib/python3.10/site-packages/airflow/example_dags/example_trigger_controller_dag.py for tasks to queue
[2023-12-03 21:27:08,539] {logging_mixin.py:115} INFO - [2023-12-03 21:27:08,539] {dagbag.py:507} INFO - Filling up the DagBag from /home/antosha/venvs/practice_3/lib/python3.10/site-packages/airflow/example_dags/example_trigger_controller_dag.py
[2023-12-03 21:27:08,541] {processor.py:651} INFO - DAG(s) dict_keys(['example_trigger_controller_dag']) retrieved from /home/antosha/venvs/practice_3/lib/python3.10/site-packages/airflow/example_dags/example_trigger_controller_dag.py
[2023-12-03 21:27:08,554] {logging_mixin.py:115} INFO - [2023-12-03 21:27:08,554] {dag.py:2371} INFO - Sync 1 DAGs
[2023-12-03 21:27:08,567] {logging_mixin.py:115} INFO - [2023-12-03 21:27:08,567] {dag.py:2915} INFO - Setting next_dagrun for example_trigger_controller_dag to 2021-01-01T00:00:00+00:00, run_after=2021-01-01T00:00:00+00:00
[2023-12-03 21:27:08,575] {processor.py:161} INFO - Processing /home/antosha/venvs/practice_3/lib/python3.10/site-packages/airflow/example_dags/example_trigger_controller_dag.py took 0.039 seconds
[2023-12-03 21:27:41,809] {processor.py:153} INFO - Started process (PID=5516) to work on /home/antosha/venvs/practice_3/lib/python3.10/site-packages/airflow/example_dags/example_trigger_controller_dag.py
[2023-12-03 21:27:41,810] {processor.py:641} INFO - Processing file /home/antosha/venvs/practice_3/lib/python3.10/site-packages/airflow/example_dags/example_trigger_controller_dag.py for tasks to queue
[2023-12-03 21:27:41,810] {logging_mixin.py:115} INFO - [2023-12-03 21:27:41,810] {dagbag.py:507} INFO - Filling up the DagBag from /home/antosha/venvs/practice_3/lib/python3.10/site-packages/airflow/example_dags/example_trigger_controller_dag.py
[2023-12-03 21:27:41,813] {processor.py:651} INFO - DAG(s) dict_keys(['example_trigger_controller_dag']) retrieved from /home/antosha/venvs/practice_3/lib/python3.10/site-packages/airflow/example_dags/example_trigger_controller_dag.py
[2023-12-03 21:27:41,825] {logging_mixin.py:115} INFO - [2023-12-03 21:27:41,825] {dag.py:2371} INFO - Sync 1 DAGs
[2023-12-03 21:27:41,840] {logging_mixin.py:115} INFO - [2023-12-03 21:27:41,840] {dag.py:2915} INFO - Setting next_dagrun for example_trigger_controller_dag to 2021-01-01T00:00:00+00:00, run_after=2021-01-01T00:00:00+00:00
[2023-12-03 21:27:41,847] {processor.py:161} INFO - Processing /home/antosha/venvs/practice_3/lib/python3.10/site-packages/airflow/example_dags/example_trigger_controller_dag.py took 0.041 seconds
[2023-12-03 21:28:15,562] {processor.py:153} INFO - Started process (PID=5568) to work on /home/antosha/venvs/practice_3/lib/python3.10/site-packages/airflow/example_dags/example_trigger_controller_dag.py
[2023-12-03 21:28:15,562] {processor.py:641} INFO - Processing file /home/antosha/venvs/practice_3/lib/python3.10/site-packages/airflow/example_dags/example_trigger_controller_dag.py for tasks to queue
[2023-12-03 21:28:15,563] {logging_mixin.py:115} INFO - [2023-12-03 21:28:15,563] {dagbag.py:507} INFO - Filling up the DagBag from /home/antosha/venvs/practice_3/lib/python3.10/site-packages/airflow/example_dags/example_trigger_controller_dag.py
[2023-12-03 21:28:15,565] {processor.py:651} INFO - DAG(s) dict_keys(['example_trigger_controller_dag']) retrieved from /home/antosha/venvs/practice_3/lib/python3.10/site-packages/airflow/example_dags/example_trigger_controller_dag.py
[2023-12-03 21:28:15,578] {logging_mixin.py:115} INFO - [2023-12-03 21:28:15,578] {dag.py:2371} INFO - Sync 1 DAGs
[2023-12-03 21:28:15,591] {logging_mixin.py:115} INFO - [2023-12-03 21:28:15,591] {dag.py:2915} INFO - Setting next_dagrun for example_trigger_controller_dag to 2021-01-01T00:00:00+00:00, run_after=2021-01-01T00:00:00+00:00
[2023-12-03 21:28:15,598] {processor.py:161} INFO - Processing /home/antosha/venvs/practice_3/lib/python3.10/site-packages/airflow/example_dags/example_trigger_controller_dag.py took 0.039 seconds
[2023-12-03 21:28:48,099] {processor.py:153} INFO - Started process (PID=5603) to work on /home/antosha/venvs/practice_3/lib/python3.10/site-packages/airflow/example_dags/example_trigger_controller_dag.py
[2023-12-03 21:28:48,099] {processor.py:641} INFO - Processing file /home/antosha/venvs/practice_3/lib/python3.10/site-packages/airflow/example_dags/example_trigger_controller_dag.py for tasks to queue
[2023-12-03 21:28:48,100] {logging_mixin.py:115} INFO - [2023-12-03 21:28:48,100] {dagbag.py:507} INFO - Filling up the DagBag from /home/antosha/venvs/practice_3/lib/python3.10/site-packages/airflow/example_dags/example_trigger_controller_dag.py
[2023-12-03 21:28:48,102] {processor.py:651} INFO - DAG(s) dict_keys(['example_trigger_controller_dag']) retrieved from /home/antosha/venvs/practice_3/lib/python3.10/site-packages/airflow/example_dags/example_trigger_controller_dag.py
[2023-12-03 21:28:48,115] {logging_mixin.py:115} INFO - [2023-12-03 21:28:48,115] {dag.py:2371} INFO - Sync 1 DAGs
[2023-12-03 21:28:48,128] {logging_mixin.py:115} INFO - [2023-12-03 21:28:48,128] {dag.py:2915} INFO - Setting next_dagrun for example_trigger_controller_dag to 2021-01-01T00:00:00+00:00, run_after=2021-01-01T00:00:00+00:00
[2023-12-03 21:28:48,136] {processor.py:161} INFO - Processing /home/antosha/venvs/practice_3/lib/python3.10/site-packages/airflow/example_dags/example_trigger_controller_dag.py took 0.039 seconds
[2023-12-03 21:29:20,747] {processor.py:153} INFO - Started process (PID=5645) to work on /home/antosha/venvs/practice_3/lib/python3.10/site-packages/airflow/example_dags/example_trigger_controller_dag.py
[2023-12-03 21:29:20,747] {processor.py:641} INFO - Processing file /home/antosha/venvs/practice_3/lib/python3.10/site-packages/airflow/example_dags/example_trigger_controller_dag.py for tasks to queue
[2023-12-03 21:29:20,748] {logging_mixin.py:115} INFO - [2023-12-03 21:29:20,748] {dagbag.py:507} INFO - Filling up the DagBag from /home/antosha/venvs/practice_3/lib/python3.10/site-packages/airflow/example_dags/example_trigger_controller_dag.py
[2023-12-03 21:29:20,751] {processor.py:651} INFO - DAG(s) dict_keys(['example_trigger_controller_dag']) retrieved from /home/antosha/venvs/practice_3/lib/python3.10/site-packages/airflow/example_dags/example_trigger_controller_dag.py
[2023-12-03 21:29:20,765] {logging_mixin.py:115} INFO - [2023-12-03 21:29:20,764] {dag.py:2371} INFO - Sync 1 DAGs
[2023-12-03 21:29:20,779] {logging_mixin.py:115} INFO - [2023-12-03 21:29:20,779] {dag.py:2915} INFO - Setting next_dagrun for example_trigger_controller_dag to 2021-01-01T00:00:00+00:00, run_after=2021-01-01T00:00:00+00:00
[2023-12-03 21:29:20,787] {processor.py:161} INFO - Processing /home/antosha/venvs/practice_3/lib/python3.10/site-packages/airflow/example_dags/example_trigger_controller_dag.py took 0.043 seconds
[2023-12-03 21:29:52,665] {processor.py:153} INFO - Started process (PID=5682) to work on /home/antosha/venvs/practice_3/lib/python3.10/site-packages/airflow/example_dags/example_trigger_controller_dag.py
[2023-12-03 21:29:52,666] {processor.py:641} INFO - Processing file /home/antosha/venvs/practice_3/lib/python3.10/site-packages/airflow/example_dags/example_trigger_controller_dag.py for tasks to queue
[2023-12-03 21:29:52,667] {logging_mixin.py:115} INFO - [2023-12-03 21:29:52,667] {dagbag.py:507} INFO - Filling up the DagBag from /home/antosha/venvs/practice_3/lib/python3.10/site-packages/airflow/example_dags/example_trigger_controller_dag.py
[2023-12-03 21:29:52,670] {processor.py:651} INFO - DAG(s) dict_keys(['example_trigger_controller_dag']) retrieved from /home/antosha/venvs/practice_3/lib/python3.10/site-packages/airflow/example_dags/example_trigger_controller_dag.py
[2023-12-03 21:29:52,685] {logging_mixin.py:115} INFO - [2023-12-03 21:29:52,685] {dag.py:2371} INFO - Sync 1 DAGs
[2023-12-03 21:29:52,698] {logging_mixin.py:115} INFO - [2023-12-03 21:29:52,698] {dag.py:2915} INFO - Setting next_dagrun for example_trigger_controller_dag to 2021-01-01T00:00:00+00:00, run_after=2021-01-01T00:00:00+00:00
[2023-12-03 21:29:52,706] {processor.py:161} INFO - Processing /home/antosha/venvs/practice_3/lib/python3.10/site-packages/airflow/example_dags/example_trigger_controller_dag.py took 0.043 seconds
[2023-12-03 21:30:24,563] {processor.py:153} INFO - Started process (PID=5721) to work on /home/antosha/venvs/practice_3/lib/python3.10/site-packages/airflow/example_dags/example_trigger_controller_dag.py
[2023-12-03 21:30:24,564] {processor.py:641} INFO - Processing file /home/antosha/venvs/practice_3/lib/python3.10/site-packages/airflow/example_dags/example_trigger_controller_dag.py for tasks to queue
[2023-12-03 21:30:24,564] {logging_mixin.py:115} INFO - [2023-12-03 21:30:24,564] {dagbag.py:507} INFO - Filling up the DagBag from /home/antosha/venvs/practice_3/lib/python3.10/site-packages/airflow/example_dags/example_trigger_controller_dag.py
[2023-12-03 21:30:24,567] {processor.py:651} INFO - DAG(s) dict_keys(['example_trigger_controller_dag']) retrieved from /home/antosha/venvs/practice_3/lib/python3.10/site-packages/airflow/example_dags/example_trigger_controller_dag.py
[2023-12-03 21:30:24,579] {logging_mixin.py:115} INFO - [2023-12-03 21:30:24,579] {dag.py:2371} INFO - Sync 1 DAGs
[2023-12-03 21:30:24,592] {logging_mixin.py:115} INFO - [2023-12-03 21:30:24,592] {dag.py:2915} INFO - Setting next_dagrun for example_trigger_controller_dag to 2021-01-01T00:00:00+00:00, run_after=2021-01-01T00:00:00+00:00
[2023-12-03 21:30:24,600] {processor.py:161} INFO - Processing /home/antosha/venvs/practice_3/lib/python3.10/site-packages/airflow/example_dags/example_trigger_controller_dag.py took 0.039 seconds
[2023-12-03 21:30:57,343] {processor.py:153} INFO - Started process (PID=5764) to work on /home/antosha/venvs/practice_3/lib/python3.10/site-packages/airflow/example_dags/example_trigger_controller_dag.py
[2023-12-03 21:30:57,344] {processor.py:641} INFO - Processing file /home/antosha/venvs/practice_3/lib/python3.10/site-packages/airflow/example_dags/example_trigger_controller_dag.py for tasks to queue
[2023-12-03 21:30:57,344] {logging_mixin.py:115} INFO - [2023-12-03 21:30:57,344] {dagbag.py:507} INFO - Filling up the DagBag from /home/antosha/venvs/practice_3/lib/python3.10/site-packages/airflow/example_dags/example_trigger_controller_dag.py
[2023-12-03 21:30:57,347] {processor.py:651} INFO - DAG(s) dict_keys(['example_trigger_controller_dag']) retrieved from /home/antosha/venvs/practice_3/lib/python3.10/site-packages/airflow/example_dags/example_trigger_controller_dag.py
[2023-12-03 21:30:57,360] {logging_mixin.py:115} INFO - [2023-12-03 21:30:57,360] {dag.py:2371} INFO - Sync 1 DAGs
[2023-12-03 21:30:57,374] {logging_mixin.py:115} INFO - [2023-12-03 21:30:57,374] {dag.py:2915} INFO - Setting next_dagrun for example_trigger_controller_dag to 2021-01-01T00:00:00+00:00, run_after=2021-01-01T00:00:00+00:00
[2023-12-03 21:30:57,383] {processor.py:161} INFO - Processing /home/antosha/venvs/practice_3/lib/python3.10/site-packages/airflow/example_dags/example_trigger_controller_dag.py took 0.042 seconds
[2023-12-03 21:31:30,127] {processor.py:153} INFO - Started process (PID=5798) to work on /home/antosha/venvs/practice_3/lib/python3.10/site-packages/airflow/example_dags/example_trigger_controller_dag.py
[2023-12-03 21:31:30,127] {processor.py:641} INFO - Processing file /home/antosha/venvs/practice_3/lib/python3.10/site-packages/airflow/example_dags/example_trigger_controller_dag.py for tasks to queue
[2023-12-03 21:31:30,127] {logging_mixin.py:115} INFO - [2023-12-03 21:31:30,127] {dagbag.py:507} INFO - Filling up the DagBag from /home/antosha/venvs/practice_3/lib/python3.10/site-packages/airflow/example_dags/example_trigger_controller_dag.py
[2023-12-03 21:31:30,130] {processor.py:651} INFO - DAG(s) dict_keys(['example_trigger_controller_dag']) retrieved from /home/antosha/venvs/practice_3/lib/python3.10/site-packages/airflow/example_dags/example_trigger_controller_dag.py
[2023-12-03 21:31:30,143] {logging_mixin.py:115} INFO - [2023-12-03 21:31:30,143] {dag.py:2371} INFO - Sync 1 DAGs
[2023-12-03 21:31:30,156] {logging_mixin.py:115} INFO - [2023-12-03 21:31:30,156] {dag.py:2915} INFO - Setting next_dagrun for example_trigger_controller_dag to 2021-01-01T00:00:00+00:00, run_after=2021-01-01T00:00:00+00:00
[2023-12-03 21:31:30,164] {processor.py:161} INFO - Processing /home/antosha/venvs/practice_3/lib/python3.10/site-packages/airflow/example_dags/example_trigger_controller_dag.py took 0.040 seconds
[2023-12-03 21:32:02,051] {processor.py:153} INFO - Started process (PID=5832) to work on /home/antosha/venvs/practice_3/lib/python3.10/site-packages/airflow/example_dags/example_trigger_controller_dag.py
[2023-12-03 21:32:02,051] {processor.py:641} INFO - Processing file /home/antosha/venvs/practice_3/lib/python3.10/site-packages/airflow/example_dags/example_trigger_controller_dag.py for tasks to queue
[2023-12-03 21:32:02,051] {logging_mixin.py:115} INFO - [2023-12-03 21:32:02,051] {dagbag.py:507} INFO - Filling up the DagBag from /home/antosha/venvs/practice_3/lib/python3.10/site-packages/airflow/example_dags/example_trigger_controller_dag.py
[2023-12-03 21:32:02,054] {processor.py:651} INFO - DAG(s) dict_keys(['example_trigger_controller_dag']) retrieved from /home/antosha/venvs/practice_3/lib/python3.10/site-packages/airflow/example_dags/example_trigger_controller_dag.py
[2023-12-03 21:32:02,072] {logging_mixin.py:115} INFO - [2023-12-03 21:32:02,072] {dag.py:2371} INFO - Sync 1 DAGs
[2023-12-03 21:32:02,086] {logging_mixin.py:115} INFO - [2023-12-03 21:32:02,086] {dag.py:2915} INFO - Setting next_dagrun for example_trigger_controller_dag to 2021-01-01T00:00:00+00:00, run_after=2021-01-01T00:00:00+00:00
[2023-12-03 21:32:02,095] {processor.py:161} INFO - Processing /home/antosha/venvs/practice_3/lib/python3.10/site-packages/airflow/example_dags/example_trigger_controller_dag.py took 0.048 seconds
[2023-12-03 21:32:35,718] {processor.py:153} INFO - Started process (PID=5867) to work on /home/antosha/venvs/practice_3/lib/python3.10/site-packages/airflow/example_dags/example_trigger_controller_dag.py
[2023-12-03 21:32:35,718] {processor.py:641} INFO - Processing file /home/antosha/venvs/practice_3/lib/python3.10/site-packages/airflow/example_dags/example_trigger_controller_dag.py for tasks to queue
[2023-12-03 21:32:35,718] {logging_mixin.py:115} INFO - [2023-12-03 21:32:35,718] {dagbag.py:507} INFO - Filling up the DagBag from /home/antosha/venvs/practice_3/lib/python3.10/site-packages/airflow/example_dags/example_trigger_controller_dag.py
[2023-12-03 21:32:35,721] {processor.py:651} INFO - DAG(s) dict_keys(['example_trigger_controller_dag']) retrieved from /home/antosha/venvs/practice_3/lib/python3.10/site-packages/airflow/example_dags/example_trigger_controller_dag.py
[2023-12-03 21:32:35,734] {logging_mixin.py:115} INFO - [2023-12-03 21:32:35,734] {dag.py:2371} INFO - Sync 1 DAGs
[2023-12-03 21:32:35,747] {logging_mixin.py:115} INFO - [2023-12-03 21:32:35,747] {dag.py:2915} INFO - Setting next_dagrun for example_trigger_controller_dag to 2021-01-01T00:00:00+00:00, run_after=2021-01-01T00:00:00+00:00
[2023-12-03 21:32:35,754] {processor.py:161} INFO - Processing /home/antosha/venvs/practice_3/lib/python3.10/site-packages/airflow/example_dags/example_trigger_controller_dag.py took 0.039 seconds
[2023-12-03 21:33:09,131] {processor.py:153} INFO - Started process (PID=5904) to work on /home/antosha/venvs/practice_3/lib/python3.10/site-packages/airflow/example_dags/example_trigger_controller_dag.py
[2023-12-03 21:33:09,131] {processor.py:641} INFO - Processing file /home/antosha/venvs/practice_3/lib/python3.10/site-packages/airflow/example_dags/example_trigger_controller_dag.py for tasks to queue
[2023-12-03 21:33:09,132] {logging_mixin.py:115} INFO - [2023-12-03 21:33:09,132] {dagbag.py:507} INFO - Filling up the DagBag from /home/antosha/venvs/practice_3/lib/python3.10/site-packages/airflow/example_dags/example_trigger_controller_dag.py
[2023-12-03 21:33:09,134] {processor.py:651} INFO - DAG(s) dict_keys(['example_trigger_controller_dag']) retrieved from /home/antosha/venvs/practice_3/lib/python3.10/site-packages/airflow/example_dags/example_trigger_controller_dag.py
[2023-12-03 21:33:09,155] {logging_mixin.py:115} INFO - [2023-12-03 21:33:09,154] {dag.py:2371} INFO - Sync 1 DAGs
[2023-12-03 21:33:09,173] {logging_mixin.py:115} INFO - [2023-12-03 21:33:09,173] {dag.py:2915} INFO - Setting next_dagrun for example_trigger_controller_dag to 2021-01-01T00:00:00+00:00, run_after=2021-01-01T00:00:00+00:00
[2023-12-03 21:33:09,180] {processor.py:161} INFO - Processing /home/antosha/venvs/practice_3/lib/python3.10/site-packages/airflow/example_dags/example_trigger_controller_dag.py took 0.052 seconds
[2023-12-03 21:33:41,688] {processor.py:153} INFO - Started process (PID=5938) to work on /home/antosha/venvs/practice_3/lib/python3.10/site-packages/airflow/example_dags/example_trigger_controller_dag.py
[2023-12-03 21:33:41,688] {processor.py:641} INFO - Processing file /home/antosha/venvs/practice_3/lib/python3.10/site-packages/airflow/example_dags/example_trigger_controller_dag.py for tasks to queue
[2023-12-03 21:33:41,688] {logging_mixin.py:115} INFO - [2023-12-03 21:33:41,688] {dagbag.py:507} INFO - Filling up the DagBag from /home/antosha/venvs/practice_3/lib/python3.10/site-packages/airflow/example_dags/example_trigger_controller_dag.py
[2023-12-03 21:33:41,691] {processor.py:651} INFO - DAG(s) dict_keys(['example_trigger_controller_dag']) retrieved from /home/antosha/venvs/practice_3/lib/python3.10/site-packages/airflow/example_dags/example_trigger_controller_dag.py
[2023-12-03 21:33:41,704] {logging_mixin.py:115} INFO - [2023-12-03 21:33:41,704] {dag.py:2371} INFO - Sync 1 DAGs
[2023-12-03 21:33:41,717] {logging_mixin.py:115} INFO - [2023-12-03 21:33:41,717] {dag.py:2915} INFO - Setting next_dagrun for example_trigger_controller_dag to 2021-01-01T00:00:00+00:00, run_after=2021-01-01T00:00:00+00:00
[2023-12-03 21:33:41,724] {processor.py:161} INFO - Processing /home/antosha/venvs/practice_3/lib/python3.10/site-packages/airflow/example_dags/example_trigger_controller_dag.py took 0.039 seconds
[2023-12-03 21:34:13,141] {processor.py:153} INFO - Started process (PID=5975) to work on /home/antosha/venvs/practice_3/lib/python3.10/site-packages/airflow/example_dags/example_trigger_controller_dag.py
[2023-12-03 21:34:13,142] {processor.py:641} INFO - Processing file /home/antosha/venvs/practice_3/lib/python3.10/site-packages/airflow/example_dags/example_trigger_controller_dag.py for tasks to queue
[2023-12-03 21:34:13,142] {logging_mixin.py:115} INFO - [2023-12-03 21:34:13,142] {dagbag.py:507} INFO - Filling up the DagBag from /home/antosha/venvs/practice_3/lib/python3.10/site-packages/airflow/example_dags/example_trigger_controller_dag.py
[2023-12-03 21:34:13,145] {processor.py:651} INFO - DAG(s) dict_keys(['example_trigger_controller_dag']) retrieved from /home/antosha/venvs/practice_3/lib/python3.10/site-packages/airflow/example_dags/example_trigger_controller_dag.py
[2023-12-03 21:34:13,158] {logging_mixin.py:115} INFO - [2023-12-03 21:34:13,158] {dag.py:2371} INFO - Sync 1 DAGs
[2023-12-03 21:34:13,170] {logging_mixin.py:115} INFO - [2023-12-03 21:34:13,170] {dag.py:2915} INFO - Setting next_dagrun for example_trigger_controller_dag to 2021-01-01T00:00:00+00:00, run_after=2021-01-01T00:00:00+00:00
[2023-12-03 21:34:13,178] {processor.py:161} INFO - Processing /home/antosha/venvs/practice_3/lib/python3.10/site-packages/airflow/example_dags/example_trigger_controller_dag.py took 0.039 seconds
[2023-12-03 21:34:46,080] {processor.py:153} INFO - Started process (PID=6010) to work on /home/antosha/venvs/practice_3/lib/python3.10/site-packages/airflow/example_dags/example_trigger_controller_dag.py
[2023-12-03 21:34:46,081] {processor.py:641} INFO - Processing file /home/antosha/venvs/practice_3/lib/python3.10/site-packages/airflow/example_dags/example_trigger_controller_dag.py for tasks to queue
[2023-12-03 21:34:46,081] {logging_mixin.py:115} INFO - [2023-12-03 21:34:46,081] {dagbag.py:507} INFO - Filling up the DagBag from /home/antosha/venvs/practice_3/lib/python3.10/site-packages/airflow/example_dags/example_trigger_controller_dag.py
[2023-12-03 21:34:46,084] {processor.py:651} INFO - DAG(s) dict_keys(['example_trigger_controller_dag']) retrieved from /home/antosha/venvs/practice_3/lib/python3.10/site-packages/airflow/example_dags/example_trigger_controller_dag.py
[2023-12-03 21:34:46,097] {logging_mixin.py:115} INFO - [2023-12-03 21:34:46,097] {dag.py:2371} INFO - Sync 1 DAGs
[2023-12-03 21:34:46,110] {logging_mixin.py:115} INFO - [2023-12-03 21:34:46,110] {dag.py:2915} INFO - Setting next_dagrun for example_trigger_controller_dag to 2021-01-01T00:00:00+00:00, run_after=2021-01-01T00:00:00+00:00
[2023-12-03 21:34:46,118] {processor.py:161} INFO - Processing /home/antosha/venvs/practice_3/lib/python3.10/site-packages/airflow/example_dags/example_trigger_controller_dag.py took 0.040 seconds
[2023-12-03 21:35:18,016] {processor.py:153} INFO - Started process (PID=6055) to work on /home/antosha/venvs/practice_3/lib/python3.10/site-packages/airflow/example_dags/example_trigger_controller_dag.py
[2023-12-03 21:35:18,016] {processor.py:641} INFO - Processing file /home/antosha/venvs/practice_3/lib/python3.10/site-packages/airflow/example_dags/example_trigger_controller_dag.py for tasks to queue
[2023-12-03 21:35:18,016] {logging_mixin.py:115} INFO - [2023-12-03 21:35:18,016] {dagbag.py:507} INFO - Filling up the DagBag from /home/antosha/venvs/practice_3/lib/python3.10/site-packages/airflow/example_dags/example_trigger_controller_dag.py
[2023-12-03 21:35:18,019] {processor.py:651} INFO - DAG(s) dict_keys(['example_trigger_controller_dag']) retrieved from /home/antosha/venvs/practice_3/lib/python3.10/site-packages/airflow/example_dags/example_trigger_controller_dag.py
[2023-12-03 21:35:18,032] {logging_mixin.py:115} INFO - [2023-12-03 21:35:18,032] {dag.py:2371} INFO - Sync 1 DAGs
[2023-12-03 21:35:18,046] {logging_mixin.py:115} INFO - [2023-12-03 21:35:18,045] {dag.py:2915} INFO - Setting next_dagrun for example_trigger_controller_dag to 2021-01-01T00:00:00+00:00, run_after=2021-01-01T00:00:00+00:00
[2023-12-03 21:35:18,053] {processor.py:161} INFO - Processing /home/antosha/venvs/practice_3/lib/python3.10/site-packages/airflow/example_dags/example_trigger_controller_dag.py took 0.040 seconds
[2023-12-03 21:35:52,263] {processor.py:153} INFO - Started process (PID=6090) to work on /home/antosha/venvs/practice_3/lib/python3.10/site-packages/airflow/example_dags/example_trigger_controller_dag.py
[2023-12-03 21:35:52,263] {processor.py:641} INFO - Processing file /home/antosha/venvs/practice_3/lib/python3.10/site-packages/airflow/example_dags/example_trigger_controller_dag.py for tasks to queue
[2023-12-03 21:35:52,263] {logging_mixin.py:115} INFO - [2023-12-03 21:35:52,263] {dagbag.py:507} INFO - Filling up the DagBag from /home/antosha/venvs/practice_3/lib/python3.10/site-packages/airflow/example_dags/example_trigger_controller_dag.py
[2023-12-03 21:35:52,266] {processor.py:651} INFO - DAG(s) dict_keys(['example_trigger_controller_dag']) retrieved from /home/antosha/venvs/practice_3/lib/python3.10/site-packages/airflow/example_dags/example_trigger_controller_dag.py
[2023-12-03 21:35:52,280] {logging_mixin.py:115} INFO - [2023-12-03 21:35:52,280] {dag.py:2371} INFO - Sync 1 DAGs
[2023-12-03 21:35:52,293] {logging_mixin.py:115} INFO - [2023-12-03 21:35:52,293] {dag.py:2915} INFO - Setting next_dagrun for example_trigger_controller_dag to 2021-01-01T00:00:00+00:00, run_after=2021-01-01T00:00:00+00:00
[2023-12-03 21:35:52,300] {processor.py:161} INFO - Processing /home/antosha/venvs/practice_3/lib/python3.10/site-packages/airflow/example_dags/example_trigger_controller_dag.py took 0.040 seconds
