[2023-12-03 21:24:24,181] {processor.py:153} INFO - Started process (PID=5259) to work on /home/antosha/venvs/practice_3/lib/python3.10/site-packages/airflow/example_dags/example_latest_only_with_trigger.py
[2023-12-03 21:24:24,181] {processor.py:641} INFO - Processing file /home/antosha/venvs/practice_3/lib/python3.10/site-packages/airflow/example_dags/example_latest_only_with_trigger.py for tasks to queue
[2023-12-03 21:24:24,182] {logging_mixin.py:115} INFO - [2023-12-03 21:24:24,182] {dagbag.py:507} INFO - Filling up the DagBag from /home/antosha/venvs/practice_3/lib/python3.10/site-packages/airflow/example_dags/example_latest_only_with_trigger.py
[2023-12-03 21:24:24,186] {processor.py:651} INFO - DAG(s) dict_keys(['latest_only_with_trigger']) retrieved from /home/antosha/venvs/practice_3/lib/python3.10/site-packages/airflow/example_dags/example_latest_only_with_trigger.py
[2023-12-03 21:24:24,229] {logging_mixin.py:115} INFO - [2023-12-03 21:24:24,229] {manager.py:508} INFO - Created Permission View: can delete on DAG:latest_only_with_trigger
[2023-12-03 21:24:24,234] {logging_mixin.py:115} INFO - [2023-12-03 21:24:24,234] {manager.py:508} INFO - Created Permission View: can edit on DAG:latest_only_with_trigger
[2023-12-03 21:24:24,239] {logging_mixin.py:115} INFO - [2023-12-03 21:24:24,239] {manager.py:508} INFO - Created Permission View: can read on DAG:latest_only_with_trigger
[2023-12-03 21:24:24,239] {logging_mixin.py:115} INFO - [2023-12-03 21:24:24,239] {dag.py:2371} INFO - Sync 1 DAGs
[2023-12-03 21:24:24,244] {logging_mixin.py:115} INFO - [2023-12-03 21:24:24,244] {dag.py:2390} INFO - Creating ORM DAG for latest_only_with_trigger
[2023-12-03 21:24:24,249] {logging_mixin.py:115} INFO - [2023-12-03 21:24:24,249] {dag.py:2915} INFO - Setting next_dagrun for latest_only_with_trigger to 2023-12-03T12:24:24.249158+00:00, run_after=2023-12-03T16:24:24.249158+00:00
[2023-12-03 21:24:24,257] {processor.py:161} INFO - Processing /home/antosha/venvs/practice_3/lib/python3.10/site-packages/airflow/example_dags/example_latest_only_with_trigger.py took 0.078 seconds
[2023-12-03 21:24:56,107] {processor.py:153} INFO - Started process (PID=5297) to work on /home/antosha/venvs/practice_3/lib/python3.10/site-packages/airflow/example_dags/example_latest_only_with_trigger.py
[2023-12-03 21:24:56,107] {processor.py:641} INFO - Processing file /home/antosha/venvs/practice_3/lib/python3.10/site-packages/airflow/example_dags/example_latest_only_with_trigger.py for tasks to queue
[2023-12-03 21:24:56,108] {logging_mixin.py:115} INFO - [2023-12-03 21:24:56,108] {dagbag.py:507} INFO - Filling up the DagBag from /home/antosha/venvs/practice_3/lib/python3.10/site-packages/airflow/example_dags/example_latest_only_with_trigger.py
[2023-12-03 21:24:56,113] {processor.py:651} INFO - DAG(s) dict_keys(['latest_only_with_trigger']) retrieved from /home/antosha/venvs/practice_3/lib/python3.10/site-packages/airflow/example_dags/example_latest_only_with_trigger.py
[2023-12-03 21:24:56,126] {logging_mixin.py:115} INFO - [2023-12-03 21:24:56,126] {dag.py:2371} INFO - Sync 1 DAGs
[2023-12-03 21:24:56,140] {logging_mixin.py:115} INFO - [2023-12-03 21:24:56,140] {dag.py:2915} INFO - Setting next_dagrun for latest_only_with_trigger to 2023-12-03T12:24:56.139820+00:00, run_after=2023-12-03T16:24:56.139820+00:00
[2023-12-03 21:24:56,148] {processor.py:161} INFO - Processing /home/antosha/venvs/practice_3/lib/python3.10/site-packages/airflow/example_dags/example_latest_only_with_trigger.py took 0.043 seconds
[2023-12-03 21:25:29,779] {processor.py:153} INFO - Started process (PID=5343) to work on /home/antosha/venvs/practice_3/lib/python3.10/site-packages/airflow/example_dags/example_latest_only_with_trigger.py
[2023-12-03 21:25:29,779] {processor.py:641} INFO - Processing file /home/antosha/venvs/practice_3/lib/python3.10/site-packages/airflow/example_dags/example_latest_only_with_trigger.py for tasks to queue
[2023-12-03 21:25:29,780] {logging_mixin.py:115} INFO - [2023-12-03 21:25:29,780] {dagbag.py:507} INFO - Filling up the DagBag from /home/antosha/venvs/practice_3/lib/python3.10/site-packages/airflow/example_dags/example_latest_only_with_trigger.py
[2023-12-03 21:25:29,784] {processor.py:651} INFO - DAG(s) dict_keys(['latest_only_with_trigger']) retrieved from /home/antosha/venvs/practice_3/lib/python3.10/site-packages/airflow/example_dags/example_latest_only_with_trigger.py
[2023-12-03 21:25:29,797] {logging_mixin.py:115} INFO - [2023-12-03 21:25:29,797] {dag.py:2371} INFO - Sync 1 DAGs
[2023-12-03 21:25:29,810] {logging_mixin.py:115} INFO - [2023-12-03 21:25:29,809] {dag.py:2915} INFO - Setting next_dagrun for latest_only_with_trigger to 2023-12-03T12:25:29.809757+00:00, run_after=2023-12-03T16:25:29.809757+00:00
[2023-12-03 21:25:29,817] {processor.py:161} INFO - Processing /home/antosha/venvs/practice_3/lib/python3.10/site-packages/airflow/example_dags/example_latest_only_with_trigger.py took 0.040 seconds
[2023-12-03 21:26:00,574] {processor.py:153} INFO - Started process (PID=5377) to work on /home/antosha/venvs/practice_3/lib/python3.10/site-packages/airflow/example_dags/example_latest_only_with_trigger.py
[2023-12-03 21:26:00,575] {processor.py:641} INFO - Processing file /home/antosha/venvs/practice_3/lib/python3.10/site-packages/airflow/example_dags/example_latest_only_with_trigger.py for tasks to queue
[2023-12-03 21:26:00,575] {logging_mixin.py:115} INFO - [2023-12-03 21:26:00,575] {dagbag.py:507} INFO - Filling up the DagBag from /home/antosha/venvs/practice_3/lib/python3.10/site-packages/airflow/example_dags/example_latest_only_with_trigger.py
[2023-12-03 21:26:00,580] {processor.py:651} INFO - DAG(s) dict_keys(['latest_only_with_trigger']) retrieved from /home/antosha/venvs/practice_3/lib/python3.10/site-packages/airflow/example_dags/example_latest_only_with_trigger.py
[2023-12-03 21:26:00,601] {logging_mixin.py:115} INFO - [2023-12-03 21:26:00,601] {dag.py:2371} INFO - Sync 1 DAGs
[2023-12-03 21:26:00,616] {logging_mixin.py:115} INFO - [2023-12-03 21:26:00,616] {dag.py:2915} INFO - Setting next_dagrun for latest_only_with_trigger to 2023-12-03T12:26:00.616476+00:00, run_after=2023-12-03T16:26:00.616476+00:00
[2023-12-03 21:26:00,624] {processor.py:161} INFO - Processing /home/antosha/venvs/practice_3/lib/python3.10/site-packages/airflow/example_dags/example_latest_only_with_trigger.py took 0.053 seconds
[2023-12-03 21:26:34,338] {processor.py:153} INFO - Started process (PID=5427) to work on /home/antosha/venvs/practice_3/lib/python3.10/site-packages/airflow/example_dags/example_latest_only_with_trigger.py
[2023-12-03 21:26:34,338] {processor.py:641} INFO - Processing file /home/antosha/venvs/practice_3/lib/python3.10/site-packages/airflow/example_dags/example_latest_only_with_trigger.py for tasks to queue
[2023-12-03 21:26:34,339] {logging_mixin.py:115} INFO - [2023-12-03 21:26:34,339] {dagbag.py:507} INFO - Filling up the DagBag from /home/antosha/venvs/practice_3/lib/python3.10/site-packages/airflow/example_dags/example_latest_only_with_trigger.py
[2023-12-03 21:26:34,343] {processor.py:651} INFO - DAG(s) dict_keys(['latest_only_with_trigger']) retrieved from /home/antosha/venvs/practice_3/lib/python3.10/site-packages/airflow/example_dags/example_latest_only_with_trigger.py
[2023-12-03 21:26:34,355] {logging_mixin.py:115} INFO - [2023-12-03 21:26:34,355] {dag.py:2371} INFO - Sync 1 DAGs
[2023-12-03 21:26:34,368] {logging_mixin.py:115} INFO - [2023-12-03 21:26:34,368] {dag.py:2915} INFO - Setting next_dagrun for latest_only_with_trigger to 2023-12-03T12:26:34.368414+00:00, run_after=2023-12-03T16:26:34.368414+00:00
[2023-12-03 21:26:34,376] {processor.py:161} INFO - Processing /home/antosha/venvs/practice_3/lib/python3.10/site-packages/airflow/example_dags/example_latest_only_with_trigger.py took 0.040 seconds
[2023-12-03 21:27:05,847] {processor.py:153} INFO - Started process (PID=5461) to work on /home/antosha/venvs/practice_3/lib/python3.10/site-packages/airflow/example_dags/example_latest_only_with_trigger.py
[2023-12-03 21:27:05,847] {processor.py:641} INFO - Processing file /home/antosha/venvs/practice_3/lib/python3.10/site-packages/airflow/example_dags/example_latest_only_with_trigger.py for tasks to queue
[2023-12-03 21:27:05,847] {logging_mixin.py:115} INFO - [2023-12-03 21:27:05,847] {dagbag.py:507} INFO - Filling up the DagBag from /home/antosha/venvs/practice_3/lib/python3.10/site-packages/airflow/example_dags/example_latest_only_with_trigger.py
[2023-12-03 21:27:05,852] {processor.py:651} INFO - DAG(s) dict_keys(['latest_only_with_trigger']) retrieved from /home/antosha/venvs/practice_3/lib/python3.10/site-packages/airflow/example_dags/example_latest_only_with_trigger.py
[2023-12-03 21:27:05,866] {logging_mixin.py:115} INFO - [2023-12-03 21:27:05,866] {dag.py:2371} INFO - Sync 1 DAGs
[2023-12-03 21:27:05,879] {logging_mixin.py:115} INFO - [2023-12-03 21:27:05,879] {dag.py:2915} INFO - Setting next_dagrun for latest_only_with_trigger to 2023-12-03T12:27:05.879141+00:00, run_after=2023-12-03T16:27:05.879141+00:00
[2023-12-03 21:27:05,890] {processor.py:161} INFO - Processing /home/antosha/venvs/practice_3/lib/python3.10/site-packages/airflow/example_dags/example_latest_only_with_trigger.py took 0.046 seconds
[2023-12-03 21:27:39,335] {processor.py:153} INFO - Started process (PID=5513) to work on /home/antosha/venvs/practice_3/lib/python3.10/site-packages/airflow/example_dags/example_latest_only_with_trigger.py
[2023-12-03 21:27:39,335] {processor.py:641} INFO - Processing file /home/antosha/venvs/practice_3/lib/python3.10/site-packages/airflow/example_dags/example_latest_only_with_trigger.py for tasks to queue
[2023-12-03 21:27:39,336] {logging_mixin.py:115} INFO - [2023-12-03 21:27:39,336] {dagbag.py:507} INFO - Filling up the DagBag from /home/antosha/venvs/practice_3/lib/python3.10/site-packages/airflow/example_dags/example_latest_only_with_trigger.py
[2023-12-03 21:27:39,340] {processor.py:651} INFO - DAG(s) dict_keys(['latest_only_with_trigger']) retrieved from /home/antosha/venvs/practice_3/lib/python3.10/site-packages/airflow/example_dags/example_latest_only_with_trigger.py
[2023-12-03 21:27:39,353] {logging_mixin.py:115} INFO - [2023-12-03 21:27:39,353] {dag.py:2371} INFO - Sync 1 DAGs
[2023-12-03 21:27:39,366] {logging_mixin.py:115} INFO - [2023-12-03 21:27:39,366] {dag.py:2915} INFO - Setting next_dagrun for latest_only_with_trigger to 2023-12-03T12:27:39.366300+00:00, run_after=2023-12-03T16:27:39.366300+00:00
[2023-12-03 21:27:39,374] {processor.py:161} INFO - Processing /home/antosha/venvs/practice_3/lib/python3.10/site-packages/airflow/example_dags/example_latest_only_with_trigger.py took 0.041 seconds
[2023-12-03 21:28:13,200] {processor.py:153} INFO - Started process (PID=5565) to work on /home/antosha/venvs/practice_3/lib/python3.10/site-packages/airflow/example_dags/example_latest_only_with_trigger.py
[2023-12-03 21:28:13,201] {processor.py:641} INFO - Processing file /home/antosha/venvs/practice_3/lib/python3.10/site-packages/airflow/example_dags/example_latest_only_with_trigger.py for tasks to queue
[2023-12-03 21:28:13,201] {logging_mixin.py:115} INFO - [2023-12-03 21:28:13,201] {dagbag.py:507} INFO - Filling up the DagBag from /home/antosha/venvs/practice_3/lib/python3.10/site-packages/airflow/example_dags/example_latest_only_with_trigger.py
[2023-12-03 21:28:13,206] {processor.py:651} INFO - DAG(s) dict_keys(['latest_only_with_trigger']) retrieved from /home/antosha/venvs/practice_3/lib/python3.10/site-packages/airflow/example_dags/example_latest_only_with_trigger.py
[2023-12-03 21:28:13,221] {logging_mixin.py:115} INFO - [2023-12-03 21:28:13,221] {dag.py:2371} INFO - Sync 1 DAGs
[2023-12-03 21:28:13,239] {logging_mixin.py:115} INFO - [2023-12-03 21:28:13,239] {dag.py:2915} INFO - Setting next_dagrun for latest_only_with_trigger to 2023-12-03T12:28:13.238912+00:00, run_after=2023-12-03T16:28:13.238912+00:00
[2023-12-03 21:28:13,247] {processor.py:161} INFO - Processing /home/antosha/venvs/practice_3/lib/python3.10/site-packages/airflow/example_dags/example_latest_only_with_trigger.py took 0.049 seconds
[2023-12-03 21:28:44,846] {processor.py:153} INFO - Started process (PID=5600) to work on /home/antosha/venvs/practice_3/lib/python3.10/site-packages/airflow/example_dags/example_latest_only_with_trigger.py
[2023-12-03 21:28:44,846] {processor.py:641} INFO - Processing file /home/antosha/venvs/practice_3/lib/python3.10/site-packages/airflow/example_dags/example_latest_only_with_trigger.py for tasks to queue
[2023-12-03 21:28:44,846] {logging_mixin.py:115} INFO - [2023-12-03 21:28:44,846] {dagbag.py:507} INFO - Filling up the DagBag from /home/antosha/venvs/practice_3/lib/python3.10/site-packages/airflow/example_dags/example_latest_only_with_trigger.py
[2023-12-03 21:28:44,851] {processor.py:651} INFO - DAG(s) dict_keys(['latest_only_with_trigger']) retrieved from /home/antosha/venvs/practice_3/lib/python3.10/site-packages/airflow/example_dags/example_latest_only_with_trigger.py
[2023-12-03 21:28:44,863] {logging_mixin.py:115} INFO - [2023-12-03 21:28:44,863] {dag.py:2371} INFO - Sync 1 DAGs
[2023-12-03 21:28:44,876] {logging_mixin.py:115} INFO - [2023-12-03 21:28:44,876] {dag.py:2915} INFO - Setting next_dagrun for latest_only_with_trigger to 2023-12-03T12:28:44.875924+00:00, run_after=2023-12-03T16:28:44.875924+00:00
[2023-12-03 21:28:44,883] {processor.py:161} INFO - Processing /home/antosha/venvs/practice_3/lib/python3.10/site-packages/airflow/example_dags/example_latest_only_with_trigger.py took 0.040 seconds
[2023-12-03 21:29:17,355] {processor.py:153} INFO - Started process (PID=5641) to work on /home/antosha/venvs/practice_3/lib/python3.10/site-packages/airflow/example_dags/example_latest_only_with_trigger.py
[2023-12-03 21:29:17,356] {processor.py:641} INFO - Processing file /home/antosha/venvs/practice_3/lib/python3.10/site-packages/airflow/example_dags/example_latest_only_with_trigger.py for tasks to queue
[2023-12-03 21:29:17,356] {logging_mixin.py:115} INFO - [2023-12-03 21:29:17,356] {dagbag.py:507} INFO - Filling up the DagBag from /home/antosha/venvs/practice_3/lib/python3.10/site-packages/airflow/example_dags/example_latest_only_with_trigger.py
[2023-12-03 21:29:17,361] {processor.py:651} INFO - DAG(s) dict_keys(['latest_only_with_trigger']) retrieved from /home/antosha/venvs/practice_3/lib/python3.10/site-packages/airflow/example_dags/example_latest_only_with_trigger.py
[2023-12-03 21:29:17,375] {logging_mixin.py:115} INFO - [2023-12-03 21:29:17,375] {dag.py:2371} INFO - Sync 1 DAGs
[2023-12-03 21:29:17,391] {logging_mixin.py:115} INFO - [2023-12-03 21:29:17,391] {dag.py:2915} INFO - Setting next_dagrun for latest_only_with_trigger to 2023-12-03T12:29:17.390900+00:00, run_after=2023-12-03T16:29:17.390900+00:00
[2023-12-03 21:29:17,399] {processor.py:161} INFO - Processing /home/antosha/venvs/practice_3/lib/python3.10/site-packages/airflow/example_dags/example_latest_only_with_trigger.py took 0.046 seconds
[2023-12-03 21:29:49,986] {processor.py:153} INFO - Started process (PID=5679) to work on /home/antosha/venvs/practice_3/lib/python3.10/site-packages/airflow/example_dags/example_latest_only_with_trigger.py
[2023-12-03 21:29:49,986] {processor.py:641} INFO - Processing file /home/antosha/venvs/practice_3/lib/python3.10/site-packages/airflow/example_dags/example_latest_only_with_trigger.py for tasks to queue
[2023-12-03 21:29:49,987] {logging_mixin.py:115} INFO - [2023-12-03 21:29:49,987] {dagbag.py:507} INFO - Filling up the DagBag from /home/antosha/venvs/practice_3/lib/python3.10/site-packages/airflow/example_dags/example_latest_only_with_trigger.py
[2023-12-03 21:29:49,992] {processor.py:651} INFO - DAG(s) dict_keys(['latest_only_with_trigger']) retrieved from /home/antosha/venvs/practice_3/lib/python3.10/site-packages/airflow/example_dags/example_latest_only_with_trigger.py
[2023-12-03 21:29:50,004] {logging_mixin.py:115} INFO - [2023-12-03 21:29:50,004] {dag.py:2371} INFO - Sync 1 DAGs
[2023-12-03 21:29:50,017] {logging_mixin.py:115} INFO - [2023-12-03 21:29:50,016] {dag.py:2915} INFO - Setting next_dagrun for latest_only_with_trigger to 2023-12-03T12:29:50.016706+00:00, run_after=2023-12-03T16:29:50.016706+00:00
[2023-12-03 21:29:50,024] {processor.py:161} INFO - Processing /home/antosha/venvs/practice_3/lib/python3.10/site-packages/airflow/example_dags/example_latest_only_with_trigger.py took 0.041 seconds
[2023-12-03 21:30:21,683] {processor.py:153} INFO - Started process (PID=5718) to work on /home/antosha/venvs/practice_3/lib/python3.10/site-packages/airflow/example_dags/example_latest_only_with_trigger.py
[2023-12-03 21:30:21,684] {processor.py:641} INFO - Processing file /home/antosha/venvs/practice_3/lib/python3.10/site-packages/airflow/example_dags/example_latest_only_with_trigger.py for tasks to queue
[2023-12-03 21:30:21,684] {logging_mixin.py:115} INFO - [2023-12-03 21:30:21,684] {dagbag.py:507} INFO - Filling up the DagBag from /home/antosha/venvs/practice_3/lib/python3.10/site-packages/airflow/example_dags/example_latest_only_with_trigger.py
[2023-12-03 21:30:21,689] {processor.py:651} INFO - DAG(s) dict_keys(['latest_only_with_trigger']) retrieved from /home/antosha/venvs/practice_3/lib/python3.10/site-packages/airflow/example_dags/example_latest_only_with_trigger.py
[2023-12-03 21:30:21,701] {logging_mixin.py:115} INFO - [2023-12-03 21:30:21,701] {dag.py:2371} INFO - Sync 1 DAGs
[2023-12-03 21:30:21,714] {logging_mixin.py:115} INFO - [2023-12-03 21:30:21,713] {dag.py:2915} INFO - Setting next_dagrun for latest_only_with_trigger to 2023-12-03T12:30:21.713798+00:00, run_after=2023-12-03T16:30:21.713798+00:00
[2023-12-03 21:30:21,721] {processor.py:161} INFO - Processing /home/antosha/venvs/practice_3/lib/python3.10/site-packages/airflow/example_dags/example_latest_only_with_trigger.py took 0.040 seconds
[2023-12-03 21:30:55,377] {processor.py:153} INFO - Started process (PID=5761) to work on /home/antosha/venvs/practice_3/lib/python3.10/site-packages/airflow/example_dags/example_latest_only_with_trigger.py
[2023-12-03 21:30:55,377] {processor.py:641} INFO - Processing file /home/antosha/venvs/practice_3/lib/python3.10/site-packages/airflow/example_dags/example_latest_only_with_trigger.py for tasks to queue
[2023-12-03 21:30:55,378] {logging_mixin.py:115} INFO - [2023-12-03 21:30:55,378] {dagbag.py:507} INFO - Filling up the DagBag from /home/antosha/venvs/practice_3/lib/python3.10/site-packages/airflow/example_dags/example_latest_only_with_trigger.py
[2023-12-03 21:30:55,383] {processor.py:651} INFO - DAG(s) dict_keys(['latest_only_with_trigger']) retrieved from /home/antosha/venvs/practice_3/lib/python3.10/site-packages/airflow/example_dags/example_latest_only_with_trigger.py
[2023-12-03 21:30:55,395] {logging_mixin.py:115} INFO - [2023-12-03 21:30:55,395] {dag.py:2371} INFO - Sync 1 DAGs
[2023-12-03 21:30:55,409] {logging_mixin.py:115} INFO - [2023-12-03 21:30:55,409] {dag.py:2915} INFO - Setting next_dagrun for latest_only_with_trigger to 2023-12-03T12:30:55.408947+00:00, run_after=2023-12-03T16:30:55.408947+00:00
[2023-12-03 21:30:55,417] {processor.py:161} INFO - Processing /home/antosha/venvs/practice_3/lib/python3.10/site-packages/airflow/example_dags/example_latest_only_with_trigger.py took 0.043 seconds
[2023-12-03 21:31:27,733] {processor.py:153} INFO - Started process (PID=5795) to work on /home/antosha/venvs/practice_3/lib/python3.10/site-packages/airflow/example_dags/example_latest_only_with_trigger.py
[2023-12-03 21:31:27,734] {processor.py:641} INFO - Processing file /home/antosha/venvs/practice_3/lib/python3.10/site-packages/airflow/example_dags/example_latest_only_with_trigger.py for tasks to queue
[2023-12-03 21:31:27,734] {logging_mixin.py:115} INFO - [2023-12-03 21:31:27,734] {dagbag.py:507} INFO - Filling up the DagBag from /home/antosha/venvs/practice_3/lib/python3.10/site-packages/airflow/example_dags/example_latest_only_with_trigger.py
[2023-12-03 21:31:27,740] {processor.py:651} INFO - DAG(s) dict_keys(['latest_only_with_trigger']) retrieved from /home/antosha/venvs/practice_3/lib/python3.10/site-packages/airflow/example_dags/example_latest_only_with_trigger.py
[2023-12-03 21:31:27,753] {logging_mixin.py:115} INFO - [2023-12-03 21:31:27,753] {dag.py:2371} INFO - Sync 1 DAGs
[2023-12-03 21:31:27,769] {logging_mixin.py:115} INFO - [2023-12-03 21:31:27,769] {dag.py:2915} INFO - Setting next_dagrun for latest_only_with_trigger to 2023-12-03T12:31:27.768785+00:00, run_after=2023-12-03T16:31:27.768785+00:00
[2023-12-03 21:31:27,778] {processor.py:161} INFO - Processing /home/antosha/venvs/practice_3/lib/python3.10/site-packages/airflow/example_dags/example_latest_only_with_trigger.py took 0.048 seconds
[2023-12-03 21:31:59,249] {processor.py:153} INFO - Started process (PID=5829) to work on /home/antosha/venvs/practice_3/lib/python3.10/site-packages/airflow/example_dags/example_latest_only_with_trigger.py
[2023-12-03 21:31:59,250] {processor.py:641} INFO - Processing file /home/antosha/venvs/practice_3/lib/python3.10/site-packages/airflow/example_dags/example_latest_only_with_trigger.py for tasks to queue
[2023-12-03 21:31:59,250] {logging_mixin.py:115} INFO - [2023-12-03 21:31:59,250] {dagbag.py:507} INFO - Filling up the DagBag from /home/antosha/venvs/practice_3/lib/python3.10/site-packages/airflow/example_dags/example_latest_only_with_trigger.py
[2023-12-03 21:31:59,255] {processor.py:651} INFO - DAG(s) dict_keys(['latest_only_with_trigger']) retrieved from /home/antosha/venvs/practice_3/lib/python3.10/site-packages/airflow/example_dags/example_latest_only_with_trigger.py
[2023-12-03 21:31:59,268] {logging_mixin.py:115} INFO - [2023-12-03 21:31:59,268] {dag.py:2371} INFO - Sync 1 DAGs
[2023-12-03 21:31:59,284] {logging_mixin.py:115} INFO - [2023-12-03 21:31:59,284] {dag.py:2915} INFO - Setting next_dagrun for latest_only_with_trigger to 2023-12-03T12:31:59.283895+00:00, run_after=2023-12-03T16:31:59.283895+00:00
[2023-12-03 21:31:59,294] {processor.py:161} INFO - Processing /home/antosha/venvs/practice_3/lib/python3.10/site-packages/airflow/example_dags/example_latest_only_with_trigger.py took 0.047 seconds
[2023-12-03 21:32:32,846] {processor.py:153} INFO - Started process (PID=5864) to work on /home/antosha/venvs/practice_3/lib/python3.10/site-packages/airflow/example_dags/example_latest_only_with_trigger.py
[2023-12-03 21:32:32,847] {processor.py:641} INFO - Processing file /home/antosha/venvs/practice_3/lib/python3.10/site-packages/airflow/example_dags/example_latest_only_with_trigger.py for tasks to queue
[2023-12-03 21:32:32,847] {logging_mixin.py:115} INFO - [2023-12-03 21:32:32,847] {dagbag.py:507} INFO - Filling up the DagBag from /home/antosha/venvs/practice_3/lib/python3.10/site-packages/airflow/example_dags/example_latest_only_with_trigger.py
[2023-12-03 21:32:32,852] {processor.py:651} INFO - DAG(s) dict_keys(['latest_only_with_trigger']) retrieved from /home/antosha/venvs/practice_3/lib/python3.10/site-packages/airflow/example_dags/example_latest_only_with_trigger.py
[2023-12-03 21:32:32,864] {logging_mixin.py:115} INFO - [2023-12-03 21:32:32,864] {dag.py:2371} INFO - Sync 1 DAGs
[2023-12-03 21:32:32,878] {logging_mixin.py:115} INFO - [2023-12-03 21:32:32,878] {dag.py:2915} INFO - Setting next_dagrun for latest_only_with_trigger to 2023-12-03T12:32:32.878004+00:00, run_after=2023-12-03T16:32:32.878004+00:00
[2023-12-03 21:32:32,887] {processor.py:161} INFO - Processing /home/antosha/venvs/practice_3/lib/python3.10/site-packages/airflow/example_dags/example_latest_only_with_trigger.py took 0.043 seconds
[2023-12-03 21:33:06,521] {processor.py:153} INFO - Started process (PID=5901) to work on /home/antosha/venvs/practice_3/lib/python3.10/site-packages/airflow/example_dags/example_latest_only_with_trigger.py
[2023-12-03 21:33:06,522] {processor.py:641} INFO - Processing file /home/antosha/venvs/practice_3/lib/python3.10/site-packages/airflow/example_dags/example_latest_only_with_trigger.py for tasks to queue
[2023-12-03 21:33:06,522] {logging_mixin.py:115} INFO - [2023-12-03 21:33:06,522] {dagbag.py:507} INFO - Filling up the DagBag from /home/antosha/venvs/practice_3/lib/python3.10/site-packages/airflow/example_dags/example_latest_only_with_trigger.py
[2023-12-03 21:33:06,527] {processor.py:651} INFO - DAG(s) dict_keys(['latest_only_with_trigger']) retrieved from /home/antosha/venvs/practice_3/lib/python3.10/site-packages/airflow/example_dags/example_latest_only_with_trigger.py
[2023-12-03 21:33:06,541] {logging_mixin.py:115} INFO - [2023-12-03 21:33:06,541] {dag.py:2371} INFO - Sync 1 DAGs
[2023-12-03 21:33:06,555] {logging_mixin.py:115} INFO - [2023-12-03 21:33:06,555] {dag.py:2915} INFO - Setting next_dagrun for latest_only_with_trigger to 2023-12-03T12:33:06.554881+00:00, run_after=2023-12-03T16:33:06.554881+00:00
[2023-12-03 21:33:06,563] {processor.py:161} INFO - Processing /home/antosha/venvs/practice_3/lib/python3.10/site-packages/airflow/example_dags/example_latest_only_with_trigger.py took 0.044 seconds
[2023-12-03 21:33:38,444] {processor.py:153} INFO - Started process (PID=5935) to work on /home/antosha/venvs/practice_3/lib/python3.10/site-packages/airflow/example_dags/example_latest_only_with_trigger.py
[2023-12-03 21:33:38,444] {processor.py:641} INFO - Processing file /home/antosha/venvs/practice_3/lib/python3.10/site-packages/airflow/example_dags/example_latest_only_with_trigger.py for tasks to queue
[2023-12-03 21:33:38,444] {logging_mixin.py:115} INFO - [2023-12-03 21:33:38,444] {dagbag.py:507} INFO - Filling up the DagBag from /home/antosha/venvs/practice_3/lib/python3.10/site-packages/airflow/example_dags/example_latest_only_with_trigger.py
[2023-12-03 21:33:38,449] {processor.py:651} INFO - DAG(s) dict_keys(['latest_only_with_trigger']) retrieved from /home/antosha/venvs/practice_3/lib/python3.10/site-packages/airflow/example_dags/example_latest_only_with_trigger.py
[2023-12-03 21:33:38,462] {logging_mixin.py:115} INFO - [2023-12-03 21:33:38,462] {dag.py:2371} INFO - Sync 1 DAGs
[2023-12-03 21:33:38,486] {logging_mixin.py:115} INFO - [2023-12-03 21:33:38,486] {dag.py:2915} INFO - Setting next_dagrun for latest_only_with_trigger to 2023-12-03T12:33:38.486220+00:00, run_after=2023-12-03T16:33:38.486220+00:00
[2023-12-03 21:33:38,494] {processor.py:161} INFO - Processing /home/antosha/venvs/practice_3/lib/python3.10/site-packages/airflow/example_dags/example_latest_only_with_trigger.py took 0.053 seconds
[2023-12-03 21:34:10,943] {processor.py:153} INFO - Started process (PID=5972) to work on /home/antosha/venvs/practice_3/lib/python3.10/site-packages/airflow/example_dags/example_latest_only_with_trigger.py
[2023-12-03 21:34:10,943] {processor.py:641} INFO - Processing file /home/antosha/venvs/practice_3/lib/python3.10/site-packages/airflow/example_dags/example_latest_only_with_trigger.py for tasks to queue
[2023-12-03 21:34:10,944] {logging_mixin.py:115} INFO - [2023-12-03 21:34:10,944] {dagbag.py:507} INFO - Filling up the DagBag from /home/antosha/venvs/practice_3/lib/python3.10/site-packages/airflow/example_dags/example_latest_only_with_trigger.py
[2023-12-03 21:34:10,948] {processor.py:651} INFO - DAG(s) dict_keys(['latest_only_with_trigger']) retrieved from /home/antosha/venvs/practice_3/lib/python3.10/site-packages/airflow/example_dags/example_latest_only_with_trigger.py
[2023-12-03 21:34:10,963] {logging_mixin.py:115} INFO - [2023-12-03 21:34:10,963] {dag.py:2371} INFO - Sync 1 DAGs
[2023-12-03 21:34:10,974] {logging_mixin.py:115} INFO - [2023-12-03 21:34:10,974] {dag.py:2915} INFO - Setting next_dagrun for latest_only_with_trigger to 2023-12-03T12:34:10.974296+00:00, run_after=2023-12-03T16:34:10.974296+00:00
[2023-12-03 21:34:10,981] {processor.py:161} INFO - Processing /home/antosha/venvs/practice_3/lib/python3.10/site-packages/airflow/example_dags/example_latest_only_with_trigger.py took 0.041 seconds
[2023-12-03 21:34:42,690] {processor.py:153} INFO - Started process (PID=6007) to work on /home/antosha/venvs/practice_3/lib/python3.10/site-packages/airflow/example_dags/example_latest_only_with_trigger.py
[2023-12-03 21:34:42,691] {processor.py:641} INFO - Processing file /home/antosha/venvs/practice_3/lib/python3.10/site-packages/airflow/example_dags/example_latest_only_with_trigger.py for tasks to queue
[2023-12-03 21:34:42,691] {logging_mixin.py:115} INFO - [2023-12-03 21:34:42,691] {dagbag.py:507} INFO - Filling up the DagBag from /home/antosha/venvs/practice_3/lib/python3.10/site-packages/airflow/example_dags/example_latest_only_with_trigger.py
[2023-12-03 21:34:42,696] {processor.py:651} INFO - DAG(s) dict_keys(['latest_only_with_trigger']) retrieved from /home/antosha/venvs/practice_3/lib/python3.10/site-packages/airflow/example_dags/example_latest_only_with_trigger.py
[2023-12-03 21:34:42,710] {logging_mixin.py:115} INFO - [2023-12-03 21:34:42,710] {dag.py:2371} INFO - Sync 1 DAGs
[2023-12-03 21:34:42,721] {logging_mixin.py:115} INFO - [2023-12-03 21:34:42,721] {dag.py:2915} INFO - Setting next_dagrun for latest_only_with_trigger to 2023-12-03T12:34:42.721392+00:00, run_after=2023-12-03T16:34:42.721392+00:00
[2023-12-03 21:34:42,729] {processor.py:161} INFO - Processing /home/antosha/venvs/practice_3/lib/python3.10/site-packages/airflow/example_dags/example_latest_only_with_trigger.py took 0.042 seconds
[2023-12-03 21:35:14,633] {processor.py:153} INFO - Started process (PID=6049) to work on /home/antosha/venvs/practice_3/lib/python3.10/site-packages/airflow/example_dags/example_latest_only_with_trigger.py
[2023-12-03 21:35:14,633] {processor.py:641} INFO - Processing file /home/antosha/venvs/practice_3/lib/python3.10/site-packages/airflow/example_dags/example_latest_only_with_trigger.py for tasks to queue
[2023-12-03 21:35:14,633] {logging_mixin.py:115} INFO - [2023-12-03 21:35:14,633] {dagbag.py:507} INFO - Filling up the DagBag from /home/antosha/venvs/practice_3/lib/python3.10/site-packages/airflow/example_dags/example_latest_only_with_trigger.py
[2023-12-03 21:35:14,638] {processor.py:651} INFO - DAG(s) dict_keys(['latest_only_with_trigger']) retrieved from /home/antosha/venvs/practice_3/lib/python3.10/site-packages/airflow/example_dags/example_latest_only_with_trigger.py
[2023-12-03 21:35:14,653] {logging_mixin.py:115} INFO - [2023-12-03 21:35:14,653] {dag.py:2371} INFO - Sync 1 DAGs
[2023-12-03 21:35:14,665] {logging_mixin.py:115} INFO - [2023-12-03 21:35:14,665] {dag.py:2915} INFO - Setting next_dagrun for latest_only_with_trigger to 2023-12-03T12:35:14.665399+00:00, run_after=2023-12-03T16:35:14.665399+00:00
[2023-12-03 21:35:14,673] {processor.py:161} INFO - Processing /home/antosha/venvs/practice_3/lib/python3.10/site-packages/airflow/example_dags/example_latest_only_with_trigger.py took 0.043 seconds
[2023-12-03 21:35:49,974] {processor.py:153} INFO - Started process (PID=6087) to work on /home/antosha/venvs/practice_3/lib/python3.10/site-packages/airflow/example_dags/example_latest_only_with_trigger.py
[2023-12-03 21:35:49,974] {processor.py:641} INFO - Processing file /home/antosha/venvs/practice_3/lib/python3.10/site-packages/airflow/example_dags/example_latest_only_with_trigger.py for tasks to queue
[2023-12-03 21:35:49,975] {logging_mixin.py:115} INFO - [2023-12-03 21:35:49,975] {dagbag.py:507} INFO - Filling up the DagBag from /home/antosha/venvs/practice_3/lib/python3.10/site-packages/airflow/example_dags/example_latest_only_with_trigger.py
[2023-12-03 21:35:49,979] {processor.py:651} INFO - DAG(s) dict_keys(['latest_only_with_trigger']) retrieved from /home/antosha/venvs/practice_3/lib/python3.10/site-packages/airflow/example_dags/example_latest_only_with_trigger.py
[2023-12-03 21:35:49,993] {logging_mixin.py:115} INFO - [2023-12-03 21:35:49,993] {dag.py:2371} INFO - Sync 1 DAGs
[2023-12-03 21:35:50,008] {logging_mixin.py:115} INFO - [2023-12-03 21:35:50,008] {dag.py:2915} INFO - Setting next_dagrun for latest_only_with_trigger to 2023-12-03T12:35:50.008112+00:00, run_after=2023-12-03T16:35:50.008112+00:00
[2023-12-03 21:35:50,016] {processor.py:161} INFO - Processing /home/antosha/venvs/practice_3/lib/python3.10/site-packages/airflow/example_dags/example_latest_only_with_trigger.py took 0.045 seconds
