[2023-12-03 21:24:02,441] {processor.py:153} INFO - Started process (PID=5002) to work on /home/antosha/venvs/practice_3/lib/python3.10/site-packages/airflow/example_dags/example_branch_python_dop_operator_3.py
[2023-12-03 21:24:02,446] {processor.py:641} INFO - Processing file /home/antosha/venvs/practice_3/lib/python3.10/site-packages/airflow/example_dags/example_branch_python_dop_operator_3.py for tasks to queue
[2023-12-03 21:24:02,447] {logging_mixin.py:115} INFO - [2023-12-03 21:24:02,446] {dagbag.py:507} INFO - Filling up the DagBag from /home/antosha/venvs/practice_3/lib/python3.10/site-packages/airflow/example_dags/example_branch_python_dop_operator_3.py
[2023-12-03 21:24:02,462] {processor.py:651} INFO - DAG(s) dict_keys(['example_branch_dop_operator_v3']) retrieved from /home/antosha/venvs/practice_3/lib/python3.10/site-packages/airflow/example_dags/example_branch_python_dop_operator_3.py
[2023-12-03 21:24:02,554] {logging_mixin.py:115} INFO - [2023-12-03 21:24:02,554] {manager.py:508} INFO - Created Permission View: can delete on DAG:example_branch_dop_operator_v3
[2023-12-03 21:24:02,564] {logging_mixin.py:115} INFO - [2023-12-03 21:24:02,564] {manager.py:508} INFO - Created Permission View: can edit on DAG:example_branch_dop_operator_v3
[2023-12-03 21:24:02,571] {logging_mixin.py:115} INFO - [2023-12-03 21:24:02,571] {manager.py:508} INFO - Created Permission View: can read on DAG:example_branch_dop_operator_v3
[2023-12-03 21:24:02,571] {logging_mixin.py:115} INFO - [2023-12-03 21:24:02,571] {dag.py:2371} INFO - Sync 1 DAGs
[2023-12-03 21:24:02,581] {logging_mixin.py:115} INFO - [2023-12-03 21:24:02,581] {dag.py:2390} INFO - Creating ORM DAG for example_branch_dop_operator_v3
[2023-12-03 21:24:02,601] {logging_mixin.py:115} INFO - [2023-12-03 21:24:02,601] {dag.py:2915} INFO - Setting next_dagrun for example_branch_dop_operator_v3 to 2023-12-03T16:23:00+00:00, run_after=2023-12-03T16:24:00+00:00
[2023-12-03 21:24:02,619] {processor.py:161} INFO - Processing /home/antosha/venvs/practice_3/lib/python3.10/site-packages/airflow/example_dags/example_branch_python_dop_operator_3.py took 0.182 seconds
[2023-12-03 21:24:36,693] {processor.py:153} INFO - Started process (PID=5276) to work on /home/antosha/venvs/practice_3/lib/python3.10/site-packages/airflow/example_dags/example_branch_python_dop_operator_3.py
[2023-12-03 21:24:36,693] {processor.py:641} INFO - Processing file /home/antosha/venvs/practice_3/lib/python3.10/site-packages/airflow/example_dags/example_branch_python_dop_operator_3.py for tasks to queue
[2023-12-03 21:24:36,694] {logging_mixin.py:115} INFO - [2023-12-03 21:24:36,694] {dagbag.py:507} INFO - Filling up the DagBag from /home/antosha/venvs/practice_3/lib/python3.10/site-packages/airflow/example_dags/example_branch_python_dop_operator_3.py
[2023-12-03 21:24:36,701] {processor.py:651} INFO - DAG(s) dict_keys(['example_branch_dop_operator_v3']) retrieved from /home/antosha/venvs/practice_3/lib/python3.10/site-packages/airflow/example_dags/example_branch_python_dop_operator_3.py
[2023-12-03 21:24:36,714] {logging_mixin.py:115} INFO - [2023-12-03 21:24:36,714] {dag.py:2371} INFO - Sync 1 DAGs
[2023-12-03 21:24:36,740] {logging_mixin.py:115} INFO - [2023-12-03 21:24:36,740] {dag.py:2915} INFO - Setting next_dagrun for example_branch_dop_operator_v3 to 2023-12-03T16:23:00+00:00, run_after=2023-12-03T16:24:00+00:00
[2023-12-03 21:24:36,748] {processor.py:161} INFO - Processing /home/antosha/venvs/practice_3/lib/python3.10/site-packages/airflow/example_dags/example_branch_python_dop_operator_3.py took 0.057 seconds
[2023-12-03 21:25:09,273] {processor.py:153} INFO - Started process (PID=5322) to work on /home/antosha/venvs/practice_3/lib/python3.10/site-packages/airflow/example_dags/example_branch_python_dop_operator_3.py
[2023-12-03 21:25:09,273] {processor.py:641} INFO - Processing file /home/antosha/venvs/practice_3/lib/python3.10/site-packages/airflow/example_dags/example_branch_python_dop_operator_3.py for tasks to queue
[2023-12-03 21:25:09,274] {logging_mixin.py:115} INFO - [2023-12-03 21:25:09,274] {dagbag.py:507} INFO - Filling up the DagBag from /home/antosha/venvs/practice_3/lib/python3.10/site-packages/airflow/example_dags/example_branch_python_dop_operator_3.py
[2023-12-03 21:25:09,281] {processor.py:651} INFO - DAG(s) dict_keys(['example_branch_dop_operator_v3']) retrieved from /home/antosha/venvs/practice_3/lib/python3.10/site-packages/airflow/example_dags/example_branch_python_dop_operator_3.py
[2023-12-03 21:25:09,294] {logging_mixin.py:115} INFO - [2023-12-03 21:25:09,294] {dag.py:2371} INFO - Sync 1 DAGs
[2023-12-03 21:25:09,311] {logging_mixin.py:115} INFO - [2023-12-03 21:25:09,311] {dag.py:2915} INFO - Setting next_dagrun for example_branch_dop_operator_v3 to 2023-12-03T16:24:00+00:00, run_after=2023-12-03T16:25:00+00:00
[2023-12-03 21:25:09,319] {processor.py:161} INFO - Processing /home/antosha/venvs/practice_3/lib/python3.10/site-packages/airflow/example_dags/example_branch_python_dop_operator_3.py took 0.048 seconds
[2023-12-03 21:25:41,172] {processor.py:153} INFO - Started process (PID=5356) to work on /home/antosha/venvs/practice_3/lib/python3.10/site-packages/airflow/example_dags/example_branch_python_dop_operator_3.py
[2023-12-03 21:25:41,173] {processor.py:641} INFO - Processing file /home/antosha/venvs/practice_3/lib/python3.10/site-packages/airflow/example_dags/example_branch_python_dop_operator_3.py for tasks to queue
[2023-12-03 21:25:41,173] {logging_mixin.py:115} INFO - [2023-12-03 21:25:41,173] {dagbag.py:507} INFO - Filling up the DagBag from /home/antosha/venvs/practice_3/lib/python3.10/site-packages/airflow/example_dags/example_branch_python_dop_operator_3.py
[2023-12-03 21:25:41,181] {processor.py:651} INFO - DAG(s) dict_keys(['example_branch_dop_operator_v3']) retrieved from /home/antosha/venvs/practice_3/lib/python3.10/site-packages/airflow/example_dags/example_branch_python_dop_operator_3.py
[2023-12-03 21:25:41,193] {logging_mixin.py:115} INFO - [2023-12-03 21:25:41,192] {dag.py:2371} INFO - Sync 1 DAGs
[2023-12-03 21:25:41,208] {logging_mixin.py:115} INFO - [2023-12-03 21:25:41,208] {dag.py:2915} INFO - Setting next_dagrun for example_branch_dop_operator_v3 to 2023-12-03T16:24:00+00:00, run_after=2023-12-03T16:25:00+00:00
[2023-12-03 21:25:41,216] {processor.py:161} INFO - Processing /home/antosha/venvs/practice_3/lib/python3.10/site-packages/airflow/example_dags/example_branch_python_dop_operator_3.py took 0.046 seconds
[2023-12-03 21:26:14,086] {processor.py:153} INFO - Started process (PID=5390) to work on /home/antosha/venvs/practice_3/lib/python3.10/site-packages/airflow/example_dags/example_branch_python_dop_operator_3.py
[2023-12-03 21:26:14,086] {processor.py:641} INFO - Processing file /home/antosha/venvs/practice_3/lib/python3.10/site-packages/airflow/example_dags/example_branch_python_dop_operator_3.py for tasks to queue
[2023-12-03 21:26:14,086] {logging_mixin.py:115} INFO - [2023-12-03 21:26:14,086] {dagbag.py:507} INFO - Filling up the DagBag from /home/antosha/venvs/practice_3/lib/python3.10/site-packages/airflow/example_dags/example_branch_python_dop_operator_3.py
[2023-12-03 21:26:14,094] {processor.py:651} INFO - DAG(s) dict_keys(['example_branch_dop_operator_v3']) retrieved from /home/antosha/venvs/practice_3/lib/python3.10/site-packages/airflow/example_dags/example_branch_python_dop_operator_3.py
[2023-12-03 21:26:14,106] {logging_mixin.py:115} INFO - [2023-12-03 21:26:14,106] {dag.py:2371} INFO - Sync 1 DAGs
[2023-12-03 21:26:14,122] {logging_mixin.py:115} INFO - [2023-12-03 21:26:14,122] {dag.py:2915} INFO - Setting next_dagrun for example_branch_dop_operator_v3 to 2023-12-03T16:25:00+00:00, run_after=2023-12-03T16:26:00+00:00
[2023-12-03 21:26:14,130] {processor.py:161} INFO - Processing /home/antosha/venvs/practice_3/lib/python3.10/site-packages/airflow/example_dags/example_branch_python_dop_operator_3.py took 0.047 seconds
[2023-12-03 21:26:46,717] {processor.py:153} INFO - Started process (PID=5440) to work on /home/antosha/venvs/practice_3/lib/python3.10/site-packages/airflow/example_dags/example_branch_python_dop_operator_3.py
[2023-12-03 21:26:46,717] {processor.py:641} INFO - Processing file /home/antosha/venvs/practice_3/lib/python3.10/site-packages/airflow/example_dags/example_branch_python_dop_operator_3.py for tasks to queue
[2023-12-03 21:26:46,718] {logging_mixin.py:115} INFO - [2023-12-03 21:26:46,718] {dagbag.py:507} INFO - Filling up the DagBag from /home/antosha/venvs/practice_3/lib/python3.10/site-packages/airflow/example_dags/example_branch_python_dop_operator_3.py
[2023-12-03 21:26:46,725] {processor.py:651} INFO - DAG(s) dict_keys(['example_branch_dop_operator_v3']) retrieved from /home/antosha/venvs/practice_3/lib/python3.10/site-packages/airflow/example_dags/example_branch_python_dop_operator_3.py
[2023-12-03 21:26:46,737] {logging_mixin.py:115} INFO - [2023-12-03 21:26:46,737] {dag.py:2371} INFO - Sync 1 DAGs
[2023-12-03 21:26:46,753] {logging_mixin.py:115} INFO - [2023-12-03 21:26:46,753] {dag.py:2915} INFO - Setting next_dagrun for example_branch_dop_operator_v3 to 2023-12-03T16:25:00+00:00, run_after=2023-12-03T16:26:00+00:00
[2023-12-03 21:26:46,760] {processor.py:161} INFO - Processing /home/antosha/venvs/practice_3/lib/python3.10/site-packages/airflow/example_dags/example_branch_python_dop_operator_3.py took 0.046 seconds
[2023-12-03 21:27:18,803] {processor.py:153} INFO - Started process (PID=5474) to work on /home/antosha/venvs/practice_3/lib/python3.10/site-packages/airflow/example_dags/example_branch_python_dop_operator_3.py
[2023-12-03 21:27:18,804] {processor.py:641} INFO - Processing file /home/antosha/venvs/practice_3/lib/python3.10/site-packages/airflow/example_dags/example_branch_python_dop_operator_3.py for tasks to queue
[2023-12-03 21:27:18,804] {logging_mixin.py:115} INFO - [2023-12-03 21:27:18,804] {dagbag.py:507} INFO - Filling up the DagBag from /home/antosha/venvs/practice_3/lib/python3.10/site-packages/airflow/example_dags/example_branch_python_dop_operator_3.py
[2023-12-03 21:27:18,812] {processor.py:651} INFO - DAG(s) dict_keys(['example_branch_dop_operator_v3']) retrieved from /home/antosha/venvs/practice_3/lib/python3.10/site-packages/airflow/example_dags/example_branch_python_dop_operator_3.py
[2023-12-03 21:27:18,825] {logging_mixin.py:115} INFO - [2023-12-03 21:27:18,825] {dag.py:2371} INFO - Sync 1 DAGs
[2023-12-03 21:27:18,842] {logging_mixin.py:115} INFO - [2023-12-03 21:27:18,842] {dag.py:2915} INFO - Setting next_dagrun for example_branch_dop_operator_v3 to 2023-12-03T16:26:00+00:00, run_after=2023-12-03T16:27:00+00:00
[2023-12-03 21:27:18,851] {processor.py:161} INFO - Processing /home/antosha/venvs/practice_3/lib/python3.10/site-packages/airflow/example_dags/example_branch_python_dop_operator_3.py took 0.050 seconds
[2023-12-03 21:27:51,853] {processor.py:153} INFO - Started process (PID=5537) to work on /home/antosha/venvs/practice_3/lib/python3.10/site-packages/airflow/example_dags/example_branch_python_dop_operator_3.py
[2023-12-03 21:27:51,853] {processor.py:641} INFO - Processing file /home/antosha/venvs/practice_3/lib/python3.10/site-packages/airflow/example_dags/example_branch_python_dop_operator_3.py for tasks to queue
[2023-12-03 21:27:51,854] {logging_mixin.py:115} INFO - [2023-12-03 21:27:51,854] {dagbag.py:507} INFO - Filling up the DagBag from /home/antosha/venvs/practice_3/lib/python3.10/site-packages/airflow/example_dags/example_branch_python_dop_operator_3.py
[2023-12-03 21:27:51,861] {processor.py:651} INFO - DAG(s) dict_keys(['example_branch_dop_operator_v3']) retrieved from /home/antosha/venvs/practice_3/lib/python3.10/site-packages/airflow/example_dags/example_branch_python_dop_operator_3.py
[2023-12-03 21:27:51,873] {logging_mixin.py:115} INFO - [2023-12-03 21:27:51,873] {dag.py:2371} INFO - Sync 1 DAGs
[2023-12-03 21:27:51,889] {logging_mixin.py:115} INFO - [2023-12-03 21:27:51,889] {dag.py:2915} INFO - Setting next_dagrun for example_branch_dop_operator_v3 to 2023-12-03T16:26:00+00:00, run_after=2023-12-03T16:27:00+00:00
[2023-12-03 21:27:51,898] {processor.py:161} INFO - Processing /home/antosha/venvs/practice_3/lib/python3.10/site-packages/airflow/example_dags/example_branch_python_dop_operator_3.py took 0.047 seconds
[2023-12-03 21:28:24,942] {processor.py:153} INFO - Started process (PID=5578) to work on /home/antosha/venvs/practice_3/lib/python3.10/site-packages/airflow/example_dags/example_branch_python_dop_operator_3.py
[2023-12-03 21:28:24,943] {processor.py:641} INFO - Processing file /home/antosha/venvs/practice_3/lib/python3.10/site-packages/airflow/example_dags/example_branch_python_dop_operator_3.py for tasks to queue
[2023-12-03 21:28:24,943] {logging_mixin.py:115} INFO - [2023-12-03 21:28:24,943] {dagbag.py:507} INFO - Filling up the DagBag from /home/antosha/venvs/practice_3/lib/python3.10/site-packages/airflow/example_dags/example_branch_python_dop_operator_3.py
[2023-12-03 21:28:24,951] {processor.py:651} INFO - DAG(s) dict_keys(['example_branch_dop_operator_v3']) retrieved from /home/antosha/venvs/practice_3/lib/python3.10/site-packages/airflow/example_dags/example_branch_python_dop_operator_3.py
[2023-12-03 21:28:24,963] {logging_mixin.py:115} INFO - [2023-12-03 21:28:24,962] {dag.py:2371} INFO - Sync 1 DAGs
[2023-12-03 21:28:24,982] {logging_mixin.py:115} INFO - [2023-12-03 21:28:24,982] {dag.py:2915} INFO - Setting next_dagrun for example_branch_dop_operator_v3 to 2023-12-03T16:27:00+00:00, run_after=2023-12-03T16:28:00+00:00
[2023-12-03 21:28:24,989] {processor.py:161} INFO - Processing /home/antosha/venvs/practice_3/lib/python3.10/site-packages/airflow/example_dags/example_branch_python_dop_operator_3.py took 0.049 seconds
[2023-12-03 21:28:57,102] {processor.py:153} INFO - Started process (PID=5613) to work on /home/antosha/venvs/practice_3/lib/python3.10/site-packages/airflow/example_dags/example_branch_python_dop_operator_3.py
[2023-12-03 21:28:57,103] {processor.py:641} INFO - Processing file /home/antosha/venvs/practice_3/lib/python3.10/site-packages/airflow/example_dags/example_branch_python_dop_operator_3.py for tasks to queue
[2023-12-03 21:28:57,103] {logging_mixin.py:115} INFO - [2023-12-03 21:28:57,103] {dagbag.py:507} INFO - Filling up the DagBag from /home/antosha/venvs/practice_3/lib/python3.10/site-packages/airflow/example_dags/example_branch_python_dop_operator_3.py
[2023-12-03 21:28:57,111] {processor.py:651} INFO - DAG(s) dict_keys(['example_branch_dop_operator_v3']) retrieved from /home/antosha/venvs/practice_3/lib/python3.10/site-packages/airflow/example_dags/example_branch_python_dop_operator_3.py
[2023-12-03 21:28:57,122] {logging_mixin.py:115} INFO - [2023-12-03 21:28:57,122] {dag.py:2371} INFO - Sync 1 DAGs
[2023-12-03 21:28:57,138] {logging_mixin.py:115} INFO - [2023-12-03 21:28:57,138] {dag.py:2915} INFO - Setting next_dagrun for example_branch_dop_operator_v3 to 2023-12-03T16:27:00+00:00, run_after=2023-12-03T16:28:00+00:00
[2023-12-03 21:28:57,145] {processor.py:161} INFO - Processing /home/antosha/venvs/practice_3/lib/python3.10/site-packages/airflow/example_dags/example_branch_python_dop_operator_3.py took 0.045 seconds
[2023-12-03 21:29:30,863] {processor.py:153} INFO - Started process (PID=5658) to work on /home/antosha/venvs/practice_3/lib/python3.10/site-packages/airflow/example_dags/example_branch_python_dop_operator_3.py
[2023-12-03 21:29:30,864] {processor.py:641} INFO - Processing file /home/antosha/venvs/practice_3/lib/python3.10/site-packages/airflow/example_dags/example_branch_python_dop_operator_3.py for tasks to queue
[2023-12-03 21:29:30,864] {logging_mixin.py:115} INFO - [2023-12-03 21:29:30,864] {dagbag.py:507} INFO - Filling up the DagBag from /home/antosha/venvs/practice_3/lib/python3.10/site-packages/airflow/example_dags/example_branch_python_dop_operator_3.py
[2023-12-03 21:29:30,872] {processor.py:651} INFO - DAG(s) dict_keys(['example_branch_dop_operator_v3']) retrieved from /home/antosha/venvs/practice_3/lib/python3.10/site-packages/airflow/example_dags/example_branch_python_dop_operator_3.py
[2023-12-03 21:29:30,884] {logging_mixin.py:115} INFO - [2023-12-03 21:29:30,884] {dag.py:2371} INFO - Sync 1 DAGs
[2023-12-03 21:29:30,901] {logging_mixin.py:115} INFO - [2023-12-03 21:29:30,901] {dag.py:2915} INFO - Setting next_dagrun for example_branch_dop_operator_v3 to 2023-12-03T16:28:00+00:00, run_after=2023-12-03T16:29:00+00:00
[2023-12-03 21:29:30,909] {processor.py:161} INFO - Processing /home/antosha/venvs/practice_3/lib/python3.10/site-packages/airflow/example_dags/example_branch_python_dop_operator_3.py took 0.049 seconds
[2023-12-03 21:30:02,908] {processor.py:153} INFO - Started process (PID=5697) to work on /home/antosha/venvs/practice_3/lib/python3.10/site-packages/airflow/example_dags/example_branch_python_dop_operator_3.py
[2023-12-03 21:30:02,909] {processor.py:641} INFO - Processing file /home/antosha/venvs/practice_3/lib/python3.10/site-packages/airflow/example_dags/example_branch_python_dop_operator_3.py for tasks to queue
[2023-12-03 21:30:02,909] {logging_mixin.py:115} INFO - [2023-12-03 21:30:02,909] {dagbag.py:507} INFO - Filling up the DagBag from /home/antosha/venvs/practice_3/lib/python3.10/site-packages/airflow/example_dags/example_branch_python_dop_operator_3.py
[2023-12-03 21:30:02,917] {processor.py:651} INFO - DAG(s) dict_keys(['example_branch_dop_operator_v3']) retrieved from /home/antosha/venvs/practice_3/lib/python3.10/site-packages/airflow/example_dags/example_branch_python_dop_operator_3.py
[2023-12-03 21:30:02,929] {logging_mixin.py:115} INFO - [2023-12-03 21:30:02,928] {dag.py:2371} INFO - Sync 1 DAGs
[2023-12-03 21:30:02,946] {logging_mixin.py:115} INFO - [2023-12-03 21:30:02,946] {dag.py:2915} INFO - Setting next_dagrun for example_branch_dop_operator_v3 to 2023-12-03T16:29:00+00:00, run_after=2023-12-03T16:30:00+00:00
[2023-12-03 21:30:02,956] {processor.py:161} INFO - Processing /home/antosha/venvs/practice_3/lib/python3.10/site-packages/airflow/example_dags/example_branch_python_dop_operator_3.py took 0.052 seconds
[2023-12-03 21:30:33,703] {processor.py:153} INFO - Started process (PID=5740) to work on /home/antosha/venvs/practice_3/lib/python3.10/site-packages/airflow/example_dags/example_branch_python_dop_operator_3.py
[2023-12-03 21:30:33,703] {processor.py:641} INFO - Processing file /home/antosha/venvs/practice_3/lib/python3.10/site-packages/airflow/example_dags/example_branch_python_dop_operator_3.py for tasks to queue
[2023-12-03 21:30:33,704] {logging_mixin.py:115} INFO - [2023-12-03 21:30:33,704] {dagbag.py:507} INFO - Filling up the DagBag from /home/antosha/venvs/practice_3/lib/python3.10/site-packages/airflow/example_dags/example_branch_python_dop_operator_3.py
[2023-12-03 21:30:33,712] {processor.py:651} INFO - DAG(s) dict_keys(['example_branch_dop_operator_v3']) retrieved from /home/antosha/venvs/practice_3/lib/python3.10/site-packages/airflow/example_dags/example_branch_python_dop_operator_3.py
[2023-12-03 21:30:33,725] {logging_mixin.py:115} INFO - [2023-12-03 21:30:33,725] {dag.py:2371} INFO - Sync 1 DAGs
[2023-12-03 21:30:33,742] {logging_mixin.py:115} INFO - [2023-12-03 21:30:33,742] {dag.py:2915} INFO - Setting next_dagrun for example_branch_dop_operator_v3 to 2023-12-03T16:29:00+00:00, run_after=2023-12-03T16:30:00+00:00
[2023-12-03 21:30:33,752] {processor.py:161} INFO - Processing /home/antosha/venvs/practice_3/lib/python3.10/site-packages/airflow/example_dags/example_branch_python_dop_operator_3.py took 0.051 seconds
[2023-12-03 21:31:07,477] {processor.py:153} INFO - Started process (PID=5774) to work on /home/antosha/venvs/practice_3/lib/python3.10/site-packages/airflow/example_dags/example_branch_python_dop_operator_3.py
[2023-12-03 21:31:07,477] {processor.py:641} INFO - Processing file /home/antosha/venvs/practice_3/lib/python3.10/site-packages/airflow/example_dags/example_branch_python_dop_operator_3.py for tasks to queue
[2023-12-03 21:31:07,478] {logging_mixin.py:115} INFO - [2023-12-03 21:31:07,478] {dagbag.py:507} INFO - Filling up the DagBag from /home/antosha/venvs/practice_3/lib/python3.10/site-packages/airflow/example_dags/example_branch_python_dop_operator_3.py
[2023-12-03 21:31:07,487] {processor.py:651} INFO - DAG(s) dict_keys(['example_branch_dop_operator_v3']) retrieved from /home/antosha/venvs/practice_3/lib/python3.10/site-packages/airflow/example_dags/example_branch_python_dop_operator_3.py
[2023-12-03 21:31:07,499] {logging_mixin.py:115} INFO - [2023-12-03 21:31:07,499] {dag.py:2371} INFO - Sync 1 DAGs
[2023-12-03 21:31:07,516] {logging_mixin.py:115} INFO - [2023-12-03 21:31:07,516] {dag.py:2915} INFO - Setting next_dagrun for example_branch_dop_operator_v3 to 2023-12-03T16:30:00+00:00, run_after=2023-12-03T16:31:00+00:00
[2023-12-03 21:31:07,526] {processor.py:161} INFO - Processing /home/antosha/venvs/practice_3/lib/python3.10/site-packages/airflow/example_dags/example_branch_python_dop_operator_3.py took 0.052 seconds
[2023-12-03 21:31:39,258] {processor.py:153} INFO - Started process (PID=5808) to work on /home/antosha/venvs/practice_3/lib/python3.10/site-packages/airflow/example_dags/example_branch_python_dop_operator_3.py
[2023-12-03 21:31:39,259] {processor.py:641} INFO - Processing file /home/antosha/venvs/practice_3/lib/python3.10/site-packages/airflow/example_dags/example_branch_python_dop_operator_3.py for tasks to queue
[2023-12-03 21:31:39,259] {logging_mixin.py:115} INFO - [2023-12-03 21:31:39,259] {dagbag.py:507} INFO - Filling up the DagBag from /home/antosha/venvs/practice_3/lib/python3.10/site-packages/airflow/example_dags/example_branch_python_dop_operator_3.py
[2023-12-03 21:31:39,267] {processor.py:651} INFO - DAG(s) dict_keys(['example_branch_dop_operator_v3']) retrieved from /home/antosha/venvs/practice_3/lib/python3.10/site-packages/airflow/example_dags/example_branch_python_dop_operator_3.py
[2023-12-03 21:31:39,279] {logging_mixin.py:115} INFO - [2023-12-03 21:31:39,279] {dag.py:2371} INFO - Sync 1 DAGs
[2023-12-03 21:31:39,295] {logging_mixin.py:115} INFO - [2023-12-03 21:31:39,295] {dag.py:2915} INFO - Setting next_dagrun for example_branch_dop_operator_v3 to 2023-12-03T16:30:00+00:00, run_after=2023-12-03T16:31:00+00:00
[2023-12-03 21:31:39,303] {processor.py:161} INFO - Processing /home/antosha/venvs/practice_3/lib/python3.10/site-packages/airflow/example_dags/example_branch_python_dop_operator_3.py took 0.047 seconds
[2023-12-03 21:32:11,524] {processor.py:153} INFO - Started process (PID=5842) to work on /home/antosha/venvs/practice_3/lib/python3.10/site-packages/airflow/example_dags/example_branch_python_dop_operator_3.py
[2023-12-03 21:32:11,524] {processor.py:641} INFO - Processing file /home/antosha/venvs/practice_3/lib/python3.10/site-packages/airflow/example_dags/example_branch_python_dop_operator_3.py for tasks to queue
[2023-12-03 21:32:11,525] {logging_mixin.py:115} INFO - [2023-12-03 21:32:11,525] {dagbag.py:507} INFO - Filling up the DagBag from /home/antosha/venvs/practice_3/lib/python3.10/site-packages/airflow/example_dags/example_branch_python_dop_operator_3.py
[2023-12-03 21:32:11,538] {processor.py:651} INFO - DAG(s) dict_keys(['example_branch_dop_operator_v3']) retrieved from /home/antosha/venvs/practice_3/lib/python3.10/site-packages/airflow/example_dags/example_branch_python_dop_operator_3.py
[2023-12-03 21:32:11,553] {logging_mixin.py:115} INFO - [2023-12-03 21:32:11,553] {dag.py:2371} INFO - Sync 1 DAGs
[2023-12-03 21:32:11,573] {logging_mixin.py:115} INFO - [2023-12-03 21:32:11,573] {dag.py:2915} INFO - Setting next_dagrun for example_branch_dop_operator_v3 to 2023-12-03T16:31:00+00:00, run_after=2023-12-03T16:32:00+00:00
[2023-12-03 21:32:11,581] {processor.py:161} INFO - Processing /home/antosha/venvs/practice_3/lib/python3.10/site-packages/airflow/example_dags/example_branch_python_dop_operator_3.py took 0.064 seconds
[2023-12-03 21:32:45,988] {processor.py:153} INFO - Started process (PID=5880) to work on /home/antosha/venvs/practice_3/lib/python3.10/site-packages/airflow/example_dags/example_branch_python_dop_operator_3.py
[2023-12-03 21:32:45,988] {processor.py:641} INFO - Processing file /home/antosha/venvs/practice_3/lib/python3.10/site-packages/airflow/example_dags/example_branch_python_dop_operator_3.py for tasks to queue
[2023-12-03 21:32:45,989] {logging_mixin.py:115} INFO - [2023-12-03 21:32:45,989] {dagbag.py:507} INFO - Filling up the DagBag from /home/antosha/venvs/practice_3/lib/python3.10/site-packages/airflow/example_dags/example_branch_python_dop_operator_3.py
[2023-12-03 21:32:45,996] {processor.py:651} INFO - DAG(s) dict_keys(['example_branch_dop_operator_v3']) retrieved from /home/antosha/venvs/practice_3/lib/python3.10/site-packages/airflow/example_dags/example_branch_python_dop_operator_3.py
[2023-12-03 21:32:46,012] {logging_mixin.py:115} INFO - [2023-12-03 21:32:46,012] {dag.py:2371} INFO - Sync 1 DAGs
[2023-12-03 21:32:46,029] {logging_mixin.py:115} INFO - [2023-12-03 21:32:46,028] {dag.py:2915} INFO - Setting next_dagrun for example_branch_dop_operator_v3 to 2023-12-03T16:31:00+00:00, run_after=2023-12-03T16:32:00+00:00
[2023-12-03 21:32:46,037] {processor.py:161} INFO - Processing /home/antosha/venvs/practice_3/lib/python3.10/site-packages/airflow/example_dags/example_branch_python_dop_operator_3.py took 0.051 seconds
[2023-12-03 21:33:17,915] {processor.py:153} INFO - Started process (PID=5914) to work on /home/antosha/venvs/practice_3/lib/python3.10/site-packages/airflow/example_dags/example_branch_python_dop_operator_3.py
[2023-12-03 21:33:17,916] {processor.py:641} INFO - Processing file /home/antosha/venvs/practice_3/lib/python3.10/site-packages/airflow/example_dags/example_branch_python_dop_operator_3.py for tasks to queue
[2023-12-03 21:33:17,916] {logging_mixin.py:115} INFO - [2023-12-03 21:33:17,916] {dagbag.py:507} INFO - Filling up the DagBag from /home/antosha/venvs/practice_3/lib/python3.10/site-packages/airflow/example_dags/example_branch_python_dop_operator_3.py
[2023-12-03 21:33:17,925] {processor.py:651} INFO - DAG(s) dict_keys(['example_branch_dop_operator_v3']) retrieved from /home/antosha/venvs/practice_3/lib/python3.10/site-packages/airflow/example_dags/example_branch_python_dop_operator_3.py
[2023-12-03 21:33:17,938] {logging_mixin.py:115} INFO - [2023-12-03 21:33:17,938] {dag.py:2371} INFO - Sync 1 DAGs
[2023-12-03 21:33:17,955] {logging_mixin.py:115} INFO - [2023-12-03 21:33:17,955] {dag.py:2915} INFO - Setting next_dagrun for example_branch_dop_operator_v3 to 2023-12-03T16:32:00+00:00, run_after=2023-12-03T16:33:00+00:00
[2023-12-03 21:33:17,963] {processor.py:161} INFO - Processing /home/antosha/venvs/practice_3/lib/python3.10/site-packages/airflow/example_dags/example_branch_python_dop_operator_3.py took 0.050 seconds
[2023-12-03 21:33:50,691] {processor.py:153} INFO - Started process (PID=5948) to work on /home/antosha/venvs/practice_3/lib/python3.10/site-packages/airflow/example_dags/example_branch_python_dop_operator_3.py
[2023-12-03 21:33:50,691] {processor.py:641} INFO - Processing file /home/antosha/venvs/practice_3/lib/python3.10/site-packages/airflow/example_dags/example_branch_python_dop_operator_3.py for tasks to queue
[2023-12-03 21:33:50,691] {logging_mixin.py:115} INFO - [2023-12-03 21:33:50,691] {dagbag.py:507} INFO - Filling up the DagBag from /home/antosha/venvs/practice_3/lib/python3.10/site-packages/airflow/example_dags/example_branch_python_dop_operator_3.py
[2023-12-03 21:33:50,701] {processor.py:651} INFO - DAG(s) dict_keys(['example_branch_dop_operator_v3']) retrieved from /home/antosha/venvs/practice_3/lib/python3.10/site-packages/airflow/example_dags/example_branch_python_dop_operator_3.py
[2023-12-03 21:33:50,717] {logging_mixin.py:115} INFO - [2023-12-03 21:33:50,717] {dag.py:2371} INFO - Sync 1 DAGs
[2023-12-03 21:33:50,738] {logging_mixin.py:115} INFO - [2023-12-03 21:33:50,738] {dag.py:2915} INFO - Setting next_dagrun for example_branch_dop_operator_v3 to 2023-12-03T16:32:00+00:00, run_after=2023-12-03T16:33:00+00:00
[2023-12-03 21:33:50,748] {processor.py:161} INFO - Processing /home/antosha/venvs/practice_3/lib/python3.10/site-packages/airflow/example_dags/example_branch_python_dop_operator_3.py took 0.061 seconds
[2023-12-03 21:34:23,332] {processor.py:153} INFO - Started process (PID=5986) to work on /home/antosha/venvs/practice_3/lib/python3.10/site-packages/airflow/example_dags/example_branch_python_dop_operator_3.py
[2023-12-03 21:34:23,332] {processor.py:641} INFO - Processing file /home/antosha/venvs/practice_3/lib/python3.10/site-packages/airflow/example_dags/example_branch_python_dop_operator_3.py for tasks to queue
[2023-12-03 21:34:23,333] {logging_mixin.py:115} INFO - [2023-12-03 21:34:23,333] {dagbag.py:507} INFO - Filling up the DagBag from /home/antosha/venvs/practice_3/lib/python3.10/site-packages/airflow/example_dags/example_branch_python_dop_operator_3.py
[2023-12-03 21:34:23,341] {processor.py:651} INFO - DAG(s) dict_keys(['example_branch_dop_operator_v3']) retrieved from /home/antosha/venvs/practice_3/lib/python3.10/site-packages/airflow/example_dags/example_branch_python_dop_operator_3.py
[2023-12-03 21:34:23,355] {logging_mixin.py:115} INFO - [2023-12-03 21:34:23,355] {dag.py:2371} INFO - Sync 1 DAGs
[2023-12-03 21:34:23,369] {logging_mixin.py:115} INFO - [2023-12-03 21:34:23,369] {dag.py:2915} INFO - Setting next_dagrun for example_branch_dop_operator_v3 to 2023-12-03T16:33:00+00:00, run_after=2023-12-03T16:34:00+00:00
[2023-12-03 21:34:23,378] {processor.py:161} INFO - Processing /home/antosha/venvs/practice_3/lib/python3.10/site-packages/airflow/example_dags/example_branch_python_dop_operator_3.py took 0.048 seconds
[2023-12-03 21:34:55,225] {processor.py:153} INFO - Started process (PID=6021) to work on /home/antosha/venvs/practice_3/lib/python3.10/site-packages/airflow/example_dags/example_branch_python_dop_operator_3.py
[2023-12-03 21:34:55,226] {processor.py:641} INFO - Processing file /home/antosha/venvs/practice_3/lib/python3.10/site-packages/airflow/example_dags/example_branch_python_dop_operator_3.py for tasks to queue
[2023-12-03 21:34:55,226] {logging_mixin.py:115} INFO - [2023-12-03 21:34:55,226] {dagbag.py:507} INFO - Filling up the DagBag from /home/antosha/venvs/practice_3/lib/python3.10/site-packages/airflow/example_dags/example_branch_python_dop_operator_3.py
[2023-12-03 21:34:55,233] {processor.py:651} INFO - DAG(s) dict_keys(['example_branch_dop_operator_v3']) retrieved from /home/antosha/venvs/practice_3/lib/python3.10/site-packages/airflow/example_dags/example_branch_python_dop_operator_3.py
[2023-12-03 21:34:55,248] {logging_mixin.py:115} INFO - [2023-12-03 21:34:55,248] {dag.py:2371} INFO - Sync 1 DAGs
[2023-12-03 21:34:55,263] {logging_mixin.py:115} INFO - [2023-12-03 21:34:55,263] {dag.py:2915} INFO - Setting next_dagrun for example_branch_dop_operator_v3 to 2023-12-03T16:33:00+00:00, run_after=2023-12-03T16:34:00+00:00
[2023-12-03 21:34:55,272] {processor.py:161} INFO - Processing /home/antosha/venvs/practice_3/lib/python3.10/site-packages/airflow/example_dags/example_branch_python_dop_operator_3.py took 0.049 seconds
[2023-12-03 21:35:28,076] {processor.py:153} INFO - Started process (PID=6065) to work on /home/antosha/venvs/practice_3/lib/python3.10/site-packages/airflow/example_dags/example_branch_python_dop_operator_3.py
[2023-12-03 21:35:28,076] {processor.py:641} INFO - Processing file /home/antosha/venvs/practice_3/lib/python3.10/site-packages/airflow/example_dags/example_branch_python_dop_operator_3.py for tasks to queue
[2023-12-03 21:35:28,076] {logging_mixin.py:115} INFO - [2023-12-03 21:35:28,076] {dagbag.py:507} INFO - Filling up the DagBag from /home/antosha/venvs/practice_3/lib/python3.10/site-packages/airflow/example_dags/example_branch_python_dop_operator_3.py
[2023-12-03 21:35:28,087] {processor.py:651} INFO - DAG(s) dict_keys(['example_branch_dop_operator_v3']) retrieved from /home/antosha/venvs/practice_3/lib/python3.10/site-packages/airflow/example_dags/example_branch_python_dop_operator_3.py
[2023-12-03 21:35:28,104] {logging_mixin.py:115} INFO - [2023-12-03 21:35:28,104] {dag.py:2371} INFO - Sync 1 DAGs
[2023-12-03 21:35:28,118] {logging_mixin.py:115} INFO - [2023-12-03 21:35:28,118] {dag.py:2915} INFO - Setting next_dagrun for example_branch_dop_operator_v3 to 2023-12-03T16:34:00+00:00, run_after=2023-12-03T16:35:00+00:00
[2023-12-03 21:35:28,126] {processor.py:161} INFO - Processing /home/antosha/venvs/practice_3/lib/python3.10/site-packages/airflow/example_dags/example_branch_python_dop_operator_3.py took 0.053 seconds
