[2023-12-03 21:24:20,178] {processor.py:153} INFO - Started process (PID=5254) to work on /home/antosha/venvs/practice_3/lib/python3.10/site-packages/airflow/example_dags/example_short_circuit_operator.py
[2023-12-03 21:24:20,178] {processor.py:641} INFO - Processing file /home/antosha/venvs/practice_3/lib/python3.10/site-packages/airflow/example_dags/example_short_circuit_operator.py for tasks to queue
[2023-12-03 21:24:20,178] {logging_mixin.py:115} INFO - [2023-12-03 21:24:20,178] {dagbag.py:507} INFO - Filling up the DagBag from /home/antosha/venvs/practice_3/lib/python3.10/site-packages/airflow/example_dags/example_short_circuit_operator.py
[2023-12-03 21:24:20,185] {processor.py:651} INFO - DAG(s) dict_keys(['example_short_circuit_operator']) retrieved from /home/antosha/venvs/practice_3/lib/python3.10/site-packages/airflow/example_dags/example_short_circuit_operator.py
[2023-12-03 21:24:20,226] {logging_mixin.py:115} INFO - [2023-12-03 21:24:20,226] {manager.py:508} INFO - Created Permission View: can delete on DAG:example_short_circuit_operator
[2023-12-03 21:24:20,232] {logging_mixin.py:115} INFO - [2023-12-03 21:24:20,231] {manager.py:508} INFO - Created Permission View: can edit on DAG:example_short_circuit_operator
[2023-12-03 21:24:20,236] {logging_mixin.py:115} INFO - [2023-12-03 21:24:20,235] {manager.py:508} INFO - Created Permission View: can read on DAG:example_short_circuit_operator
[2023-12-03 21:24:20,236] {logging_mixin.py:115} INFO - [2023-12-03 21:24:20,236] {dag.py:2371} INFO - Sync 1 DAGs
[2023-12-03 21:24:20,240] {logging_mixin.py:115} INFO - [2023-12-03 21:24:20,240] {dag.py:2390} INFO - Creating ORM DAG for example_short_circuit_operator
[2023-12-03 21:24:20,245] {logging_mixin.py:115} INFO - [2023-12-03 21:24:20,245] {dag.py:2915} INFO - Setting next_dagrun for example_short_circuit_operator to 2023-12-02T16:24:20.245745+00:00, run_after=2023-12-03T16:24:20.245745+00:00
[2023-12-03 21:24:20,254] {processor.py:161} INFO - Processing /home/antosha/venvs/practice_3/lib/python3.10/site-packages/airflow/example_dags/example_short_circuit_operator.py took 0.079 seconds
[2023-12-03 21:24:50,967] {processor.py:153} INFO - Started process (PID=5292) to work on /home/antosha/venvs/practice_3/lib/python3.10/site-packages/airflow/example_dags/example_short_circuit_operator.py
[2023-12-03 21:24:50,968] {processor.py:641} INFO - Processing file /home/antosha/venvs/practice_3/lib/python3.10/site-packages/airflow/example_dags/example_short_circuit_operator.py for tasks to queue
[2023-12-03 21:24:50,968] {logging_mixin.py:115} INFO - [2023-12-03 21:24:50,968] {dagbag.py:507} INFO - Filling up the DagBag from /home/antosha/venvs/practice_3/lib/python3.10/site-packages/airflow/example_dags/example_short_circuit_operator.py
[2023-12-03 21:24:50,975] {processor.py:651} INFO - DAG(s) dict_keys(['example_short_circuit_operator']) retrieved from /home/antosha/venvs/practice_3/lib/python3.10/site-packages/airflow/example_dags/example_short_circuit_operator.py
[2023-12-03 21:24:50,991] {logging_mixin.py:115} INFO - [2023-12-03 21:24:50,991] {dag.py:2371} INFO - Sync 1 DAGs
[2023-12-03 21:24:51,006] {logging_mixin.py:115} INFO - [2023-12-03 21:24:51,006] {dag.py:2915} INFO - Setting next_dagrun for example_short_circuit_operator to 2023-12-02T16:24:51.006127+00:00, run_after=2023-12-03T16:24:51.006127+00:00
[2023-12-03 21:24:51,014] {processor.py:161} INFO - Processing /home/antosha/venvs/practice_3/lib/python3.10/site-packages/airflow/example_dags/example_short_circuit_operator.py took 0.049 seconds
[2023-12-03 21:25:24,653] {processor.py:153} INFO - Started process (PID=5338) to work on /home/antosha/venvs/practice_3/lib/python3.10/site-packages/airflow/example_dags/example_short_circuit_operator.py
[2023-12-03 21:25:24,654] {processor.py:641} INFO - Processing file /home/antosha/venvs/practice_3/lib/python3.10/site-packages/airflow/example_dags/example_short_circuit_operator.py for tasks to queue
[2023-12-03 21:25:24,654] {logging_mixin.py:115} INFO - [2023-12-03 21:25:24,654] {dagbag.py:507} INFO - Filling up the DagBag from /home/antosha/venvs/practice_3/lib/python3.10/site-packages/airflow/example_dags/example_short_circuit_operator.py
[2023-12-03 21:25:24,663] {processor.py:651} INFO - DAG(s) dict_keys(['example_short_circuit_operator']) retrieved from /home/antosha/venvs/practice_3/lib/python3.10/site-packages/airflow/example_dags/example_short_circuit_operator.py
[2023-12-03 21:25:24,676] {logging_mixin.py:115} INFO - [2023-12-03 21:25:24,676] {dag.py:2371} INFO - Sync 1 DAGs
[2023-12-03 21:25:24,689] {logging_mixin.py:115} INFO - [2023-12-03 21:25:24,689] {dag.py:2915} INFO - Setting next_dagrun for example_short_circuit_operator to 2023-12-02T16:25:24.689033+00:00, run_after=2023-12-03T16:25:24.689033+00:00
[2023-12-03 21:25:24,700] {processor.py:161} INFO - Processing /home/antosha/venvs/practice_3/lib/python3.10/site-packages/airflow/example_dags/example_short_circuit_operator.py took 0.055 seconds
[2023-12-03 21:25:55,433] {processor.py:153} INFO - Started process (PID=5372) to work on /home/antosha/venvs/practice_3/lib/python3.10/site-packages/airflow/example_dags/example_short_circuit_operator.py
[2023-12-03 21:25:55,434] {processor.py:641} INFO - Processing file /home/antosha/venvs/practice_3/lib/python3.10/site-packages/airflow/example_dags/example_short_circuit_operator.py for tasks to queue
[2023-12-03 21:25:55,434] {logging_mixin.py:115} INFO - [2023-12-03 21:25:55,434] {dagbag.py:507} INFO - Filling up the DagBag from /home/antosha/venvs/practice_3/lib/python3.10/site-packages/airflow/example_dags/example_short_circuit_operator.py
[2023-12-03 21:25:55,440] {processor.py:651} INFO - DAG(s) dict_keys(['example_short_circuit_operator']) retrieved from /home/antosha/venvs/practice_3/lib/python3.10/site-packages/airflow/example_dags/example_short_circuit_operator.py
[2023-12-03 21:25:55,453] {logging_mixin.py:115} INFO - [2023-12-03 21:25:55,453] {dag.py:2371} INFO - Sync 1 DAGs
[2023-12-03 21:25:55,466] {logging_mixin.py:115} INFO - [2023-12-03 21:25:55,465] {dag.py:2915} INFO - Setting next_dagrun for example_short_circuit_operator to 2023-12-02T16:25:55.465761+00:00, run_after=2023-12-03T16:25:55.465761+00:00
[2023-12-03 21:25:55,473] {processor.py:161} INFO - Processing /home/antosha/venvs/practice_3/lib/python3.10/site-packages/airflow/example_dags/example_short_circuit_operator.py took 0.043 seconds
[2023-12-03 21:26:29,620] {processor.py:153} INFO - Started process (PID=5407) to work on /home/antosha/venvs/practice_3/lib/python3.10/site-packages/airflow/example_dags/example_short_circuit_operator.py
[2023-12-03 21:26:29,622] {processor.py:641} INFO - Processing file /home/antosha/venvs/practice_3/lib/python3.10/site-packages/airflow/example_dags/example_short_circuit_operator.py for tasks to queue
[2023-12-03 21:26:29,622] {logging_mixin.py:115} INFO - [2023-12-03 21:26:29,622] {dagbag.py:507} INFO - Filling up the DagBag from /home/antosha/venvs/practice_3/lib/python3.10/site-packages/airflow/example_dags/example_short_circuit_operator.py
[2023-12-03 21:26:29,629] {processor.py:651} INFO - DAG(s) dict_keys(['example_short_circuit_operator']) retrieved from /home/antosha/venvs/practice_3/lib/python3.10/site-packages/airflow/example_dags/example_short_circuit_operator.py
[2023-12-03 21:26:29,642] {logging_mixin.py:115} INFO - [2023-12-03 21:26:29,641] {dag.py:2371} INFO - Sync 1 DAGs
[2023-12-03 21:26:29,658] {logging_mixin.py:115} INFO - [2023-12-03 21:26:29,658] {dag.py:2915} INFO - Setting next_dagrun for example_short_circuit_operator to 2023-12-02T16:26:29.654243+00:00, run_after=2023-12-03T16:26:29.654243+00:00
[2023-12-03 21:26:29,673] {processor.py:161} INFO - Processing /home/antosha/venvs/practice_3/lib/python3.10/site-packages/airflow/example_dags/example_short_circuit_operator.py took 0.056 seconds
[2023-12-03 21:27:01,654] {processor.py:153} INFO - Started process (PID=5456) to work on /home/antosha/venvs/practice_3/lib/python3.10/site-packages/airflow/example_dags/example_short_circuit_operator.py
[2023-12-03 21:27:01,655] {processor.py:641} INFO - Processing file /home/antosha/venvs/practice_3/lib/python3.10/site-packages/airflow/example_dags/example_short_circuit_operator.py for tasks to queue
[2023-12-03 21:27:01,655] {logging_mixin.py:115} INFO - [2023-12-03 21:27:01,655] {dagbag.py:507} INFO - Filling up the DagBag from /home/antosha/venvs/practice_3/lib/python3.10/site-packages/airflow/example_dags/example_short_circuit_operator.py
[2023-12-03 21:27:01,667] {processor.py:651} INFO - DAG(s) dict_keys(['example_short_circuit_operator']) retrieved from /home/antosha/venvs/practice_3/lib/python3.10/site-packages/airflow/example_dags/example_short_circuit_operator.py
[2023-12-03 21:27:01,688] {logging_mixin.py:115} INFO - [2023-12-03 21:27:01,688] {dag.py:2371} INFO - Sync 1 DAGs
[2023-12-03 21:27:01,702] {logging_mixin.py:115} INFO - [2023-12-03 21:27:01,702] {dag.py:2915} INFO - Setting next_dagrun for example_short_circuit_operator to 2023-12-02T16:27:01.702117+00:00, run_after=2023-12-03T16:27:01.702117+00:00
[2023-12-03 21:27:01,710] {processor.py:161} INFO - Processing /home/antosha/venvs/practice_3/lib/python3.10/site-packages/airflow/example_dags/example_short_circuit_operator.py took 0.058 seconds
[2023-12-03 21:27:34,200] {processor.py:153} INFO - Started process (PID=5491) to work on /home/antosha/venvs/practice_3/lib/python3.10/site-packages/airflow/example_dags/example_short_circuit_operator.py
[2023-12-03 21:27:34,201] {processor.py:641} INFO - Processing file /home/antosha/venvs/practice_3/lib/python3.10/site-packages/airflow/example_dags/example_short_circuit_operator.py for tasks to queue
[2023-12-03 21:27:34,201] {logging_mixin.py:115} INFO - [2023-12-03 21:27:34,201] {dagbag.py:507} INFO - Filling up the DagBag from /home/antosha/venvs/practice_3/lib/python3.10/site-packages/airflow/example_dags/example_short_circuit_operator.py
[2023-12-03 21:27:34,208] {processor.py:651} INFO - DAG(s) dict_keys(['example_short_circuit_operator']) retrieved from /home/antosha/venvs/practice_3/lib/python3.10/site-packages/airflow/example_dags/example_short_circuit_operator.py
[2023-12-03 21:27:34,221] {logging_mixin.py:115} INFO - [2023-12-03 21:27:34,221] {dag.py:2371} INFO - Sync 1 DAGs
[2023-12-03 21:27:34,233] {logging_mixin.py:115} INFO - [2023-12-03 21:27:34,233] {dag.py:2915} INFO - Setting next_dagrun for example_short_circuit_operator to 2023-12-02T16:27:34.233465+00:00, run_after=2023-12-03T16:27:34.233465+00:00
[2023-12-03 21:27:34,241] {processor.py:161} INFO - Processing /home/antosha/venvs/practice_3/lib/python3.10/site-packages/airflow/example_dags/example_short_circuit_operator.py took 0.043 seconds
[2023-12-03 21:28:07,799] {processor.py:153} INFO - Started process (PID=5560) to work on /home/antosha/venvs/practice_3/lib/python3.10/site-packages/airflow/example_dags/example_short_circuit_operator.py
[2023-12-03 21:28:07,799] {processor.py:641} INFO - Processing file /home/antosha/venvs/practice_3/lib/python3.10/site-packages/airflow/example_dags/example_short_circuit_operator.py for tasks to queue
[2023-12-03 21:28:07,800] {logging_mixin.py:115} INFO - [2023-12-03 21:28:07,800] {dagbag.py:507} INFO - Filling up the DagBag from /home/antosha/venvs/practice_3/lib/python3.10/site-packages/airflow/example_dags/example_short_circuit_operator.py
[2023-12-03 21:28:07,807] {processor.py:651} INFO - DAG(s) dict_keys(['example_short_circuit_operator']) retrieved from /home/antosha/venvs/practice_3/lib/python3.10/site-packages/airflow/example_dags/example_short_circuit_operator.py
[2023-12-03 21:28:07,821] {logging_mixin.py:115} INFO - [2023-12-03 21:28:07,821] {dag.py:2371} INFO - Sync 1 DAGs
[2023-12-03 21:28:07,834] {logging_mixin.py:115} INFO - [2023-12-03 21:28:07,834] {dag.py:2915} INFO - Setting next_dagrun for example_short_circuit_operator to 2023-12-02T16:28:07.834527+00:00, run_after=2023-12-03T16:28:07.834527+00:00
[2023-12-03 21:28:07,842] {processor.py:161} INFO - Processing /home/antosha/venvs/practice_3/lib/python3.10/site-packages/airflow/example_dags/example_short_circuit_operator.py took 0.046 seconds
[2023-12-03 21:28:40,070] {processor.py:153} INFO - Started process (PID=5595) to work on /home/antosha/venvs/practice_3/lib/python3.10/site-packages/airflow/example_dags/example_short_circuit_operator.py
[2023-12-03 21:28:40,071] {processor.py:641} INFO - Processing file /home/antosha/venvs/practice_3/lib/python3.10/site-packages/airflow/example_dags/example_short_circuit_operator.py for tasks to queue
[2023-12-03 21:28:40,071] {logging_mixin.py:115} INFO - [2023-12-03 21:28:40,071] {dagbag.py:507} INFO - Filling up the DagBag from /home/antosha/venvs/practice_3/lib/python3.10/site-packages/airflow/example_dags/example_short_circuit_operator.py
[2023-12-03 21:28:40,078] {processor.py:651} INFO - DAG(s) dict_keys(['example_short_circuit_operator']) retrieved from /home/antosha/venvs/practice_3/lib/python3.10/site-packages/airflow/example_dags/example_short_circuit_operator.py
[2023-12-03 21:28:40,091] {logging_mixin.py:115} INFO - [2023-12-03 21:28:40,090] {dag.py:2371} INFO - Sync 1 DAGs
[2023-12-03 21:28:40,103] {logging_mixin.py:115} INFO - [2023-12-03 21:28:40,103] {dag.py:2915} INFO - Setting next_dagrun for example_short_circuit_operator to 2023-12-02T16:28:40.103246+00:00, run_after=2023-12-03T16:28:40.103246+00:00
[2023-12-03 21:28:40,111] {processor.py:161} INFO - Processing /home/antosha/venvs/practice_3/lib/python3.10/site-packages/airflow/example_dags/example_short_circuit_operator.py took 0.043 seconds
[2023-12-03 21:29:12,782] {processor.py:153} INFO - Started process (PID=5635) to work on /home/antosha/venvs/practice_3/lib/python3.10/site-packages/airflow/example_dags/example_short_circuit_operator.py
[2023-12-03 21:29:12,782] {processor.py:641} INFO - Processing file /home/antosha/venvs/practice_3/lib/python3.10/site-packages/airflow/example_dags/example_short_circuit_operator.py for tasks to queue
[2023-12-03 21:29:12,783] {logging_mixin.py:115} INFO - [2023-12-03 21:29:12,783] {dagbag.py:507} INFO - Filling up the DagBag from /home/antosha/venvs/practice_3/lib/python3.10/site-packages/airflow/example_dags/example_short_circuit_operator.py
[2023-12-03 21:29:12,790] {processor.py:651} INFO - DAG(s) dict_keys(['example_short_circuit_operator']) retrieved from /home/antosha/venvs/practice_3/lib/python3.10/site-packages/airflow/example_dags/example_short_circuit_operator.py
[2023-12-03 21:29:12,803] {logging_mixin.py:115} INFO - [2023-12-03 21:29:12,803] {dag.py:2371} INFO - Sync 1 DAGs
[2023-12-03 21:29:12,816] {logging_mixin.py:115} INFO - [2023-12-03 21:29:12,816] {dag.py:2915} INFO - Setting next_dagrun for example_short_circuit_operator to 2023-12-02T16:29:12.815947+00:00, run_after=2023-12-03T16:29:12.815947+00:00
[2023-12-03 21:29:12,823] {processor.py:161} INFO - Processing /home/antosha/venvs/practice_3/lib/python3.10/site-packages/airflow/example_dags/example_short_circuit_operator.py took 0.044 seconds
[2023-12-03 21:29:45,780] {processor.py:153} INFO - Started process (PID=5674) to work on /home/antosha/venvs/practice_3/lib/python3.10/site-packages/airflow/example_dags/example_short_circuit_operator.py
[2023-12-03 21:29:45,781] {processor.py:641} INFO - Processing file /home/antosha/venvs/practice_3/lib/python3.10/site-packages/airflow/example_dags/example_short_circuit_operator.py for tasks to queue
[2023-12-03 21:29:45,781] {logging_mixin.py:115} INFO - [2023-12-03 21:29:45,781] {dagbag.py:507} INFO - Filling up the DagBag from /home/antosha/venvs/practice_3/lib/python3.10/site-packages/airflow/example_dags/example_short_circuit_operator.py
[2023-12-03 21:29:45,788] {processor.py:651} INFO - DAG(s) dict_keys(['example_short_circuit_operator']) retrieved from /home/antosha/venvs/practice_3/lib/python3.10/site-packages/airflow/example_dags/example_short_circuit_operator.py
[2023-12-03 21:29:45,801] {logging_mixin.py:115} INFO - [2023-12-03 21:29:45,801] {dag.py:2371} INFO - Sync 1 DAGs
[2023-12-03 21:29:45,814] {logging_mixin.py:115} INFO - [2023-12-03 21:29:45,814] {dag.py:2915} INFO - Setting next_dagrun for example_short_circuit_operator to 2023-12-02T16:29:45.814107+00:00, run_after=2023-12-03T16:29:45.814107+00:00
[2023-12-03 21:29:45,822] {processor.py:161} INFO - Processing /home/antosha/venvs/practice_3/lib/python3.10/site-packages/airflow/example_dags/example_short_circuit_operator.py took 0.044 seconds
[2023-12-03 21:30:16,904] {processor.py:153} INFO - Started process (PID=5713) to work on /home/antosha/venvs/practice_3/lib/python3.10/site-packages/airflow/example_dags/example_short_circuit_operator.py
[2023-12-03 21:30:16,904] {processor.py:641} INFO - Processing file /home/antosha/venvs/practice_3/lib/python3.10/site-packages/airflow/example_dags/example_short_circuit_operator.py for tasks to queue
[2023-12-03 21:30:16,904] {logging_mixin.py:115} INFO - [2023-12-03 21:30:16,904] {dagbag.py:507} INFO - Filling up the DagBag from /home/antosha/venvs/practice_3/lib/python3.10/site-packages/airflow/example_dags/example_short_circuit_operator.py
[2023-12-03 21:30:16,911] {processor.py:651} INFO - DAG(s) dict_keys(['example_short_circuit_operator']) retrieved from /home/antosha/venvs/practice_3/lib/python3.10/site-packages/airflow/example_dags/example_short_circuit_operator.py
[2023-12-03 21:30:16,924] {logging_mixin.py:115} INFO - [2023-12-03 21:30:16,924] {dag.py:2371} INFO - Sync 1 DAGs
[2023-12-03 21:30:16,937] {logging_mixin.py:115} INFO - [2023-12-03 21:30:16,936] {dag.py:2915} INFO - Setting next_dagrun for example_short_circuit_operator to 2023-12-02T16:30:16.936730+00:00, run_after=2023-12-03T16:30:16.936730+00:00
[2023-12-03 21:30:16,944] {processor.py:161} INFO - Processing /home/antosha/venvs/practice_3/lib/python3.10/site-packages/airflow/example_dags/example_short_circuit_operator.py took 0.043 seconds
[2023-12-03 21:30:50,242] {processor.py:153} INFO - Started process (PID=5756) to work on /home/antosha/venvs/practice_3/lib/python3.10/site-packages/airflow/example_dags/example_short_circuit_operator.py
[2023-12-03 21:30:50,242] {processor.py:641} INFO - Processing file /home/antosha/venvs/practice_3/lib/python3.10/site-packages/airflow/example_dags/example_short_circuit_operator.py for tasks to queue
[2023-12-03 21:30:50,242] {logging_mixin.py:115} INFO - [2023-12-03 21:30:50,242] {dagbag.py:507} INFO - Filling up the DagBag from /home/antosha/venvs/practice_3/lib/python3.10/site-packages/airflow/example_dags/example_short_circuit_operator.py
[2023-12-03 21:30:50,249] {processor.py:651} INFO - DAG(s) dict_keys(['example_short_circuit_operator']) retrieved from /home/antosha/venvs/practice_3/lib/python3.10/site-packages/airflow/example_dags/example_short_circuit_operator.py
[2023-12-03 21:30:50,263] {logging_mixin.py:115} INFO - [2023-12-03 21:30:50,263] {dag.py:2371} INFO - Sync 1 DAGs
[2023-12-03 21:30:50,276] {logging_mixin.py:115} INFO - [2023-12-03 21:30:50,276] {dag.py:2915} INFO - Setting next_dagrun for example_short_circuit_operator to 2023-12-02T16:30:50.276626+00:00, run_after=2023-12-03T16:30:50.276626+00:00
[2023-12-03 21:30:50,284] {processor.py:161} INFO - Processing /home/antosha/venvs/practice_3/lib/python3.10/site-packages/airflow/example_dags/example_short_circuit_operator.py took 0.045 seconds
[2023-12-03 21:31:23,248] {processor.py:153} INFO - Started process (PID=5790) to work on /home/antosha/venvs/practice_3/lib/python3.10/site-packages/airflow/example_dags/example_short_circuit_operator.py
[2023-12-03 21:31:23,249] {processor.py:641} INFO - Processing file /home/antosha/venvs/practice_3/lib/python3.10/site-packages/airflow/example_dags/example_short_circuit_operator.py for tasks to queue
[2023-12-03 21:31:23,249] {logging_mixin.py:115} INFO - [2023-12-03 21:31:23,249] {dagbag.py:507} INFO - Filling up the DagBag from /home/antosha/venvs/practice_3/lib/python3.10/site-packages/airflow/example_dags/example_short_circuit_operator.py
[2023-12-03 21:31:23,256] {processor.py:651} INFO - DAG(s) dict_keys(['example_short_circuit_operator']) retrieved from /home/antosha/venvs/practice_3/lib/python3.10/site-packages/airflow/example_dags/example_short_circuit_operator.py
[2023-12-03 21:31:23,271] {logging_mixin.py:115} INFO - [2023-12-03 21:31:23,270] {dag.py:2371} INFO - Sync 1 DAGs
[2023-12-03 21:31:23,284] {logging_mixin.py:115} INFO - [2023-12-03 21:31:23,284] {dag.py:2915} INFO - Setting next_dagrun for example_short_circuit_operator to 2023-12-02T16:31:23.284500+00:00, run_after=2023-12-03T16:31:23.284500+00:00
[2023-12-03 21:31:23,293] {processor.py:161} INFO - Processing /home/antosha/venvs/practice_3/lib/python3.10/site-packages/airflow/example_dags/example_short_circuit_operator.py took 0.047 seconds
[2023-12-03 21:31:54,654] {processor.py:153} INFO - Started process (PID=5824) to work on /home/antosha/venvs/practice_3/lib/python3.10/site-packages/airflow/example_dags/example_short_circuit_operator.py
[2023-12-03 21:31:54,655] {processor.py:641} INFO - Processing file /home/antosha/venvs/practice_3/lib/python3.10/site-packages/airflow/example_dags/example_short_circuit_operator.py for tasks to queue
[2023-12-03 21:31:54,655] {logging_mixin.py:115} INFO - [2023-12-03 21:31:54,655] {dagbag.py:507} INFO - Filling up the DagBag from /home/antosha/venvs/practice_3/lib/python3.10/site-packages/airflow/example_dags/example_short_circuit_operator.py
[2023-12-03 21:31:54,662] {processor.py:651} INFO - DAG(s) dict_keys(['example_short_circuit_operator']) retrieved from /home/antosha/venvs/practice_3/lib/python3.10/site-packages/airflow/example_dags/example_short_circuit_operator.py
[2023-12-03 21:31:54,677] {logging_mixin.py:115} INFO - [2023-12-03 21:31:54,677] {dag.py:2371} INFO - Sync 1 DAGs
[2023-12-03 21:31:54,691] {logging_mixin.py:115} INFO - [2023-12-03 21:31:54,691] {dag.py:2915} INFO - Setting next_dagrun for example_short_circuit_operator to 2023-12-02T16:31:54.690497+00:00, run_after=2023-12-03T16:31:54.690497+00:00
[2023-12-03 21:31:54,699] {processor.py:161} INFO - Processing /home/antosha/venvs/practice_3/lib/python3.10/site-packages/airflow/example_dags/example_short_circuit_operator.py took 0.047 seconds
[2023-12-03 21:32:27,720] {processor.py:153} INFO - Started process (PID=5858) to work on /home/antosha/venvs/practice_3/lib/python3.10/site-packages/airflow/example_dags/example_short_circuit_operator.py
[2023-12-03 21:32:27,720] {processor.py:641} INFO - Processing file /home/antosha/venvs/practice_3/lib/python3.10/site-packages/airflow/example_dags/example_short_circuit_operator.py for tasks to queue
[2023-12-03 21:32:27,721] {logging_mixin.py:115} INFO - [2023-12-03 21:32:27,721] {dagbag.py:507} INFO - Filling up the DagBag from /home/antosha/venvs/practice_3/lib/python3.10/site-packages/airflow/example_dags/example_short_circuit_operator.py
[2023-12-03 21:32:27,727] {processor.py:651} INFO - DAG(s) dict_keys(['example_short_circuit_operator']) retrieved from /home/antosha/venvs/practice_3/lib/python3.10/site-packages/airflow/example_dags/example_short_circuit_operator.py
[2023-12-03 21:32:27,741] {logging_mixin.py:115} INFO - [2023-12-03 21:32:27,741] {dag.py:2371} INFO - Sync 1 DAGs
[2023-12-03 21:32:27,753] {logging_mixin.py:115} INFO - [2023-12-03 21:32:27,753] {dag.py:2915} INFO - Setting next_dagrun for example_short_circuit_operator to 2023-12-02T16:32:27.753436+00:00, run_after=2023-12-03T16:32:27.753436+00:00
[2023-12-03 21:32:27,761] {processor.py:161} INFO - Processing /home/antosha/venvs/practice_3/lib/python3.10/site-packages/airflow/example_dags/example_short_circuit_operator.py took 0.043 seconds
[2023-12-03 21:33:01,389] {processor.py:153} INFO - Started process (PID=5896) to work on /home/antosha/venvs/practice_3/lib/python3.10/site-packages/airflow/example_dags/example_short_circuit_operator.py
[2023-12-03 21:33:01,390] {processor.py:641} INFO - Processing file /home/antosha/venvs/practice_3/lib/python3.10/site-packages/airflow/example_dags/example_short_circuit_operator.py for tasks to queue
[2023-12-03 21:33:01,390] {logging_mixin.py:115} INFO - [2023-12-03 21:33:01,390] {dagbag.py:507} INFO - Filling up the DagBag from /home/antosha/venvs/practice_3/lib/python3.10/site-packages/airflow/example_dags/example_short_circuit_operator.py
[2023-12-03 21:33:01,398] {processor.py:651} INFO - DAG(s) dict_keys(['example_short_circuit_operator']) retrieved from /home/antosha/venvs/practice_3/lib/python3.10/site-packages/airflow/example_dags/example_short_circuit_operator.py
[2023-12-03 21:33:01,412] {logging_mixin.py:115} INFO - [2023-12-03 21:33:01,412] {dag.py:2371} INFO - Sync 1 DAGs
[2023-12-03 21:33:01,426] {logging_mixin.py:115} INFO - [2023-12-03 21:33:01,426] {dag.py:2915} INFO - Setting next_dagrun for example_short_circuit_operator to 2023-12-02T16:33:01.425796+00:00, run_after=2023-12-03T16:33:01.425796+00:00
[2023-12-03 21:33:01,433] {processor.py:161} INFO - Processing /home/antosha/venvs/practice_3/lib/python3.10/site-packages/airflow/example_dags/example_short_circuit_operator.py took 0.047 seconds
[2023-12-03 21:33:33,311] {processor.py:153} INFO - Started process (PID=5930) to work on /home/antosha/venvs/practice_3/lib/python3.10/site-packages/airflow/example_dags/example_short_circuit_operator.py
[2023-12-03 21:33:33,312] {processor.py:641} INFO - Processing file /home/antosha/venvs/practice_3/lib/python3.10/site-packages/airflow/example_dags/example_short_circuit_operator.py for tasks to queue
[2023-12-03 21:33:33,312] {logging_mixin.py:115} INFO - [2023-12-03 21:33:33,312] {dagbag.py:507} INFO - Filling up the DagBag from /home/antosha/venvs/practice_3/lib/python3.10/site-packages/airflow/example_dags/example_short_circuit_operator.py
[2023-12-03 21:33:33,319] {processor.py:651} INFO - DAG(s) dict_keys(['example_short_circuit_operator']) retrieved from /home/antosha/venvs/practice_3/lib/python3.10/site-packages/airflow/example_dags/example_short_circuit_operator.py
[2023-12-03 21:33:33,332] {logging_mixin.py:115} INFO - [2023-12-03 21:33:33,332] {dag.py:2371} INFO - Sync 1 DAGs
[2023-12-03 21:33:33,345] {logging_mixin.py:115} INFO - [2023-12-03 21:33:33,345] {dag.py:2915} INFO - Setting next_dagrun for example_short_circuit_operator to 2023-12-02T16:33:33.345659+00:00, run_after=2023-12-03T16:33:33.345659+00:00
[2023-12-03 21:33:33,353] {processor.py:161} INFO - Processing /home/antosha/venvs/practice_3/lib/python3.10/site-packages/airflow/example_dags/example_short_circuit_operator.py took 0.044 seconds
[2023-12-03 21:34:06,266] {processor.py:153} INFO - Started process (PID=5967) to work on /home/antosha/venvs/practice_3/lib/python3.10/site-packages/airflow/example_dags/example_short_circuit_operator.py
[2023-12-03 21:34:06,266] {processor.py:641} INFO - Processing file /home/antosha/venvs/practice_3/lib/python3.10/site-packages/airflow/example_dags/example_short_circuit_operator.py for tasks to queue
[2023-12-03 21:34:06,266] {logging_mixin.py:115} INFO - [2023-12-03 21:34:06,266] {dagbag.py:507} INFO - Filling up the DagBag from /home/antosha/venvs/practice_3/lib/python3.10/site-packages/airflow/example_dags/example_short_circuit_operator.py
[2023-12-03 21:34:06,273] {processor.py:651} INFO - DAG(s) dict_keys(['example_short_circuit_operator']) retrieved from /home/antosha/venvs/practice_3/lib/python3.10/site-packages/airflow/example_dags/example_short_circuit_operator.py
[2023-12-03 21:34:06,288] {logging_mixin.py:115} INFO - [2023-12-03 21:34:06,288] {dag.py:2371} INFO - Sync 1 DAGs
[2023-12-03 21:34:06,299] {logging_mixin.py:115} INFO - [2023-12-03 21:34:06,299] {dag.py:2915} INFO - Setting next_dagrun for example_short_circuit_operator to 2023-12-02T16:34:06.299655+00:00, run_after=2023-12-03T16:34:06.299655+00:00
[2023-12-03 21:34:06,308] {processor.py:161} INFO - Processing /home/antosha/venvs/practice_3/lib/python3.10/site-packages/airflow/example_dags/example_short_circuit_operator.py took 0.045 seconds
[2023-12-03 21:34:38,725] {processor.py:153} INFO - Started process (PID=6002) to work on /home/antosha/venvs/practice_3/lib/python3.10/site-packages/airflow/example_dags/example_short_circuit_operator.py
[2023-12-03 21:34:38,726] {processor.py:641} INFO - Processing file /home/antosha/venvs/practice_3/lib/python3.10/site-packages/airflow/example_dags/example_short_circuit_operator.py for tasks to queue
[2023-12-03 21:34:38,726] {logging_mixin.py:115} INFO - [2023-12-03 21:34:38,726] {dagbag.py:507} INFO - Filling up the DagBag from /home/antosha/venvs/practice_3/lib/python3.10/site-packages/airflow/example_dags/example_short_circuit_operator.py
[2023-12-03 21:34:38,733] {processor.py:651} INFO - DAG(s) dict_keys(['example_short_circuit_operator']) retrieved from /home/antosha/venvs/practice_3/lib/python3.10/site-packages/airflow/example_dags/example_short_circuit_operator.py
[2023-12-03 21:34:38,748] {logging_mixin.py:115} INFO - [2023-12-03 21:34:38,748] {dag.py:2371} INFO - Sync 1 DAGs
[2023-12-03 21:34:38,759] {logging_mixin.py:115} INFO - [2023-12-03 21:34:38,759] {dag.py:2915} INFO - Setting next_dagrun for example_short_circuit_operator to 2023-12-02T16:34:38.759095+00:00, run_after=2023-12-03T16:34:38.759095+00:00
[2023-12-03 21:34:38,766] {processor.py:161} INFO - Processing /home/antosha/venvs/practice_3/lib/python3.10/site-packages/airflow/example_dags/example_short_circuit_operator.py took 0.044 seconds
[2023-12-03 21:35:10,498] {processor.py:153} INFO - Started process (PID=6041) to work on /home/antosha/venvs/practice_3/lib/python3.10/site-packages/airflow/example_dags/example_short_circuit_operator.py
[2023-12-03 21:35:10,499] {processor.py:641} INFO - Processing file /home/antosha/venvs/practice_3/lib/python3.10/site-packages/airflow/example_dags/example_short_circuit_operator.py for tasks to queue
[2023-12-03 21:35:10,499] {logging_mixin.py:115} INFO - [2023-12-03 21:35:10,499] {dagbag.py:507} INFO - Filling up the DagBag from /home/antosha/venvs/practice_3/lib/python3.10/site-packages/airflow/example_dags/example_short_circuit_operator.py
[2023-12-03 21:35:10,508] {processor.py:651} INFO - DAG(s) dict_keys(['example_short_circuit_operator']) retrieved from /home/antosha/venvs/practice_3/lib/python3.10/site-packages/airflow/example_dags/example_short_circuit_operator.py
[2023-12-03 21:35:10,525] {logging_mixin.py:115} INFO - [2023-12-03 21:35:10,524] {dag.py:2371} INFO - Sync 1 DAGs
[2023-12-03 21:35:10,536] {logging_mixin.py:115} INFO - [2023-12-03 21:35:10,536] {dag.py:2915} INFO - Setting next_dagrun for example_short_circuit_operator to 2023-12-02T16:35:10.536349+00:00, run_after=2023-12-03T16:35:10.536349+00:00
[2023-12-03 21:35:10,544] {processor.py:161} INFO - Processing /home/antosha/venvs/practice_3/lib/python3.10/site-packages/airflow/example_dags/example_short_circuit_operator.py took 0.050 seconds
[2023-12-03 21:35:44,335] {processor.py:153} INFO - Started process (PID=6082) to work on /home/antosha/venvs/practice_3/lib/python3.10/site-packages/airflow/example_dags/example_short_circuit_operator.py
[2023-12-03 21:35:44,336] {processor.py:641} INFO - Processing file /home/antosha/venvs/practice_3/lib/python3.10/site-packages/airflow/example_dags/example_short_circuit_operator.py for tasks to queue
[2023-12-03 21:35:44,336] {logging_mixin.py:115} INFO - [2023-12-03 21:35:44,336] {dagbag.py:507} INFO - Filling up the DagBag from /home/antosha/venvs/practice_3/lib/python3.10/site-packages/airflow/example_dags/example_short_circuit_operator.py
[2023-12-03 21:35:44,343] {processor.py:651} INFO - DAG(s) dict_keys(['example_short_circuit_operator']) retrieved from /home/antosha/venvs/practice_3/lib/python3.10/site-packages/airflow/example_dags/example_short_circuit_operator.py
[2023-12-03 21:35:44,358] {logging_mixin.py:115} INFO - [2023-12-03 21:35:44,358] {dag.py:2371} INFO - Sync 1 DAGs
[2023-12-03 21:35:44,371] {logging_mixin.py:115} INFO - [2023-12-03 21:35:44,370] {dag.py:2915} INFO - Setting next_dagrun for example_short_circuit_operator to 2023-12-02T16:35:44.370720+00:00, run_after=2023-12-03T16:35:44.370720+00:00
[2023-12-03 21:35:44,379] {processor.py:161} INFO - Processing /home/antosha/venvs/practice_3/lib/python3.10/site-packages/airflow/example_dags/example_short_circuit_operator.py took 0.046 seconds
