[2023-12-03 21:24:23,048] {processor.py:153} INFO - Started process (PID=5258) to work on /home/antosha/venvs/practice_3/lib/python3.10/site-packages/airflow/example_dags/example_branch_datetime_operator.py
[2023-12-03 21:24:23,049] {processor.py:641} INFO - Processing file /home/antosha/venvs/practice_3/lib/python3.10/site-packages/airflow/example_dags/example_branch_datetime_operator.py for tasks to queue
[2023-12-03 21:24:23,049] {logging_mixin.py:115} INFO - [2023-12-03 21:24:23,049] {dagbag.py:507} INFO - Filling up the DagBag from /home/antosha/venvs/practice_3/lib/python3.10/site-packages/airflow/example_dags/example_branch_datetime_operator.py
[2023-12-03 21:24:23,055] {processor.py:651} INFO - DAG(s) dict_keys(['example_branch_datetime_operator_2']) retrieved from /home/antosha/venvs/practice_3/lib/python3.10/site-packages/airflow/example_dags/example_branch_datetime_operator.py
[2023-12-03 21:24:23,098] {logging_mixin.py:115} INFO - [2023-12-03 21:24:23,098] {manager.py:508} INFO - Created Permission View: can delete on DAG:example_branch_datetime_operator_2
[2023-12-03 21:24:23,103] {logging_mixin.py:115} INFO - [2023-12-03 21:24:23,103] {manager.py:508} INFO - Created Permission View: can edit on DAG:example_branch_datetime_operator_2
[2023-12-03 21:24:23,108] {logging_mixin.py:115} INFO - [2023-12-03 21:24:23,108] {manager.py:508} INFO - Created Permission View: can read on DAG:example_branch_datetime_operator_2
[2023-12-03 21:24:23,108] {logging_mixin.py:115} INFO - [2023-12-03 21:24:23,108] {dag.py:2371} INFO - Sync 1 DAGs
[2023-12-03 21:24:23,113] {logging_mixin.py:115} INFO - [2023-12-03 21:24:23,113] {dag.py:2390} INFO - Creating ORM DAG for example_branch_datetime_operator_2
[2023-12-03 21:24:23,119] {logging_mixin.py:115} INFO - [2023-12-03 21:24:23,119] {dag.py:2915} INFO - Setting next_dagrun for example_branch_datetime_operator_2 to 2023-12-02T00:00:00+00:00, run_after=2023-12-03T00:00:00+00:00
[2023-12-03 21:24:23,127] {processor.py:161} INFO - Processing /home/antosha/venvs/practice_3/lib/python3.10/site-packages/airflow/example_dags/example_branch_datetime_operator.py took 0.081 seconds
[2023-12-03 21:24:54,980] {processor.py:153} INFO - Started process (PID=5296) to work on /home/antosha/venvs/practice_3/lib/python3.10/site-packages/airflow/example_dags/example_branch_datetime_operator.py
[2023-12-03 21:24:54,981] {processor.py:641} INFO - Processing file /home/antosha/venvs/practice_3/lib/python3.10/site-packages/airflow/example_dags/example_branch_datetime_operator.py for tasks to queue
[2023-12-03 21:24:54,981] {logging_mixin.py:115} INFO - [2023-12-03 21:24:54,981] {dagbag.py:507} INFO - Filling up the DagBag from /home/antosha/venvs/practice_3/lib/python3.10/site-packages/airflow/example_dags/example_branch_datetime_operator.py
[2023-12-03 21:24:54,991] {processor.py:651} INFO - DAG(s) dict_keys(['example_branch_datetime_operator_2']) retrieved from /home/antosha/venvs/practice_3/lib/python3.10/site-packages/airflow/example_dags/example_branch_datetime_operator.py
[2023-12-03 21:24:55,003] {logging_mixin.py:115} INFO - [2023-12-03 21:24:55,003] {dag.py:2371} INFO - Sync 1 DAGs
[2023-12-03 21:24:55,018] {logging_mixin.py:115} INFO - [2023-12-03 21:24:55,018] {dag.py:2915} INFO - Setting next_dagrun for example_branch_datetime_operator_2 to 2023-12-02T00:00:00+00:00, run_after=2023-12-03T00:00:00+00:00
[2023-12-03 21:24:55,025] {processor.py:161} INFO - Processing /home/antosha/venvs/practice_3/lib/python3.10/site-packages/airflow/example_dags/example_branch_datetime_operator.py took 0.047 seconds
[2023-12-03 21:25:29,155] {processor.py:153} INFO - Started process (PID=5342) to work on /home/antosha/venvs/practice_3/lib/python3.10/site-packages/airflow/example_dags/example_branch_datetime_operator.py
[2023-12-03 21:25:29,156] {processor.py:641} INFO - Processing file /home/antosha/venvs/practice_3/lib/python3.10/site-packages/airflow/example_dags/example_branch_datetime_operator.py for tasks to queue
[2023-12-03 21:25:29,156] {logging_mixin.py:115} INFO - [2023-12-03 21:25:29,156] {dagbag.py:507} INFO - Filling up the DagBag from /home/antosha/venvs/practice_3/lib/python3.10/site-packages/airflow/example_dags/example_branch_datetime_operator.py
[2023-12-03 21:25:29,162] {processor.py:651} INFO - DAG(s) dict_keys(['example_branch_datetime_operator_2']) retrieved from /home/antosha/venvs/practice_3/lib/python3.10/site-packages/airflow/example_dags/example_branch_datetime_operator.py
[2023-12-03 21:25:29,174] {logging_mixin.py:115} INFO - [2023-12-03 21:25:29,174] {dag.py:2371} INFO - Sync 1 DAGs
[2023-12-03 21:25:29,188] {logging_mixin.py:115} INFO - [2023-12-03 21:25:29,188] {dag.py:2915} INFO - Setting next_dagrun for example_branch_datetime_operator_2 to 2023-12-02T00:00:00+00:00, run_after=2023-12-03T00:00:00+00:00
[2023-12-03 21:25:29,196] {processor.py:161} INFO - Processing /home/antosha/venvs/practice_3/lib/python3.10/site-packages/airflow/example_dags/example_branch_datetime_operator.py took 0.043 seconds
[2023-12-03 21:25:59,952] {processor.py:153} INFO - Started process (PID=5376) to work on /home/antosha/venvs/practice_3/lib/python3.10/site-packages/airflow/example_dags/example_branch_datetime_operator.py
[2023-12-03 21:25:59,953] {processor.py:641} INFO - Processing file /home/antosha/venvs/practice_3/lib/python3.10/site-packages/airflow/example_dags/example_branch_datetime_operator.py for tasks to queue
[2023-12-03 21:25:59,953] {logging_mixin.py:115} INFO - [2023-12-03 21:25:59,953] {dagbag.py:507} INFO - Filling up the DagBag from /home/antosha/venvs/practice_3/lib/python3.10/site-packages/airflow/example_dags/example_branch_datetime_operator.py
[2023-12-03 21:25:59,959] {processor.py:651} INFO - DAG(s) dict_keys(['example_branch_datetime_operator_2']) retrieved from /home/antosha/venvs/practice_3/lib/python3.10/site-packages/airflow/example_dags/example_branch_datetime_operator.py
[2023-12-03 21:25:59,972] {logging_mixin.py:115} INFO - [2023-12-03 21:25:59,972] {dag.py:2371} INFO - Sync 1 DAGs
[2023-12-03 21:25:59,989] {logging_mixin.py:115} INFO - [2023-12-03 21:25:59,989] {dag.py:2915} INFO - Setting next_dagrun for example_branch_datetime_operator_2 to 2023-12-02T00:00:00+00:00, run_after=2023-12-03T00:00:00+00:00
[2023-12-03 21:25:59,997] {processor.py:161} INFO - Processing /home/antosha/venvs/practice_3/lib/python3.10/site-packages/airflow/example_dags/example_branch_datetime_operator.py took 0.048 seconds
[2023-12-03 21:26:33,623] {processor.py:153} INFO - Started process (PID=5426) to work on /home/antosha/venvs/practice_3/lib/python3.10/site-packages/airflow/example_dags/example_branch_datetime_operator.py
[2023-12-03 21:26:33,624] {processor.py:641} INFO - Processing file /home/antosha/venvs/practice_3/lib/python3.10/site-packages/airflow/example_dags/example_branch_datetime_operator.py for tasks to queue
[2023-12-03 21:26:33,624] {logging_mixin.py:115} INFO - [2023-12-03 21:26:33,624] {dagbag.py:507} INFO - Filling up the DagBag from /home/antosha/venvs/practice_3/lib/python3.10/site-packages/airflow/example_dags/example_branch_datetime_operator.py
[2023-12-03 21:26:33,630] {processor.py:651} INFO - DAG(s) dict_keys(['example_branch_datetime_operator_2']) retrieved from /home/antosha/venvs/practice_3/lib/python3.10/site-packages/airflow/example_dags/example_branch_datetime_operator.py
[2023-12-03 21:26:33,642] {logging_mixin.py:115} INFO - [2023-12-03 21:26:33,642] {dag.py:2371} INFO - Sync 1 DAGs
[2023-12-03 21:26:33,659] {logging_mixin.py:115} INFO - [2023-12-03 21:26:33,659] {dag.py:2915} INFO - Setting next_dagrun for example_branch_datetime_operator_2 to 2023-12-02T00:00:00+00:00, run_after=2023-12-03T00:00:00+00:00
[2023-12-03 21:26:33,674] {processor.py:161} INFO - Processing /home/antosha/venvs/practice_3/lib/python3.10/site-packages/airflow/example_dags/example_branch_datetime_operator.py took 0.054 seconds
[2023-12-03 21:27:04,720] {processor.py:153} INFO - Started process (PID=5460) to work on /home/antosha/venvs/practice_3/lib/python3.10/site-packages/airflow/example_dags/example_branch_datetime_operator.py
[2023-12-03 21:27:04,720] {processor.py:641} INFO - Processing file /home/antosha/venvs/practice_3/lib/python3.10/site-packages/airflow/example_dags/example_branch_datetime_operator.py for tasks to queue
[2023-12-03 21:27:04,721] {logging_mixin.py:115} INFO - [2023-12-03 21:27:04,720] {dagbag.py:507} INFO - Filling up the DagBag from /home/antosha/venvs/practice_3/lib/python3.10/site-packages/airflow/example_dags/example_branch_datetime_operator.py
[2023-12-03 21:27:04,727] {processor.py:651} INFO - DAG(s) dict_keys(['example_branch_datetime_operator_2']) retrieved from /home/antosha/venvs/practice_3/lib/python3.10/site-packages/airflow/example_dags/example_branch_datetime_operator.py
[2023-12-03 21:27:04,740] {logging_mixin.py:115} INFO - [2023-12-03 21:27:04,740] {dag.py:2371} INFO - Sync 1 DAGs
[2023-12-03 21:27:04,754] {logging_mixin.py:115} INFO - [2023-12-03 21:27:04,753] {dag.py:2915} INFO - Setting next_dagrun for example_branch_datetime_operator_2 to 2023-12-02T00:00:00+00:00, run_after=2023-12-03T00:00:00+00:00
[2023-12-03 21:27:04,761] {processor.py:161} INFO - Processing /home/antosha/venvs/practice_3/lib/python3.10/site-packages/airflow/example_dags/example_branch_datetime_operator.py took 0.043 seconds
[2023-12-03 21:27:38,209] {processor.py:153} INFO - Started process (PID=5512) to work on /home/antosha/venvs/practice_3/lib/python3.10/site-packages/airflow/example_dags/example_branch_datetime_operator.py
[2023-12-03 21:27:38,210] {processor.py:641} INFO - Processing file /home/antosha/venvs/practice_3/lib/python3.10/site-packages/airflow/example_dags/example_branch_datetime_operator.py for tasks to queue
[2023-12-03 21:27:38,210] {logging_mixin.py:115} INFO - [2023-12-03 21:27:38,210] {dagbag.py:507} INFO - Filling up the DagBag from /home/antosha/venvs/practice_3/lib/python3.10/site-packages/airflow/example_dags/example_branch_datetime_operator.py
[2023-12-03 21:27:38,226] {processor.py:651} INFO - DAG(s) dict_keys(['example_branch_datetime_operator_2']) retrieved from /home/antosha/venvs/practice_3/lib/python3.10/site-packages/airflow/example_dags/example_branch_datetime_operator.py
[2023-12-03 21:27:38,244] {logging_mixin.py:115} INFO - [2023-12-03 21:27:38,244] {dag.py:2371} INFO - Sync 1 DAGs
[2023-12-03 21:27:38,262] {logging_mixin.py:115} INFO - [2023-12-03 21:27:38,261] {dag.py:2915} INFO - Setting next_dagrun for example_branch_datetime_operator_2 to 2023-12-02T00:00:00+00:00, run_after=2023-12-03T00:00:00+00:00
[2023-12-03 21:27:38,270] {processor.py:161} INFO - Processing /home/antosha/venvs/practice_3/lib/python3.10/site-packages/airflow/example_dags/example_branch_datetime_operator.py took 0.065 seconds
[2023-12-03 21:28:12,070] {processor.py:153} INFO - Started process (PID=5564) to work on /home/antosha/venvs/practice_3/lib/python3.10/site-packages/airflow/example_dags/example_branch_datetime_operator.py
[2023-12-03 21:28:12,070] {processor.py:641} INFO - Processing file /home/antosha/venvs/practice_3/lib/python3.10/site-packages/airflow/example_dags/example_branch_datetime_operator.py for tasks to queue
[2023-12-03 21:28:12,071] {logging_mixin.py:115} INFO - [2023-12-03 21:28:12,071] {dagbag.py:507} INFO - Filling up the DagBag from /home/antosha/venvs/practice_3/lib/python3.10/site-packages/airflow/example_dags/example_branch_datetime_operator.py
[2023-12-03 21:28:12,078] {processor.py:651} INFO - DAG(s) dict_keys(['example_branch_datetime_operator_2']) retrieved from /home/antosha/venvs/practice_3/lib/python3.10/site-packages/airflow/example_dags/example_branch_datetime_operator.py
[2023-12-03 21:28:12,093] {logging_mixin.py:115} INFO - [2023-12-03 21:28:12,093] {dag.py:2371} INFO - Sync 1 DAGs
[2023-12-03 21:28:12,111] {logging_mixin.py:115} INFO - [2023-12-03 21:28:12,111] {dag.py:2915} INFO - Setting next_dagrun for example_branch_datetime_operator_2 to 2023-12-02T00:00:00+00:00, run_after=2023-12-03T00:00:00+00:00
[2023-12-03 21:28:12,128] {processor.py:161} INFO - Processing /home/antosha/venvs/practice_3/lib/python3.10/site-packages/airflow/example_dags/example_branch_datetime_operator.py took 0.061 seconds
[2023-12-03 21:28:44,581] {processor.py:153} INFO - Started process (PID=5599) to work on /home/antosha/venvs/practice_3/lib/python3.10/site-packages/airflow/example_dags/example_branch_datetime_operator.py
[2023-12-03 21:28:44,581] {processor.py:641} INFO - Processing file /home/antosha/venvs/practice_3/lib/python3.10/site-packages/airflow/example_dags/example_branch_datetime_operator.py for tasks to queue
[2023-12-03 21:28:44,582] {logging_mixin.py:115} INFO - [2023-12-03 21:28:44,582] {dagbag.py:507} INFO - Filling up the DagBag from /home/antosha/venvs/practice_3/lib/python3.10/site-packages/airflow/example_dags/example_branch_datetime_operator.py
[2023-12-03 21:28:44,588] {processor.py:651} INFO - DAG(s) dict_keys(['example_branch_datetime_operator_2']) retrieved from /home/antosha/venvs/practice_3/lib/python3.10/site-packages/airflow/example_dags/example_branch_datetime_operator.py
[2023-12-03 21:28:44,600] {logging_mixin.py:115} INFO - [2023-12-03 21:28:44,600] {dag.py:2371} INFO - Sync 1 DAGs
[2023-12-03 21:28:44,614] {logging_mixin.py:115} INFO - [2023-12-03 21:28:44,614] {dag.py:2915} INFO - Setting next_dagrun for example_branch_datetime_operator_2 to 2023-12-02T00:00:00+00:00, run_after=2023-12-03T00:00:00+00:00
[2023-12-03 21:28:44,621] {processor.py:161} INFO - Processing /home/antosha/venvs/practice_3/lib/python3.10/site-packages/airflow/example_dags/example_branch_datetime_operator.py took 0.043 seconds
[2023-12-03 21:29:16,228] {processor.py:153} INFO - Started process (PID=5639) to work on /home/antosha/venvs/practice_3/lib/python3.10/site-packages/airflow/example_dags/example_branch_datetime_operator.py
[2023-12-03 21:29:16,229] {processor.py:641} INFO - Processing file /home/antosha/venvs/practice_3/lib/python3.10/site-packages/airflow/example_dags/example_branch_datetime_operator.py for tasks to queue
[2023-12-03 21:29:16,229] {logging_mixin.py:115} INFO - [2023-12-03 21:29:16,229] {dagbag.py:507} INFO - Filling up the DagBag from /home/antosha/venvs/practice_3/lib/python3.10/site-packages/airflow/example_dags/example_branch_datetime_operator.py
[2023-12-03 21:29:16,236] {processor.py:651} INFO - DAG(s) dict_keys(['example_branch_datetime_operator_2']) retrieved from /home/antosha/venvs/practice_3/lib/python3.10/site-packages/airflow/example_dags/example_branch_datetime_operator.py
[2023-12-03 21:29:16,248] {logging_mixin.py:115} INFO - [2023-12-03 21:29:16,248] {dag.py:2371} INFO - Sync 1 DAGs
[2023-12-03 21:29:16,262] {logging_mixin.py:115} INFO - [2023-12-03 21:29:16,262] {dag.py:2915} INFO - Setting next_dagrun for example_branch_datetime_operator_2 to 2023-12-02T00:00:00+00:00, run_after=2023-12-03T00:00:00+00:00
[2023-12-03 21:29:16,270] {processor.py:161} INFO - Processing /home/antosha/venvs/practice_3/lib/python3.10/site-packages/airflow/example_dags/example_branch_datetime_operator.py took 0.044 seconds
[2023-12-03 21:29:48,860] {processor.py:153} INFO - Started process (PID=5678) to work on /home/antosha/venvs/practice_3/lib/python3.10/site-packages/airflow/example_dags/example_branch_datetime_operator.py
[2023-12-03 21:29:48,860] {processor.py:641} INFO - Processing file /home/antosha/venvs/practice_3/lib/python3.10/site-packages/airflow/example_dags/example_branch_datetime_operator.py for tasks to queue
[2023-12-03 21:29:48,861] {logging_mixin.py:115} INFO - [2023-12-03 21:29:48,861] {dagbag.py:507} INFO - Filling up the DagBag from /home/antosha/venvs/practice_3/lib/python3.10/site-packages/airflow/example_dags/example_branch_datetime_operator.py
[2023-12-03 21:29:48,867] {processor.py:651} INFO - DAG(s) dict_keys(['example_branch_datetime_operator_2']) retrieved from /home/antosha/venvs/practice_3/lib/python3.10/site-packages/airflow/example_dags/example_branch_datetime_operator.py
[2023-12-03 21:29:48,879] {logging_mixin.py:115} INFO - [2023-12-03 21:29:48,879] {dag.py:2371} INFO - Sync 1 DAGs
[2023-12-03 21:29:48,893] {logging_mixin.py:115} INFO - [2023-12-03 21:29:48,893] {dag.py:2915} INFO - Setting next_dagrun for example_branch_datetime_operator_2 to 2023-12-02T00:00:00+00:00, run_after=2023-12-03T00:00:00+00:00
[2023-12-03 21:29:48,900] {processor.py:161} INFO - Processing /home/antosha/venvs/practice_3/lib/python3.10/site-packages/airflow/example_dags/example_branch_datetime_operator.py took 0.043 seconds
[2023-12-03 21:30:20,558] {processor.py:153} INFO - Started process (PID=5717) to work on /home/antosha/venvs/practice_3/lib/python3.10/site-packages/airflow/example_dags/example_branch_datetime_operator.py
[2023-12-03 21:30:20,559] {processor.py:641} INFO - Processing file /home/antosha/venvs/practice_3/lib/python3.10/site-packages/airflow/example_dags/example_branch_datetime_operator.py for tasks to queue
[2023-12-03 21:30:20,559] {logging_mixin.py:115} INFO - [2023-12-03 21:30:20,559] {dagbag.py:507} INFO - Filling up the DagBag from /home/antosha/venvs/practice_3/lib/python3.10/site-packages/airflow/example_dags/example_branch_datetime_operator.py
[2023-12-03 21:30:20,566] {processor.py:651} INFO - DAG(s) dict_keys(['example_branch_datetime_operator_2']) retrieved from /home/antosha/venvs/practice_3/lib/python3.10/site-packages/airflow/example_dags/example_branch_datetime_operator.py
[2023-12-03 21:30:20,578] {logging_mixin.py:115} INFO - [2023-12-03 21:30:20,578] {dag.py:2371} INFO - Sync 1 DAGs
[2023-12-03 21:30:20,591] {logging_mixin.py:115} INFO - [2023-12-03 21:30:20,591] {dag.py:2915} INFO - Setting next_dagrun for example_branch_datetime_operator_2 to 2023-12-02T00:00:00+00:00, run_after=2023-12-03T00:00:00+00:00
[2023-12-03 21:30:20,599] {processor.py:161} INFO - Processing /home/antosha/venvs/practice_3/lib/python3.10/site-packages/airflow/example_dags/example_branch_datetime_operator.py took 0.042 seconds
[2023-12-03 21:30:54,246] {processor.py:153} INFO - Started process (PID=5760) to work on /home/antosha/venvs/practice_3/lib/python3.10/site-packages/airflow/example_dags/example_branch_datetime_operator.py
[2023-12-03 21:30:54,246] {processor.py:641} INFO - Processing file /home/antosha/venvs/practice_3/lib/python3.10/site-packages/airflow/example_dags/example_branch_datetime_operator.py for tasks to queue
[2023-12-03 21:30:54,247] {logging_mixin.py:115} INFO - [2023-12-03 21:30:54,247] {dagbag.py:507} INFO - Filling up the DagBag from /home/antosha/venvs/practice_3/lib/python3.10/site-packages/airflow/example_dags/example_branch_datetime_operator.py
[2023-12-03 21:30:54,258] {processor.py:651} INFO - DAG(s) dict_keys(['example_branch_datetime_operator_2']) retrieved from /home/antosha/venvs/practice_3/lib/python3.10/site-packages/airflow/example_dags/example_branch_datetime_operator.py
[2023-12-03 21:30:54,277] {logging_mixin.py:115} INFO - [2023-12-03 21:30:54,277] {dag.py:2371} INFO - Sync 1 DAGs
[2023-12-03 21:30:54,299] {logging_mixin.py:115} INFO - [2023-12-03 21:30:54,299] {dag.py:2915} INFO - Setting next_dagrun for example_branch_datetime_operator_2 to 2023-12-02T00:00:00+00:00, run_after=2023-12-03T00:00:00+00:00
[2023-12-03 21:30:54,309] {processor.py:161} INFO - Processing /home/antosha/venvs/practice_3/lib/python3.10/site-packages/airflow/example_dags/example_branch_datetime_operator.py took 0.067 seconds
[2023-12-03 21:31:27,255] {processor.py:153} INFO - Started process (PID=5794) to work on /home/antosha/venvs/practice_3/lib/python3.10/site-packages/airflow/example_dags/example_branch_datetime_operator.py
[2023-12-03 21:31:27,256] {processor.py:641} INFO - Processing file /home/antosha/venvs/practice_3/lib/python3.10/site-packages/airflow/example_dags/example_branch_datetime_operator.py for tasks to queue
[2023-12-03 21:31:27,256] {logging_mixin.py:115} INFO - [2023-12-03 21:31:27,256] {dagbag.py:507} INFO - Filling up the DagBag from /home/antosha/venvs/practice_3/lib/python3.10/site-packages/airflow/example_dags/example_branch_datetime_operator.py
[2023-12-03 21:31:27,263] {processor.py:651} INFO - DAG(s) dict_keys(['example_branch_datetime_operator_2']) retrieved from /home/antosha/venvs/practice_3/lib/python3.10/site-packages/airflow/example_dags/example_branch_datetime_operator.py
[2023-12-03 21:31:27,275] {logging_mixin.py:115} INFO - [2023-12-03 21:31:27,275] {dag.py:2371} INFO - Sync 1 DAGs
[2023-12-03 21:31:27,289] {logging_mixin.py:115} INFO - [2023-12-03 21:31:27,289] {dag.py:2915} INFO - Setting next_dagrun for example_branch_datetime_operator_2 to 2023-12-02T00:00:00+00:00, run_after=2023-12-03T00:00:00+00:00
[2023-12-03 21:31:27,296] {processor.py:161} INFO - Processing /home/antosha/venvs/practice_3/lib/python3.10/site-packages/airflow/example_dags/example_branch_datetime_operator.py took 0.043 seconds
[2023-12-03 21:31:58,118] {processor.py:153} INFO - Started process (PID=5828) to work on /home/antosha/venvs/practice_3/lib/python3.10/site-packages/airflow/example_dags/example_branch_datetime_operator.py
[2023-12-03 21:31:58,119] {processor.py:641} INFO - Processing file /home/antosha/venvs/practice_3/lib/python3.10/site-packages/airflow/example_dags/example_branch_datetime_operator.py for tasks to queue
[2023-12-03 21:31:58,119] {logging_mixin.py:115} INFO - [2023-12-03 21:31:58,119] {dagbag.py:507} INFO - Filling up the DagBag from /home/antosha/venvs/practice_3/lib/python3.10/site-packages/airflow/example_dags/example_branch_datetime_operator.py
[2023-12-03 21:31:58,126] {processor.py:651} INFO - DAG(s) dict_keys(['example_branch_datetime_operator_2']) retrieved from /home/antosha/venvs/practice_3/lib/python3.10/site-packages/airflow/example_dags/example_branch_datetime_operator.py
[2023-12-03 21:31:58,139] {logging_mixin.py:115} INFO - [2023-12-03 21:31:58,139] {dag.py:2371} INFO - Sync 1 DAGs
[2023-12-03 21:31:58,153] {logging_mixin.py:115} INFO - [2023-12-03 21:31:58,153] {dag.py:2915} INFO - Setting next_dagrun for example_branch_datetime_operator_2 to 2023-12-02T00:00:00+00:00, run_after=2023-12-03T00:00:00+00:00
[2023-12-03 21:31:58,160] {processor.py:161} INFO - Processing /home/antosha/venvs/practice_3/lib/python3.10/site-packages/airflow/example_dags/example_branch_datetime_operator.py took 0.045 seconds
[2023-12-03 21:32:31,718] {processor.py:153} INFO - Started process (PID=5862) to work on /home/antosha/venvs/practice_3/lib/python3.10/site-packages/airflow/example_dags/example_branch_datetime_operator.py
[2023-12-03 21:32:31,718] {processor.py:641} INFO - Processing file /home/antosha/venvs/practice_3/lib/python3.10/site-packages/airflow/example_dags/example_branch_datetime_operator.py for tasks to queue
[2023-12-03 21:32:31,718] {logging_mixin.py:115} INFO - [2023-12-03 21:32:31,718] {dagbag.py:507} INFO - Filling up the DagBag from /home/antosha/venvs/practice_3/lib/python3.10/site-packages/airflow/example_dags/example_branch_datetime_operator.py
[2023-12-03 21:32:31,725] {processor.py:651} INFO - DAG(s) dict_keys(['example_branch_datetime_operator_2']) retrieved from /home/antosha/venvs/practice_3/lib/python3.10/site-packages/airflow/example_dags/example_branch_datetime_operator.py
[2023-12-03 21:32:31,738] {logging_mixin.py:115} INFO - [2023-12-03 21:32:31,738] {dag.py:2371} INFO - Sync 1 DAGs
[2023-12-03 21:32:31,761] {logging_mixin.py:115} INFO - [2023-12-03 21:32:31,761] {dag.py:2915} INFO - Setting next_dagrun for example_branch_datetime_operator_2 to 2023-12-02T00:00:00+00:00, run_after=2023-12-03T00:00:00+00:00
[2023-12-03 21:32:31,770] {processor.py:161} INFO - Processing /home/antosha/venvs/practice_3/lib/python3.10/site-packages/airflow/example_dags/example_branch_datetime_operator.py took 0.055 seconds
[2023-12-03 21:33:05,900] {processor.py:153} INFO - Started process (PID=5900) to work on /home/antosha/venvs/practice_3/lib/python3.10/site-packages/airflow/example_dags/example_branch_datetime_operator.py
[2023-12-03 21:33:05,901] {processor.py:641} INFO - Processing file /home/antosha/venvs/practice_3/lib/python3.10/site-packages/airflow/example_dags/example_branch_datetime_operator.py for tasks to queue
[2023-12-03 21:33:05,901] {logging_mixin.py:115} INFO - [2023-12-03 21:33:05,901] {dagbag.py:507} INFO - Filling up the DagBag from /home/antosha/venvs/practice_3/lib/python3.10/site-packages/airflow/example_dags/example_branch_datetime_operator.py
[2023-12-03 21:33:05,908] {processor.py:651} INFO - DAG(s) dict_keys(['example_branch_datetime_operator_2']) retrieved from /home/antosha/venvs/practice_3/lib/python3.10/site-packages/airflow/example_dags/example_branch_datetime_operator.py
[2023-12-03 21:33:05,920] {logging_mixin.py:115} INFO - [2023-12-03 21:33:05,920] {dag.py:2371} INFO - Sync 1 DAGs
[2023-12-03 21:33:05,933] {logging_mixin.py:115} INFO - [2023-12-03 21:33:05,933] {dag.py:2915} INFO - Setting next_dagrun for example_branch_datetime_operator_2 to 2023-12-02T00:00:00+00:00, run_after=2023-12-03T00:00:00+00:00
[2023-12-03 21:33:05,941] {processor.py:161} INFO - Processing /home/antosha/venvs/practice_3/lib/python3.10/site-packages/airflow/example_dags/example_branch_datetime_operator.py took 0.043 seconds
[2023-12-03 21:33:37,311] {processor.py:153} INFO - Started process (PID=5934) to work on /home/antosha/venvs/practice_3/lib/python3.10/site-packages/airflow/example_dags/example_branch_datetime_operator.py
[2023-12-03 21:33:37,311] {processor.py:641} INFO - Processing file /home/antosha/venvs/practice_3/lib/python3.10/site-packages/airflow/example_dags/example_branch_datetime_operator.py for tasks to queue
[2023-12-03 21:33:37,312] {logging_mixin.py:115} INFO - [2023-12-03 21:33:37,312] {dagbag.py:507} INFO - Filling up the DagBag from /home/antosha/venvs/practice_3/lib/python3.10/site-packages/airflow/example_dags/example_branch_datetime_operator.py
[2023-12-03 21:33:37,318] {processor.py:651} INFO - DAG(s) dict_keys(['example_branch_datetime_operator_2']) retrieved from /home/antosha/venvs/practice_3/lib/python3.10/site-packages/airflow/example_dags/example_branch_datetime_operator.py
[2023-12-03 21:33:37,330] {logging_mixin.py:115} INFO - [2023-12-03 21:33:37,330] {dag.py:2371} INFO - Sync 1 DAGs
[2023-12-03 21:33:37,344] {logging_mixin.py:115} INFO - [2023-12-03 21:33:37,344] {dag.py:2915} INFO - Setting next_dagrun for example_branch_datetime_operator_2 to 2023-12-02T00:00:00+00:00, run_after=2023-12-03T00:00:00+00:00
[2023-12-03 21:33:37,353] {processor.py:161} INFO - Processing /home/antosha/venvs/practice_3/lib/python3.10/site-packages/airflow/example_dags/example_branch_datetime_operator.py took 0.044 seconds
[2023-12-03 21:34:09,816] {processor.py:153} INFO - Started process (PID=5971) to work on /home/antosha/venvs/practice_3/lib/python3.10/site-packages/airflow/example_dags/example_branch_datetime_operator.py
[2023-12-03 21:34:09,816] {processor.py:641} INFO - Processing file /home/antosha/venvs/practice_3/lib/python3.10/site-packages/airflow/example_dags/example_branch_datetime_operator.py for tasks to queue
[2023-12-03 21:34:09,816] {logging_mixin.py:115} INFO - [2023-12-03 21:34:09,816] {dagbag.py:507} INFO - Filling up the DagBag from /home/antosha/venvs/practice_3/lib/python3.10/site-packages/airflow/example_dags/example_branch_datetime_operator.py
[2023-12-03 21:34:09,822] {processor.py:651} INFO - DAG(s) dict_keys(['example_branch_datetime_operator_2']) retrieved from /home/antosha/venvs/practice_3/lib/python3.10/site-packages/airflow/example_dags/example_branch_datetime_operator.py
[2023-12-03 21:34:09,837] {logging_mixin.py:115} INFO - [2023-12-03 21:34:09,837] {dag.py:2371} INFO - Sync 1 DAGs
[2023-12-03 21:34:09,849] {logging_mixin.py:115} INFO - [2023-12-03 21:34:09,849] {dag.py:2915} INFO - Setting next_dagrun for example_branch_datetime_operator_2 to 2023-12-02T00:00:00+00:00, run_after=2023-12-03T00:00:00+00:00
[2023-12-03 21:34:09,856] {processor.py:161} INFO - Processing /home/antosha/venvs/practice_3/lib/python3.10/site-packages/airflow/example_dags/example_branch_datetime_operator.py took 0.043 seconds
[2023-12-03 21:34:42,466] {processor.py:153} INFO - Started process (PID=6006) to work on /home/antosha/venvs/practice_3/lib/python3.10/site-packages/airflow/example_dags/example_branch_datetime_operator.py
[2023-12-03 21:34:42,467] {processor.py:641} INFO - Processing file /home/antosha/venvs/practice_3/lib/python3.10/site-packages/airflow/example_dags/example_branch_datetime_operator.py for tasks to queue
[2023-12-03 21:34:42,467] {logging_mixin.py:115} INFO - [2023-12-03 21:34:42,467] {dagbag.py:507} INFO - Filling up the DagBag from /home/antosha/venvs/practice_3/lib/python3.10/site-packages/airflow/example_dags/example_branch_datetime_operator.py
[2023-12-03 21:34:42,474] {processor.py:651} INFO - DAG(s) dict_keys(['example_branch_datetime_operator_2']) retrieved from /home/antosha/venvs/practice_3/lib/python3.10/site-packages/airflow/example_dags/example_branch_datetime_operator.py
[2023-12-03 21:34:42,488] {logging_mixin.py:115} INFO - [2023-12-03 21:34:42,488] {dag.py:2371} INFO - Sync 1 DAGs
[2023-12-03 21:34:42,500] {logging_mixin.py:115} INFO - [2023-12-03 21:34:42,500] {dag.py:2915} INFO - Setting next_dagrun for example_branch_datetime_operator_2 to 2023-12-02T00:00:00+00:00, run_after=2023-12-03T00:00:00+00:00
[2023-12-03 21:34:42,508] {processor.py:161} INFO - Processing /home/antosha/venvs/practice_3/lib/python3.10/site-packages/airflow/example_dags/example_branch_datetime_operator.py took 0.044 seconds
[2023-12-03 21:35:14,074] {processor.py:153} INFO - Started process (PID=6048) to work on /home/antosha/venvs/practice_3/lib/python3.10/site-packages/airflow/example_dags/example_branch_datetime_operator.py
[2023-12-03 21:35:14,074] {processor.py:641} INFO - Processing file /home/antosha/venvs/practice_3/lib/python3.10/site-packages/airflow/example_dags/example_branch_datetime_operator.py for tasks to queue
[2023-12-03 21:35:14,075] {logging_mixin.py:115} INFO - [2023-12-03 21:35:14,075] {dagbag.py:507} INFO - Filling up the DagBag from /home/antosha/venvs/practice_3/lib/python3.10/site-packages/airflow/example_dags/example_branch_datetime_operator.py
[2023-12-03 21:35:14,081] {processor.py:651} INFO - DAG(s) dict_keys(['example_branch_datetime_operator_2']) retrieved from /home/antosha/venvs/practice_3/lib/python3.10/site-packages/airflow/example_dags/example_branch_datetime_operator.py
[2023-12-03 21:35:14,098] {logging_mixin.py:115} INFO - [2023-12-03 21:35:14,098] {dag.py:2371} INFO - Sync 1 DAGs
[2023-12-03 21:35:14,112] {logging_mixin.py:115} INFO - [2023-12-03 21:35:14,112] {dag.py:2915} INFO - Setting next_dagrun for example_branch_datetime_operator_2 to 2023-12-02T00:00:00+00:00, run_after=2023-12-03T00:00:00+00:00
[2023-12-03 21:35:14,120] {processor.py:161} INFO - Processing /home/antosha/venvs/practice_3/lib/python3.10/site-packages/airflow/example_dags/example_branch_datetime_operator.py took 0.048 seconds
[2023-12-03 21:35:48,848] {processor.py:153} INFO - Started process (PID=6086) to work on /home/antosha/venvs/practice_3/lib/python3.10/site-packages/airflow/example_dags/example_branch_datetime_operator.py
[2023-12-03 21:35:48,848] {processor.py:641} INFO - Processing file /home/antosha/venvs/practice_3/lib/python3.10/site-packages/airflow/example_dags/example_branch_datetime_operator.py for tasks to queue
[2023-12-03 21:35:48,849] {logging_mixin.py:115} INFO - [2023-12-03 21:35:48,849] {dagbag.py:507} INFO - Filling up the DagBag from /home/antosha/venvs/practice_3/lib/python3.10/site-packages/airflow/example_dags/example_branch_datetime_operator.py
[2023-12-03 21:35:48,855] {processor.py:651} INFO - DAG(s) dict_keys(['example_branch_datetime_operator_2']) retrieved from /home/antosha/venvs/practice_3/lib/python3.10/site-packages/airflow/example_dags/example_branch_datetime_operator.py
[2023-12-03 21:35:48,869] {logging_mixin.py:115} INFO - [2023-12-03 21:35:48,869] {dag.py:2371} INFO - Sync 1 DAGs
[2023-12-03 21:35:48,882] {logging_mixin.py:115} INFO - [2023-12-03 21:35:48,882] {dag.py:2915} INFO - Setting next_dagrun for example_branch_datetime_operator_2 to 2023-12-02T00:00:00+00:00, run_after=2023-12-03T00:00:00+00:00
[2023-12-03 21:35:48,890] {processor.py:161} INFO - Processing /home/antosha/venvs/practice_3/lib/python3.10/site-packages/airflow/example_dags/example_branch_datetime_operator.py took 0.045 seconds
