[2023-12-03 21:24:16,176] {processor.py:153} INFO - Started process (PID=5250) to work on /home/antosha/venvs/practice_3/lib/python3.10/site-packages/airflow/example_dags/example_external_task_marker_dag.py
[2023-12-03 21:24:16,176] {processor.py:641} INFO - Processing file /home/antosha/venvs/practice_3/lib/python3.10/site-packages/airflow/example_dags/example_external_task_marker_dag.py for tasks to queue
[2023-12-03 21:24:16,176] {logging_mixin.py:115} INFO - [2023-12-03 21:24:16,176] {dagbag.py:507} INFO - Filling up the DagBag from /home/antosha/venvs/practice_3/lib/python3.10/site-packages/airflow/example_dags/example_external_task_marker_dag.py
[2023-12-03 21:24:16,180] {processor.py:651} INFO - DAG(s) dict_keys(['example_external_task_marker_parent', 'example_external_task_marker_child']) retrieved from /home/antosha/venvs/practice_3/lib/python3.10/site-packages/airflow/example_dags/example_external_task_marker_dag.py
[2023-12-03 21:24:16,221] {logging_mixin.py:115} INFO - [2023-12-03 21:24:16,220] {manager.py:508} INFO - Created Permission View: can delete on DAG:example_external_task_marker_parent
[2023-12-03 21:24:16,226] {logging_mixin.py:115} INFO - [2023-12-03 21:24:16,226] {manager.py:508} INFO - Created Permission View: can edit on DAG:example_external_task_marker_parent
[2023-12-03 21:24:16,231] {logging_mixin.py:115} INFO - [2023-12-03 21:24:16,231] {manager.py:508} INFO - Created Permission View: can read on DAG:example_external_task_marker_parent
[2023-12-03 21:24:16,244] {logging_mixin.py:115} INFO - [2023-12-03 21:24:16,244] {manager.py:508} INFO - Created Permission View: can delete on DAG:example_external_task_marker_child
[2023-12-03 21:24:16,248] {logging_mixin.py:115} INFO - [2023-12-03 21:24:16,248] {manager.py:508} INFO - Created Permission View: can edit on DAG:example_external_task_marker_child
[2023-12-03 21:24:16,252] {logging_mixin.py:115} INFO - [2023-12-03 21:24:16,252] {manager.py:508} INFO - Created Permission View: can read on DAG:example_external_task_marker_child
[2023-12-03 21:24:16,252] {logging_mixin.py:115} INFO - [2023-12-03 21:24:16,252] {dag.py:2371} INFO - Sync 2 DAGs
[2023-12-03 21:24:16,257] {logging_mixin.py:115} INFO - [2023-12-03 21:24:16,257] {dag.py:2390} INFO - Creating ORM DAG for example_external_task_marker_parent
[2023-12-03 21:24:16,257] {logging_mixin.py:115} INFO - [2023-12-03 21:24:16,257] {dag.py:2390} INFO - Creating ORM DAG for example_external_task_marker_child
[2023-12-03 21:24:16,262] {logging_mixin.py:115} INFO - [2023-12-03 21:24:16,262] {dag.py:2915} INFO - Setting next_dagrun for example_external_task_marker_child to None, run_after=None
[2023-12-03 21:24:16,262] {logging_mixin.py:115} INFO - [2023-12-03 21:24:16,262] {dag.py:2915} INFO - Setting next_dagrun for example_external_task_marker_parent to None, run_after=None
[2023-12-03 21:24:16,271] {processor.py:161} INFO - Processing /home/antosha/venvs/practice_3/lib/python3.10/site-packages/airflow/example_dags/example_external_task_marker_dag.py took 0.099 seconds
[2023-12-03 21:24:46,966] {processor.py:153} INFO - Started process (PID=5288) to work on /home/antosha/venvs/practice_3/lib/python3.10/site-packages/airflow/example_dags/example_external_task_marker_dag.py
[2023-12-03 21:24:46,967] {processor.py:641} INFO - Processing file /home/antosha/venvs/practice_3/lib/python3.10/site-packages/airflow/example_dags/example_external_task_marker_dag.py for tasks to queue
[2023-12-03 21:24:46,967] {logging_mixin.py:115} INFO - [2023-12-03 21:24:46,967] {dagbag.py:507} INFO - Filling up the DagBag from /home/antosha/venvs/practice_3/lib/python3.10/site-packages/airflow/example_dags/example_external_task_marker_dag.py
[2023-12-03 21:24:46,971] {processor.py:651} INFO - DAG(s) dict_keys(['example_external_task_marker_parent', 'example_external_task_marker_child']) retrieved from /home/antosha/venvs/practice_3/lib/python3.10/site-packages/airflow/example_dags/example_external_task_marker_dag.py
[2023-12-03 21:24:46,992] {logging_mixin.py:115} INFO - [2023-12-03 21:24:46,992] {dag.py:2371} INFO - Sync 2 DAGs
[2023-12-03 21:24:47,006] {logging_mixin.py:115} INFO - [2023-12-03 21:24:47,006] {dag.py:2915} INFO - Setting next_dagrun for example_external_task_marker_child to None, run_after=None
[2023-12-03 21:24:47,006] {logging_mixin.py:115} INFO - [2023-12-03 21:24:47,006] {dag.py:2915} INFO - Setting next_dagrun for example_external_task_marker_parent to None, run_after=None
[2023-12-03 21:24:47,014] {processor.py:161} INFO - Processing /home/antosha/venvs/practice_3/lib/python3.10/site-packages/airflow/example_dags/example_external_task_marker_dag.py took 0.050 seconds
[2023-12-03 21:25:21,805] {processor.py:153} INFO - Started process (PID=5334) to work on /home/antosha/venvs/practice_3/lib/python3.10/site-packages/airflow/example_dags/example_external_task_marker_dag.py
[2023-12-03 21:25:21,806] {processor.py:641} INFO - Processing file /home/antosha/venvs/practice_3/lib/python3.10/site-packages/airflow/example_dags/example_external_task_marker_dag.py for tasks to queue
[2023-12-03 21:25:21,806] {logging_mixin.py:115} INFO - [2023-12-03 21:25:21,806] {dagbag.py:507} INFO - Filling up the DagBag from /home/antosha/venvs/practice_3/lib/python3.10/site-packages/airflow/example_dags/example_external_task_marker_dag.py
[2023-12-03 21:25:21,809] {processor.py:651} INFO - DAG(s) dict_keys(['example_external_task_marker_parent', 'example_external_task_marker_child']) retrieved from /home/antosha/venvs/practice_3/lib/python3.10/site-packages/airflow/example_dags/example_external_task_marker_dag.py
[2023-12-03 21:25:21,827] {logging_mixin.py:115} INFO - [2023-12-03 21:25:21,827] {dag.py:2371} INFO - Sync 2 DAGs
[2023-12-03 21:25:21,850] {logging_mixin.py:115} INFO - [2023-12-03 21:25:21,850] {dag.py:2915} INFO - Setting next_dagrun for example_external_task_marker_child to None, run_after=None
[2023-12-03 21:25:21,851] {logging_mixin.py:115} INFO - [2023-12-03 21:25:21,851] {dag.py:2915} INFO - Setting next_dagrun for example_external_task_marker_parent to None, run_after=None
[2023-12-03 21:25:21,860] {processor.py:161} INFO - Processing /home/antosha/venvs/practice_3/lib/python3.10/site-packages/airflow/example_dags/example_external_task_marker_dag.py took 0.057 seconds
[2023-12-03 21:25:52,560] {processor.py:153} INFO - Started process (PID=5368) to work on /home/antosha/venvs/practice_3/lib/python3.10/site-packages/airflow/example_dags/example_external_task_marker_dag.py
[2023-12-03 21:25:52,560] {processor.py:641} INFO - Processing file /home/antosha/venvs/practice_3/lib/python3.10/site-packages/airflow/example_dags/example_external_task_marker_dag.py for tasks to queue
[2023-12-03 21:25:52,561] {logging_mixin.py:115} INFO - [2023-12-03 21:25:52,560] {dagbag.py:507} INFO - Filling up the DagBag from /home/antosha/venvs/practice_3/lib/python3.10/site-packages/airflow/example_dags/example_external_task_marker_dag.py
[2023-12-03 21:25:52,564] {processor.py:651} INFO - DAG(s) dict_keys(['example_external_task_marker_parent', 'example_external_task_marker_child']) retrieved from /home/antosha/venvs/practice_3/lib/python3.10/site-packages/airflow/example_dags/example_external_task_marker_dag.py
[2023-12-03 21:25:52,581] {logging_mixin.py:115} INFO - [2023-12-03 21:25:52,581] {dag.py:2371} INFO - Sync 2 DAGs
[2023-12-03 21:25:52,594] {logging_mixin.py:115} INFO - [2023-12-03 21:25:52,594] {dag.py:2915} INFO - Setting next_dagrun for example_external_task_marker_child to None, run_after=None
[2023-12-03 21:25:52,594] {logging_mixin.py:115} INFO - [2023-12-03 21:25:52,594] {dag.py:2915} INFO - Setting next_dagrun for example_external_task_marker_parent to None, run_after=None
[2023-12-03 21:25:52,601] {processor.py:161} INFO - Processing /home/antosha/venvs/practice_3/lib/python3.10/site-packages/airflow/example_dags/example_external_task_marker_dag.py took 0.044 seconds
[2023-12-03 21:26:25,339] {processor.py:153} INFO - Started process (PID=5402) to work on /home/antosha/venvs/practice_3/lib/python3.10/site-packages/airflow/example_dags/example_external_task_marker_dag.py
[2023-12-03 21:26:25,339] {processor.py:641} INFO - Processing file /home/antosha/venvs/practice_3/lib/python3.10/site-packages/airflow/example_dags/example_external_task_marker_dag.py for tasks to queue
[2023-12-03 21:26:25,339] {logging_mixin.py:115} INFO - [2023-12-03 21:26:25,339] {dagbag.py:507} INFO - Filling up the DagBag from /home/antosha/venvs/practice_3/lib/python3.10/site-packages/airflow/example_dags/example_external_task_marker_dag.py
[2023-12-03 21:26:25,343] {processor.py:651} INFO - DAG(s) dict_keys(['example_external_task_marker_parent', 'example_external_task_marker_child']) retrieved from /home/antosha/venvs/practice_3/lib/python3.10/site-packages/airflow/example_dags/example_external_task_marker_dag.py
[2023-12-03 21:26:25,360] {logging_mixin.py:115} INFO - [2023-12-03 21:26:25,360] {dag.py:2371} INFO - Sync 2 DAGs
[2023-12-03 21:26:25,373] {logging_mixin.py:115} INFO - [2023-12-03 21:26:25,373] {dag.py:2915} INFO - Setting next_dagrun for example_external_task_marker_child to None, run_after=None
[2023-12-03 21:26:25,373] {logging_mixin.py:115} INFO - [2023-12-03 21:26:25,373] {dag.py:2915} INFO - Setting next_dagrun for example_external_task_marker_parent to None, run_after=None
[2023-12-03 21:26:25,380] {processor.py:161} INFO - Processing /home/antosha/venvs/practice_3/lib/python3.10/site-packages/airflow/example_dags/example_external_task_marker_dag.py took 0.044 seconds
[2023-12-03 21:26:57,145] {processor.py:153} INFO - Started process (PID=5452) to work on /home/antosha/venvs/practice_3/lib/python3.10/site-packages/airflow/example_dags/example_external_task_marker_dag.py
[2023-12-03 21:26:57,146] {processor.py:641} INFO - Processing file /home/antosha/venvs/practice_3/lib/python3.10/site-packages/airflow/example_dags/example_external_task_marker_dag.py for tasks to queue
[2023-12-03 21:26:57,147] {logging_mixin.py:115} INFO - [2023-12-03 21:26:57,147] {dagbag.py:507} INFO - Filling up the DagBag from /home/antosha/venvs/practice_3/lib/python3.10/site-packages/airflow/example_dags/example_external_task_marker_dag.py
[2023-12-03 21:26:57,151] {processor.py:651} INFO - DAG(s) dict_keys(['example_external_task_marker_parent', 'example_external_task_marker_child']) retrieved from /home/antosha/venvs/practice_3/lib/python3.10/site-packages/airflow/example_dags/example_external_task_marker_dag.py
[2023-12-03 21:26:57,169] {logging_mixin.py:115} INFO - [2023-12-03 21:26:57,169] {dag.py:2371} INFO - Sync 2 DAGs
[2023-12-03 21:26:57,182] {logging_mixin.py:115} INFO - [2023-12-03 21:26:57,182] {dag.py:2915} INFO - Setting next_dagrun for example_external_task_marker_child to None, run_after=None
[2023-12-03 21:26:57,182] {logging_mixin.py:115} INFO - [2023-12-03 21:26:57,182] {dag.py:2915} INFO - Setting next_dagrun for example_external_task_marker_parent to None, run_after=None
[2023-12-03 21:26:57,194] {processor.py:161} INFO - Processing /home/antosha/venvs/practice_3/lib/python3.10/site-packages/airflow/example_dags/example_external_task_marker_dag.py took 0.051 seconds
[2023-12-03 21:27:30,203] {processor.py:153} INFO - Started process (PID=5486) to work on /home/antosha/venvs/practice_3/lib/python3.10/site-packages/airflow/example_dags/example_external_task_marker_dag.py
[2023-12-03 21:27:30,204] {processor.py:641} INFO - Processing file /home/antosha/venvs/practice_3/lib/python3.10/site-packages/airflow/example_dags/example_external_task_marker_dag.py for tasks to queue
[2023-12-03 21:27:30,204] {logging_mixin.py:115} INFO - [2023-12-03 21:27:30,204] {dagbag.py:507} INFO - Filling up the DagBag from /home/antosha/venvs/practice_3/lib/python3.10/site-packages/airflow/example_dags/example_external_task_marker_dag.py
[2023-12-03 21:27:30,212] {processor.py:651} INFO - DAG(s) dict_keys(['example_external_task_marker_parent', 'example_external_task_marker_child']) retrieved from /home/antosha/venvs/practice_3/lib/python3.10/site-packages/airflow/example_dags/example_external_task_marker_dag.py
[2023-12-03 21:27:30,253] {logging_mixin.py:115} INFO - [2023-12-03 21:27:30,253] {dag.py:2371} INFO - Sync 2 DAGs
[2023-12-03 21:27:30,281] {logging_mixin.py:115} INFO - [2023-12-03 21:27:30,281] {dag.py:2915} INFO - Setting next_dagrun for example_external_task_marker_child to None, run_after=None
[2023-12-03 21:27:30,281] {logging_mixin.py:115} INFO - [2023-12-03 21:27:30,281] {dag.py:2915} INFO - Setting next_dagrun for example_external_task_marker_parent to None, run_after=None
[2023-12-03 21:27:30,301] {processor.py:161} INFO - Processing /home/antosha/venvs/practice_3/lib/python3.10/site-packages/airflow/example_dags/example_external_task_marker_dag.py took 0.104 seconds
[2023-12-03 21:28:03,820] {processor.py:153} INFO - Started process (PID=5555) to work on /home/antosha/venvs/practice_3/lib/python3.10/site-packages/airflow/example_dags/example_external_task_marker_dag.py
[2023-12-03 21:28:03,820] {processor.py:641} INFO - Processing file /home/antosha/venvs/practice_3/lib/python3.10/site-packages/airflow/example_dags/example_external_task_marker_dag.py for tasks to queue
[2023-12-03 21:28:03,820] {logging_mixin.py:115} INFO - [2023-12-03 21:28:03,820] {dagbag.py:507} INFO - Filling up the DagBag from /home/antosha/venvs/practice_3/lib/python3.10/site-packages/airflow/example_dags/example_external_task_marker_dag.py
[2023-12-03 21:28:03,824] {processor.py:651} INFO - DAG(s) dict_keys(['example_external_task_marker_parent', 'example_external_task_marker_child']) retrieved from /home/antosha/venvs/practice_3/lib/python3.10/site-packages/airflow/example_dags/example_external_task_marker_dag.py
[2023-12-03 21:28:03,842] {logging_mixin.py:115} INFO - [2023-12-03 21:28:03,842] {dag.py:2371} INFO - Sync 2 DAGs
[2023-12-03 21:28:03,855] {logging_mixin.py:115} INFO - [2023-12-03 21:28:03,855] {dag.py:2915} INFO - Setting next_dagrun for example_external_task_marker_child to None, run_after=None
[2023-12-03 21:28:03,855] {logging_mixin.py:115} INFO - [2023-12-03 21:28:03,855] {dag.py:2915} INFO - Setting next_dagrun for example_external_task_marker_parent to None, run_after=None
[2023-12-03 21:28:03,863] {processor.py:161} INFO - Processing /home/antosha/venvs/practice_3/lib/python3.10/site-packages/airflow/example_dags/example_external_task_marker_dag.py took 0.046 seconds
[2023-12-03 21:28:36,843] {processor.py:153} INFO - Started process (PID=5591) to work on /home/antosha/venvs/practice_3/lib/python3.10/site-packages/airflow/example_dags/example_external_task_marker_dag.py
[2023-12-03 21:28:36,843] {processor.py:641} INFO - Processing file /home/antosha/venvs/practice_3/lib/python3.10/site-packages/airflow/example_dags/example_external_task_marker_dag.py for tasks to queue
[2023-12-03 21:28:36,844] {logging_mixin.py:115} INFO - [2023-12-03 21:28:36,844] {dagbag.py:507} INFO - Filling up the DagBag from /home/antosha/venvs/practice_3/lib/python3.10/site-packages/airflow/example_dags/example_external_task_marker_dag.py
[2023-12-03 21:28:36,847] {processor.py:651} INFO - DAG(s) dict_keys(['example_external_task_marker_parent', 'example_external_task_marker_child']) retrieved from /home/antosha/venvs/practice_3/lib/python3.10/site-packages/airflow/example_dags/example_external_task_marker_dag.py
[2023-12-03 21:28:36,864] {logging_mixin.py:115} INFO - [2023-12-03 21:28:36,864] {dag.py:2371} INFO - Sync 2 DAGs
[2023-12-03 21:28:36,877] {logging_mixin.py:115} INFO - [2023-12-03 21:28:36,877] {dag.py:2915} INFO - Setting next_dagrun for example_external_task_marker_child to None, run_after=None
[2023-12-03 21:28:36,877] {logging_mixin.py:115} INFO - [2023-12-03 21:28:36,877] {dag.py:2915} INFO - Setting next_dagrun for example_external_task_marker_parent to None, run_after=None
[2023-12-03 21:28:36,884] {processor.py:161} INFO - Processing /home/antosha/venvs/practice_3/lib/python3.10/site-packages/airflow/example_dags/example_external_task_marker_dag.py took 0.044 seconds
[2023-12-03 21:29:09,482] {processor.py:153} INFO - Started process (PID=5631) to work on /home/antosha/venvs/practice_3/lib/python3.10/site-packages/airflow/example_dags/example_external_task_marker_dag.py
[2023-12-03 21:29:09,482] {processor.py:641} INFO - Processing file /home/antosha/venvs/practice_3/lib/python3.10/site-packages/airflow/example_dags/example_external_task_marker_dag.py for tasks to queue
[2023-12-03 21:29:09,483] {logging_mixin.py:115} INFO - [2023-12-03 21:29:09,482] {dagbag.py:507} INFO - Filling up the DagBag from /home/antosha/venvs/practice_3/lib/python3.10/site-packages/airflow/example_dags/example_external_task_marker_dag.py
[2023-12-03 21:29:09,486] {processor.py:651} INFO - DAG(s) dict_keys(['example_external_task_marker_parent', 'example_external_task_marker_child']) retrieved from /home/antosha/venvs/practice_3/lib/python3.10/site-packages/airflow/example_dags/example_external_task_marker_dag.py
[2023-12-03 21:29:09,504] {logging_mixin.py:115} INFO - [2023-12-03 21:29:09,504] {dag.py:2371} INFO - Sync 2 DAGs
[2023-12-03 21:29:09,517] {logging_mixin.py:115} INFO - [2023-12-03 21:29:09,517] {dag.py:2915} INFO - Setting next_dagrun for example_external_task_marker_child to None, run_after=None
[2023-12-03 21:29:09,517] {logging_mixin.py:115} INFO - [2023-12-03 21:29:09,517] {dag.py:2915} INFO - Setting next_dagrun for example_external_task_marker_parent to None, run_after=None
[2023-12-03 21:29:09,525] {processor.py:161} INFO - Processing /home/antosha/venvs/practice_3/lib/python3.10/site-packages/airflow/example_dags/example_external_task_marker_dag.py took 0.046 seconds
[2023-12-03 21:29:41,270] {processor.py:153} INFO - Started process (PID=5670) to work on /home/antosha/venvs/practice_3/lib/python3.10/site-packages/airflow/example_dags/example_external_task_marker_dag.py
[2023-12-03 21:29:41,271] {processor.py:641} INFO - Processing file /home/antosha/venvs/practice_3/lib/python3.10/site-packages/airflow/example_dags/example_external_task_marker_dag.py for tasks to queue
[2023-12-03 21:29:41,271] {logging_mixin.py:115} INFO - [2023-12-03 21:29:41,271] {dagbag.py:507} INFO - Filling up the DagBag from /home/antosha/venvs/practice_3/lib/python3.10/site-packages/airflow/example_dags/example_external_task_marker_dag.py
[2023-12-03 21:29:41,275] {processor.py:651} INFO - DAG(s) dict_keys(['example_external_task_marker_parent', 'example_external_task_marker_child']) retrieved from /home/antosha/venvs/practice_3/lib/python3.10/site-packages/airflow/example_dags/example_external_task_marker_dag.py
[2023-12-03 21:29:41,292] {logging_mixin.py:115} INFO - [2023-12-03 21:29:41,292] {dag.py:2371} INFO - Sync 2 DAGs
[2023-12-03 21:29:41,305] {logging_mixin.py:115} INFO - [2023-12-03 21:29:41,305] {dag.py:2915} INFO - Setting next_dagrun for example_external_task_marker_child to None, run_after=None
[2023-12-03 21:29:41,305] {logging_mixin.py:115} INFO - [2023-12-03 21:29:41,305] {dag.py:2915} INFO - Setting next_dagrun for example_external_task_marker_parent to None, run_after=None
[2023-12-03 21:29:41,313] {processor.py:161} INFO - Processing /home/antosha/venvs/practice_3/lib/python3.10/site-packages/airflow/example_dags/example_external_task_marker_dag.py took 0.045 seconds
[2023-12-03 21:30:13,176] {processor.py:153} INFO - Started process (PID=5709) to work on /home/antosha/venvs/practice_3/lib/python3.10/site-packages/airflow/example_dags/example_external_task_marker_dag.py
[2023-12-03 21:30:13,176] {processor.py:641} INFO - Processing file /home/antosha/venvs/practice_3/lib/python3.10/site-packages/airflow/example_dags/example_external_task_marker_dag.py for tasks to queue
[2023-12-03 21:30:13,176] {logging_mixin.py:115} INFO - [2023-12-03 21:30:13,176] {dagbag.py:507} INFO - Filling up the DagBag from /home/antosha/venvs/practice_3/lib/python3.10/site-packages/airflow/example_dags/example_external_task_marker_dag.py
[2023-12-03 21:30:13,180] {processor.py:651} INFO - DAG(s) dict_keys(['example_external_task_marker_parent', 'example_external_task_marker_child']) retrieved from /home/antosha/venvs/practice_3/lib/python3.10/site-packages/airflow/example_dags/example_external_task_marker_dag.py
[2023-12-03 21:30:13,197] {logging_mixin.py:115} INFO - [2023-12-03 21:30:13,197] {dag.py:2371} INFO - Sync 2 DAGs
[2023-12-03 21:30:13,210] {logging_mixin.py:115} INFO - [2023-12-03 21:30:13,210] {dag.py:2915} INFO - Setting next_dagrun for example_external_task_marker_child to None, run_after=None
[2023-12-03 21:30:13,210] {logging_mixin.py:115} INFO - [2023-12-03 21:30:13,210] {dag.py:2915} INFO - Setting next_dagrun for example_external_task_marker_parent to None, run_after=None
[2023-12-03 21:30:13,218] {processor.py:161} INFO - Processing /home/antosha/venvs/practice_3/lib/python3.10/site-packages/airflow/example_dags/example_external_task_marker_dag.py took 0.045 seconds
[2023-12-03 21:30:46,220] {processor.py:153} INFO - Started process (PID=5752) to work on /home/antosha/venvs/practice_3/lib/python3.10/site-packages/airflow/example_dags/example_external_task_marker_dag.py
[2023-12-03 21:30:46,221] {processor.py:641} INFO - Processing file /home/antosha/venvs/practice_3/lib/python3.10/site-packages/airflow/example_dags/example_external_task_marker_dag.py for tasks to queue
[2023-12-03 21:30:46,221] {logging_mixin.py:115} INFO - [2023-12-03 21:30:46,221] {dagbag.py:507} INFO - Filling up the DagBag from /home/antosha/venvs/practice_3/lib/python3.10/site-packages/airflow/example_dags/example_external_task_marker_dag.py
[2023-12-03 21:30:46,225] {processor.py:651} INFO - DAG(s) dict_keys(['example_external_task_marker_parent', 'example_external_task_marker_child']) retrieved from /home/antosha/venvs/practice_3/lib/python3.10/site-packages/airflow/example_dags/example_external_task_marker_dag.py
[2023-12-03 21:30:46,246] {logging_mixin.py:115} INFO - [2023-12-03 21:30:46,246] {dag.py:2371} INFO - Sync 2 DAGs
[2023-12-03 21:30:46,262] {logging_mixin.py:115} INFO - [2023-12-03 21:30:46,262] {dag.py:2915} INFO - Setting next_dagrun for example_external_task_marker_child to None, run_after=None
[2023-12-03 21:30:46,262] {logging_mixin.py:115} INFO - [2023-12-03 21:30:46,262] {dag.py:2915} INFO - Setting next_dagrun for example_external_task_marker_parent to None, run_after=None
[2023-12-03 21:30:46,272] {processor.py:161} INFO - Processing /home/antosha/venvs/practice_3/lib/python3.10/site-packages/airflow/example_dags/example_external_task_marker_dag.py took 0.055 seconds
[2023-12-03 21:31:18,734] {processor.py:153} INFO - Started process (PID=5786) to work on /home/antosha/venvs/practice_3/lib/python3.10/site-packages/airflow/example_dags/example_external_task_marker_dag.py
[2023-12-03 21:31:18,735] {processor.py:641} INFO - Processing file /home/antosha/venvs/practice_3/lib/python3.10/site-packages/airflow/example_dags/example_external_task_marker_dag.py for tasks to queue
[2023-12-03 21:31:18,735] {logging_mixin.py:115} INFO - [2023-12-03 21:31:18,735] {dagbag.py:507} INFO - Filling up the DagBag from /home/antosha/venvs/practice_3/lib/python3.10/site-packages/airflow/example_dags/example_external_task_marker_dag.py
[2023-12-03 21:31:18,739] {processor.py:651} INFO - DAG(s) dict_keys(['example_external_task_marker_parent', 'example_external_task_marker_child']) retrieved from /home/antosha/venvs/practice_3/lib/python3.10/site-packages/airflow/example_dags/example_external_task_marker_dag.py
[2023-12-03 21:31:18,757] {logging_mixin.py:115} INFO - [2023-12-03 21:31:18,757] {dag.py:2371} INFO - Sync 2 DAGs
[2023-12-03 21:31:18,771] {logging_mixin.py:115} INFO - [2023-12-03 21:31:18,771] {dag.py:2915} INFO - Setting next_dagrun for example_external_task_marker_child to None, run_after=None
[2023-12-03 21:31:18,771] {logging_mixin.py:115} INFO - [2023-12-03 21:31:18,771] {dag.py:2915} INFO - Setting next_dagrun for example_external_task_marker_parent to None, run_after=None
[2023-12-03 21:31:18,779] {processor.py:161} INFO - Processing /home/antosha/venvs/practice_3/lib/python3.10/site-packages/airflow/example_dags/example_external_task_marker_dag.py took 0.048 seconds
[2023-12-03 21:31:50,655] {processor.py:153} INFO - Started process (PID=5820) to work on /home/antosha/venvs/practice_3/lib/python3.10/site-packages/airflow/example_dags/example_external_task_marker_dag.py
[2023-12-03 21:31:50,655] {processor.py:641} INFO - Processing file /home/antosha/venvs/practice_3/lib/python3.10/site-packages/airflow/example_dags/example_external_task_marker_dag.py for tasks to queue
[2023-12-03 21:31:50,656] {logging_mixin.py:115} INFO - [2023-12-03 21:31:50,656] {dagbag.py:507} INFO - Filling up the DagBag from /home/antosha/venvs/practice_3/lib/python3.10/site-packages/airflow/example_dags/example_external_task_marker_dag.py
[2023-12-03 21:31:50,659] {processor.py:651} INFO - DAG(s) dict_keys(['example_external_task_marker_parent', 'example_external_task_marker_child']) retrieved from /home/antosha/venvs/practice_3/lib/python3.10/site-packages/airflow/example_dags/example_external_task_marker_dag.py
[2023-12-03 21:31:50,677] {logging_mixin.py:115} INFO - [2023-12-03 21:31:50,677] {dag.py:2371} INFO - Sync 2 DAGs
[2023-12-03 21:31:50,690] {logging_mixin.py:115} INFO - [2023-12-03 21:31:50,690] {dag.py:2915} INFO - Setting next_dagrun for example_external_task_marker_child to None, run_after=None
[2023-12-03 21:31:50,690] {logging_mixin.py:115} INFO - [2023-12-03 21:31:50,690] {dag.py:2915} INFO - Setting next_dagrun for example_external_task_marker_parent to None, run_after=None
[2023-12-03 21:31:50,698] {processor.py:161} INFO - Processing /home/antosha/venvs/practice_3/lib/python3.10/site-packages/airflow/example_dags/example_external_task_marker_dag.py took 0.045 seconds
[2023-12-03 21:32:23,707] {processor.py:153} INFO - Started process (PID=5854) to work on /home/antosha/venvs/practice_3/lib/python3.10/site-packages/airflow/example_dags/example_external_task_marker_dag.py
[2023-12-03 21:32:23,708] {processor.py:641} INFO - Processing file /home/antosha/venvs/practice_3/lib/python3.10/site-packages/airflow/example_dags/example_external_task_marker_dag.py for tasks to queue
[2023-12-03 21:32:23,708] {logging_mixin.py:115} INFO - [2023-12-03 21:32:23,708] {dagbag.py:507} INFO - Filling up the DagBag from /home/antosha/venvs/practice_3/lib/python3.10/site-packages/airflow/example_dags/example_external_task_marker_dag.py
[2023-12-03 21:32:23,711] {processor.py:651} INFO - DAG(s) dict_keys(['example_external_task_marker_parent', 'example_external_task_marker_child']) retrieved from /home/antosha/venvs/practice_3/lib/python3.10/site-packages/airflow/example_dags/example_external_task_marker_dag.py
[2023-12-03 21:32:23,729] {logging_mixin.py:115} INFO - [2023-12-03 21:32:23,729] {dag.py:2371} INFO - Sync 2 DAGs
[2023-12-03 21:32:23,742] {logging_mixin.py:115} INFO - [2023-12-03 21:32:23,742] {dag.py:2915} INFO - Setting next_dagrun for example_external_task_marker_child to None, run_after=None
[2023-12-03 21:32:23,742] {logging_mixin.py:115} INFO - [2023-12-03 21:32:23,742] {dag.py:2915} INFO - Setting next_dagrun for example_external_task_marker_parent to None, run_after=None
[2023-12-03 21:32:23,750] {processor.py:161} INFO - Processing /home/antosha/venvs/practice_3/lib/python3.10/site-packages/airflow/example_dags/example_external_task_marker_dag.py took 0.045 seconds
[2023-12-03 21:32:57,981] {processor.py:153} INFO - Started process (PID=5892) to work on /home/antosha/venvs/practice_3/lib/python3.10/site-packages/airflow/example_dags/example_external_task_marker_dag.py
[2023-12-03 21:32:57,981] {processor.py:641} INFO - Processing file /home/antosha/venvs/practice_3/lib/python3.10/site-packages/airflow/example_dags/example_external_task_marker_dag.py for tasks to queue
[2023-12-03 21:32:57,982] {logging_mixin.py:115} INFO - [2023-12-03 21:32:57,981] {dagbag.py:507} INFO - Filling up the DagBag from /home/antosha/venvs/practice_3/lib/python3.10/site-packages/airflow/example_dags/example_external_task_marker_dag.py
[2023-12-03 21:32:57,985] {processor.py:651} INFO - DAG(s) dict_keys(['example_external_task_marker_parent', 'example_external_task_marker_child']) retrieved from /home/antosha/venvs/practice_3/lib/python3.10/site-packages/airflow/example_dags/example_external_task_marker_dag.py
[2023-12-03 21:32:58,007] {logging_mixin.py:115} INFO - [2023-12-03 21:32:58,007] {dag.py:2371} INFO - Sync 2 DAGs
[2023-12-03 21:32:58,021] {logging_mixin.py:115} INFO - [2023-12-03 21:32:58,021] {dag.py:2915} INFO - Setting next_dagrun for example_external_task_marker_child to None, run_after=None
[2023-12-03 21:32:58,021] {logging_mixin.py:115} INFO - [2023-12-03 21:32:58,021] {dag.py:2915} INFO - Setting next_dagrun for example_external_task_marker_parent to None, run_after=None
[2023-12-03 21:32:58,029] {processor.py:161} INFO - Processing /home/antosha/venvs/practice_3/lib/python3.10/site-packages/airflow/example_dags/example_external_task_marker_dag.py took 0.051 seconds
[2023-12-03 21:33:29,308] {processor.py:153} INFO - Started process (PID=5926) to work on /home/antosha/venvs/practice_3/lib/python3.10/site-packages/airflow/example_dags/example_external_task_marker_dag.py
[2023-12-03 21:33:29,308] {processor.py:641} INFO - Processing file /home/antosha/venvs/practice_3/lib/python3.10/site-packages/airflow/example_dags/example_external_task_marker_dag.py for tasks to queue
[2023-12-03 21:33:29,309] {logging_mixin.py:115} INFO - [2023-12-03 21:33:29,308] {dagbag.py:507} INFO - Filling up the DagBag from /home/antosha/venvs/practice_3/lib/python3.10/site-packages/airflow/example_dags/example_external_task_marker_dag.py
[2023-12-03 21:33:29,312] {processor.py:651} INFO - DAG(s) dict_keys(['example_external_task_marker_parent', 'example_external_task_marker_child']) retrieved from /home/antosha/venvs/practice_3/lib/python3.10/site-packages/airflow/example_dags/example_external_task_marker_dag.py
[2023-12-03 21:33:29,330] {logging_mixin.py:115} INFO - [2023-12-03 21:33:29,330] {dag.py:2371} INFO - Sync 2 DAGs
[2023-12-03 21:33:29,343] {logging_mixin.py:115} INFO - [2023-12-03 21:33:29,343] {dag.py:2915} INFO - Setting next_dagrun for example_external_task_marker_child to None, run_after=None
[2023-12-03 21:33:29,343] {logging_mixin.py:115} INFO - [2023-12-03 21:33:29,343] {dag.py:2915} INFO - Setting next_dagrun for example_external_task_marker_parent to None, run_after=None
[2023-12-03 21:33:29,351] {processor.py:161} INFO - Processing /home/antosha/venvs/practice_3/lib/python3.10/site-packages/airflow/example_dags/example_external_task_marker_dag.py took 0.046 seconds
[2023-12-03 21:34:01,943] {processor.py:153} INFO - Started process (PID=5963) to work on /home/antosha/venvs/practice_3/lib/python3.10/site-packages/airflow/example_dags/example_external_task_marker_dag.py
[2023-12-03 21:34:01,944] {processor.py:641} INFO - Processing file /home/antosha/venvs/practice_3/lib/python3.10/site-packages/airflow/example_dags/example_external_task_marker_dag.py for tasks to queue
[2023-12-03 21:34:01,945] {logging_mixin.py:115} INFO - [2023-12-03 21:34:01,944] {dagbag.py:507} INFO - Filling up the DagBag from /home/antosha/venvs/practice_3/lib/python3.10/site-packages/airflow/example_dags/example_external_task_marker_dag.py
[2023-12-03 21:34:01,949] {processor.py:651} INFO - DAG(s) dict_keys(['example_external_task_marker_parent', 'example_external_task_marker_child']) retrieved from /home/antosha/venvs/practice_3/lib/python3.10/site-packages/airflow/example_dags/example_external_task_marker_dag.py
[2023-12-03 21:34:01,970] {logging_mixin.py:115} INFO - [2023-12-03 21:34:01,970] {dag.py:2371} INFO - Sync 2 DAGs
[2023-12-03 21:34:01,981] {logging_mixin.py:115} INFO - [2023-12-03 21:34:01,981] {dag.py:2915} INFO - Setting next_dagrun for example_external_task_marker_child to None, run_after=None
[2023-12-03 21:34:01,981] {logging_mixin.py:115} INFO - [2023-12-03 21:34:01,981] {dag.py:2915} INFO - Setting next_dagrun for example_external_task_marker_parent to None, run_after=None
[2023-12-03 21:34:01,989] {processor.py:161} INFO - Processing /home/antosha/venvs/practice_3/lib/python3.10/site-packages/airflow/example_dags/example_external_task_marker_dag.py took 0.049 seconds
[2023-12-03 21:34:34,726] {processor.py:153} INFO - Started process (PID=5998) to work on /home/antosha/venvs/practice_3/lib/python3.10/site-packages/airflow/example_dags/example_external_task_marker_dag.py
[2023-12-03 21:34:34,726] {processor.py:641} INFO - Processing file /home/antosha/venvs/practice_3/lib/python3.10/site-packages/airflow/example_dags/example_external_task_marker_dag.py for tasks to queue
[2023-12-03 21:34:34,727] {logging_mixin.py:115} INFO - [2023-12-03 21:34:34,727] {dagbag.py:507} INFO - Filling up the DagBag from /home/antosha/venvs/practice_3/lib/python3.10/site-packages/airflow/example_dags/example_external_task_marker_dag.py
[2023-12-03 21:34:34,730] {processor.py:651} INFO - DAG(s) dict_keys(['example_external_task_marker_parent', 'example_external_task_marker_child']) retrieved from /home/antosha/venvs/practice_3/lib/python3.10/site-packages/airflow/example_dags/example_external_task_marker_dag.py
[2023-12-03 21:34:34,750] {logging_mixin.py:115} INFO - [2023-12-03 21:34:34,750] {dag.py:2371} INFO - Sync 2 DAGs
[2023-12-03 21:34:34,761] {logging_mixin.py:115} INFO - [2023-12-03 21:34:34,761] {dag.py:2915} INFO - Setting next_dagrun for example_external_task_marker_child to None, run_after=None
[2023-12-03 21:34:34,761] {logging_mixin.py:115} INFO - [2023-12-03 21:34:34,761] {dag.py:2915} INFO - Setting next_dagrun for example_external_task_marker_parent to None, run_after=None
[2023-12-03 21:34:34,768] {processor.py:161} INFO - Processing /home/antosha/venvs/practice_3/lib/python3.10/site-packages/airflow/example_dags/example_external_task_marker_dag.py took 0.045 seconds
[2023-12-03 21:35:06,628] {processor.py:153} INFO - Started process (PID=6037) to work on /home/antosha/venvs/practice_3/lib/python3.10/site-packages/airflow/example_dags/example_external_task_marker_dag.py
[2023-12-03 21:35:06,628] {processor.py:641} INFO - Processing file /home/antosha/venvs/practice_3/lib/python3.10/site-packages/airflow/example_dags/example_external_task_marker_dag.py for tasks to queue
[2023-12-03 21:35:06,628] {logging_mixin.py:115} INFO - [2023-12-03 21:35:06,628] {dagbag.py:507} INFO - Filling up the DagBag from /home/antosha/venvs/practice_3/lib/python3.10/site-packages/airflow/example_dags/example_external_task_marker_dag.py
[2023-12-03 21:35:06,632] {processor.py:651} INFO - DAG(s) dict_keys(['example_external_task_marker_parent', 'example_external_task_marker_child']) retrieved from /home/antosha/venvs/practice_3/lib/python3.10/site-packages/airflow/example_dags/example_external_task_marker_dag.py
[2023-12-03 21:35:06,652] {logging_mixin.py:115} INFO - [2023-12-03 21:35:06,652] {dag.py:2371} INFO - Sync 2 DAGs
[2023-12-03 21:35:06,663] {logging_mixin.py:115} INFO - [2023-12-03 21:35:06,662] {dag.py:2915} INFO - Setting next_dagrun for example_external_task_marker_child to None, run_after=None
[2023-12-03 21:35:06,663] {logging_mixin.py:115} INFO - [2023-12-03 21:35:06,663] {dag.py:2915} INFO - Setting next_dagrun for example_external_task_marker_parent to None, run_after=None
[2023-12-03 21:35:06,671] {processor.py:161} INFO - Processing /home/antosha/venvs/practice_3/lib/python3.10/site-packages/airflow/example_dags/example_external_task_marker_dag.py took 0.045 seconds
[2023-12-03 21:35:40,420] {processor.py:153} INFO - Started process (PID=6077) to work on /home/antosha/venvs/practice_3/lib/python3.10/site-packages/airflow/example_dags/example_external_task_marker_dag.py
[2023-12-03 21:35:40,420] {processor.py:641} INFO - Processing file /home/antosha/venvs/practice_3/lib/python3.10/site-packages/airflow/example_dags/example_external_task_marker_dag.py for tasks to queue
[2023-12-03 21:35:40,421] {logging_mixin.py:115} INFO - [2023-12-03 21:35:40,421] {dagbag.py:507} INFO - Filling up the DagBag from /home/antosha/venvs/practice_3/lib/python3.10/site-packages/airflow/example_dags/example_external_task_marker_dag.py
[2023-12-03 21:35:40,426] {processor.py:651} INFO - DAG(s) dict_keys(['example_external_task_marker_parent', 'example_external_task_marker_child']) retrieved from /home/antosha/venvs/practice_3/lib/python3.10/site-packages/airflow/example_dags/example_external_task_marker_dag.py
[2023-12-03 21:35:40,449] {logging_mixin.py:115} INFO - [2023-12-03 21:35:40,448] {dag.py:2371} INFO - Sync 2 DAGs
[2023-12-03 21:35:40,459] {logging_mixin.py:115} INFO - [2023-12-03 21:35:40,459] {dag.py:2915} INFO - Setting next_dagrun for example_external_task_marker_child to None, run_after=None
[2023-12-03 21:35:40,460] {logging_mixin.py:115} INFO - [2023-12-03 21:35:40,459] {dag.py:2915} INFO - Setting next_dagrun for example_external_task_marker_parent to None, run_after=None
[2023-12-03 21:35:40,467] {processor.py:161} INFO - Processing /home/antosha/venvs/practice_3/lib/python3.10/site-packages/airflow/example_dags/example_external_task_marker_dag.py took 0.051 seconds
