[2023-12-03 21:24:19,049] {processor.py:153} INFO - Started process (PID=5253) to work on /home/antosha/venvs/practice_3/lib/python3.10/site-packages/airflow/example_dags/example_branch_operator_decorator.py
[2023-12-03 21:24:19,050] {processor.py:641} INFO - Processing file /home/antosha/venvs/practice_3/lib/python3.10/site-packages/airflow/example_dags/example_branch_operator_decorator.py for tasks to queue
[2023-12-03 21:24:19,050] {logging_mixin.py:115} INFO - [2023-12-03 21:24:19,050] {dagbag.py:507} INFO - Filling up the DagBag from /home/antosha/venvs/practice_3/lib/python3.10/site-packages/airflow/example_dags/example_branch_operator_decorator.py
[2023-12-03 21:24:19,064] {processor.py:651} INFO - DAG(s) dict_keys(['example_branch_python_operator_decorator']) retrieved from /home/antosha/venvs/practice_3/lib/python3.10/site-packages/airflow/example_dags/example_branch_operator_decorator.py
[2023-12-03 21:24:19,108] {logging_mixin.py:115} INFO - [2023-12-03 21:24:19,108] {manager.py:508} INFO - Created Permission View: can delete on DAG:example_branch_python_operator_decorator
[2023-12-03 21:24:19,113] {logging_mixin.py:115} INFO - [2023-12-03 21:24:19,113] {manager.py:508} INFO - Created Permission View: can edit on DAG:example_branch_python_operator_decorator
[2023-12-03 21:24:19,117] {logging_mixin.py:115} INFO - [2023-12-03 21:24:19,117] {manager.py:508} INFO - Created Permission View: can read on DAG:example_branch_python_operator_decorator
[2023-12-03 21:24:19,117] {logging_mixin.py:115} INFO - [2023-12-03 21:24:19,117] {dag.py:2371} INFO - Sync 1 DAGs
[2023-12-03 21:24:19,122] {logging_mixin.py:115} INFO - [2023-12-03 21:24:19,122] {dag.py:2390} INFO - Creating ORM DAG for example_branch_python_operator_decorator
[2023-12-03 21:24:19,130] {logging_mixin.py:115} INFO - [2023-12-03 21:24:19,130] {dag.py:2915} INFO - Setting next_dagrun for example_branch_python_operator_decorator to 2023-12-02T00:00:00+00:00, run_after=2023-12-03T00:00:00+00:00
[2023-12-03 21:24:19,140] {processor.py:161} INFO - Processing /home/antosha/venvs/practice_3/lib/python3.10/site-packages/airflow/example_dags/example_branch_operator_decorator.py took 0.093 seconds
[2023-12-03 21:24:49,843] {processor.py:153} INFO - Started process (PID=5291) to work on /home/antosha/venvs/practice_3/lib/python3.10/site-packages/airflow/example_dags/example_branch_operator_decorator.py
[2023-12-03 21:24:49,844] {processor.py:641} INFO - Processing file /home/antosha/venvs/practice_3/lib/python3.10/site-packages/airflow/example_dags/example_branch_operator_decorator.py for tasks to queue
[2023-12-03 21:24:49,844] {logging_mixin.py:115} INFO - [2023-12-03 21:24:49,844] {dagbag.py:507} INFO - Filling up the DagBag from /home/antosha/venvs/practice_3/lib/python3.10/site-packages/airflow/example_dags/example_branch_operator_decorator.py
[2023-12-03 21:24:49,860] {processor.py:651} INFO - DAG(s) dict_keys(['example_branch_python_operator_decorator']) retrieved from /home/antosha/venvs/practice_3/lib/python3.10/site-packages/airflow/example_dags/example_branch_operator_decorator.py
[2023-12-03 21:24:49,880] {logging_mixin.py:115} INFO - [2023-12-03 21:24:49,880] {dag.py:2371} INFO - Sync 1 DAGs
[2023-12-03 21:24:49,897] {logging_mixin.py:115} INFO - [2023-12-03 21:24:49,897] {dag.py:2915} INFO - Setting next_dagrun for example_branch_python_operator_decorator to 2023-12-02T00:00:00+00:00, run_after=2023-12-03T00:00:00+00:00
[2023-12-03 21:24:49,904] {processor.py:161} INFO - Processing /home/antosha/venvs/practice_3/lib/python3.10/site-packages/airflow/example_dags/example_branch_operator_decorator.py took 0.064 seconds
[2023-12-03 21:25:23,517] {processor.py:153} INFO - Started process (PID=5337) to work on /home/antosha/venvs/practice_3/lib/python3.10/site-packages/airflow/example_dags/example_branch_operator_decorator.py
[2023-12-03 21:25:23,518] {processor.py:641} INFO - Processing file /home/antosha/venvs/practice_3/lib/python3.10/site-packages/airflow/example_dags/example_branch_operator_decorator.py for tasks to queue
[2023-12-03 21:25:23,518] {logging_mixin.py:115} INFO - [2023-12-03 21:25:23,518] {dagbag.py:507} INFO - Filling up the DagBag from /home/antosha/venvs/practice_3/lib/python3.10/site-packages/airflow/example_dags/example_branch_operator_decorator.py
[2023-12-03 21:25:23,532] {processor.py:651} INFO - DAG(s) dict_keys(['example_branch_python_operator_decorator']) retrieved from /home/antosha/venvs/practice_3/lib/python3.10/site-packages/airflow/example_dags/example_branch_operator_decorator.py
[2023-12-03 21:25:23,547] {logging_mixin.py:115} INFO - [2023-12-03 21:25:23,547] {dag.py:2371} INFO - Sync 1 DAGs
[2023-12-03 21:25:23,558] {logging_mixin.py:115} INFO - [2023-12-03 21:25:23,558] {dag.py:2915} INFO - Setting next_dagrun for example_branch_python_operator_decorator to 2023-12-02T00:00:00+00:00, run_after=2023-12-03T00:00:00+00:00
[2023-12-03 21:25:23,566] {processor.py:161} INFO - Processing /home/antosha/venvs/practice_3/lib/python3.10/site-packages/airflow/example_dags/example_branch_operator_decorator.py took 0.051 seconds
[2023-12-03 21:25:55,023] {processor.py:153} INFO - Started process (PID=5371) to work on /home/antosha/venvs/practice_3/lib/python3.10/site-packages/airflow/example_dags/example_branch_operator_decorator.py
[2023-12-03 21:25:55,024] {processor.py:641} INFO - Processing file /home/antosha/venvs/practice_3/lib/python3.10/site-packages/airflow/example_dags/example_branch_operator_decorator.py for tasks to queue
[2023-12-03 21:25:55,024] {logging_mixin.py:115} INFO - [2023-12-03 21:25:55,024] {dagbag.py:507} INFO - Filling up the DagBag from /home/antosha/venvs/practice_3/lib/python3.10/site-packages/airflow/example_dags/example_branch_operator_decorator.py
[2023-12-03 21:25:55,037] {processor.py:651} INFO - DAG(s) dict_keys(['example_branch_python_operator_decorator']) retrieved from /home/antosha/venvs/practice_3/lib/python3.10/site-packages/airflow/example_dags/example_branch_operator_decorator.py
[2023-12-03 21:25:55,051] {logging_mixin.py:115} INFO - [2023-12-03 21:25:55,051] {dag.py:2371} INFO - Sync 1 DAGs
[2023-12-03 21:25:55,063] {logging_mixin.py:115} INFO - [2023-12-03 21:25:55,063] {dag.py:2915} INFO - Setting next_dagrun for example_branch_python_operator_decorator to 2023-12-02T00:00:00+00:00, run_after=2023-12-03T00:00:00+00:00
[2023-12-03 21:25:55,071] {processor.py:161} INFO - Processing /home/antosha/venvs/practice_3/lib/python3.10/site-packages/airflow/example_dags/example_branch_operator_decorator.py took 0.050 seconds
[2023-12-03 21:26:28,494] {processor.py:153} INFO - Started process (PID=5405) to work on /home/antosha/venvs/practice_3/lib/python3.10/site-packages/airflow/example_dags/example_branch_operator_decorator.py
[2023-12-03 21:26:28,495] {processor.py:641} INFO - Processing file /home/antosha/venvs/practice_3/lib/python3.10/site-packages/airflow/example_dags/example_branch_operator_decorator.py for tasks to queue
[2023-12-03 21:26:28,495] {logging_mixin.py:115} INFO - [2023-12-03 21:26:28,495] {dagbag.py:507} INFO - Filling up the DagBag from /home/antosha/venvs/practice_3/lib/python3.10/site-packages/airflow/example_dags/example_branch_operator_decorator.py
[2023-12-03 21:26:28,508] {processor.py:651} INFO - DAG(s) dict_keys(['example_branch_python_operator_decorator']) retrieved from /home/antosha/venvs/practice_3/lib/python3.10/site-packages/airflow/example_dags/example_branch_operator_decorator.py
[2023-12-03 21:26:28,522] {logging_mixin.py:115} INFO - [2023-12-03 21:26:28,522] {dag.py:2371} INFO - Sync 1 DAGs
[2023-12-03 21:26:28,534] {logging_mixin.py:115} INFO - [2023-12-03 21:26:28,534] {dag.py:2915} INFO - Setting next_dagrun for example_branch_python_operator_decorator to 2023-12-02T00:00:00+00:00, run_after=2023-12-03T00:00:00+00:00
[2023-12-03 21:26:28,541] {processor.py:161} INFO - Processing /home/antosha/venvs/practice_3/lib/python3.10/site-packages/airflow/example_dags/example_branch_operator_decorator.py took 0.050 seconds
[2023-12-03 21:27:00,529] {processor.py:153} INFO - Started process (PID=5455) to work on /home/antosha/venvs/practice_3/lib/python3.10/site-packages/airflow/example_dags/example_branch_operator_decorator.py
[2023-12-03 21:27:00,530] {processor.py:641} INFO - Processing file /home/antosha/venvs/practice_3/lib/python3.10/site-packages/airflow/example_dags/example_branch_operator_decorator.py for tasks to queue
[2023-12-03 21:27:00,530] {logging_mixin.py:115} INFO - [2023-12-03 21:27:00,530] {dagbag.py:507} INFO - Filling up the DagBag from /home/antosha/venvs/practice_3/lib/python3.10/site-packages/airflow/example_dags/example_branch_operator_decorator.py
[2023-12-03 21:27:00,544] {processor.py:651} INFO - DAG(s) dict_keys(['example_branch_python_operator_decorator']) retrieved from /home/antosha/venvs/practice_3/lib/python3.10/site-packages/airflow/example_dags/example_branch_operator_decorator.py
[2023-12-03 21:27:00,558] {logging_mixin.py:115} INFO - [2023-12-03 21:27:00,558] {dag.py:2371} INFO - Sync 1 DAGs
[2023-12-03 21:27:00,570] {logging_mixin.py:115} INFO - [2023-12-03 21:27:00,570] {dag.py:2915} INFO - Setting next_dagrun for example_branch_python_operator_decorator to 2023-12-02T00:00:00+00:00, run_after=2023-12-03T00:00:00+00:00
[2023-12-03 21:27:00,577] {processor.py:161} INFO - Processing /home/antosha/venvs/practice_3/lib/python3.10/site-packages/airflow/example_dags/example_branch_operator_decorator.py took 0.050 seconds
[2023-12-03 21:27:33,070] {processor.py:153} INFO - Started process (PID=5490) to work on /home/antosha/venvs/practice_3/lib/python3.10/site-packages/airflow/example_dags/example_branch_operator_decorator.py
[2023-12-03 21:27:33,070] {processor.py:641} INFO - Processing file /home/antosha/venvs/practice_3/lib/python3.10/site-packages/airflow/example_dags/example_branch_operator_decorator.py for tasks to queue
[2023-12-03 21:27:33,070] {logging_mixin.py:115} INFO - [2023-12-03 21:27:33,070] {dagbag.py:507} INFO - Filling up the DagBag from /home/antosha/venvs/practice_3/lib/python3.10/site-packages/airflow/example_dags/example_branch_operator_decorator.py
[2023-12-03 21:27:33,085] {processor.py:651} INFO - DAG(s) dict_keys(['example_branch_python_operator_decorator']) retrieved from /home/antosha/venvs/practice_3/lib/python3.10/site-packages/airflow/example_dags/example_branch_operator_decorator.py
[2023-12-03 21:27:33,100] {logging_mixin.py:115} INFO - [2023-12-03 21:27:33,100] {dag.py:2371} INFO - Sync 1 DAGs
[2023-12-03 21:27:33,112] {logging_mixin.py:115} INFO - [2023-12-03 21:27:33,112] {dag.py:2915} INFO - Setting next_dagrun for example_branch_python_operator_decorator to 2023-12-02T00:00:00+00:00, run_after=2023-12-03T00:00:00+00:00
[2023-12-03 21:27:33,121] {processor.py:161} INFO - Processing /home/antosha/venvs/practice_3/lib/python3.10/site-packages/airflow/example_dags/example_branch_operator_decorator.py took 0.054 seconds
[2023-12-03 21:28:06,571] {processor.py:153} INFO - Started process (PID=5559) to work on /home/antosha/venvs/practice_3/lib/python3.10/site-packages/airflow/example_dags/example_branch_operator_decorator.py
[2023-12-03 21:28:06,571] {processor.py:641} INFO - Processing file /home/antosha/venvs/practice_3/lib/python3.10/site-packages/airflow/example_dags/example_branch_operator_decorator.py for tasks to queue
[2023-12-03 21:28:06,572] {logging_mixin.py:115} INFO - [2023-12-03 21:28:06,572] {dagbag.py:507} INFO - Filling up the DagBag from /home/antosha/venvs/practice_3/lib/python3.10/site-packages/airflow/example_dags/example_branch_operator_decorator.py
[2023-12-03 21:28:06,600] {processor.py:651} INFO - DAG(s) dict_keys(['example_branch_python_operator_decorator']) retrieved from /home/antosha/venvs/practice_3/lib/python3.10/site-packages/airflow/example_dags/example_branch_operator_decorator.py
[2023-12-03 21:28:06,624] {logging_mixin.py:115} INFO - [2023-12-03 21:28:06,624] {dag.py:2371} INFO - Sync 1 DAGs
[2023-12-03 21:28:06,657] {logging_mixin.py:115} INFO - [2023-12-03 21:28:06,657] {dag.py:2915} INFO - Setting next_dagrun for example_branch_python_operator_decorator to 2023-12-02T00:00:00+00:00, run_after=2023-12-03T00:00:00+00:00
[2023-12-03 21:28:06,678] {processor.py:161} INFO - Processing /home/antosha/venvs/practice_3/lib/python3.10/site-packages/airflow/example_dags/example_branch_operator_decorator.py took 0.114 seconds
[2023-12-03 21:28:39,716] {processor.py:153} INFO - Started process (PID=5594) to work on /home/antosha/venvs/practice_3/lib/python3.10/site-packages/airflow/example_dags/example_branch_operator_decorator.py
[2023-12-03 21:28:39,716] {processor.py:641} INFO - Processing file /home/antosha/venvs/practice_3/lib/python3.10/site-packages/airflow/example_dags/example_branch_operator_decorator.py for tasks to queue
[2023-12-03 21:28:39,717] {logging_mixin.py:115} INFO - [2023-12-03 21:28:39,717] {dagbag.py:507} INFO - Filling up the DagBag from /home/antosha/venvs/practice_3/lib/python3.10/site-packages/airflow/example_dags/example_branch_operator_decorator.py
[2023-12-03 21:28:39,730] {processor.py:651} INFO - DAG(s) dict_keys(['example_branch_python_operator_decorator']) retrieved from /home/antosha/venvs/practice_3/lib/python3.10/site-packages/airflow/example_dags/example_branch_operator_decorator.py
[2023-12-03 21:28:39,744] {logging_mixin.py:115} INFO - [2023-12-03 21:28:39,744] {dag.py:2371} INFO - Sync 1 DAGs
[2023-12-03 21:28:39,756] {logging_mixin.py:115} INFO - [2023-12-03 21:28:39,756] {dag.py:2915} INFO - Setting next_dagrun for example_branch_python_operator_decorator to 2023-12-02T00:00:00+00:00, run_after=2023-12-03T00:00:00+00:00
[2023-12-03 21:28:39,763] {processor.py:161} INFO - Processing /home/antosha/venvs/practice_3/lib/python3.10/site-packages/airflow/example_dags/example_branch_operator_decorator.py took 0.050 seconds
[2023-12-03 21:29:11,655] {processor.py:153} INFO - Started process (PID=5634) to work on /home/antosha/venvs/practice_3/lib/python3.10/site-packages/airflow/example_dags/example_branch_operator_decorator.py
[2023-12-03 21:29:11,656] {processor.py:641} INFO - Processing file /home/antosha/venvs/practice_3/lib/python3.10/site-packages/airflow/example_dags/example_branch_operator_decorator.py for tasks to queue
[2023-12-03 21:29:11,656] {logging_mixin.py:115} INFO - [2023-12-03 21:29:11,656] {dagbag.py:507} INFO - Filling up the DagBag from /home/antosha/venvs/practice_3/lib/python3.10/site-packages/airflow/example_dags/example_branch_operator_decorator.py
[2023-12-03 21:29:11,670] {processor.py:651} INFO - DAG(s) dict_keys(['example_branch_python_operator_decorator']) retrieved from /home/antosha/venvs/practice_3/lib/python3.10/site-packages/airflow/example_dags/example_branch_operator_decorator.py
[2023-12-03 21:29:11,683] {logging_mixin.py:115} INFO - [2023-12-03 21:29:11,683] {dag.py:2371} INFO - Sync 1 DAGs
[2023-12-03 21:29:11,695] {logging_mixin.py:115} INFO - [2023-12-03 21:29:11,695] {dag.py:2915} INFO - Setting next_dagrun for example_branch_python_operator_decorator to 2023-12-02T00:00:00+00:00, run_after=2023-12-03T00:00:00+00:00
[2023-12-03 21:29:11,702] {processor.py:161} INFO - Processing /home/antosha/venvs/practice_3/lib/python3.10/site-packages/airflow/example_dags/example_branch_operator_decorator.py took 0.049 seconds
[2023-12-03 21:29:44,654] {processor.py:153} INFO - Started process (PID=5673) to work on /home/antosha/venvs/practice_3/lib/python3.10/site-packages/airflow/example_dags/example_branch_operator_decorator.py
[2023-12-03 21:29:44,655] {processor.py:641} INFO - Processing file /home/antosha/venvs/practice_3/lib/python3.10/site-packages/airflow/example_dags/example_branch_operator_decorator.py for tasks to queue
[2023-12-03 21:29:44,655] {logging_mixin.py:115} INFO - [2023-12-03 21:29:44,655] {dagbag.py:507} INFO - Filling up the DagBag from /home/antosha/venvs/practice_3/lib/python3.10/site-packages/airflow/example_dags/example_branch_operator_decorator.py
[2023-12-03 21:29:44,669] {processor.py:651} INFO - DAG(s) dict_keys(['example_branch_python_operator_decorator']) retrieved from /home/antosha/venvs/practice_3/lib/python3.10/site-packages/airflow/example_dags/example_branch_operator_decorator.py
[2023-12-03 21:29:44,684] {logging_mixin.py:115} INFO - [2023-12-03 21:29:44,684] {dag.py:2371} INFO - Sync 1 DAGs
[2023-12-03 21:29:44,696] {logging_mixin.py:115} INFO - [2023-12-03 21:29:44,696] {dag.py:2915} INFO - Setting next_dagrun for example_branch_python_operator_decorator to 2023-12-02T00:00:00+00:00, run_after=2023-12-03T00:00:00+00:00
[2023-12-03 21:29:44,704] {processor.py:161} INFO - Processing /home/antosha/venvs/practice_3/lib/python3.10/site-packages/airflow/example_dags/example_branch_operator_decorator.py took 0.052 seconds
[2023-12-03 21:30:16,564] {processor.py:153} INFO - Started process (PID=5712) to work on /home/antosha/venvs/practice_3/lib/python3.10/site-packages/airflow/example_dags/example_branch_operator_decorator.py
[2023-12-03 21:30:16,565] {processor.py:641} INFO - Processing file /home/antosha/venvs/practice_3/lib/python3.10/site-packages/airflow/example_dags/example_branch_operator_decorator.py for tasks to queue
[2023-12-03 21:30:16,565] {logging_mixin.py:115} INFO - [2023-12-03 21:30:16,565] {dagbag.py:507} INFO - Filling up the DagBag from /home/antosha/venvs/practice_3/lib/python3.10/site-packages/airflow/example_dags/example_branch_operator_decorator.py
[2023-12-03 21:30:16,579] {processor.py:651} INFO - DAG(s) dict_keys(['example_branch_python_operator_decorator']) retrieved from /home/antosha/venvs/practice_3/lib/python3.10/site-packages/airflow/example_dags/example_branch_operator_decorator.py
[2023-12-03 21:30:16,592] {logging_mixin.py:115} INFO - [2023-12-03 21:30:16,592] {dag.py:2371} INFO - Sync 1 DAGs
[2023-12-03 21:30:16,604] {logging_mixin.py:115} INFO - [2023-12-03 21:30:16,604] {dag.py:2915} INFO - Setting next_dagrun for example_branch_python_operator_decorator to 2023-12-02T00:00:00+00:00, run_after=2023-12-03T00:00:00+00:00
[2023-12-03 21:30:16,612] {processor.py:161} INFO - Processing /home/antosha/venvs/practice_3/lib/python3.10/site-packages/airflow/example_dags/example_branch_operator_decorator.py took 0.050 seconds
[2023-12-03 21:30:49,107] {processor.py:153} INFO - Started process (PID=5755) to work on /home/antosha/venvs/practice_3/lib/python3.10/site-packages/airflow/example_dags/example_branch_operator_decorator.py
[2023-12-03 21:30:49,108] {processor.py:641} INFO - Processing file /home/antosha/venvs/practice_3/lib/python3.10/site-packages/airflow/example_dags/example_branch_operator_decorator.py for tasks to queue
[2023-12-03 21:30:49,108] {logging_mixin.py:115} INFO - [2023-12-03 21:30:49,108] {dagbag.py:507} INFO - Filling up the DagBag from /home/antosha/venvs/practice_3/lib/python3.10/site-packages/airflow/example_dags/example_branch_operator_decorator.py
[2023-12-03 21:30:49,124] {processor.py:651} INFO - DAG(s) dict_keys(['example_branch_python_operator_decorator']) retrieved from /home/antosha/venvs/practice_3/lib/python3.10/site-packages/airflow/example_dags/example_branch_operator_decorator.py
[2023-12-03 21:30:49,141] {logging_mixin.py:115} INFO - [2023-12-03 21:30:49,141] {dag.py:2371} INFO - Sync 1 DAGs
[2023-12-03 21:30:49,155] {logging_mixin.py:115} INFO - [2023-12-03 21:30:49,155] {dag.py:2915} INFO - Setting next_dagrun for example_branch_python_operator_decorator to 2023-12-02T00:00:00+00:00, run_after=2023-12-03T00:00:00+00:00
[2023-12-03 21:30:49,166] {processor.py:161} INFO - Processing /home/antosha/venvs/practice_3/lib/python3.10/site-packages/airflow/example_dags/example_branch_operator_decorator.py took 0.061 seconds
[2023-12-03 21:31:22,123] {processor.py:153} INFO - Started process (PID=5789) to work on /home/antosha/venvs/practice_3/lib/python3.10/site-packages/airflow/example_dags/example_branch_operator_decorator.py
[2023-12-03 21:31:22,123] {processor.py:641} INFO - Processing file /home/antosha/venvs/practice_3/lib/python3.10/site-packages/airflow/example_dags/example_branch_operator_decorator.py for tasks to queue
[2023-12-03 21:31:22,123] {logging_mixin.py:115} INFO - [2023-12-03 21:31:22,123] {dagbag.py:507} INFO - Filling up the DagBag from /home/antosha/venvs/practice_3/lib/python3.10/site-packages/airflow/example_dags/example_branch_operator_decorator.py
[2023-12-03 21:31:22,137] {processor.py:651} INFO - DAG(s) dict_keys(['example_branch_python_operator_decorator']) retrieved from /home/antosha/venvs/practice_3/lib/python3.10/site-packages/airflow/example_dags/example_branch_operator_decorator.py
[2023-12-03 21:31:22,151] {logging_mixin.py:115} INFO - [2023-12-03 21:31:22,151] {dag.py:2371} INFO - Sync 1 DAGs
[2023-12-03 21:31:22,163] {logging_mixin.py:115} INFO - [2023-12-03 21:31:22,163] {dag.py:2915} INFO - Setting next_dagrun for example_branch_python_operator_decorator to 2023-12-02T00:00:00+00:00, run_after=2023-12-03T00:00:00+00:00
[2023-12-03 21:31:22,171] {processor.py:161} INFO - Processing /home/antosha/venvs/practice_3/lib/python3.10/site-packages/airflow/example_dags/example_branch_operator_decorator.py took 0.050 seconds
[2023-12-03 21:31:54,040] {processor.py:153} INFO - Started process (PID=5823) to work on /home/antosha/venvs/practice_3/lib/python3.10/site-packages/airflow/example_dags/example_branch_operator_decorator.py
[2023-12-03 21:31:54,041] {processor.py:641} INFO - Processing file /home/antosha/venvs/practice_3/lib/python3.10/site-packages/airflow/example_dags/example_branch_operator_decorator.py for tasks to queue
[2023-12-03 21:31:54,041] {logging_mixin.py:115} INFO - [2023-12-03 21:31:54,041] {dagbag.py:507} INFO - Filling up the DagBag from /home/antosha/venvs/practice_3/lib/python3.10/site-packages/airflow/example_dags/example_branch_operator_decorator.py
[2023-12-03 21:31:54,055] {processor.py:651} INFO - DAG(s) dict_keys(['example_branch_python_operator_decorator']) retrieved from /home/antosha/venvs/practice_3/lib/python3.10/site-packages/airflow/example_dags/example_branch_operator_decorator.py
[2023-12-03 21:31:54,071] {logging_mixin.py:115} INFO - [2023-12-03 21:31:54,071] {dag.py:2371} INFO - Sync 1 DAGs
[2023-12-03 21:31:54,085] {logging_mixin.py:115} INFO - [2023-12-03 21:31:54,085] {dag.py:2915} INFO - Setting next_dagrun for example_branch_python_operator_decorator to 2023-12-02T00:00:00+00:00, run_after=2023-12-03T00:00:00+00:00
[2023-12-03 21:31:54,094] {processor.py:161} INFO - Processing /home/antosha/venvs/practice_3/lib/python3.10/site-packages/airflow/example_dags/example_branch_operator_decorator.py took 0.056 seconds
[2023-12-03 21:32:26,585] {processor.py:153} INFO - Started process (PID=5857) to work on /home/antosha/venvs/practice_3/lib/python3.10/site-packages/airflow/example_dags/example_branch_operator_decorator.py
[2023-12-03 21:32:26,586] {processor.py:641} INFO - Processing file /home/antosha/venvs/practice_3/lib/python3.10/site-packages/airflow/example_dags/example_branch_operator_decorator.py for tasks to queue
[2023-12-03 21:32:26,586] {logging_mixin.py:115} INFO - [2023-12-03 21:32:26,586] {dagbag.py:507} INFO - Filling up the DagBag from /home/antosha/venvs/practice_3/lib/python3.10/site-packages/airflow/example_dags/example_branch_operator_decorator.py
[2023-12-03 21:32:26,600] {processor.py:651} INFO - DAG(s) dict_keys(['example_branch_python_operator_decorator']) retrieved from /home/antosha/venvs/practice_3/lib/python3.10/site-packages/airflow/example_dags/example_branch_operator_decorator.py
[2023-12-03 21:32:26,614] {logging_mixin.py:115} INFO - [2023-12-03 21:32:26,614] {dag.py:2371} INFO - Sync 1 DAGs
[2023-12-03 21:32:26,626] {logging_mixin.py:115} INFO - [2023-12-03 21:32:26,626] {dag.py:2915} INFO - Setting next_dagrun for example_branch_python_operator_decorator to 2023-12-02T00:00:00+00:00, run_after=2023-12-03T00:00:00+00:00
[2023-12-03 21:32:26,633] {processor.py:161} INFO - Processing /home/antosha/venvs/practice_3/lib/python3.10/site-packages/airflow/example_dags/example_branch_operator_decorator.py took 0.051 seconds
[2023-12-03 21:33:01,261] {processor.py:153} INFO - Started process (PID=5895) to work on /home/antosha/venvs/practice_3/lib/python3.10/site-packages/airflow/example_dags/example_branch_operator_decorator.py
[2023-12-03 21:33:01,261] {processor.py:641} INFO - Processing file /home/antosha/venvs/practice_3/lib/python3.10/site-packages/airflow/example_dags/example_branch_operator_decorator.py for tasks to queue
[2023-12-03 21:33:01,262] {logging_mixin.py:115} INFO - [2023-12-03 21:33:01,262] {dagbag.py:507} INFO - Filling up the DagBag from /home/antosha/venvs/practice_3/lib/python3.10/site-packages/airflow/example_dags/example_branch_operator_decorator.py
[2023-12-03 21:33:01,275] {processor.py:651} INFO - DAG(s) dict_keys(['example_branch_python_operator_decorator']) retrieved from /home/antosha/venvs/practice_3/lib/python3.10/site-packages/airflow/example_dags/example_branch_operator_decorator.py
[2023-12-03 21:33:01,290] {logging_mixin.py:115} INFO - [2023-12-03 21:33:01,290] {dag.py:2371} INFO - Sync 1 DAGs
[2023-12-03 21:33:01,301] {logging_mixin.py:115} INFO - [2023-12-03 21:33:01,301] {dag.py:2915} INFO - Setting next_dagrun for example_branch_python_operator_decorator to 2023-12-02T00:00:00+00:00, run_after=2023-12-03T00:00:00+00:00
[2023-12-03 21:33:01,310] {processor.py:161} INFO - Processing /home/antosha/venvs/practice_3/lib/python3.10/site-packages/airflow/example_dags/example_branch_operator_decorator.py took 0.051 seconds
[2023-12-03 21:33:32,180] {processor.py:153} INFO - Started process (PID=5929) to work on /home/antosha/venvs/practice_3/lib/python3.10/site-packages/airflow/example_dags/example_branch_operator_decorator.py
[2023-12-03 21:33:32,180] {processor.py:641} INFO - Processing file /home/antosha/venvs/practice_3/lib/python3.10/site-packages/airflow/example_dags/example_branch_operator_decorator.py for tasks to queue
[2023-12-03 21:33:32,181] {logging_mixin.py:115} INFO - [2023-12-03 21:33:32,181] {dagbag.py:507} INFO - Filling up the DagBag from /home/antosha/venvs/practice_3/lib/python3.10/site-packages/airflow/example_dags/example_branch_operator_decorator.py
[2023-12-03 21:33:32,194] {processor.py:651} INFO - DAG(s) dict_keys(['example_branch_python_operator_decorator']) retrieved from /home/antosha/venvs/practice_3/lib/python3.10/site-packages/airflow/example_dags/example_branch_operator_decorator.py
[2023-12-03 21:33:32,208] {logging_mixin.py:115} INFO - [2023-12-03 21:33:32,208] {dag.py:2371} INFO - Sync 1 DAGs
[2023-12-03 21:33:32,220] {logging_mixin.py:115} INFO - [2023-12-03 21:33:32,220] {dag.py:2915} INFO - Setting next_dagrun for example_branch_python_operator_decorator to 2023-12-02T00:00:00+00:00, run_after=2023-12-03T00:00:00+00:00
[2023-12-03 21:33:32,228] {processor.py:161} INFO - Processing /home/antosha/venvs/practice_3/lib/python3.10/site-packages/airflow/example_dags/example_branch_operator_decorator.py took 0.050 seconds
[2023-12-03 21:34:05,137] {processor.py:153} INFO - Started process (PID=5966) to work on /home/antosha/venvs/practice_3/lib/python3.10/site-packages/airflow/example_dags/example_branch_operator_decorator.py
[2023-12-03 21:34:05,138] {processor.py:641} INFO - Processing file /home/antosha/venvs/practice_3/lib/python3.10/site-packages/airflow/example_dags/example_branch_operator_decorator.py for tasks to queue
[2023-12-03 21:34:05,138] {logging_mixin.py:115} INFO - [2023-12-03 21:34:05,138] {dagbag.py:507} INFO - Filling up the DagBag from /home/antosha/venvs/practice_3/lib/python3.10/site-packages/airflow/example_dags/example_branch_operator_decorator.py
[2023-12-03 21:34:05,154] {processor.py:651} INFO - DAG(s) dict_keys(['example_branch_python_operator_decorator']) retrieved from /home/antosha/venvs/practice_3/lib/python3.10/site-packages/airflow/example_dags/example_branch_operator_decorator.py
[2023-12-03 21:34:05,165] {logging_mixin.py:115} INFO - [2023-12-03 21:34:05,165] {dag.py:2371} INFO - Sync 1 DAGs
[2023-12-03 21:34:05,178] {logging_mixin.py:115} INFO - [2023-12-03 21:34:05,177] {dag.py:2915} INFO - Setting next_dagrun for example_branch_python_operator_decorator to 2023-12-02T00:00:00+00:00, run_after=2023-12-03T00:00:00+00:00
[2023-12-03 21:34:05,185] {processor.py:161} INFO - Processing /home/antosha/venvs/practice_3/lib/python3.10/site-packages/airflow/example_dags/example_branch_operator_decorator.py took 0.050 seconds
[2023-12-03 21:34:38,112] {processor.py:153} INFO - Started process (PID=6001) to work on /home/antosha/venvs/practice_3/lib/python3.10/site-packages/airflow/example_dags/example_branch_operator_decorator.py
[2023-12-03 21:34:38,113] {processor.py:641} INFO - Processing file /home/antosha/venvs/practice_3/lib/python3.10/site-packages/airflow/example_dags/example_branch_operator_decorator.py for tasks to queue
[2023-12-03 21:34:38,114] {logging_mixin.py:115} INFO - [2023-12-03 21:34:38,113] {dagbag.py:507} INFO - Filling up the DagBag from /home/antosha/venvs/practice_3/lib/python3.10/site-packages/airflow/example_dags/example_branch_operator_decorator.py
[2023-12-03 21:34:38,129] {processor.py:651} INFO - DAG(s) dict_keys(['example_branch_python_operator_decorator']) retrieved from /home/antosha/venvs/practice_3/lib/python3.10/site-packages/airflow/example_dags/example_branch_operator_decorator.py
[2023-12-03 21:34:38,141] {logging_mixin.py:115} INFO - [2023-12-03 21:34:38,141] {dag.py:2371} INFO - Sync 1 DAGs
[2023-12-03 21:34:38,153] {logging_mixin.py:115} INFO - [2023-12-03 21:34:38,153] {dag.py:2915} INFO - Setting next_dagrun for example_branch_python_operator_decorator to 2023-12-02T00:00:00+00:00, run_after=2023-12-03T00:00:00+00:00
[2023-12-03 21:34:38,160] {processor.py:161} INFO - Processing /home/antosha/venvs/practice_3/lib/python3.10/site-packages/airflow/example_dags/example_branch_operator_decorator.py took 0.051 seconds
[2023-12-03 21:35:09,501] {processor.py:153} INFO - Started process (PID=6040) to work on /home/antosha/venvs/practice_3/lib/python3.10/site-packages/airflow/example_dags/example_branch_operator_decorator.py
[2023-12-03 21:35:09,502] {processor.py:641} INFO - Processing file /home/antosha/venvs/practice_3/lib/python3.10/site-packages/airflow/example_dags/example_branch_operator_decorator.py for tasks to queue
[2023-12-03 21:35:09,502] {logging_mixin.py:115} INFO - [2023-12-03 21:35:09,502] {dagbag.py:507} INFO - Filling up the DagBag from /home/antosha/venvs/practice_3/lib/python3.10/site-packages/airflow/example_dags/example_branch_operator_decorator.py
[2023-12-03 21:35:09,518] {processor.py:651} INFO - DAG(s) dict_keys(['example_branch_python_operator_decorator']) retrieved from /home/antosha/venvs/practice_3/lib/python3.10/site-packages/airflow/example_dags/example_branch_operator_decorator.py
[2023-12-03 21:35:09,530] {logging_mixin.py:115} INFO - [2023-12-03 21:35:09,530] {dag.py:2371} INFO - Sync 1 DAGs
[2023-12-03 21:35:09,544] {logging_mixin.py:115} INFO - [2023-12-03 21:35:09,543] {dag.py:2915} INFO - Setting next_dagrun for example_branch_python_operator_decorator to 2023-12-02T00:00:00+00:00, run_after=2023-12-03T00:00:00+00:00
[2023-12-03 21:35:09,551] {processor.py:161} INFO - Processing /home/antosha/venvs/practice_3/lib/python3.10/site-packages/airflow/example_dags/example_branch_operator_decorator.py took 0.052 seconds
[2023-12-03 21:35:43,208] {processor.py:153} INFO - Started process (PID=6081) to work on /home/antosha/venvs/practice_3/lib/python3.10/site-packages/airflow/example_dags/example_branch_operator_decorator.py
[2023-12-03 21:35:43,209] {processor.py:641} INFO - Processing file /home/antosha/venvs/practice_3/lib/python3.10/site-packages/airflow/example_dags/example_branch_operator_decorator.py for tasks to queue
[2023-12-03 21:35:43,210] {logging_mixin.py:115} INFO - [2023-12-03 21:35:43,210] {dagbag.py:507} INFO - Filling up the DagBag from /home/antosha/venvs/practice_3/lib/python3.10/site-packages/airflow/example_dags/example_branch_operator_decorator.py
[2023-12-03 21:35:43,230] {processor.py:651} INFO - DAG(s) dict_keys(['example_branch_python_operator_decorator']) retrieved from /home/antosha/venvs/practice_3/lib/python3.10/site-packages/airflow/example_dags/example_branch_operator_decorator.py
[2023-12-03 21:35:43,245] {logging_mixin.py:115} INFO - [2023-12-03 21:35:43,245] {dag.py:2371} INFO - Sync 1 DAGs
[2023-12-03 21:35:43,259] {logging_mixin.py:115} INFO - [2023-12-03 21:35:43,259] {dag.py:2915} INFO - Setting next_dagrun for example_branch_python_operator_decorator to 2023-12-02T00:00:00+00:00, run_after=2023-12-03T00:00:00+00:00
[2023-12-03 21:35:43,271] {processor.py:161} INFO - Processing /home/antosha/venvs/practice_3/lib/python3.10/site-packages/airflow/example_dags/example_branch_operator_decorator.py took 0.067 seconds
