[2023-12-03 21:24:10,045] {processor.py:153} INFO - Started process (PID=5241) to work on /home/antosha/venvs/practice_3/lib/python3.10/site-packages/airflow/example_dags/example_subdag_operator.py
[2023-12-03 21:24:10,045] {processor.py:641} INFO - Processing file /home/antosha/venvs/practice_3/lib/python3.10/site-packages/airflow/example_dags/example_subdag_operator.py for tasks to queue
[2023-12-03 21:24:10,046] {logging_mixin.py:115} INFO - [2023-12-03 21:24:10,046] {dagbag.py:507} INFO - Filling up the DagBag from /home/antosha/venvs/practice_3/lib/python3.10/site-packages/airflow/example_dags/example_subdag_operator.py
[2023-12-03 21:24:10,062] {processor.py:651} INFO - DAG(s) dict_keys(['example_subdag_operator.section-1', 'example_subdag_operator.section-2', 'example_subdag_operator']) retrieved from /home/antosha/venvs/practice_3/lib/python3.10/site-packages/airflow/example_dags/example_subdag_operator.py
[2023-12-03 21:24:10,104] {logging_mixin.py:115} INFO - [2023-12-03 21:24:10,104] {manager.py:508} INFO - Created Permission View: can delete on DAG:example_subdag_operator
[2023-12-03 21:24:10,109] {logging_mixin.py:115} INFO - [2023-12-03 21:24:10,109] {manager.py:508} INFO - Created Permission View: can edit on DAG:example_subdag_operator
[2023-12-03 21:24:10,113] {logging_mixin.py:115} INFO - [2023-12-03 21:24:10,113] {manager.py:508} INFO - Created Permission View: can read on DAG:example_subdag_operator
[2023-12-03 21:24:10,113] {logging_mixin.py:115} INFO - [2023-12-03 21:24:10,113] {dag.py:2371} INFO - Sync 3 DAGs
[2023-12-03 21:24:10,118] {logging_mixin.py:115} INFO - [2023-12-03 21:24:10,118] {dag.py:2390} INFO - Creating ORM DAG for example_subdag_operator.section-2
[2023-12-03 21:24:10,118] {logging_mixin.py:115} INFO - [2023-12-03 21:24:10,118] {dag.py:2390} INFO - Creating ORM DAG for example_subdag_operator.section-1
[2023-12-03 21:24:10,118] {logging_mixin.py:115} INFO - [2023-12-03 21:24:10,118] {dag.py:2390} INFO - Creating ORM DAG for example_subdag_operator
[2023-12-03 21:24:10,123] {logging_mixin.py:115} INFO - [2023-12-03 21:24:10,123] {dag.py:2915} INFO - Setting next_dagrun for example_subdag_operator to 2023-12-01T00:00:00+00:00, run_after=2023-12-01T00:00:00+00:00
[2023-12-03 21:24:10,124] {logging_mixin.py:115} INFO - [2023-12-03 21:24:10,124] {dag.py:2915} INFO - Setting next_dagrun for example_subdag_operator.section-1 to None, run_after=None
[2023-12-03 21:24:10,124] {logging_mixin.py:115} INFO - [2023-12-03 21:24:10,124] {dag.py:2915} INFO - Setting next_dagrun for example_subdag_operator.section-2 to None, run_after=None
[2023-12-03 21:24:10,127] {logging_mixin.py:115} INFO - [2023-12-03 21:24:10,127] {dag.py:2371} INFO - Sync 2 DAGs
[2023-12-03 21:24:10,130] {logging_mixin.py:115} INFO - [2023-12-03 21:24:10,130] {dag.py:2915} INFO - Setting next_dagrun for example_subdag_operator.section-1 to None, run_after=None
[2023-12-03 21:24:10,130] {logging_mixin.py:115} INFO - [2023-12-03 21:24:10,130] {dag.py:2915} INFO - Setting next_dagrun for example_subdag_operator.section-2 to None, run_after=None
[2023-12-03 21:24:10,141] {processor.py:161} INFO - Processing /home/antosha/venvs/practice_3/lib/python3.10/site-packages/airflow/example_dags/example_subdag_operator.py took 0.098 seconds
[2023-12-03 21:24:41,834] {processor.py:153} INFO - Started process (PID=5282) to work on /home/antosha/venvs/practice_3/lib/python3.10/site-packages/airflow/example_dags/example_subdag_operator.py
[2023-12-03 21:24:41,834] {processor.py:641} INFO - Processing file /home/antosha/venvs/practice_3/lib/python3.10/site-packages/airflow/example_dags/example_subdag_operator.py for tasks to queue
[2023-12-03 21:24:41,834] {logging_mixin.py:115} INFO - [2023-12-03 21:24:41,834] {dagbag.py:507} INFO - Filling up the DagBag from /home/antosha/venvs/practice_3/lib/python3.10/site-packages/airflow/example_dags/example_subdag_operator.py
[2023-12-03 21:24:41,855] {processor.py:651} INFO - DAG(s) dict_keys(['example_subdag_operator.section-1', 'example_subdag_operator.section-2', 'example_subdag_operator']) retrieved from /home/antosha/venvs/practice_3/lib/python3.10/site-packages/airflow/example_dags/example_subdag_operator.py
[2023-12-03 21:24:41,871] {logging_mixin.py:115} INFO - [2023-12-03 21:24:41,871] {dag.py:2371} INFO - Sync 3 DAGs
[2023-12-03 21:24:41,882] {logging_mixin.py:115} INFO - [2023-12-03 21:24:41,882] {dag.py:2915} INFO - Setting next_dagrun for example_subdag_operator to 2023-12-01T00:00:00+00:00, run_after=2023-12-01T00:00:00+00:00
[2023-12-03 21:24:41,882] {logging_mixin.py:115} INFO - [2023-12-03 21:24:41,882] {dag.py:2915} INFO - Setting next_dagrun for example_subdag_operator.section-1 to None, run_after=None
[2023-12-03 21:24:41,882] {logging_mixin.py:115} INFO - [2023-12-03 21:24:41,882] {dag.py:2915} INFO - Setting next_dagrun for example_subdag_operator.section-2 to None, run_after=None
[2023-12-03 21:24:41,885] {logging_mixin.py:115} INFO - [2023-12-03 21:24:41,885] {dag.py:2371} INFO - Sync 2 DAGs
[2023-12-03 21:24:41,887] {logging_mixin.py:115} INFO - [2023-12-03 21:24:41,887] {dag.py:2915} INFO - Setting next_dagrun for example_subdag_operator.section-1 to None, run_after=None
[2023-12-03 21:24:41,887] {logging_mixin.py:115} INFO - [2023-12-03 21:24:41,887] {dag.py:2915} INFO - Setting next_dagrun for example_subdag_operator.section-2 to None, run_after=None
[2023-12-03 21:24:41,893] {processor.py:161} INFO - Processing /home/antosha/venvs/practice_3/lib/python3.10/site-packages/airflow/example_dags/example_subdag_operator.py took 0.066 seconds
[2023-12-03 21:25:15,536] {processor.py:153} INFO - Started process (PID=5328) to work on /home/antosha/venvs/practice_3/lib/python3.10/site-packages/airflow/example_dags/example_subdag_operator.py
[2023-12-03 21:25:15,536] {processor.py:641} INFO - Processing file /home/antosha/venvs/practice_3/lib/python3.10/site-packages/airflow/example_dags/example_subdag_operator.py for tasks to queue
[2023-12-03 21:25:15,537] {logging_mixin.py:115} INFO - [2023-12-03 21:25:15,537] {dagbag.py:507} INFO - Filling up the DagBag from /home/antosha/venvs/practice_3/lib/python3.10/site-packages/airflow/example_dags/example_subdag_operator.py
[2023-12-03 21:25:15,557] {processor.py:651} INFO - DAG(s) dict_keys(['example_subdag_operator.section-1', 'example_subdag_operator.section-2', 'example_subdag_operator']) retrieved from /home/antosha/venvs/practice_3/lib/python3.10/site-packages/airflow/example_dags/example_subdag_operator.py
[2023-12-03 21:25:15,571] {logging_mixin.py:115} INFO - [2023-12-03 21:25:15,571] {dag.py:2371} INFO - Sync 3 DAGs
[2023-12-03 21:25:15,581] {logging_mixin.py:115} INFO - [2023-12-03 21:25:15,581] {dag.py:2915} INFO - Setting next_dagrun for example_subdag_operator to 2023-12-01T00:00:00+00:00, run_after=2023-12-01T00:00:00+00:00
[2023-12-03 21:25:15,582] {logging_mixin.py:115} INFO - [2023-12-03 21:25:15,581] {dag.py:2915} INFO - Setting next_dagrun for example_subdag_operator.section-1 to None, run_after=None
[2023-12-03 21:25:15,582] {logging_mixin.py:115} INFO - [2023-12-03 21:25:15,582] {dag.py:2915} INFO - Setting next_dagrun for example_subdag_operator.section-2 to None, run_after=None
[2023-12-03 21:25:15,584] {logging_mixin.py:115} INFO - [2023-12-03 21:25:15,584] {dag.py:2371} INFO - Sync 2 DAGs
[2023-12-03 21:25:15,587] {logging_mixin.py:115} INFO - [2023-12-03 21:25:15,586] {dag.py:2915} INFO - Setting next_dagrun for example_subdag_operator.section-1 to None, run_after=None
[2023-12-03 21:25:15,587] {logging_mixin.py:115} INFO - [2023-12-03 21:25:15,587] {dag.py:2915} INFO - Setting next_dagrun for example_subdag_operator.section-2 to None, run_after=None
[2023-12-03 21:25:15,592] {processor.py:161} INFO - Processing /home/antosha/venvs/practice_3/lib/python3.10/site-packages/airflow/example_dags/example_subdag_operator.py took 0.059 seconds
[2023-12-03 21:25:46,304] {processor.py:153} INFO - Started process (PID=5362) to work on /home/antosha/venvs/practice_3/lib/python3.10/site-packages/airflow/example_dags/example_subdag_operator.py
[2023-12-03 21:25:46,304] {processor.py:641} INFO - Processing file /home/antosha/venvs/practice_3/lib/python3.10/site-packages/airflow/example_dags/example_subdag_operator.py for tasks to queue
[2023-12-03 21:25:46,304] {logging_mixin.py:115} INFO - [2023-12-03 21:25:46,304] {dagbag.py:507} INFO - Filling up the DagBag from /home/antosha/venvs/practice_3/lib/python3.10/site-packages/airflow/example_dags/example_subdag_operator.py
[2023-12-03 21:25:46,321] {processor.py:651} INFO - DAG(s) dict_keys(['example_subdag_operator.section-1', 'example_subdag_operator.section-2', 'example_subdag_operator']) retrieved from /home/antosha/venvs/practice_3/lib/python3.10/site-packages/airflow/example_dags/example_subdag_operator.py
[2023-12-03 21:25:46,334] {logging_mixin.py:115} INFO - [2023-12-03 21:25:46,334] {dag.py:2371} INFO - Sync 3 DAGs
[2023-12-03 21:25:46,344] {logging_mixin.py:115} INFO - [2023-12-03 21:25:46,344] {dag.py:2915} INFO - Setting next_dagrun for example_subdag_operator to 2023-12-01T00:00:00+00:00, run_after=2023-12-01T00:00:00+00:00
[2023-12-03 21:25:46,344] {logging_mixin.py:115} INFO - [2023-12-03 21:25:46,344] {dag.py:2915} INFO - Setting next_dagrun for example_subdag_operator.section-1 to None, run_after=None
[2023-12-03 21:25:46,344] {logging_mixin.py:115} INFO - [2023-12-03 21:25:46,344] {dag.py:2915} INFO - Setting next_dagrun for example_subdag_operator.section-2 to None, run_after=None
[2023-12-03 21:25:46,347] {logging_mixin.py:115} INFO - [2023-12-03 21:25:46,347] {dag.py:2371} INFO - Sync 2 DAGs
[2023-12-03 21:25:46,349] {logging_mixin.py:115} INFO - [2023-12-03 21:25:46,349] {dag.py:2915} INFO - Setting next_dagrun for example_subdag_operator.section-1 to None, run_after=None
[2023-12-03 21:25:46,349] {logging_mixin.py:115} INFO - [2023-12-03 21:25:46,349] {dag.py:2915} INFO - Setting next_dagrun for example_subdag_operator.section-2 to None, run_after=None
[2023-12-03 21:25:46,355] {processor.py:161} INFO - Processing /home/antosha/venvs/practice_3/lib/python3.10/site-packages/airflow/example_dags/example_subdag_operator.py took 0.054 seconds
[2023-12-03 21:26:20,484] {processor.py:153} INFO - Started process (PID=5396) to work on /home/antosha/venvs/practice_3/lib/python3.10/site-packages/airflow/example_dags/example_subdag_operator.py
[2023-12-03 21:26:20,484] {processor.py:641} INFO - Processing file /home/antosha/venvs/practice_3/lib/python3.10/site-packages/airflow/example_dags/example_subdag_operator.py for tasks to queue
[2023-12-03 21:26:20,484] {logging_mixin.py:115} INFO - [2023-12-03 21:26:20,484] {dagbag.py:507} INFO - Filling up the DagBag from /home/antosha/venvs/practice_3/lib/python3.10/site-packages/airflow/example_dags/example_subdag_operator.py
[2023-12-03 21:26:20,501] {processor.py:651} INFO - DAG(s) dict_keys(['example_subdag_operator.section-1', 'example_subdag_operator.section-2', 'example_subdag_operator']) retrieved from /home/antosha/venvs/practice_3/lib/python3.10/site-packages/airflow/example_dags/example_subdag_operator.py
[2023-12-03 21:26:20,514] {logging_mixin.py:115} INFO - [2023-12-03 21:26:20,514] {dag.py:2371} INFO - Sync 3 DAGs
[2023-12-03 21:26:20,525] {logging_mixin.py:115} INFO - [2023-12-03 21:26:20,525] {dag.py:2915} INFO - Setting next_dagrun for example_subdag_operator to 2023-12-01T00:00:00+00:00, run_after=2023-12-01T00:00:00+00:00
[2023-12-03 21:26:20,525] {logging_mixin.py:115} INFO - [2023-12-03 21:26:20,525] {dag.py:2915} INFO - Setting next_dagrun for example_subdag_operator.section-1 to None, run_after=None
[2023-12-03 21:26:20,525] {logging_mixin.py:115} INFO - [2023-12-03 21:26:20,525] {dag.py:2915} INFO - Setting next_dagrun for example_subdag_operator.section-2 to None, run_after=None
[2023-12-03 21:26:20,528] {logging_mixin.py:115} INFO - [2023-12-03 21:26:20,528] {dag.py:2371} INFO - Sync 2 DAGs
[2023-12-03 21:26:20,530] {logging_mixin.py:115} INFO - [2023-12-03 21:26:20,530] {dag.py:2915} INFO - Setting next_dagrun for example_subdag_operator.section-1 to None, run_after=None
[2023-12-03 21:26:20,530] {logging_mixin.py:115} INFO - [2023-12-03 21:26:20,530] {dag.py:2915} INFO - Setting next_dagrun for example_subdag_operator.section-2 to None, run_after=None
[2023-12-03 21:26:20,535] {processor.py:161} INFO - Processing /home/antosha/venvs/practice_3/lib/python3.10/site-packages/airflow/example_dags/example_subdag_operator.py took 0.054 seconds
[2023-12-03 21:26:52,005] {processor.py:153} INFO - Started process (PID=5446) to work on /home/antosha/venvs/practice_3/lib/python3.10/site-packages/airflow/example_dags/example_subdag_operator.py
[2023-12-03 21:26:52,006] {processor.py:641} INFO - Processing file /home/antosha/venvs/practice_3/lib/python3.10/site-packages/airflow/example_dags/example_subdag_operator.py for tasks to queue
[2023-12-03 21:26:52,006] {logging_mixin.py:115} INFO - [2023-12-03 21:26:52,006] {dagbag.py:507} INFO - Filling up the DagBag from /home/antosha/venvs/practice_3/lib/python3.10/site-packages/airflow/example_dags/example_subdag_operator.py
[2023-12-03 21:26:52,022] {processor.py:651} INFO - DAG(s) dict_keys(['example_subdag_operator.section-1', 'example_subdag_operator.section-2', 'example_subdag_operator']) retrieved from /home/antosha/venvs/practice_3/lib/python3.10/site-packages/airflow/example_dags/example_subdag_operator.py
[2023-12-03 21:26:52,036] {logging_mixin.py:115} INFO - [2023-12-03 21:26:52,036] {dag.py:2371} INFO - Sync 3 DAGs
[2023-12-03 21:26:52,046] {logging_mixin.py:115} INFO - [2023-12-03 21:26:52,046] {dag.py:2915} INFO - Setting next_dagrun for example_subdag_operator to 2023-12-01T00:00:00+00:00, run_after=2023-12-01T00:00:00+00:00
[2023-12-03 21:26:52,046] {logging_mixin.py:115} INFO - [2023-12-03 21:26:52,046] {dag.py:2915} INFO - Setting next_dagrun for example_subdag_operator.section-1 to None, run_after=None
[2023-12-03 21:26:52,046] {logging_mixin.py:115} INFO - [2023-12-03 21:26:52,046] {dag.py:2915} INFO - Setting next_dagrun for example_subdag_operator.section-2 to None, run_after=None
[2023-12-03 21:26:52,049] {logging_mixin.py:115} INFO - [2023-12-03 21:26:52,049] {dag.py:2371} INFO - Sync 2 DAGs
[2023-12-03 21:26:52,051] {logging_mixin.py:115} INFO - [2023-12-03 21:26:52,051] {dag.py:2915} INFO - Setting next_dagrun for example_subdag_operator.section-1 to None, run_after=None
[2023-12-03 21:26:52,051] {logging_mixin.py:115} INFO - [2023-12-03 21:26:52,051] {dag.py:2915} INFO - Setting next_dagrun for example_subdag_operator.section-2 to None, run_after=None
[2023-12-03 21:26:52,056] {processor.py:161} INFO - Processing /home/antosha/venvs/practice_3/lib/python3.10/site-packages/airflow/example_dags/example_subdag_operator.py took 0.054 seconds
[2023-12-03 21:27:24,428] {processor.py:153} INFO - Started process (PID=5480) to work on /home/antosha/venvs/practice_3/lib/python3.10/site-packages/airflow/example_dags/example_subdag_operator.py
[2023-12-03 21:27:24,429] {processor.py:641} INFO - Processing file /home/antosha/venvs/practice_3/lib/python3.10/site-packages/airflow/example_dags/example_subdag_operator.py for tasks to queue
[2023-12-03 21:27:24,429] {logging_mixin.py:115} INFO - [2023-12-03 21:27:24,429] {dagbag.py:507} INFO - Filling up the DagBag from /home/antosha/venvs/practice_3/lib/python3.10/site-packages/airflow/example_dags/example_subdag_operator.py
[2023-12-03 21:27:24,447] {processor.py:651} INFO - DAG(s) dict_keys(['example_subdag_operator.section-1', 'example_subdag_operator.section-2', 'example_subdag_operator']) retrieved from /home/antosha/venvs/practice_3/lib/python3.10/site-packages/airflow/example_dags/example_subdag_operator.py
[2023-12-03 21:27:24,461] {logging_mixin.py:115} INFO - [2023-12-03 21:27:24,461] {dag.py:2371} INFO - Sync 3 DAGs
[2023-12-03 21:27:24,472] {logging_mixin.py:115} INFO - [2023-12-03 21:27:24,472] {dag.py:2915} INFO - Setting next_dagrun for example_subdag_operator to 2023-12-01T00:00:00+00:00, run_after=2023-12-01T00:00:00+00:00
[2023-12-03 21:27:24,473] {logging_mixin.py:115} INFO - [2023-12-03 21:27:24,473] {dag.py:2915} INFO - Setting next_dagrun for example_subdag_operator.section-1 to None, run_after=None
[2023-12-03 21:27:24,473] {logging_mixin.py:115} INFO - [2023-12-03 21:27:24,473] {dag.py:2915} INFO - Setting next_dagrun for example_subdag_operator.section-2 to None, run_after=None
[2023-12-03 21:27:24,476] {logging_mixin.py:115} INFO - [2023-12-03 21:27:24,476] {dag.py:2371} INFO - Sync 2 DAGs
[2023-12-03 21:27:24,478] {logging_mixin.py:115} INFO - [2023-12-03 21:27:24,478] {dag.py:2915} INFO - Setting next_dagrun for example_subdag_operator.section-1 to None, run_after=None
[2023-12-03 21:27:24,478] {logging_mixin.py:115} INFO - [2023-12-03 21:27:24,478] {dag.py:2915} INFO - Setting next_dagrun for example_subdag_operator.section-2 to None, run_after=None
[2023-12-03 21:27:24,489] {processor.py:161} INFO - Processing /home/antosha/venvs/practice_3/lib/python3.10/site-packages/airflow/example_dags/example_subdag_operator.py took 0.063 seconds
[2023-12-03 21:27:57,562] {processor.py:153} INFO - Started process (PID=5545) to work on /home/antosha/venvs/practice_3/lib/python3.10/site-packages/airflow/example_dags/example_subdag_operator.py
[2023-12-03 21:27:57,562] {processor.py:641} INFO - Processing file /home/antosha/venvs/practice_3/lib/python3.10/site-packages/airflow/example_dags/example_subdag_operator.py for tasks to queue
[2023-12-03 21:27:57,563] {logging_mixin.py:115} INFO - [2023-12-03 21:27:57,563] {dagbag.py:507} INFO - Filling up the DagBag from /home/antosha/venvs/practice_3/lib/python3.10/site-packages/airflow/example_dags/example_subdag_operator.py
[2023-12-03 21:27:57,579] {processor.py:651} INFO - DAG(s) dict_keys(['example_subdag_operator.section-1', 'example_subdag_operator.section-2', 'example_subdag_operator']) retrieved from /home/antosha/venvs/practice_3/lib/python3.10/site-packages/airflow/example_dags/example_subdag_operator.py
[2023-12-03 21:27:57,593] {logging_mixin.py:115} INFO - [2023-12-03 21:27:57,593] {dag.py:2371} INFO - Sync 3 DAGs
[2023-12-03 21:27:57,603] {logging_mixin.py:115} INFO - [2023-12-03 21:27:57,603] {dag.py:2915} INFO - Setting next_dagrun for example_subdag_operator to 2023-12-01T00:00:00+00:00, run_after=2023-12-01T00:00:00+00:00
[2023-12-03 21:27:57,603] {logging_mixin.py:115} INFO - [2023-12-03 21:27:57,603] {dag.py:2915} INFO - Setting next_dagrun for example_subdag_operator.section-1 to None, run_after=None
[2023-12-03 21:27:57,603] {logging_mixin.py:115} INFO - [2023-12-03 21:27:57,603] {dag.py:2915} INFO - Setting next_dagrun for example_subdag_operator.section-2 to None, run_after=None
[2023-12-03 21:27:57,606] {logging_mixin.py:115} INFO - [2023-12-03 21:27:57,606] {dag.py:2371} INFO - Sync 2 DAGs
[2023-12-03 21:27:57,608] {logging_mixin.py:115} INFO - [2023-12-03 21:27:57,608] {dag.py:2915} INFO - Setting next_dagrun for example_subdag_operator.section-1 to None, run_after=None
[2023-12-03 21:27:57,608] {logging_mixin.py:115} INFO - [2023-12-03 21:27:57,608] {dag.py:2915} INFO - Setting next_dagrun for example_subdag_operator.section-2 to None, run_after=None
[2023-12-03 21:27:57,613] {processor.py:161} INFO - Processing /home/antosha/venvs/practice_3/lib/python3.10/site-packages/airflow/example_dags/example_subdag_operator.py took 0.053 seconds
[2023-12-03 21:28:30,585] {processor.py:153} INFO - Started process (PID=5585) to work on /home/antosha/venvs/practice_3/lib/python3.10/site-packages/airflow/example_dags/example_subdag_operator.py
[2023-12-03 21:28:30,585] {processor.py:641} INFO - Processing file /home/antosha/venvs/practice_3/lib/python3.10/site-packages/airflow/example_dags/example_subdag_operator.py for tasks to queue
[2023-12-03 21:28:30,586] {logging_mixin.py:115} INFO - [2023-12-03 21:28:30,585] {dagbag.py:507} INFO - Filling up the DagBag from /home/antosha/venvs/practice_3/lib/python3.10/site-packages/airflow/example_dags/example_subdag_operator.py
[2023-12-03 21:28:30,602] {processor.py:651} INFO - DAG(s) dict_keys(['example_subdag_operator.section-1', 'example_subdag_operator.section-2', 'example_subdag_operator']) retrieved from /home/antosha/venvs/practice_3/lib/python3.10/site-packages/airflow/example_dags/example_subdag_operator.py
[2023-12-03 21:28:30,615] {logging_mixin.py:115} INFO - [2023-12-03 21:28:30,615] {dag.py:2371} INFO - Sync 3 DAGs
[2023-12-03 21:28:30,626] {logging_mixin.py:115} INFO - [2023-12-03 21:28:30,625] {dag.py:2915} INFO - Setting next_dagrun for example_subdag_operator to 2023-12-01T00:00:00+00:00, run_after=2023-12-01T00:00:00+00:00
[2023-12-03 21:28:30,626] {logging_mixin.py:115} INFO - [2023-12-03 21:28:30,626] {dag.py:2915} INFO - Setting next_dagrun for example_subdag_operator.section-1 to None, run_after=None
[2023-12-03 21:28:30,626] {logging_mixin.py:115} INFO - [2023-12-03 21:28:30,626] {dag.py:2915} INFO - Setting next_dagrun for example_subdag_operator.section-2 to None, run_after=None
[2023-12-03 21:28:30,629] {logging_mixin.py:115} INFO - [2023-12-03 21:28:30,629] {dag.py:2371} INFO - Sync 2 DAGs
[2023-12-03 21:28:30,631] {logging_mixin.py:115} INFO - [2023-12-03 21:28:30,631] {dag.py:2915} INFO - Setting next_dagrun for example_subdag_operator.section-1 to None, run_after=None
[2023-12-03 21:28:30,631] {logging_mixin.py:115} INFO - [2023-12-03 21:28:30,631] {dag.py:2915} INFO - Setting next_dagrun for example_subdag_operator.section-2 to None, run_after=None
[2023-12-03 21:28:30,636] {processor.py:161} INFO - Processing /home/antosha/venvs/practice_3/lib/python3.10/site-packages/airflow/example_dags/example_subdag_operator.py took 0.054 seconds
[2023-12-03 21:29:03,634] {processor.py:153} INFO - Started process (PID=5625) to work on /home/antosha/venvs/practice_3/lib/python3.10/site-packages/airflow/example_dags/example_subdag_operator.py
[2023-12-03 21:29:03,634] {processor.py:641} INFO - Processing file /home/antosha/venvs/practice_3/lib/python3.10/site-packages/airflow/example_dags/example_subdag_operator.py for tasks to queue
[2023-12-03 21:29:03,634] {logging_mixin.py:115} INFO - [2023-12-03 21:29:03,634] {dagbag.py:507} INFO - Filling up the DagBag from /home/antosha/venvs/practice_3/lib/python3.10/site-packages/airflow/example_dags/example_subdag_operator.py
[2023-12-03 21:29:03,651] {processor.py:651} INFO - DAG(s) dict_keys(['example_subdag_operator.section-1', 'example_subdag_operator.section-2', 'example_subdag_operator']) retrieved from /home/antosha/venvs/practice_3/lib/python3.10/site-packages/airflow/example_dags/example_subdag_operator.py
[2023-12-03 21:29:03,665] {logging_mixin.py:115} INFO - [2023-12-03 21:29:03,665] {dag.py:2371} INFO - Sync 3 DAGs
[2023-12-03 21:29:03,675] {logging_mixin.py:115} INFO - [2023-12-03 21:29:03,675] {dag.py:2915} INFO - Setting next_dagrun for example_subdag_operator to 2023-12-01T00:00:00+00:00, run_after=2023-12-01T00:00:00+00:00
[2023-12-03 21:29:03,675] {logging_mixin.py:115} INFO - [2023-12-03 21:29:03,675] {dag.py:2915} INFO - Setting next_dagrun for example_subdag_operator.section-1 to None, run_after=None
[2023-12-03 21:29:03,675] {logging_mixin.py:115} INFO - [2023-12-03 21:29:03,675] {dag.py:2915} INFO - Setting next_dagrun for example_subdag_operator.section-2 to None, run_after=None
[2023-12-03 21:29:03,678] {logging_mixin.py:115} INFO - [2023-12-03 21:29:03,678] {dag.py:2371} INFO - Sync 2 DAGs
[2023-12-03 21:29:03,680] {logging_mixin.py:115} INFO - [2023-12-03 21:29:03,680] {dag.py:2915} INFO - Setting next_dagrun for example_subdag_operator.section-1 to None, run_after=None
[2023-12-03 21:29:03,680] {logging_mixin.py:115} INFO - [2023-12-03 21:29:03,680] {dag.py:2915} INFO - Setting next_dagrun for example_subdag_operator.section-2 to None, run_after=None
[2023-12-03 21:29:03,686] {processor.py:161} INFO - Processing /home/antosha/venvs/practice_3/lib/python3.10/site-packages/airflow/example_dags/example_subdag_operator.py took 0.055 seconds
[2023-12-03 21:29:36,137] {processor.py:153} INFO - Started process (PID=5664) to work on /home/antosha/venvs/practice_3/lib/python3.10/site-packages/airflow/example_dags/example_subdag_operator.py
[2023-12-03 21:29:36,138] {processor.py:641} INFO - Processing file /home/antosha/venvs/practice_3/lib/python3.10/site-packages/airflow/example_dags/example_subdag_operator.py for tasks to queue
[2023-12-03 21:29:36,138] {logging_mixin.py:115} INFO - [2023-12-03 21:29:36,138] {dagbag.py:507} INFO - Filling up the DagBag from /home/antosha/venvs/practice_3/lib/python3.10/site-packages/airflow/example_dags/example_subdag_operator.py
[2023-12-03 21:29:36,154] {processor.py:651} INFO - DAG(s) dict_keys(['example_subdag_operator.section-1', 'example_subdag_operator.section-2', 'example_subdag_operator']) retrieved from /home/antosha/venvs/practice_3/lib/python3.10/site-packages/airflow/example_dags/example_subdag_operator.py
[2023-12-03 21:29:36,167] {logging_mixin.py:115} INFO - [2023-12-03 21:29:36,167] {dag.py:2371} INFO - Sync 3 DAGs
[2023-12-03 21:29:36,178] {logging_mixin.py:115} INFO - [2023-12-03 21:29:36,177] {dag.py:2915} INFO - Setting next_dagrun for example_subdag_operator to 2023-12-01T00:00:00+00:00, run_after=2023-12-01T00:00:00+00:00
[2023-12-03 21:29:36,178] {logging_mixin.py:115} INFO - [2023-12-03 21:29:36,178] {dag.py:2915} INFO - Setting next_dagrun for example_subdag_operator.section-1 to None, run_after=None
[2023-12-03 21:29:36,178] {logging_mixin.py:115} INFO - [2023-12-03 21:29:36,178] {dag.py:2915} INFO - Setting next_dagrun for example_subdag_operator.section-2 to None, run_after=None
[2023-12-03 21:29:36,181] {logging_mixin.py:115} INFO - [2023-12-03 21:29:36,180] {dag.py:2371} INFO - Sync 2 DAGs
[2023-12-03 21:29:36,183] {logging_mixin.py:115} INFO - [2023-12-03 21:29:36,182] {dag.py:2915} INFO - Setting next_dagrun for example_subdag_operator.section-1 to None, run_after=None
[2023-12-03 21:29:36,183] {logging_mixin.py:115} INFO - [2023-12-03 21:29:36,183] {dag.py:2915} INFO - Setting next_dagrun for example_subdag_operator.section-2 to None, run_after=None
[2023-12-03 21:29:36,188] {processor.py:161} INFO - Processing /home/antosha/venvs/practice_3/lib/python3.10/site-packages/airflow/example_dags/example_subdag_operator.py took 0.053 seconds
[2023-12-03 21:30:08,045] {processor.py:153} INFO - Started process (PID=5703) to work on /home/antosha/venvs/practice_3/lib/python3.10/site-packages/airflow/example_dags/example_subdag_operator.py
[2023-12-03 21:30:08,046] {processor.py:641} INFO - Processing file /home/antosha/venvs/practice_3/lib/python3.10/site-packages/airflow/example_dags/example_subdag_operator.py for tasks to queue
[2023-12-03 21:30:08,046] {logging_mixin.py:115} INFO - [2023-12-03 21:30:08,046] {dagbag.py:507} INFO - Filling up the DagBag from /home/antosha/venvs/practice_3/lib/python3.10/site-packages/airflow/example_dags/example_subdag_operator.py
[2023-12-03 21:30:08,062] {processor.py:651} INFO - DAG(s) dict_keys(['example_subdag_operator.section-1', 'example_subdag_operator.section-2', 'example_subdag_operator']) retrieved from /home/antosha/venvs/practice_3/lib/python3.10/site-packages/airflow/example_dags/example_subdag_operator.py
[2023-12-03 21:30:08,076] {logging_mixin.py:115} INFO - [2023-12-03 21:30:08,076] {dag.py:2371} INFO - Sync 3 DAGs
[2023-12-03 21:30:08,087] {logging_mixin.py:115} INFO - [2023-12-03 21:30:08,087] {dag.py:2915} INFO - Setting next_dagrun for example_subdag_operator to 2023-12-01T00:00:00+00:00, run_after=2023-12-01T00:00:00+00:00
[2023-12-03 21:30:08,087] {logging_mixin.py:115} INFO - [2023-12-03 21:30:08,087] {dag.py:2915} INFO - Setting next_dagrun for example_subdag_operator.section-1 to None, run_after=None
[2023-12-03 21:30:08,087] {logging_mixin.py:115} INFO - [2023-12-03 21:30:08,087] {dag.py:2915} INFO - Setting next_dagrun for example_subdag_operator.section-2 to None, run_after=None
[2023-12-03 21:30:08,090] {logging_mixin.py:115} INFO - [2023-12-03 21:30:08,090] {dag.py:2371} INFO - Sync 2 DAGs
[2023-12-03 21:30:08,092] {logging_mixin.py:115} INFO - [2023-12-03 21:30:08,092] {dag.py:2915} INFO - Setting next_dagrun for example_subdag_operator.section-1 to None, run_after=None
[2023-12-03 21:30:08,092] {logging_mixin.py:115} INFO - [2023-12-03 21:30:08,092] {dag.py:2915} INFO - Setting next_dagrun for example_subdag_operator.section-2 to None, run_after=None
[2023-12-03 21:30:08,097] {processor.py:161} INFO - Processing /home/antosha/venvs/practice_3/lib/python3.10/site-packages/airflow/example_dags/example_subdag_operator.py took 0.054 seconds
[2023-12-03 21:30:39,961] {processor.py:153} INFO - Started process (PID=5746) to work on /home/antosha/venvs/practice_3/lib/python3.10/site-packages/airflow/example_dags/example_subdag_operator.py
[2023-12-03 21:30:39,962] {processor.py:641} INFO - Processing file /home/antosha/venvs/practice_3/lib/python3.10/site-packages/airflow/example_dags/example_subdag_operator.py for tasks to queue
[2023-12-03 21:30:39,962] {logging_mixin.py:115} INFO - [2023-12-03 21:30:39,962] {dagbag.py:507} INFO - Filling up the DagBag from /home/antosha/venvs/practice_3/lib/python3.10/site-packages/airflow/example_dags/example_subdag_operator.py
[2023-12-03 21:30:39,982] {processor.py:651} INFO - DAG(s) dict_keys(['example_subdag_operator.section-1', 'example_subdag_operator.section-2', 'example_subdag_operator']) retrieved from /home/antosha/venvs/practice_3/lib/python3.10/site-packages/airflow/example_dags/example_subdag_operator.py
[2023-12-03 21:30:40,000] {logging_mixin.py:115} INFO - [2023-12-03 21:30:40,000] {dag.py:2371} INFO - Sync 3 DAGs
[2023-12-03 21:30:40,011] {logging_mixin.py:115} INFO - [2023-12-03 21:30:40,011] {dag.py:2915} INFO - Setting next_dagrun for example_subdag_operator to 2023-12-01T00:00:00+00:00, run_after=2023-12-01T00:00:00+00:00
[2023-12-03 21:30:40,011] {logging_mixin.py:115} INFO - [2023-12-03 21:30:40,011] {dag.py:2915} INFO - Setting next_dagrun for example_subdag_operator.section-1 to None, run_after=None
[2023-12-03 21:30:40,011] {logging_mixin.py:115} INFO - [2023-12-03 21:30:40,011] {dag.py:2915} INFO - Setting next_dagrun for example_subdag_operator.section-2 to None, run_after=None
[2023-12-03 21:30:40,014] {logging_mixin.py:115} INFO - [2023-12-03 21:30:40,014] {dag.py:2371} INFO - Sync 2 DAGs
[2023-12-03 21:30:40,016] {logging_mixin.py:115} INFO - [2023-12-03 21:30:40,016] {dag.py:2915} INFO - Setting next_dagrun for example_subdag_operator.section-1 to None, run_after=None
[2023-12-03 21:30:40,017] {logging_mixin.py:115} INFO - [2023-12-03 21:30:40,016] {dag.py:2915} INFO - Setting next_dagrun for example_subdag_operator.section-2 to None, run_after=None
[2023-12-03 21:30:40,022] {processor.py:161} INFO - Processing /home/antosha/venvs/practice_3/lib/python3.10/site-packages/airflow/example_dags/example_subdag_operator.py took 0.063 seconds
[2023-12-03 21:31:13,329] {processor.py:153} INFO - Started process (PID=5780) to work on /home/antosha/venvs/practice_3/lib/python3.10/site-packages/airflow/example_dags/example_subdag_operator.py
[2023-12-03 21:31:13,330] {processor.py:641} INFO - Processing file /home/antosha/venvs/practice_3/lib/python3.10/site-packages/airflow/example_dags/example_subdag_operator.py for tasks to queue
[2023-12-03 21:31:13,330] {logging_mixin.py:115} INFO - [2023-12-03 21:31:13,330] {dagbag.py:507} INFO - Filling up the DagBag from /home/antosha/venvs/practice_3/lib/python3.10/site-packages/airflow/example_dags/example_subdag_operator.py
[2023-12-03 21:31:13,347] {processor.py:651} INFO - DAG(s) dict_keys(['example_subdag_operator.section-1', 'example_subdag_operator.section-2', 'example_subdag_operator']) retrieved from /home/antosha/venvs/practice_3/lib/python3.10/site-packages/airflow/example_dags/example_subdag_operator.py
[2023-12-03 21:31:13,362] {logging_mixin.py:115} INFO - [2023-12-03 21:31:13,362] {dag.py:2371} INFO - Sync 3 DAGs
[2023-12-03 21:31:13,373] {logging_mixin.py:115} INFO - [2023-12-03 21:31:13,372] {dag.py:2915} INFO - Setting next_dagrun for example_subdag_operator to 2023-12-01T00:00:00+00:00, run_after=2023-12-01T00:00:00+00:00
[2023-12-03 21:31:13,373] {logging_mixin.py:115} INFO - [2023-12-03 21:31:13,373] {dag.py:2915} INFO - Setting next_dagrun for example_subdag_operator.section-1 to None, run_after=None
[2023-12-03 21:31:13,373] {logging_mixin.py:115} INFO - [2023-12-03 21:31:13,373] {dag.py:2915} INFO - Setting next_dagrun for example_subdag_operator.section-2 to None, run_after=None
[2023-12-03 21:31:13,376] {logging_mixin.py:115} INFO - [2023-12-03 21:31:13,376] {dag.py:2371} INFO - Sync 2 DAGs
[2023-12-03 21:31:13,378] {logging_mixin.py:115} INFO - [2023-12-03 21:31:13,378] {dag.py:2915} INFO - Setting next_dagrun for example_subdag_operator.section-1 to None, run_after=None
[2023-12-03 21:31:13,378] {logging_mixin.py:115} INFO - [2023-12-03 21:31:13,378] {dag.py:2915} INFO - Setting next_dagrun for example_subdag_operator.section-2 to None, run_after=None
[2023-12-03 21:31:13,384] {processor.py:161} INFO - Processing /home/antosha/venvs/practice_3/lib/python3.10/site-packages/airflow/example_dags/example_subdag_operator.py took 0.058 seconds
[2023-12-03 21:31:45,523] {processor.py:153} INFO - Started process (PID=5814) to work on /home/antosha/venvs/practice_3/lib/python3.10/site-packages/airflow/example_dags/example_subdag_operator.py
[2023-12-03 21:31:45,523] {processor.py:641} INFO - Processing file /home/antosha/venvs/practice_3/lib/python3.10/site-packages/airflow/example_dags/example_subdag_operator.py for tasks to queue
[2023-12-03 21:31:45,524] {logging_mixin.py:115} INFO - [2023-12-03 21:31:45,524] {dagbag.py:507} INFO - Filling up the DagBag from /home/antosha/venvs/practice_3/lib/python3.10/site-packages/airflow/example_dags/example_subdag_operator.py
[2023-12-03 21:31:45,541] {processor.py:651} INFO - DAG(s) dict_keys(['example_subdag_operator.section-1', 'example_subdag_operator.section-2', 'example_subdag_operator']) retrieved from /home/antosha/venvs/practice_3/lib/python3.10/site-packages/airflow/example_dags/example_subdag_operator.py
[2023-12-03 21:31:45,554] {logging_mixin.py:115} INFO - [2023-12-03 21:31:45,554] {dag.py:2371} INFO - Sync 3 DAGs
[2023-12-03 21:31:45,565] {logging_mixin.py:115} INFO - [2023-12-03 21:31:45,565] {dag.py:2915} INFO - Setting next_dagrun for example_subdag_operator to 2023-12-01T00:00:00+00:00, run_after=2023-12-01T00:00:00+00:00
[2023-12-03 21:31:45,565] {logging_mixin.py:115} INFO - [2023-12-03 21:31:45,565] {dag.py:2915} INFO - Setting next_dagrun for example_subdag_operator.section-1 to None, run_after=None
[2023-12-03 21:31:45,565] {logging_mixin.py:115} INFO - [2023-12-03 21:31:45,565] {dag.py:2915} INFO - Setting next_dagrun for example_subdag_operator.section-2 to None, run_after=None
[2023-12-03 21:31:45,568] {logging_mixin.py:115} INFO - [2023-12-03 21:31:45,568] {dag.py:2371} INFO - Sync 2 DAGs
[2023-12-03 21:31:45,570] {logging_mixin.py:115} INFO - [2023-12-03 21:31:45,570] {dag.py:2915} INFO - Setting next_dagrun for example_subdag_operator.section-1 to None, run_after=None
[2023-12-03 21:31:45,570] {logging_mixin.py:115} INFO - [2023-12-03 21:31:45,570] {dag.py:2915} INFO - Setting next_dagrun for example_subdag_operator.section-2 to None, run_after=None
[2023-12-03 21:31:45,575] {processor.py:161} INFO - Processing /home/antosha/venvs/practice_3/lib/python3.10/site-packages/airflow/example_dags/example_subdag_operator.py took 0.055 seconds
[2023-12-03 21:32:17,450] {processor.py:153} INFO - Started process (PID=5848) to work on /home/antosha/venvs/practice_3/lib/python3.10/site-packages/airflow/example_dags/example_subdag_operator.py
[2023-12-03 21:32:17,450] {processor.py:641} INFO - Processing file /home/antosha/venvs/practice_3/lib/python3.10/site-packages/airflow/example_dags/example_subdag_operator.py for tasks to queue
[2023-12-03 21:32:17,451] {logging_mixin.py:115} INFO - [2023-12-03 21:32:17,451] {dagbag.py:507} INFO - Filling up the DagBag from /home/antosha/venvs/practice_3/lib/python3.10/site-packages/airflow/example_dags/example_subdag_operator.py
[2023-12-03 21:32:17,474] {processor.py:651} INFO - DAG(s) dict_keys(['example_subdag_operator.section-1', 'example_subdag_operator.section-2', 'example_subdag_operator']) retrieved from /home/antosha/venvs/practice_3/lib/python3.10/site-packages/airflow/example_dags/example_subdag_operator.py
[2023-12-03 21:32:17,491] {logging_mixin.py:115} INFO - [2023-12-03 21:32:17,491] {dag.py:2371} INFO - Sync 3 DAGs
[2023-12-03 21:32:17,510] {logging_mixin.py:115} INFO - [2023-12-03 21:32:17,510] {dag.py:2915} INFO - Setting next_dagrun for example_subdag_operator to 2023-12-01T00:00:00+00:00, run_after=2023-12-01T00:00:00+00:00
[2023-12-03 21:32:17,510] {logging_mixin.py:115} INFO - [2023-12-03 21:32:17,510] {dag.py:2915} INFO - Setting next_dagrun for example_subdag_operator.section-1 to None, run_after=None
[2023-12-03 21:32:17,510] {logging_mixin.py:115} INFO - [2023-12-03 21:32:17,510] {dag.py:2915} INFO - Setting next_dagrun for example_subdag_operator.section-2 to None, run_after=None
[2023-12-03 21:32:17,516] {logging_mixin.py:115} INFO - [2023-12-03 21:32:17,516] {dag.py:2371} INFO - Sync 2 DAGs
[2023-12-03 21:32:17,519] {logging_mixin.py:115} INFO - [2023-12-03 21:32:17,519] {dag.py:2915} INFO - Setting next_dagrun for example_subdag_operator.section-1 to None, run_after=None
[2023-12-03 21:32:17,519] {logging_mixin.py:115} INFO - [2023-12-03 21:32:17,519] {dag.py:2915} INFO - Setting next_dagrun for example_subdag_operator.section-2 to None, run_after=None
[2023-12-03 21:32:17,526] {processor.py:161} INFO - Processing /home/antosha/venvs/practice_3/lib/python3.10/site-packages/airflow/example_dags/example_subdag_operator.py took 0.080 seconds
[2023-12-03 21:32:52,253] {processor.py:153} INFO - Started process (PID=5886) to work on /home/antosha/venvs/practice_3/lib/python3.10/site-packages/airflow/example_dags/example_subdag_operator.py
[2023-12-03 21:32:52,254] {processor.py:641} INFO - Processing file /home/antosha/venvs/practice_3/lib/python3.10/site-packages/airflow/example_dags/example_subdag_operator.py for tasks to queue
[2023-12-03 21:32:52,254] {logging_mixin.py:115} INFO - [2023-12-03 21:32:52,254] {dagbag.py:507} INFO - Filling up the DagBag from /home/antosha/venvs/practice_3/lib/python3.10/site-packages/airflow/example_dags/example_subdag_operator.py
[2023-12-03 21:32:52,271] {processor.py:651} INFO - DAG(s) dict_keys(['example_subdag_operator.section-1', 'example_subdag_operator.section-2', 'example_subdag_operator']) retrieved from /home/antosha/venvs/practice_3/lib/python3.10/site-packages/airflow/example_dags/example_subdag_operator.py
[2023-12-03 21:32:52,284] {logging_mixin.py:115} INFO - [2023-12-03 21:32:52,284] {dag.py:2371} INFO - Sync 3 DAGs
[2023-12-03 21:32:52,295] {logging_mixin.py:115} INFO - [2023-12-03 21:32:52,295] {dag.py:2915} INFO - Setting next_dagrun for example_subdag_operator to 2023-12-01T00:00:00+00:00, run_after=2023-12-01T00:00:00+00:00
[2023-12-03 21:32:52,295] {logging_mixin.py:115} INFO - [2023-12-03 21:32:52,295] {dag.py:2915} INFO - Setting next_dagrun for example_subdag_operator.section-1 to None, run_after=None
[2023-12-03 21:32:52,295] {logging_mixin.py:115} INFO - [2023-12-03 21:32:52,295] {dag.py:2915} INFO - Setting next_dagrun for example_subdag_operator.section-2 to None, run_after=None
[2023-12-03 21:32:52,298] {logging_mixin.py:115} INFO - [2023-12-03 21:32:52,298] {dag.py:2371} INFO - Sync 2 DAGs
[2023-12-03 21:32:52,300] {logging_mixin.py:115} INFO - [2023-12-03 21:32:52,300] {dag.py:2915} INFO - Setting next_dagrun for example_subdag_operator.section-1 to None, run_after=None
[2023-12-03 21:32:52,300] {logging_mixin.py:115} INFO - [2023-12-03 21:32:52,300] {dag.py:2915} INFO - Setting next_dagrun for example_subdag_operator.section-2 to None, run_after=None
[2023-12-03 21:32:52,306] {processor.py:161} INFO - Processing /home/antosha/venvs/practice_3/lib/python3.10/site-packages/airflow/example_dags/example_subdag_operator.py took 0.055 seconds
[2023-12-03 21:33:23,048] {processor.py:153} INFO - Started process (PID=5920) to work on /home/antosha/venvs/practice_3/lib/python3.10/site-packages/airflow/example_dags/example_subdag_operator.py
[2023-12-03 21:33:23,048] {processor.py:641} INFO - Processing file /home/antosha/venvs/practice_3/lib/python3.10/site-packages/airflow/example_dags/example_subdag_operator.py for tasks to queue
[2023-12-03 21:33:23,048] {logging_mixin.py:115} INFO - [2023-12-03 21:33:23,048] {dagbag.py:507} INFO - Filling up the DagBag from /home/antosha/venvs/practice_3/lib/python3.10/site-packages/airflow/example_dags/example_subdag_operator.py
[2023-12-03 21:33:23,066] {processor.py:651} INFO - DAG(s) dict_keys(['example_subdag_operator.section-1', 'example_subdag_operator.section-2', 'example_subdag_operator']) retrieved from /home/antosha/venvs/practice_3/lib/python3.10/site-packages/airflow/example_dags/example_subdag_operator.py
[2023-12-03 21:33:23,080] {logging_mixin.py:115} INFO - [2023-12-03 21:33:23,080] {dag.py:2371} INFO - Sync 3 DAGs
[2023-12-03 21:33:23,091] {logging_mixin.py:115} INFO - [2023-12-03 21:33:23,091] {dag.py:2915} INFO - Setting next_dagrun for example_subdag_operator to 2023-12-01T00:00:00+00:00, run_after=2023-12-01T00:00:00+00:00
[2023-12-03 21:33:23,091] {logging_mixin.py:115} INFO - [2023-12-03 21:33:23,091] {dag.py:2915} INFO - Setting next_dagrun for example_subdag_operator.section-1 to None, run_after=None
[2023-12-03 21:33:23,091] {logging_mixin.py:115} INFO - [2023-12-03 21:33:23,091] {dag.py:2915} INFO - Setting next_dagrun for example_subdag_operator.section-2 to None, run_after=None
[2023-12-03 21:33:23,095] {logging_mixin.py:115} INFO - [2023-12-03 21:33:23,095] {dag.py:2371} INFO - Sync 2 DAGs
[2023-12-03 21:33:23,097] {logging_mixin.py:115} INFO - [2023-12-03 21:33:23,097] {dag.py:2915} INFO - Setting next_dagrun for example_subdag_operator.section-1 to None, run_after=None
[2023-12-03 21:33:23,097] {logging_mixin.py:115} INFO - [2023-12-03 21:33:23,097] {dag.py:2915} INFO - Setting next_dagrun for example_subdag_operator.section-2 to None, run_after=None
[2023-12-03 21:33:23,103] {processor.py:161} INFO - Processing /home/antosha/venvs/practice_3/lib/python3.10/site-packages/airflow/example_dags/example_subdag_operator.py took 0.058 seconds
[2023-12-03 21:33:57,118] {processor.py:153} INFO - Started process (PID=5954) to work on /home/antosha/venvs/practice_3/lib/python3.10/site-packages/airflow/example_dags/example_subdag_operator.py
[2023-12-03 21:33:57,119] {processor.py:641} INFO - Processing file /home/antosha/venvs/practice_3/lib/python3.10/site-packages/airflow/example_dags/example_subdag_operator.py for tasks to queue
[2023-12-03 21:33:57,119] {logging_mixin.py:115} INFO - [2023-12-03 21:33:57,119] {dagbag.py:507} INFO - Filling up the DagBag from /home/antosha/venvs/practice_3/lib/python3.10/site-packages/airflow/example_dags/example_subdag_operator.py
[2023-12-03 21:33:57,134] {processor.py:651} INFO - DAG(s) dict_keys(['example_subdag_operator.section-1', 'example_subdag_operator.section-2', 'example_subdag_operator']) retrieved from /home/antosha/venvs/practice_3/lib/python3.10/site-packages/airflow/example_dags/example_subdag_operator.py
[2023-12-03 21:33:57,148] {logging_mixin.py:115} INFO - [2023-12-03 21:33:57,148] {dag.py:2371} INFO - Sync 3 DAGs
[2023-12-03 21:33:57,159] {logging_mixin.py:115} INFO - [2023-12-03 21:33:57,159] {dag.py:2915} INFO - Setting next_dagrun for example_subdag_operator to 2023-12-01T00:00:00+00:00, run_after=2023-12-01T00:00:00+00:00
[2023-12-03 21:33:57,159] {logging_mixin.py:115} INFO - [2023-12-03 21:33:57,159] {dag.py:2915} INFO - Setting next_dagrun for example_subdag_operator.section-1 to None, run_after=None
[2023-12-03 21:33:57,159] {logging_mixin.py:115} INFO - [2023-12-03 21:33:57,159] {dag.py:2915} INFO - Setting next_dagrun for example_subdag_operator.section-2 to None, run_after=None
[2023-12-03 21:33:57,162] {logging_mixin.py:115} INFO - [2023-12-03 21:33:57,162] {dag.py:2371} INFO - Sync 2 DAGs
[2023-12-03 21:33:57,164] {logging_mixin.py:115} INFO - [2023-12-03 21:33:57,164] {dag.py:2915} INFO - Setting next_dagrun for example_subdag_operator.section-1 to None, run_after=None
[2023-12-03 21:33:57,165] {logging_mixin.py:115} INFO - [2023-12-03 21:33:57,165] {dag.py:2915} INFO - Setting next_dagrun for example_subdag_operator.section-2 to None, run_after=None
[2023-12-03 21:33:57,171] {processor.py:161} INFO - Processing /home/antosha/venvs/practice_3/lib/python3.10/site-packages/airflow/example_dags/example_subdag_operator.py took 0.055 seconds
[2023-12-03 21:34:29,595] {processor.py:153} INFO - Started process (PID=5992) to work on /home/antosha/venvs/practice_3/lib/python3.10/site-packages/airflow/example_dags/example_subdag_operator.py
[2023-12-03 21:34:29,595] {processor.py:641} INFO - Processing file /home/antosha/venvs/practice_3/lib/python3.10/site-packages/airflow/example_dags/example_subdag_operator.py for tasks to queue
[2023-12-03 21:34:29,596] {logging_mixin.py:115} INFO - [2023-12-03 21:34:29,596] {dagbag.py:507} INFO - Filling up the DagBag from /home/antosha/venvs/practice_3/lib/python3.10/site-packages/airflow/example_dags/example_subdag_operator.py
[2023-12-03 21:34:29,612] {processor.py:651} INFO - DAG(s) dict_keys(['example_subdag_operator.section-1', 'example_subdag_operator.section-2', 'example_subdag_operator']) retrieved from /home/antosha/venvs/practice_3/lib/python3.10/site-packages/airflow/example_dags/example_subdag_operator.py
[2023-12-03 21:34:29,627] {logging_mixin.py:115} INFO - [2023-12-03 21:34:29,627] {dag.py:2371} INFO - Sync 3 DAGs
[2023-12-03 21:34:29,638] {logging_mixin.py:115} INFO - [2023-12-03 21:34:29,638] {dag.py:2915} INFO - Setting next_dagrun for example_subdag_operator to 2023-12-01T00:00:00+00:00, run_after=2023-12-01T00:00:00+00:00
[2023-12-03 21:34:29,638] {logging_mixin.py:115} INFO - [2023-12-03 21:34:29,638] {dag.py:2915} INFO - Setting next_dagrun for example_subdag_operator.section-1 to None, run_after=None
[2023-12-03 21:34:29,638] {logging_mixin.py:115} INFO - [2023-12-03 21:34:29,638] {dag.py:2915} INFO - Setting next_dagrun for example_subdag_operator.section-2 to None, run_after=None
[2023-12-03 21:34:29,641] {logging_mixin.py:115} INFO - [2023-12-03 21:34:29,641] {dag.py:2371} INFO - Sync 2 DAGs
[2023-12-03 21:34:29,644] {logging_mixin.py:115} INFO - [2023-12-03 21:34:29,644] {dag.py:2915} INFO - Setting next_dagrun for example_subdag_operator.section-1 to None, run_after=None
[2023-12-03 21:34:29,644] {logging_mixin.py:115} INFO - [2023-12-03 21:34:29,644] {dag.py:2915} INFO - Setting next_dagrun for example_subdag_operator.section-2 to None, run_after=None
[2023-12-03 21:34:29,649] {processor.py:161} INFO - Processing /home/antosha/venvs/practice_3/lib/python3.10/site-packages/airflow/example_dags/example_subdag_operator.py took 0.057 seconds
[2023-12-03 21:35:00,370] {processor.py:153} INFO - Started process (PID=6028) to work on /home/antosha/venvs/practice_3/lib/python3.10/site-packages/airflow/example_dags/example_subdag_operator.py
[2023-12-03 21:35:00,371] {processor.py:641} INFO - Processing file /home/antosha/venvs/practice_3/lib/python3.10/site-packages/airflow/example_dags/example_subdag_operator.py for tasks to queue
[2023-12-03 21:35:00,371] {logging_mixin.py:115} INFO - [2023-12-03 21:35:00,371] {dagbag.py:507} INFO - Filling up the DagBag from /home/antosha/venvs/practice_3/lib/python3.10/site-packages/airflow/example_dags/example_subdag_operator.py
[2023-12-03 21:35:00,387] {processor.py:651} INFO - DAG(s) dict_keys(['example_subdag_operator.section-1', 'example_subdag_operator.section-2', 'example_subdag_operator']) retrieved from /home/antosha/venvs/practice_3/lib/python3.10/site-packages/airflow/example_dags/example_subdag_operator.py
[2023-12-03 21:35:00,401] {logging_mixin.py:115} INFO - [2023-12-03 21:35:00,401] {dag.py:2371} INFO - Sync 3 DAGs
[2023-12-03 21:35:00,413] {logging_mixin.py:115} INFO - [2023-12-03 21:35:00,413] {dag.py:2915} INFO - Setting next_dagrun for example_subdag_operator to 2023-12-01T00:00:00+00:00, run_after=2023-12-01T00:00:00+00:00
[2023-12-03 21:35:00,413] {logging_mixin.py:115} INFO - [2023-12-03 21:35:00,413] {dag.py:2915} INFO - Setting next_dagrun for example_subdag_operator.section-1 to None, run_after=None
[2023-12-03 21:35:00,413] {logging_mixin.py:115} INFO - [2023-12-03 21:35:00,413] {dag.py:2915} INFO - Setting next_dagrun for example_subdag_operator.section-2 to None, run_after=None
[2023-12-03 21:35:00,416] {logging_mixin.py:115} INFO - [2023-12-03 21:35:00,416] {dag.py:2371} INFO - Sync 2 DAGs
[2023-12-03 21:35:00,418] {logging_mixin.py:115} INFO - [2023-12-03 21:35:00,418] {dag.py:2915} INFO - Setting next_dagrun for example_subdag_operator.section-1 to None, run_after=None
[2023-12-03 21:35:00,418] {logging_mixin.py:115} INFO - [2023-12-03 21:35:00,418] {dag.py:2915} INFO - Setting next_dagrun for example_subdag_operator.section-2 to None, run_after=None
[2023-12-03 21:35:00,423] {processor.py:161} INFO - Processing /home/antosha/venvs/practice_3/lib/python3.10/site-packages/airflow/example_dags/example_subdag_operator.py took 0.056 seconds
[2023-12-03 21:35:34,263] {processor.py:153} INFO - Started process (PID=6071) to work on /home/antosha/venvs/practice_3/lib/python3.10/site-packages/airflow/example_dags/example_subdag_operator.py
[2023-12-03 21:35:34,263] {processor.py:641} INFO - Processing file /home/antosha/venvs/practice_3/lib/python3.10/site-packages/airflow/example_dags/example_subdag_operator.py for tasks to queue
[2023-12-03 21:35:34,264] {logging_mixin.py:115} INFO - [2023-12-03 21:35:34,264] {dagbag.py:507} INFO - Filling up the DagBag from /home/antosha/venvs/practice_3/lib/python3.10/site-packages/airflow/example_dags/example_subdag_operator.py
[2023-12-03 21:35:34,281] {processor.py:651} INFO - DAG(s) dict_keys(['example_subdag_operator.section-1', 'example_subdag_operator.section-2', 'example_subdag_operator']) retrieved from /home/antosha/venvs/practice_3/lib/python3.10/site-packages/airflow/example_dags/example_subdag_operator.py
[2023-12-03 21:35:34,294] {logging_mixin.py:115} INFO - [2023-12-03 21:35:34,294] {dag.py:2371} INFO - Sync 3 DAGs
[2023-12-03 21:35:34,305] {logging_mixin.py:115} INFO - [2023-12-03 21:35:34,305] {dag.py:2915} INFO - Setting next_dagrun for example_subdag_operator to 2023-12-01T00:00:00+00:00, run_after=2023-12-01T00:00:00+00:00
[2023-12-03 21:35:34,305] {logging_mixin.py:115} INFO - [2023-12-03 21:35:34,305] {dag.py:2915} INFO - Setting next_dagrun for example_subdag_operator.section-1 to None, run_after=None
[2023-12-03 21:35:34,305] {logging_mixin.py:115} INFO - [2023-12-03 21:35:34,305] {dag.py:2915} INFO - Setting next_dagrun for example_subdag_operator.section-2 to None, run_after=None
[2023-12-03 21:35:34,309] {logging_mixin.py:115} INFO - [2023-12-03 21:35:34,308] {dag.py:2371} INFO - Sync 2 DAGs
[2023-12-03 21:35:34,311] {logging_mixin.py:115} INFO - [2023-12-03 21:35:34,311] {dag.py:2915} INFO - Setting next_dagrun for example_subdag_operator.section-1 to None, run_after=None
[2023-12-03 21:35:34,311] {logging_mixin.py:115} INFO - [2023-12-03 21:35:34,311] {dag.py:2915} INFO - Setting next_dagrun for example_subdag_operator.section-2 to None, run_after=None
[2023-12-03 21:35:34,316] {processor.py:161} INFO - Processing /home/antosha/venvs/practice_3/lib/python3.10/site-packages/airflow/example_dags/example_subdag_operator.py took 0.056 seconds
