[2023-12-03 21:24:22,429] {processor.py:153} INFO - Started process (PID=5256) to work on /home/antosha/venvs/practice_3/lib/python3.10/site-packages/airflow/example_dags/example_kubernetes_executor.py
[2023-12-03 21:24:22,429] {processor.py:641} INFO - Processing file /home/antosha/venvs/practice_3/lib/python3.10/site-packages/airflow/example_dags/example_kubernetes_executor.py for tasks to queue
[2023-12-03 21:24:22,429] {logging_mixin.py:115} INFO - [2023-12-03 21:24:22,429] {dagbag.py:507} INFO - Filling up the DagBag from /home/antosha/venvs/practice_3/lib/python3.10/site-packages/airflow/example_dags/example_kubernetes_executor.py
[2023-12-03 21:24:22,440] {logging_mixin.py:115} INFO - [2023-12-03 21:24:22,439] {example_kubernetes_executor.py:39} WARNING - The example_kubernetes_executor example DAG requires the kubernetes provider. Please install it with: pip install apache-airflow[cncf.kubernetes]
[2023-12-03 21:24:22,440] {processor.py:653} WARNING - No viable dags retrieved from /home/antosha/venvs/practice_3/lib/python3.10/site-packages/airflow/example_dags/example_kubernetes_executor.py
[2023-12-03 21:24:22,448] {processor.py:161} INFO - Processing /home/antosha/venvs/practice_3/lib/python3.10/site-packages/airflow/example_dags/example_kubernetes_executor.py took 0.021 seconds
[2023-12-03 21:24:53,135] {processor.py:153} INFO - Started process (PID=5294) to work on /home/antosha/venvs/practice_3/lib/python3.10/site-packages/airflow/example_dags/example_kubernetes_executor.py
[2023-12-03 21:24:53,135] {processor.py:641} INFO - Processing file /home/antosha/venvs/practice_3/lib/python3.10/site-packages/airflow/example_dags/example_kubernetes_executor.py for tasks to queue
[2023-12-03 21:24:53,135] {logging_mixin.py:115} INFO - [2023-12-03 21:24:53,135] {dagbag.py:507} INFO - Filling up the DagBag from /home/antosha/venvs/practice_3/lib/python3.10/site-packages/airflow/example_dags/example_kubernetes_executor.py
[2023-12-03 21:24:53,146] {logging_mixin.py:115} INFO - [2023-12-03 21:24:53,145] {example_kubernetes_executor.py:39} WARNING - The example_kubernetes_executor example DAG requires the kubernetes provider. Please install it with: pip install apache-airflow[cncf.kubernetes]
[2023-12-03 21:24:53,146] {processor.py:653} WARNING - No viable dags retrieved from /home/antosha/venvs/practice_3/lib/python3.10/site-packages/airflow/example_dags/example_kubernetes_executor.py
[2023-12-03 21:24:53,152] {processor.py:161} INFO - Processing /home/antosha/venvs/practice_3/lib/python3.10/site-packages/airflow/example_dags/example_kubernetes_executor.py took 0.020 seconds
[2023-12-03 21:25:26,904] {processor.py:153} INFO - Started process (PID=5340) to work on /home/antosha/venvs/practice_3/lib/python3.10/site-packages/airflow/example_dags/example_kubernetes_executor.py
[2023-12-03 21:25:26,905] {processor.py:641} INFO - Processing file /home/antosha/venvs/practice_3/lib/python3.10/site-packages/airflow/example_dags/example_kubernetes_executor.py for tasks to queue
[2023-12-03 21:25:26,905] {logging_mixin.py:115} INFO - [2023-12-03 21:25:26,905] {dagbag.py:507} INFO - Filling up the DagBag from /home/antosha/venvs/practice_3/lib/python3.10/site-packages/airflow/example_dags/example_kubernetes_executor.py
[2023-12-03 21:25:26,915] {logging_mixin.py:115} INFO - [2023-12-03 21:25:26,915] {example_kubernetes_executor.py:39} WARNING - The example_kubernetes_executor example DAG requires the kubernetes provider. Please install it with: pip install apache-airflow[cncf.kubernetes]
[2023-12-03 21:25:26,916] {processor.py:653} WARNING - No viable dags retrieved from /home/antosha/venvs/practice_3/lib/python3.10/site-packages/airflow/example_dags/example_kubernetes_executor.py
[2023-12-03 21:25:26,923] {processor.py:161} INFO - Processing /home/antosha/venvs/practice_3/lib/python3.10/site-packages/airflow/example_dags/example_kubernetes_executor.py took 0.022 seconds
[2023-12-03 21:25:57,701] {processor.py:153} INFO - Started process (PID=5374) to work on /home/antosha/venvs/practice_3/lib/python3.10/site-packages/airflow/example_dags/example_kubernetes_executor.py
[2023-12-03 21:25:57,702] {processor.py:641} INFO - Processing file /home/antosha/venvs/practice_3/lib/python3.10/site-packages/airflow/example_dags/example_kubernetes_executor.py for tasks to queue
[2023-12-03 21:25:57,702] {logging_mixin.py:115} INFO - [2023-12-03 21:25:57,702] {dagbag.py:507} INFO - Filling up the DagBag from /home/antosha/venvs/practice_3/lib/python3.10/site-packages/airflow/example_dags/example_kubernetes_executor.py
[2023-12-03 21:25:57,712] {logging_mixin.py:115} INFO - [2023-12-03 21:25:57,712] {example_kubernetes_executor.py:39} WARNING - The example_kubernetes_executor example DAG requires the kubernetes provider. Please install it with: pip install apache-airflow[cncf.kubernetes]
[2023-12-03 21:25:57,712] {processor.py:653} WARNING - No viable dags retrieved from /home/antosha/venvs/practice_3/lib/python3.10/site-packages/airflow/example_dags/example_kubernetes_executor.py
[2023-12-03 21:25:57,720] {processor.py:161} INFO - Processing /home/antosha/venvs/practice_3/lib/python3.10/site-packages/airflow/example_dags/example_kubernetes_executor.py took 0.021 seconds
[2023-12-03 21:26:31,367] {processor.py:153} INFO - Started process (PID=5424) to work on /home/antosha/venvs/practice_3/lib/python3.10/site-packages/airflow/example_dags/example_kubernetes_executor.py
[2023-12-03 21:26:31,368] {processor.py:641} INFO - Processing file /home/antosha/venvs/practice_3/lib/python3.10/site-packages/airflow/example_dags/example_kubernetes_executor.py for tasks to queue
[2023-12-03 21:26:31,368] {logging_mixin.py:115} INFO - [2023-12-03 21:26:31,368] {dagbag.py:507} INFO - Filling up the DagBag from /home/antosha/venvs/practice_3/lib/python3.10/site-packages/airflow/example_dags/example_kubernetes_executor.py
[2023-12-03 21:26:31,378] {logging_mixin.py:115} INFO - [2023-12-03 21:26:31,378] {example_kubernetes_executor.py:39} WARNING - The example_kubernetes_executor example DAG requires the kubernetes provider. Please install it with: pip install apache-airflow[cncf.kubernetes]
[2023-12-03 21:26:31,378] {processor.py:653} WARNING - No viable dags retrieved from /home/antosha/venvs/practice_3/lib/python3.10/site-packages/airflow/example_dags/example_kubernetes_executor.py
[2023-12-03 21:26:31,386] {processor.py:161} INFO - Processing /home/antosha/venvs/practice_3/lib/python3.10/site-packages/airflow/example_dags/example_kubernetes_executor.py took 0.021 seconds
[2023-12-03 21:27:03,407] {processor.py:153} INFO - Started process (PID=5458) to work on /home/antosha/venvs/practice_3/lib/python3.10/site-packages/airflow/example_dags/example_kubernetes_executor.py
[2023-12-03 21:27:03,408] {processor.py:641} INFO - Processing file /home/antosha/venvs/practice_3/lib/python3.10/site-packages/airflow/example_dags/example_kubernetes_executor.py for tasks to queue
[2023-12-03 21:27:03,408] {logging_mixin.py:115} INFO - [2023-12-03 21:27:03,408] {dagbag.py:507} INFO - Filling up the DagBag from /home/antosha/venvs/practice_3/lib/python3.10/site-packages/airflow/example_dags/example_kubernetes_executor.py
[2023-12-03 21:27:03,418] {logging_mixin.py:115} INFO - [2023-12-03 21:27:03,418] {example_kubernetes_executor.py:39} WARNING - The example_kubernetes_executor example DAG requires the kubernetes provider. Please install it with: pip install apache-airflow[cncf.kubernetes]
[2023-12-03 21:27:03,418] {processor.py:653} WARNING - No viable dags retrieved from /home/antosha/venvs/practice_3/lib/python3.10/site-packages/airflow/example_dags/example_kubernetes_executor.py
[2023-12-03 21:27:03,427] {processor.py:161} INFO - Processing /home/antosha/venvs/practice_3/lib/python3.10/site-packages/airflow/example_dags/example_kubernetes_executor.py took 0.022 seconds
[2023-12-03 21:27:36,184] {processor.py:153} INFO - Started process (PID=5493) to work on /home/antosha/venvs/practice_3/lib/python3.10/site-packages/airflow/example_dags/example_kubernetes_executor.py
[2023-12-03 21:27:36,184] {processor.py:641} INFO - Processing file /home/antosha/venvs/practice_3/lib/python3.10/site-packages/airflow/example_dags/example_kubernetes_executor.py for tasks to queue
[2023-12-03 21:27:36,185] {logging_mixin.py:115} INFO - [2023-12-03 21:27:36,185] {dagbag.py:507} INFO - Filling up the DagBag from /home/antosha/venvs/practice_3/lib/python3.10/site-packages/airflow/example_dags/example_kubernetes_executor.py
[2023-12-03 21:27:36,195] {logging_mixin.py:115} INFO - [2023-12-03 21:27:36,195] {example_kubernetes_executor.py:39} WARNING - The example_kubernetes_executor example DAG requires the kubernetes provider. Please install it with: pip install apache-airflow[cncf.kubernetes]
[2023-12-03 21:27:36,195] {processor.py:653} WARNING - No viable dags retrieved from /home/antosha/venvs/practice_3/lib/python3.10/site-packages/airflow/example_dags/example_kubernetes_executor.py
[2023-12-03 21:27:36,206] {processor.py:161} INFO - Processing /home/antosha/venvs/practice_3/lib/python3.10/site-packages/airflow/example_dags/example_kubernetes_executor.py took 0.025 seconds
[2023-12-03 21:28:09,816] {processor.py:153} INFO - Started process (PID=5562) to work on /home/antosha/venvs/practice_3/lib/python3.10/site-packages/airflow/example_dags/example_kubernetes_executor.py
[2023-12-03 21:28:09,816] {processor.py:641} INFO - Processing file /home/antosha/venvs/practice_3/lib/python3.10/site-packages/airflow/example_dags/example_kubernetes_executor.py for tasks to queue
[2023-12-03 21:28:09,817] {logging_mixin.py:115} INFO - [2023-12-03 21:28:09,817] {dagbag.py:507} INFO - Filling up the DagBag from /home/antosha/venvs/practice_3/lib/python3.10/site-packages/airflow/example_dags/example_kubernetes_executor.py
[2023-12-03 21:28:09,827] {logging_mixin.py:115} INFO - [2023-12-03 21:28:09,827] {example_kubernetes_executor.py:39} WARNING - The example_kubernetes_executor example DAG requires the kubernetes provider. Please install it with: pip install apache-airflow[cncf.kubernetes]
[2023-12-03 21:28:09,827] {processor.py:653} WARNING - No viable dags retrieved from /home/antosha/venvs/practice_3/lib/python3.10/site-packages/airflow/example_dags/example_kubernetes_executor.py
[2023-12-03 21:28:09,835] {processor.py:161} INFO - Processing /home/antosha/venvs/practice_3/lib/python3.10/site-packages/airflow/example_dags/example_kubernetes_executor.py took 0.022 seconds
[2023-12-03 21:28:42,336] {processor.py:153} INFO - Started process (PID=5597) to work on /home/antosha/venvs/practice_3/lib/python3.10/site-packages/airflow/example_dags/example_kubernetes_executor.py
[2023-12-03 21:28:42,336] {processor.py:641} INFO - Processing file /home/antosha/venvs/practice_3/lib/python3.10/site-packages/airflow/example_dags/example_kubernetes_executor.py for tasks to queue
[2023-12-03 21:28:42,336] {logging_mixin.py:115} INFO - [2023-12-03 21:28:42,336] {dagbag.py:507} INFO - Filling up the DagBag from /home/antosha/venvs/practice_3/lib/python3.10/site-packages/airflow/example_dags/example_kubernetes_executor.py
[2023-12-03 21:28:42,349] {logging_mixin.py:115} INFO - [2023-12-03 21:28:42,349] {example_kubernetes_executor.py:39} WARNING - The example_kubernetes_executor example DAG requires the kubernetes provider. Please install it with: pip install apache-airflow[cncf.kubernetes]
[2023-12-03 21:28:42,349] {processor.py:653} WARNING - No viable dags retrieved from /home/antosha/venvs/practice_3/lib/python3.10/site-packages/airflow/example_dags/example_kubernetes_executor.py
[2023-12-03 21:28:42,357] {processor.py:161} INFO - Processing /home/antosha/venvs/practice_3/lib/python3.10/site-packages/airflow/example_dags/example_kubernetes_executor.py took 0.028 seconds
[2023-12-03 21:29:15,032] {processor.py:153} INFO - Started process (PID=5637) to work on /home/antosha/venvs/practice_3/lib/python3.10/site-packages/airflow/example_dags/example_kubernetes_executor.py
[2023-12-03 21:29:15,033] {processor.py:641} INFO - Processing file /home/antosha/venvs/practice_3/lib/python3.10/site-packages/airflow/example_dags/example_kubernetes_executor.py for tasks to queue
[2023-12-03 21:29:15,033] {logging_mixin.py:115} INFO - [2023-12-03 21:29:15,033] {dagbag.py:507} INFO - Filling up the DagBag from /home/antosha/venvs/practice_3/lib/python3.10/site-packages/airflow/example_dags/example_kubernetes_executor.py
[2023-12-03 21:29:15,044] {logging_mixin.py:115} INFO - [2023-12-03 21:29:15,044] {example_kubernetes_executor.py:39} WARNING - The example_kubernetes_executor example DAG requires the kubernetes provider. Please install it with: pip install apache-airflow[cncf.kubernetes]
[2023-12-03 21:29:15,044] {processor.py:653} WARNING - No viable dags retrieved from /home/antosha/venvs/practice_3/lib/python3.10/site-packages/airflow/example_dags/example_kubernetes_executor.py
[2023-12-03 21:29:15,052] {processor.py:161} INFO - Processing /home/antosha/venvs/practice_3/lib/python3.10/site-packages/airflow/example_dags/example_kubernetes_executor.py took 0.021 seconds
[2023-12-03 21:29:46,607] {processor.py:153} INFO - Started process (PID=5676) to work on /home/antosha/venvs/practice_3/lib/python3.10/site-packages/airflow/example_dags/example_kubernetes_executor.py
[2023-12-03 21:29:46,608] {processor.py:641} INFO - Processing file /home/antosha/venvs/practice_3/lib/python3.10/site-packages/airflow/example_dags/example_kubernetes_executor.py for tasks to queue
[2023-12-03 21:29:46,608] {logging_mixin.py:115} INFO - [2023-12-03 21:29:46,608] {dagbag.py:507} INFO - Filling up the DagBag from /home/antosha/venvs/practice_3/lib/python3.10/site-packages/airflow/example_dags/example_kubernetes_executor.py
[2023-12-03 21:29:46,618] {logging_mixin.py:115} INFO - [2023-12-03 21:29:46,618] {example_kubernetes_executor.py:39} WARNING - The example_kubernetes_executor example DAG requires the kubernetes provider. Please install it with: pip install apache-airflow[cncf.kubernetes]
[2023-12-03 21:29:46,618] {processor.py:653} WARNING - No viable dags retrieved from /home/antosha/venvs/practice_3/lib/python3.10/site-packages/airflow/example_dags/example_kubernetes_executor.py
[2023-12-03 21:29:46,626] {processor.py:161} INFO - Processing /home/antosha/venvs/practice_3/lib/python3.10/site-packages/airflow/example_dags/example_kubernetes_executor.py took 0.022 seconds
[2023-12-03 21:30:18,307] {processor.py:153} INFO - Started process (PID=5715) to work on /home/antosha/venvs/practice_3/lib/python3.10/site-packages/airflow/example_dags/example_kubernetes_executor.py
[2023-12-03 21:30:18,307] {processor.py:641} INFO - Processing file /home/antosha/venvs/practice_3/lib/python3.10/site-packages/airflow/example_dags/example_kubernetes_executor.py for tasks to queue
[2023-12-03 21:30:18,308] {logging_mixin.py:115} INFO - [2023-12-03 21:30:18,308] {dagbag.py:507} INFO - Filling up the DagBag from /home/antosha/venvs/practice_3/lib/python3.10/site-packages/airflow/example_dags/example_kubernetes_executor.py
[2023-12-03 21:30:18,318] {logging_mixin.py:115} INFO - [2023-12-03 21:30:18,318] {example_kubernetes_executor.py:39} WARNING - The example_kubernetes_executor example DAG requires the kubernetes provider. Please install it with: pip install apache-airflow[cncf.kubernetes]
[2023-12-03 21:30:18,318] {processor.py:653} WARNING - No viable dags retrieved from /home/antosha/venvs/practice_3/lib/python3.10/site-packages/airflow/example_dags/example_kubernetes_executor.py
[2023-12-03 21:30:18,330] {processor.py:161} INFO - Processing /home/antosha/venvs/practice_3/lib/python3.10/site-packages/airflow/example_dags/example_kubernetes_executor.py took 0.026 seconds
[2023-12-03 21:30:52,501] {processor.py:153} INFO - Started process (PID=5758) to work on /home/antosha/venvs/practice_3/lib/python3.10/site-packages/airflow/example_dags/example_kubernetes_executor.py
[2023-12-03 21:30:52,502] {processor.py:641} INFO - Processing file /home/antosha/venvs/practice_3/lib/python3.10/site-packages/airflow/example_dags/example_kubernetes_executor.py for tasks to queue
[2023-12-03 21:30:52,503] {logging_mixin.py:115} INFO - [2023-12-03 21:30:52,503] {dagbag.py:507} INFO - Filling up the DagBag from /home/antosha/venvs/practice_3/lib/python3.10/site-packages/airflow/example_dags/example_kubernetes_executor.py
[2023-12-03 21:30:52,516] {logging_mixin.py:115} INFO - [2023-12-03 21:30:52,516] {example_kubernetes_executor.py:39} WARNING - The example_kubernetes_executor example DAG requires the kubernetes provider. Please install it with: pip install apache-airflow[cncf.kubernetes]
[2023-12-03 21:30:52,517] {processor.py:653} WARNING - No viable dags retrieved from /home/antosha/venvs/practice_3/lib/python3.10/site-packages/airflow/example_dags/example_kubernetes_executor.py
[2023-12-03 21:30:52,528] {processor.py:161} INFO - Processing /home/antosha/venvs/practice_3/lib/python3.10/site-packages/airflow/example_dags/example_kubernetes_executor.py took 0.030 seconds
[2023-12-03 21:31:25,000] {processor.py:153} INFO - Started process (PID=5792) to work on /home/antosha/venvs/practice_3/lib/python3.10/site-packages/airflow/example_dags/example_kubernetes_executor.py
[2023-12-03 21:31:25,000] {processor.py:641} INFO - Processing file /home/antosha/venvs/practice_3/lib/python3.10/site-packages/airflow/example_dags/example_kubernetes_executor.py for tasks to queue
[2023-12-03 21:31:25,000] {logging_mixin.py:115} INFO - [2023-12-03 21:31:25,000] {dagbag.py:507} INFO - Filling up the DagBag from /home/antosha/venvs/practice_3/lib/python3.10/site-packages/airflow/example_dags/example_kubernetes_executor.py
[2023-12-03 21:31:25,012] {logging_mixin.py:115} INFO - [2023-12-03 21:31:25,012] {example_kubernetes_executor.py:39} WARNING - The example_kubernetes_executor example DAG requires the kubernetes provider. Please install it with: pip install apache-airflow[cncf.kubernetes]
[2023-12-03 21:31:25,012] {processor.py:653} WARNING - No viable dags retrieved from /home/antosha/venvs/practice_3/lib/python3.10/site-packages/airflow/example_dags/example_kubernetes_executor.py
[2023-12-03 21:31:25,020] {processor.py:161} INFO - Processing /home/antosha/venvs/practice_3/lib/python3.10/site-packages/airflow/example_dags/example_kubernetes_executor.py took 0.023 seconds
[2023-12-03 21:31:56,383] {processor.py:153} INFO - Started process (PID=5826) to work on /home/antosha/venvs/practice_3/lib/python3.10/site-packages/airflow/example_dags/example_kubernetes_executor.py
[2023-12-03 21:31:56,383] {processor.py:641} INFO - Processing file /home/antosha/venvs/practice_3/lib/python3.10/site-packages/airflow/example_dags/example_kubernetes_executor.py for tasks to queue
[2023-12-03 21:31:56,384] {logging_mixin.py:115} INFO - [2023-12-03 21:31:56,384] {dagbag.py:507} INFO - Filling up the DagBag from /home/antosha/venvs/practice_3/lib/python3.10/site-packages/airflow/example_dags/example_kubernetes_executor.py
[2023-12-03 21:31:56,396] {logging_mixin.py:115} INFO - [2023-12-03 21:31:56,396] {example_kubernetes_executor.py:39} WARNING - The example_kubernetes_executor example DAG requires the kubernetes provider. Please install it with: pip install apache-airflow[cncf.kubernetes]
[2023-12-03 21:31:56,396] {processor.py:653} WARNING - No viable dags retrieved from /home/antosha/venvs/practice_3/lib/python3.10/site-packages/airflow/example_dags/example_kubernetes_executor.py
[2023-12-03 21:31:56,406] {processor.py:161} INFO - Processing /home/antosha/venvs/practice_3/lib/python3.10/site-packages/airflow/example_dags/example_kubernetes_executor.py took 0.025 seconds
[2023-12-03 21:32:29,636] {processor.py:153} INFO - Started process (PID=5860) to work on /home/antosha/venvs/practice_3/lib/python3.10/site-packages/airflow/example_dags/example_kubernetes_executor.py
[2023-12-03 21:32:29,636] {processor.py:641} INFO - Processing file /home/antosha/venvs/practice_3/lib/python3.10/site-packages/airflow/example_dags/example_kubernetes_executor.py for tasks to queue
[2023-12-03 21:32:29,637] {logging_mixin.py:115} INFO - [2023-12-03 21:32:29,637] {dagbag.py:507} INFO - Filling up the DagBag from /home/antosha/venvs/practice_3/lib/python3.10/site-packages/airflow/example_dags/example_kubernetes_executor.py
[2023-12-03 21:32:29,647] {logging_mixin.py:115} INFO - [2023-12-03 21:32:29,647] {example_kubernetes_executor.py:39} WARNING - The example_kubernetes_executor example DAG requires the kubernetes provider. Please install it with: pip install apache-airflow[cncf.kubernetes]
[2023-12-03 21:32:29,647] {processor.py:653} WARNING - No viable dags retrieved from /home/antosha/venvs/practice_3/lib/python3.10/site-packages/airflow/example_dags/example_kubernetes_executor.py
[2023-12-03 21:32:29,655] {processor.py:161} INFO - Processing /home/antosha/venvs/practice_3/lib/python3.10/site-packages/airflow/example_dags/example_kubernetes_executor.py took 0.022 seconds
[2023-12-03 21:33:03,647] {processor.py:153} INFO - Started process (PID=5898) to work on /home/antosha/venvs/practice_3/lib/python3.10/site-packages/airflow/example_dags/example_kubernetes_executor.py
[2023-12-03 21:33:03,648] {processor.py:641} INFO - Processing file /home/antosha/venvs/practice_3/lib/python3.10/site-packages/airflow/example_dags/example_kubernetes_executor.py for tasks to queue
[2023-12-03 21:33:03,648] {logging_mixin.py:115} INFO - [2023-12-03 21:33:03,648] {dagbag.py:507} INFO - Filling up the DagBag from /home/antosha/venvs/practice_3/lib/python3.10/site-packages/airflow/example_dags/example_kubernetes_executor.py
[2023-12-03 21:33:03,659] {logging_mixin.py:115} INFO - [2023-12-03 21:33:03,659] {example_kubernetes_executor.py:39} WARNING - The example_kubernetes_executor example DAG requires the kubernetes provider. Please install it with: pip install apache-airflow[cncf.kubernetes]
[2023-12-03 21:33:03,659] {processor.py:653} WARNING - No viable dags retrieved from /home/antosha/venvs/practice_3/lib/python3.10/site-packages/airflow/example_dags/example_kubernetes_executor.py
[2023-12-03 21:33:03,667] {processor.py:161} INFO - Processing /home/antosha/venvs/practice_3/lib/python3.10/site-packages/airflow/example_dags/example_kubernetes_executor.py took 0.022 seconds
[2023-12-03 21:33:35,571] {processor.py:153} INFO - Started process (PID=5932) to work on /home/antosha/venvs/practice_3/lib/python3.10/site-packages/airflow/example_dags/example_kubernetes_executor.py
[2023-12-03 21:33:35,572] {processor.py:641} INFO - Processing file /home/antosha/venvs/practice_3/lib/python3.10/site-packages/airflow/example_dags/example_kubernetes_executor.py for tasks to queue
[2023-12-03 21:33:35,572] {logging_mixin.py:115} INFO - [2023-12-03 21:33:35,572] {dagbag.py:507} INFO - Filling up the DagBag from /home/antosha/venvs/practice_3/lib/python3.10/site-packages/airflow/example_dags/example_kubernetes_executor.py
[2023-12-03 21:33:35,583] {logging_mixin.py:115} INFO - [2023-12-03 21:33:35,583] {example_kubernetes_executor.py:39} WARNING - The example_kubernetes_executor example DAG requires the kubernetes provider. Please install it with: pip install apache-airflow[cncf.kubernetes]
[2023-12-03 21:33:35,583] {processor.py:653} WARNING - No viable dags retrieved from /home/antosha/venvs/practice_3/lib/python3.10/site-packages/airflow/example_dags/example_kubernetes_executor.py
[2023-12-03 21:33:35,591] {processor.py:161} INFO - Processing /home/antosha/venvs/practice_3/lib/python3.10/site-packages/airflow/example_dags/example_kubernetes_executor.py took 0.023 seconds
[2023-12-03 21:34:08,009] {processor.py:153} INFO - Started process (PID=5969) to work on /home/antosha/venvs/practice_3/lib/python3.10/site-packages/airflow/example_dags/example_kubernetes_executor.py
[2023-12-03 21:34:08,010] {processor.py:641} INFO - Processing file /home/antosha/venvs/practice_3/lib/python3.10/site-packages/airflow/example_dags/example_kubernetes_executor.py for tasks to queue
[2023-12-03 21:34:08,010] {logging_mixin.py:115} INFO - [2023-12-03 21:34:08,010] {dagbag.py:507} INFO - Filling up the DagBag from /home/antosha/venvs/practice_3/lib/python3.10/site-packages/airflow/example_dags/example_kubernetes_executor.py
[2023-12-03 21:34:08,021] {logging_mixin.py:115} INFO - [2023-12-03 21:34:08,021] {example_kubernetes_executor.py:39} WARNING - The example_kubernetes_executor example DAG requires the kubernetes provider. Please install it with: pip install apache-airflow[cncf.kubernetes]
[2023-12-03 21:34:08,021] {processor.py:653} WARNING - No viable dags retrieved from /home/antosha/venvs/practice_3/lib/python3.10/site-packages/airflow/example_dags/example_kubernetes_executor.py
[2023-12-03 21:34:08,031] {processor.py:161} INFO - Processing /home/antosha/venvs/practice_3/lib/python3.10/site-packages/airflow/example_dags/example_kubernetes_executor.py took 0.024 seconds
[2023-12-03 21:34:40,210] {processor.py:153} INFO - Started process (PID=6004) to work on /home/antosha/venvs/practice_3/lib/python3.10/site-packages/airflow/example_dags/example_kubernetes_executor.py
[2023-12-03 21:34:40,210] {processor.py:641} INFO - Processing file /home/antosha/venvs/practice_3/lib/python3.10/site-packages/airflow/example_dags/example_kubernetes_executor.py for tasks to queue
[2023-12-03 21:34:40,211] {logging_mixin.py:115} INFO - [2023-12-03 21:34:40,211] {dagbag.py:507} INFO - Filling up the DagBag from /home/antosha/venvs/practice_3/lib/python3.10/site-packages/airflow/example_dags/example_kubernetes_executor.py
[2023-12-03 21:34:40,221] {logging_mixin.py:115} INFO - [2023-12-03 21:34:40,221] {example_kubernetes_executor.py:39} WARNING - The example_kubernetes_executor example DAG requires the kubernetes provider. Please install it with: pip install apache-airflow[cncf.kubernetes]
[2023-12-03 21:34:40,221] {processor.py:653} WARNING - No viable dags retrieved from /home/antosha/venvs/practice_3/lib/python3.10/site-packages/airflow/example_dags/example_kubernetes_executor.py
[2023-12-03 21:34:40,231] {processor.py:161} INFO - Processing /home/antosha/venvs/practice_3/lib/python3.10/site-packages/airflow/example_dags/example_kubernetes_executor.py took 0.024 seconds
[2023-12-03 21:35:12,751] {processor.py:153} INFO - Started process (PID=6043) to work on /home/antosha/venvs/practice_3/lib/python3.10/site-packages/airflow/example_dags/example_kubernetes_executor.py
[2023-12-03 21:35:12,751] {processor.py:641} INFO - Processing file /home/antosha/venvs/practice_3/lib/python3.10/site-packages/airflow/example_dags/example_kubernetes_executor.py for tasks to queue
[2023-12-03 21:35:12,752] {logging_mixin.py:115} INFO - [2023-12-03 21:35:12,752] {dagbag.py:507} INFO - Filling up the DagBag from /home/antosha/venvs/practice_3/lib/python3.10/site-packages/airflow/example_dags/example_kubernetes_executor.py
[2023-12-03 21:35:12,762] {logging_mixin.py:115} INFO - [2023-12-03 21:35:12,762] {example_kubernetes_executor.py:39} WARNING - The example_kubernetes_executor example DAG requires the kubernetes provider. Please install it with: pip install apache-airflow[cncf.kubernetes]
[2023-12-03 21:35:12,762] {processor.py:653} WARNING - No viable dags retrieved from /home/antosha/venvs/practice_3/lib/python3.10/site-packages/airflow/example_dags/example_kubernetes_executor.py
[2023-12-03 21:35:12,773] {processor.py:161} INFO - Processing /home/antosha/venvs/practice_3/lib/python3.10/site-packages/airflow/example_dags/example_kubernetes_executor.py took 0.025 seconds
[2023-12-03 21:35:46,593] {processor.py:153} INFO - Started process (PID=6084) to work on /home/antosha/venvs/practice_3/lib/python3.10/site-packages/airflow/example_dags/example_kubernetes_executor.py
[2023-12-03 21:35:46,593] {processor.py:641} INFO - Processing file /home/antosha/venvs/practice_3/lib/python3.10/site-packages/airflow/example_dags/example_kubernetes_executor.py for tasks to queue
[2023-12-03 21:35:46,594] {logging_mixin.py:115} INFO - [2023-12-03 21:35:46,594] {dagbag.py:507} INFO - Filling up the DagBag from /home/antosha/venvs/practice_3/lib/python3.10/site-packages/airflow/example_dags/example_kubernetes_executor.py
[2023-12-03 21:35:46,604] {logging_mixin.py:115} INFO - [2023-12-03 21:35:46,604] {example_kubernetes_executor.py:39} WARNING - The example_kubernetes_executor example DAG requires the kubernetes provider. Please install it with: pip install apache-airflow[cncf.kubernetes]
[2023-12-03 21:35:46,604] {processor.py:653} WARNING - No viable dags retrieved from /home/antosha/venvs/practice_3/lib/python3.10/site-packages/airflow/example_dags/example_kubernetes_executor.py
[2023-12-03 21:35:46,614] {processor.py:161} INFO - Processing /home/antosha/venvs/practice_3/lib/python3.10/site-packages/airflow/example_dags/example_kubernetes_executor.py took 0.023 seconds
