[2023-12-03 21:24:21,303] {processor.py:153} INFO - Started process (PID=5255) to work on /home/antosha/venvs/practice_3/lib/python3.10/site-packages/airflow/example_dags/example_python_operator.py
[2023-12-03 21:24:21,303] {processor.py:641} INFO - Processing file /home/antosha/venvs/practice_3/lib/python3.10/site-packages/airflow/example_dags/example_python_operator.py for tasks to queue
[2023-12-03 21:24:21,304] {logging_mixin.py:115} INFO - [2023-12-03 21:24:21,304] {dagbag.py:507} INFO - Filling up the DagBag from /home/antosha/venvs/practice_3/lib/python3.10/site-packages/airflow/example_dags/example_python_operator.py
[2023-12-03 21:24:21,316] {logging_mixin.py:115} INFO - [2023-12-03 21:24:21,316] {example_python_operator.py:68} WARNING - The virtalenv_python example task requires virtualenv, please install it.
[2023-12-03 21:24:21,316] {processor.py:651} INFO - DAG(s) dict_keys(['example_python_operator']) retrieved from /home/antosha/venvs/practice_3/lib/python3.10/site-packages/airflow/example_dags/example_python_operator.py
[2023-12-03 21:24:21,357] {logging_mixin.py:115} INFO - [2023-12-03 21:24:21,356] {manager.py:508} INFO - Created Permission View: can delete on DAG:example_python_operator
[2023-12-03 21:24:21,362] {logging_mixin.py:115} INFO - [2023-12-03 21:24:21,362] {manager.py:508} INFO - Created Permission View: can edit on DAG:example_python_operator
[2023-12-03 21:24:21,366] {logging_mixin.py:115} INFO - [2023-12-03 21:24:21,366] {manager.py:508} INFO - Created Permission View: can read on DAG:example_python_operator
[2023-12-03 21:24:21,366] {logging_mixin.py:115} INFO - [2023-12-03 21:24:21,366] {dag.py:2371} INFO - Sync 1 DAGs
[2023-12-03 21:24:21,371] {logging_mixin.py:115} INFO - [2023-12-03 21:24:21,371] {dag.py:2390} INFO - Creating ORM DAG for example_python_operator
[2023-12-03 21:24:21,376] {logging_mixin.py:115} INFO - [2023-12-03 21:24:21,376] {dag.py:2915} INFO - Setting next_dagrun for example_python_operator to None, run_after=None
[2023-12-03 21:24:21,385] {processor.py:161} INFO - Processing /home/antosha/venvs/practice_3/lib/python3.10/site-packages/airflow/example_dags/example_python_operator.py took 0.085 seconds
[2023-12-03 21:24:52,094] {processor.py:153} INFO - Started process (PID=5293) to work on /home/antosha/venvs/practice_3/lib/python3.10/site-packages/airflow/example_dags/example_python_operator.py
[2023-12-03 21:24:52,094] {processor.py:641} INFO - Processing file /home/antosha/venvs/practice_3/lib/python3.10/site-packages/airflow/example_dags/example_python_operator.py for tasks to queue
[2023-12-03 21:24:52,094] {logging_mixin.py:115} INFO - [2023-12-03 21:24:52,094] {dagbag.py:507} INFO - Filling up the DagBag from /home/antosha/venvs/practice_3/lib/python3.10/site-packages/airflow/example_dags/example_python_operator.py
[2023-12-03 21:24:52,107] {logging_mixin.py:115} INFO - [2023-12-03 21:24:52,107] {example_python_operator.py:68} WARNING - The virtalenv_python example task requires virtualenv, please install it.
[2023-12-03 21:24:52,107] {processor.py:651} INFO - DAG(s) dict_keys(['example_python_operator']) retrieved from /home/antosha/venvs/practice_3/lib/python3.10/site-packages/airflow/example_dags/example_python_operator.py
[2023-12-03 21:24:52,120] {logging_mixin.py:115} INFO - [2023-12-03 21:24:52,120] {dag.py:2371} INFO - Sync 1 DAGs
[2023-12-03 21:24:52,131] {logging_mixin.py:115} INFO - [2023-12-03 21:24:52,131] {dag.py:2915} INFO - Setting next_dagrun for example_python_operator to None, run_after=None
[2023-12-03 21:24:52,139] {processor.py:161} INFO - Processing /home/antosha/venvs/practice_3/lib/python3.10/site-packages/airflow/example_dags/example_python_operator.py took 0.048 seconds
[2023-12-03 21:25:25,779] {processor.py:153} INFO - Started process (PID=5339) to work on /home/antosha/venvs/practice_3/lib/python3.10/site-packages/airflow/example_dags/example_python_operator.py
[2023-12-03 21:25:25,779] {processor.py:641} INFO - Processing file /home/antosha/venvs/practice_3/lib/python3.10/site-packages/airflow/example_dags/example_python_operator.py for tasks to queue
[2023-12-03 21:25:25,780] {logging_mixin.py:115} INFO - [2023-12-03 21:25:25,780] {dagbag.py:507} INFO - Filling up the DagBag from /home/antosha/venvs/practice_3/lib/python3.10/site-packages/airflow/example_dags/example_python_operator.py
[2023-12-03 21:25:25,792] {logging_mixin.py:115} INFO - [2023-12-03 21:25:25,792] {example_python_operator.py:68} WARNING - The virtalenv_python example task requires virtualenv, please install it.
[2023-12-03 21:25:25,792] {processor.py:651} INFO - DAG(s) dict_keys(['example_python_operator']) retrieved from /home/antosha/venvs/practice_3/lib/python3.10/site-packages/airflow/example_dags/example_python_operator.py
[2023-12-03 21:25:25,805] {logging_mixin.py:115} INFO - [2023-12-03 21:25:25,805] {dag.py:2371} INFO - Sync 1 DAGs
[2023-12-03 21:25:25,816] {logging_mixin.py:115} INFO - [2023-12-03 21:25:25,816] {dag.py:2915} INFO - Setting next_dagrun for example_python_operator to None, run_after=None
[2023-12-03 21:25:25,823] {processor.py:161} INFO - Processing /home/antosha/venvs/practice_3/lib/python3.10/site-packages/airflow/example_dags/example_python_operator.py took 0.047 seconds
[2023-12-03 21:25:56,574] {processor.py:153} INFO - Started process (PID=5373) to work on /home/antosha/venvs/practice_3/lib/python3.10/site-packages/airflow/example_dags/example_python_operator.py
[2023-12-03 21:25:56,574] {processor.py:641} INFO - Processing file /home/antosha/venvs/practice_3/lib/python3.10/site-packages/airflow/example_dags/example_python_operator.py for tasks to queue
[2023-12-03 21:25:56,575] {logging_mixin.py:115} INFO - [2023-12-03 21:25:56,575] {dagbag.py:507} INFO - Filling up the DagBag from /home/antosha/venvs/practice_3/lib/python3.10/site-packages/airflow/example_dags/example_python_operator.py
[2023-12-03 21:25:56,586] {logging_mixin.py:115} INFO - [2023-12-03 21:25:56,586] {example_python_operator.py:68} WARNING - The virtalenv_python example task requires virtualenv, please install it.
[2023-12-03 21:25:56,587] {processor.py:651} INFO - DAG(s) dict_keys(['example_python_operator']) retrieved from /home/antosha/venvs/practice_3/lib/python3.10/site-packages/airflow/example_dags/example_python_operator.py
[2023-12-03 21:25:56,600] {logging_mixin.py:115} INFO - [2023-12-03 21:25:56,600] {dag.py:2371} INFO - Sync 1 DAGs
[2023-12-03 21:25:56,610] {logging_mixin.py:115} INFO - [2023-12-03 21:25:56,610] {dag.py:2915} INFO - Setting next_dagrun for example_python_operator to None, run_after=None
[2023-12-03 21:25:56,618] {processor.py:161} INFO - Processing /home/antosha/venvs/practice_3/lib/python3.10/site-packages/airflow/example_dags/example_python_operator.py took 0.046 seconds
[2023-12-03 21:26:30,745] {processor.py:153} INFO - Started process (PID=5423) to work on /home/antosha/venvs/practice_3/lib/python3.10/site-packages/airflow/example_dags/example_python_operator.py
[2023-12-03 21:26:30,746] {processor.py:641} INFO - Processing file /home/antosha/venvs/practice_3/lib/python3.10/site-packages/airflow/example_dags/example_python_operator.py for tasks to queue
[2023-12-03 21:26:30,746] {logging_mixin.py:115} INFO - [2023-12-03 21:26:30,746] {dagbag.py:507} INFO - Filling up the DagBag from /home/antosha/venvs/practice_3/lib/python3.10/site-packages/airflow/example_dags/example_python_operator.py
[2023-12-03 21:26:30,758] {logging_mixin.py:115} INFO - [2023-12-03 21:26:30,758] {example_python_operator.py:68} WARNING - The virtalenv_python example task requires virtualenv, please install it.
[2023-12-03 21:26:30,759] {processor.py:651} INFO - DAG(s) dict_keys(['example_python_operator']) retrieved from /home/antosha/venvs/practice_3/lib/python3.10/site-packages/airflow/example_dags/example_python_operator.py
[2023-12-03 21:26:30,772] {logging_mixin.py:115} INFO - [2023-12-03 21:26:30,772] {dag.py:2371} INFO - Sync 1 DAGs
[2023-12-03 21:26:30,782] {logging_mixin.py:115} INFO - [2023-12-03 21:26:30,782] {dag.py:2915} INFO - Setting next_dagrun for example_python_operator to None, run_after=None
[2023-12-03 21:26:30,795] {processor.py:161} INFO - Processing /home/antosha/venvs/practice_3/lib/python3.10/site-packages/airflow/example_dags/example_python_operator.py took 0.052 seconds
[2023-12-03 21:27:02,276] {processor.py:153} INFO - Started process (PID=5457) to work on /home/antosha/venvs/practice_3/lib/python3.10/site-packages/airflow/example_dags/example_python_operator.py
[2023-12-03 21:27:02,277] {processor.py:641} INFO - Processing file /home/antosha/venvs/practice_3/lib/python3.10/site-packages/airflow/example_dags/example_python_operator.py for tasks to queue
[2023-12-03 21:27:02,277] {logging_mixin.py:115} INFO - [2023-12-03 21:27:02,277] {dagbag.py:507} INFO - Filling up the DagBag from /home/antosha/venvs/practice_3/lib/python3.10/site-packages/airflow/example_dags/example_python_operator.py
[2023-12-03 21:27:02,289] {logging_mixin.py:115} INFO - [2023-12-03 21:27:02,289] {example_python_operator.py:68} WARNING - The virtalenv_python example task requires virtualenv, please install it.
[2023-12-03 21:27:02,289] {processor.py:651} INFO - DAG(s) dict_keys(['example_python_operator']) retrieved from /home/antosha/venvs/practice_3/lib/python3.10/site-packages/airflow/example_dags/example_python_operator.py
[2023-12-03 21:27:02,303] {logging_mixin.py:115} INFO - [2023-12-03 21:27:02,303] {dag.py:2371} INFO - Sync 1 DAGs
[2023-12-03 21:27:02,313] {logging_mixin.py:115} INFO - [2023-12-03 21:27:02,313] {dag.py:2915} INFO - Setting next_dagrun for example_python_operator to None, run_after=None
[2023-12-03 21:27:02,320] {processor.py:161} INFO - Processing /home/antosha/venvs/practice_3/lib/python3.10/site-packages/airflow/example_dags/example_python_operator.py took 0.047 seconds
[2023-12-03 21:27:35,056] {processor.py:153} INFO - Started process (PID=5492) to work on /home/antosha/venvs/practice_3/lib/python3.10/site-packages/airflow/example_dags/example_python_operator.py
[2023-12-03 21:27:35,056] {processor.py:641} INFO - Processing file /home/antosha/venvs/practice_3/lib/python3.10/site-packages/airflow/example_dags/example_python_operator.py for tasks to queue
[2023-12-03 21:27:35,057] {logging_mixin.py:115} INFO - [2023-12-03 21:27:35,057] {dagbag.py:507} INFO - Filling up the DagBag from /home/antosha/venvs/practice_3/lib/python3.10/site-packages/airflow/example_dags/example_python_operator.py
[2023-12-03 21:27:35,069] {logging_mixin.py:115} INFO - [2023-12-03 21:27:35,069] {example_python_operator.py:68} WARNING - The virtalenv_python example task requires virtualenv, please install it.
[2023-12-03 21:27:35,069] {processor.py:651} INFO - DAG(s) dict_keys(['example_python_operator']) retrieved from /home/antosha/venvs/practice_3/lib/python3.10/site-packages/airflow/example_dags/example_python_operator.py
[2023-12-03 21:27:35,083] {logging_mixin.py:115} INFO - [2023-12-03 21:27:35,083] {dag.py:2371} INFO - Sync 1 DAGs
[2023-12-03 21:27:35,093] {logging_mixin.py:115} INFO - [2023-12-03 21:27:35,093] {dag.py:2915} INFO - Setting next_dagrun for example_python_operator to None, run_after=None
[2023-12-03 21:27:35,100] {processor.py:161} INFO - Processing /home/antosha/venvs/practice_3/lib/python3.10/site-packages/airflow/example_dags/example_python_operator.py took 0.047 seconds
[2023-12-03 21:28:08,924] {processor.py:153} INFO - Started process (PID=5561) to work on /home/antosha/venvs/practice_3/lib/python3.10/site-packages/airflow/example_dags/example_python_operator.py
[2023-12-03 21:28:08,924] {processor.py:641} INFO - Processing file /home/antosha/venvs/practice_3/lib/python3.10/site-packages/airflow/example_dags/example_python_operator.py for tasks to queue
[2023-12-03 21:28:08,925] {logging_mixin.py:115} INFO - [2023-12-03 21:28:08,924] {dagbag.py:507} INFO - Filling up the DagBag from /home/antosha/venvs/practice_3/lib/python3.10/site-packages/airflow/example_dags/example_python_operator.py
[2023-12-03 21:28:08,936] {logging_mixin.py:115} INFO - [2023-12-03 21:28:08,936] {example_python_operator.py:68} WARNING - The virtalenv_python example task requires virtualenv, please install it.
[2023-12-03 21:28:08,937] {processor.py:651} INFO - DAG(s) dict_keys(['example_python_operator']) retrieved from /home/antosha/venvs/practice_3/lib/python3.10/site-packages/airflow/example_dags/example_python_operator.py
[2023-12-03 21:28:08,950] {logging_mixin.py:115} INFO - [2023-12-03 21:28:08,950] {dag.py:2371} INFO - Sync 1 DAGs
[2023-12-03 21:28:08,960] {logging_mixin.py:115} INFO - [2023-12-03 21:28:08,960] {dag.py:2915} INFO - Setting next_dagrun for example_python_operator to None, run_after=None
[2023-12-03 21:28:08,972] {processor.py:161} INFO - Processing /home/antosha/venvs/practice_3/lib/python3.10/site-packages/airflow/example_dags/example_python_operator.py took 0.050 seconds
[2023-12-03 21:28:41,197] {processor.py:153} INFO - Started process (PID=5596) to work on /home/antosha/venvs/practice_3/lib/python3.10/site-packages/airflow/example_dags/example_python_operator.py
[2023-12-03 21:28:41,198] {processor.py:641} INFO - Processing file /home/antosha/venvs/practice_3/lib/python3.10/site-packages/airflow/example_dags/example_python_operator.py for tasks to queue
[2023-12-03 21:28:41,198] {logging_mixin.py:115} INFO - [2023-12-03 21:28:41,198] {dagbag.py:507} INFO - Filling up the DagBag from /home/antosha/venvs/practice_3/lib/python3.10/site-packages/airflow/example_dags/example_python_operator.py
[2023-12-03 21:28:41,210] {logging_mixin.py:115} INFO - [2023-12-03 21:28:41,210] {example_python_operator.py:68} WARNING - The virtalenv_python example task requires virtualenv, please install it.
[2023-12-03 21:28:41,210] {processor.py:651} INFO - DAG(s) dict_keys(['example_python_operator']) retrieved from /home/antosha/venvs/practice_3/lib/python3.10/site-packages/airflow/example_dags/example_python_operator.py
[2023-12-03 21:28:41,224] {logging_mixin.py:115} INFO - [2023-12-03 21:28:41,224] {dag.py:2371} INFO - Sync 1 DAGs
[2023-12-03 21:28:41,234] {logging_mixin.py:115} INFO - [2023-12-03 21:28:41,234] {dag.py:2915} INFO - Setting next_dagrun for example_python_operator to None, run_after=None
[2023-12-03 21:28:41,241] {processor.py:161} INFO - Processing /home/antosha/venvs/practice_3/lib/python3.10/site-packages/airflow/example_dags/example_python_operator.py took 0.047 seconds
[2023-12-03 21:29:13,907] {processor.py:153} INFO - Started process (PID=5636) to work on /home/antosha/venvs/practice_3/lib/python3.10/site-packages/airflow/example_dags/example_python_operator.py
[2023-12-03 21:29:13,907] {processor.py:641} INFO - Processing file /home/antosha/venvs/practice_3/lib/python3.10/site-packages/airflow/example_dags/example_python_operator.py for tasks to queue
[2023-12-03 21:29:13,908] {logging_mixin.py:115} INFO - [2023-12-03 21:29:13,907] {dagbag.py:507} INFO - Filling up the DagBag from /home/antosha/venvs/practice_3/lib/python3.10/site-packages/airflow/example_dags/example_python_operator.py
[2023-12-03 21:29:13,920] {logging_mixin.py:115} INFO - [2023-12-03 21:29:13,920] {example_python_operator.py:68} WARNING - The virtalenv_python example task requires virtualenv, please install it.
[2023-12-03 21:29:13,920] {processor.py:651} INFO - DAG(s) dict_keys(['example_python_operator']) retrieved from /home/antosha/venvs/practice_3/lib/python3.10/site-packages/airflow/example_dags/example_python_operator.py
[2023-12-03 21:29:13,933] {logging_mixin.py:115} INFO - [2023-12-03 21:29:13,933] {dag.py:2371} INFO - Sync 1 DAGs
[2023-12-03 21:29:13,943] {logging_mixin.py:115} INFO - [2023-12-03 21:29:13,943] {dag.py:2915} INFO - Setting next_dagrun for example_python_operator to None, run_after=None
[2023-12-03 21:29:13,951] {processor.py:161} INFO - Processing /home/antosha/venvs/practice_3/lib/python3.10/site-packages/airflow/example_dags/example_python_operator.py took 0.046 seconds
[2023-12-03 21:29:46,402] {processor.py:153} INFO - Started process (PID=5675) to work on /home/antosha/venvs/practice_3/lib/python3.10/site-packages/airflow/example_dags/example_python_operator.py
[2023-12-03 21:29:46,402] {processor.py:641} INFO - Processing file /home/antosha/venvs/practice_3/lib/python3.10/site-packages/airflow/example_dags/example_python_operator.py for tasks to queue
[2023-12-03 21:29:46,402] {logging_mixin.py:115} INFO - [2023-12-03 21:29:46,402] {dagbag.py:507} INFO - Filling up the DagBag from /home/antosha/venvs/practice_3/lib/python3.10/site-packages/airflow/example_dags/example_python_operator.py
[2023-12-03 21:29:46,415] {logging_mixin.py:115} INFO - [2023-12-03 21:29:46,415] {example_python_operator.py:68} WARNING - The virtalenv_python example task requires virtualenv, please install it.
[2023-12-03 21:29:46,415] {processor.py:651} INFO - DAG(s) dict_keys(['example_python_operator']) retrieved from /home/antosha/venvs/practice_3/lib/python3.10/site-packages/airflow/example_dags/example_python_operator.py
[2023-12-03 21:29:46,428] {logging_mixin.py:115} INFO - [2023-12-03 21:29:46,428] {dag.py:2371} INFO - Sync 1 DAGs
[2023-12-03 21:29:46,439] {logging_mixin.py:115} INFO - [2023-12-03 21:29:46,439] {dag.py:2915} INFO - Setting next_dagrun for example_python_operator to None, run_after=None
[2023-12-03 21:29:46,446] {processor.py:161} INFO - Processing /home/antosha/venvs/practice_3/lib/python3.10/site-packages/airflow/example_dags/example_python_operator.py took 0.047 seconds
[2023-12-03 21:30:17,175] {processor.py:153} INFO - Started process (PID=5714) to work on /home/antosha/venvs/practice_3/lib/python3.10/site-packages/airflow/example_dags/example_python_operator.py
[2023-12-03 21:30:17,176] {processor.py:641} INFO - Processing file /home/antosha/venvs/practice_3/lib/python3.10/site-packages/airflow/example_dags/example_python_operator.py for tasks to queue
[2023-12-03 21:30:17,176] {logging_mixin.py:115} INFO - [2023-12-03 21:30:17,176] {dagbag.py:507} INFO - Filling up the DagBag from /home/antosha/venvs/practice_3/lib/python3.10/site-packages/airflow/example_dags/example_python_operator.py
[2023-12-03 21:30:17,188] {logging_mixin.py:115} INFO - [2023-12-03 21:30:17,188] {example_python_operator.py:68} WARNING - The virtalenv_python example task requires virtualenv, please install it.
[2023-12-03 21:30:17,188] {processor.py:651} INFO - DAG(s) dict_keys(['example_python_operator']) retrieved from /home/antosha/venvs/practice_3/lib/python3.10/site-packages/airflow/example_dags/example_python_operator.py
[2023-12-03 21:30:17,201] {logging_mixin.py:115} INFO - [2023-12-03 21:30:17,201] {dag.py:2371} INFO - Sync 1 DAGs
[2023-12-03 21:30:17,212] {logging_mixin.py:115} INFO - [2023-12-03 21:30:17,212] {dag.py:2915} INFO - Setting next_dagrun for example_python_operator to None, run_after=None
[2023-12-03 21:30:17,219] {processor.py:161} INFO - Processing /home/antosha/venvs/practice_3/lib/python3.10/site-packages/airflow/example_dags/example_python_operator.py took 0.046 seconds
[2023-12-03 21:30:51,369] {processor.py:153} INFO - Started process (PID=5757) to work on /home/antosha/venvs/practice_3/lib/python3.10/site-packages/airflow/example_dags/example_python_operator.py
[2023-12-03 21:30:51,370] {processor.py:641} INFO - Processing file /home/antosha/venvs/practice_3/lib/python3.10/site-packages/airflow/example_dags/example_python_operator.py for tasks to queue
[2023-12-03 21:30:51,370] {logging_mixin.py:115} INFO - [2023-12-03 21:30:51,370] {dagbag.py:507} INFO - Filling up the DagBag from /home/antosha/venvs/practice_3/lib/python3.10/site-packages/airflow/example_dags/example_python_operator.py
[2023-12-03 21:30:51,384] {logging_mixin.py:115} INFO - [2023-12-03 21:30:51,384] {example_python_operator.py:68} WARNING - The virtalenv_python example task requires virtualenv, please install it.
[2023-12-03 21:30:51,384] {processor.py:651} INFO - DAG(s) dict_keys(['example_python_operator']) retrieved from /home/antosha/venvs/practice_3/lib/python3.10/site-packages/airflow/example_dags/example_python_operator.py
[2023-12-03 21:30:51,402] {logging_mixin.py:115} INFO - [2023-12-03 21:30:51,402] {dag.py:2371} INFO - Sync 1 DAGs
[2023-12-03 21:30:51,414] {logging_mixin.py:115} INFO - [2023-12-03 21:30:51,414] {dag.py:2915} INFO - Setting next_dagrun for example_python_operator to None, run_after=None
[2023-12-03 21:30:51,422] {processor.py:161} INFO - Processing /home/antosha/venvs/practice_3/lib/python3.10/site-packages/airflow/example_dags/example_python_operator.py took 0.055 seconds
[2023-12-03 21:31:23,865] {processor.py:153} INFO - Started process (PID=5791) to work on /home/antosha/venvs/practice_3/lib/python3.10/site-packages/airflow/example_dags/example_python_operator.py
[2023-12-03 21:31:23,865] {processor.py:641} INFO - Processing file /home/antosha/venvs/practice_3/lib/python3.10/site-packages/airflow/example_dags/example_python_operator.py for tasks to queue
[2023-12-03 21:31:23,866] {logging_mixin.py:115} INFO - [2023-12-03 21:31:23,866] {dagbag.py:507} INFO - Filling up the DagBag from /home/antosha/venvs/practice_3/lib/python3.10/site-packages/airflow/example_dags/example_python_operator.py
[2023-12-03 21:31:23,878] {logging_mixin.py:115} INFO - [2023-12-03 21:31:23,878] {example_python_operator.py:68} WARNING - The virtalenv_python example task requires virtualenv, please install it.
[2023-12-03 21:31:23,878] {processor.py:651} INFO - DAG(s) dict_keys(['example_python_operator']) retrieved from /home/antosha/venvs/practice_3/lib/python3.10/site-packages/airflow/example_dags/example_python_operator.py
[2023-12-03 21:31:23,891] {logging_mixin.py:115} INFO - [2023-12-03 21:31:23,891] {dag.py:2371} INFO - Sync 1 DAGs
[2023-12-03 21:31:23,903] {logging_mixin.py:115} INFO - [2023-12-03 21:31:23,902] {dag.py:2915} INFO - Setting next_dagrun for example_python_operator to None, run_after=None
[2023-12-03 21:31:23,910] {processor.py:161} INFO - Processing /home/antosha/venvs/practice_3/lib/python3.10/site-packages/airflow/example_dags/example_python_operator.py took 0.048 seconds
[2023-12-03 21:31:55,794] {processor.py:153} INFO - Started process (PID=5825) to work on /home/antosha/venvs/practice_3/lib/python3.10/site-packages/airflow/example_dags/example_python_operator.py
[2023-12-03 21:31:55,795] {processor.py:641} INFO - Processing file /home/antosha/venvs/practice_3/lib/python3.10/site-packages/airflow/example_dags/example_python_operator.py for tasks to queue
[2023-12-03 21:31:55,795] {logging_mixin.py:115} INFO - [2023-12-03 21:31:55,795] {dagbag.py:507} INFO - Filling up the DagBag from /home/antosha/venvs/practice_3/lib/python3.10/site-packages/airflow/example_dags/example_python_operator.py
[2023-12-03 21:31:55,813] {logging_mixin.py:115} INFO - [2023-12-03 21:31:55,813] {example_python_operator.py:68} WARNING - The virtalenv_python example task requires virtualenv, please install it.
[2023-12-03 21:31:55,814] {processor.py:651} INFO - DAG(s) dict_keys(['example_python_operator']) retrieved from /home/antosha/venvs/practice_3/lib/python3.10/site-packages/airflow/example_dags/example_python_operator.py
[2023-12-03 21:31:55,835] {logging_mixin.py:115} INFO - [2023-12-03 21:31:55,835] {dag.py:2371} INFO - Sync 1 DAGs
[2023-12-03 21:31:55,853] {logging_mixin.py:115} INFO - [2023-12-03 21:31:55,853] {dag.py:2915} INFO - Setting next_dagrun for example_python_operator to None, run_after=None
[2023-12-03 21:31:55,864] {processor.py:161} INFO - Processing /home/antosha/venvs/practice_3/lib/python3.10/site-packages/airflow/example_dags/example_python_operator.py took 0.073 seconds
[2023-12-03 21:32:28,509] {processor.py:153} INFO - Started process (PID=5859) to work on /home/antosha/venvs/practice_3/lib/python3.10/site-packages/airflow/example_dags/example_python_operator.py
[2023-12-03 21:32:28,509] {processor.py:641} INFO - Processing file /home/antosha/venvs/practice_3/lib/python3.10/site-packages/airflow/example_dags/example_python_operator.py for tasks to queue
[2023-12-03 21:32:28,509] {logging_mixin.py:115} INFO - [2023-12-03 21:32:28,509] {dagbag.py:507} INFO - Filling up the DagBag from /home/antosha/venvs/practice_3/lib/python3.10/site-packages/airflow/example_dags/example_python_operator.py
[2023-12-03 21:32:28,522] {logging_mixin.py:115} INFO - [2023-12-03 21:32:28,522] {example_python_operator.py:68} WARNING - The virtalenv_python example task requires virtualenv, please install it.
[2023-12-03 21:32:28,522] {processor.py:651} INFO - DAG(s) dict_keys(['example_python_operator']) retrieved from /home/antosha/venvs/practice_3/lib/python3.10/site-packages/airflow/example_dags/example_python_operator.py
[2023-12-03 21:32:28,536] {logging_mixin.py:115} INFO - [2023-12-03 21:32:28,536] {dag.py:2371} INFO - Sync 1 DAGs
[2023-12-03 21:32:28,547] {logging_mixin.py:115} INFO - [2023-12-03 21:32:28,547] {dag.py:2915} INFO - Setting next_dagrun for example_python_operator to None, run_after=None
[2023-12-03 21:32:28,554] {processor.py:161} INFO - Processing /home/antosha/venvs/practice_3/lib/python3.10/site-packages/airflow/example_dags/example_python_operator.py took 0.048 seconds
[2023-12-03 21:33:02,522] {processor.py:153} INFO - Started process (PID=5897) to work on /home/antosha/venvs/practice_3/lib/python3.10/site-packages/airflow/example_dags/example_python_operator.py
[2023-12-03 21:33:02,523] {processor.py:641} INFO - Processing file /home/antosha/venvs/practice_3/lib/python3.10/site-packages/airflow/example_dags/example_python_operator.py for tasks to queue
[2023-12-03 21:33:02,523] {logging_mixin.py:115} INFO - [2023-12-03 21:33:02,523] {dagbag.py:507} INFO - Filling up the DagBag from /home/antosha/venvs/practice_3/lib/python3.10/site-packages/airflow/example_dags/example_python_operator.py
[2023-12-03 21:33:02,536] {logging_mixin.py:115} INFO - [2023-12-03 21:33:02,536] {example_python_operator.py:68} WARNING - The virtalenv_python example task requires virtualenv, please install it.
[2023-12-03 21:33:02,536] {processor.py:651} INFO - DAG(s) dict_keys(['example_python_operator']) retrieved from /home/antosha/venvs/practice_3/lib/python3.10/site-packages/airflow/example_dags/example_python_operator.py
[2023-12-03 21:33:02,550] {logging_mixin.py:115} INFO - [2023-12-03 21:33:02,550] {dag.py:2371} INFO - Sync 1 DAGs
[2023-12-03 21:33:02,560] {logging_mixin.py:115} INFO - [2023-12-03 21:33:02,560] {dag.py:2915} INFO - Setting next_dagrun for example_python_operator to None, run_after=None
[2023-12-03 21:33:02,568] {processor.py:161} INFO - Processing /home/antosha/venvs/practice_3/lib/python3.10/site-packages/airflow/example_dags/example_python_operator.py took 0.049 seconds
[2023-12-03 21:33:34,445] {processor.py:153} INFO - Started process (PID=5931) to work on /home/antosha/venvs/practice_3/lib/python3.10/site-packages/airflow/example_dags/example_python_operator.py
[2023-12-03 21:33:34,446] {processor.py:641} INFO - Processing file /home/antosha/venvs/practice_3/lib/python3.10/site-packages/airflow/example_dags/example_python_operator.py for tasks to queue
[2023-12-03 21:33:34,446] {logging_mixin.py:115} INFO - [2023-12-03 21:33:34,446] {dagbag.py:507} INFO - Filling up the DagBag from /home/antosha/venvs/practice_3/lib/python3.10/site-packages/airflow/example_dags/example_python_operator.py
[2023-12-03 21:33:34,458] {logging_mixin.py:115} INFO - [2023-12-03 21:33:34,458] {example_python_operator.py:68} WARNING - The virtalenv_python example task requires virtualenv, please install it.
[2023-12-03 21:33:34,458] {processor.py:651} INFO - DAG(s) dict_keys(['example_python_operator']) retrieved from /home/antosha/venvs/practice_3/lib/python3.10/site-packages/airflow/example_dags/example_python_operator.py
[2023-12-03 21:33:34,472] {logging_mixin.py:115} INFO - [2023-12-03 21:33:34,472] {dag.py:2371} INFO - Sync 1 DAGs
[2023-12-03 21:33:34,483] {logging_mixin.py:115} INFO - [2023-12-03 21:33:34,483] {dag.py:2915} INFO - Setting next_dagrun for example_python_operator to None, run_after=None
[2023-12-03 21:33:34,490] {processor.py:161} INFO - Processing /home/antosha/venvs/practice_3/lib/python3.10/site-packages/airflow/example_dags/example_python_operator.py took 0.047 seconds
[2023-12-03 21:34:07,393] {processor.py:153} INFO - Started process (PID=5968) to work on /home/antosha/venvs/practice_3/lib/python3.10/site-packages/airflow/example_dags/example_python_operator.py
[2023-12-03 21:34:07,393] {processor.py:641} INFO - Processing file /home/antosha/venvs/practice_3/lib/python3.10/site-packages/airflow/example_dags/example_python_operator.py for tasks to queue
[2023-12-03 21:34:07,394] {logging_mixin.py:115} INFO - [2023-12-03 21:34:07,394] {dagbag.py:507} INFO - Filling up the DagBag from /home/antosha/venvs/practice_3/lib/python3.10/site-packages/airflow/example_dags/example_python_operator.py
[2023-12-03 21:34:07,408] {logging_mixin.py:115} INFO - [2023-12-03 21:34:07,408] {example_python_operator.py:68} WARNING - The virtalenv_python example task requires virtualenv, please install it.
[2023-12-03 21:34:07,409] {processor.py:651} INFO - DAG(s) dict_keys(['example_python_operator']) retrieved from /home/antosha/venvs/practice_3/lib/python3.10/site-packages/airflow/example_dags/example_python_operator.py
[2023-12-03 21:34:07,420] {logging_mixin.py:115} INFO - [2023-12-03 21:34:07,420] {dag.py:2371} INFO - Sync 1 DAGs
[2023-12-03 21:34:07,430] {logging_mixin.py:115} INFO - [2023-12-03 21:34:07,430] {dag.py:2915} INFO - Setting next_dagrun for example_python_operator to None, run_after=None
[2023-12-03 21:34:07,438] {processor.py:161} INFO - Processing /home/antosha/venvs/practice_3/lib/python3.10/site-packages/airflow/example_dags/example_python_operator.py took 0.048 seconds
[2023-12-03 21:34:39,857] {processor.py:153} INFO - Started process (PID=6003) to work on /home/antosha/venvs/practice_3/lib/python3.10/site-packages/airflow/example_dags/example_python_operator.py
[2023-12-03 21:34:39,857] {processor.py:641} INFO - Processing file /home/antosha/venvs/practice_3/lib/python3.10/site-packages/airflow/example_dags/example_python_operator.py for tasks to queue
[2023-12-03 21:34:39,857] {logging_mixin.py:115} INFO - [2023-12-03 21:34:39,857] {dagbag.py:507} INFO - Filling up the DagBag from /home/antosha/venvs/practice_3/lib/python3.10/site-packages/airflow/example_dags/example_python_operator.py
[2023-12-03 21:34:39,872] {logging_mixin.py:115} INFO - [2023-12-03 21:34:39,872] {example_python_operator.py:68} WARNING - The virtalenv_python example task requires virtualenv, please install it.
[2023-12-03 21:34:39,872] {processor.py:651} INFO - DAG(s) dict_keys(['example_python_operator']) retrieved from /home/antosha/venvs/practice_3/lib/python3.10/site-packages/airflow/example_dags/example_python_operator.py
[2023-12-03 21:34:39,883] {logging_mixin.py:115} INFO - [2023-12-03 21:34:39,883] {dag.py:2371} INFO - Sync 1 DAGs
[2023-12-03 21:34:39,894] {logging_mixin.py:115} INFO - [2023-12-03 21:34:39,893] {dag.py:2915} INFO - Setting next_dagrun for example_python_operator to None, run_after=None
[2023-12-03 21:34:39,901] {processor.py:161} INFO - Processing /home/antosha/venvs/practice_3/lib/python3.10/site-packages/airflow/example_dags/example_python_operator.py took 0.047 seconds
[2023-12-03 21:35:11,625] {processor.py:153} INFO - Started process (PID=6042) to work on /home/antosha/venvs/practice_3/lib/python3.10/site-packages/airflow/example_dags/example_python_operator.py
[2023-12-03 21:35:11,625] {processor.py:641} INFO - Processing file /home/antosha/venvs/practice_3/lib/python3.10/site-packages/airflow/example_dags/example_python_operator.py for tasks to queue
[2023-12-03 21:35:11,625] {logging_mixin.py:115} INFO - [2023-12-03 21:35:11,625] {dagbag.py:507} INFO - Filling up the DagBag from /home/antosha/venvs/practice_3/lib/python3.10/site-packages/airflow/example_dags/example_python_operator.py
[2023-12-03 21:35:11,640] {logging_mixin.py:115} INFO - [2023-12-03 21:35:11,640] {example_python_operator.py:68} WARNING - The virtalenv_python example task requires virtualenv, please install it.
[2023-12-03 21:35:11,640] {processor.py:651} INFO - DAG(s) dict_keys(['example_python_operator']) retrieved from /home/antosha/venvs/practice_3/lib/python3.10/site-packages/airflow/example_dags/example_python_operator.py
[2023-12-03 21:35:11,652] {logging_mixin.py:115} INFO - [2023-12-03 21:35:11,652] {dag.py:2371} INFO - Sync 1 DAGs
[2023-12-03 21:35:11,662] {logging_mixin.py:115} INFO - [2023-12-03 21:35:11,662] {dag.py:2915} INFO - Setting next_dagrun for example_python_operator to None, run_after=None
[2023-12-03 21:35:11,670] {processor.py:161} INFO - Processing /home/antosha/venvs/practice_3/lib/python3.10/site-packages/airflow/example_dags/example_python_operator.py took 0.048 seconds
[2023-12-03 21:35:45,461] {processor.py:153} INFO - Started process (PID=6083) to work on /home/antosha/venvs/practice_3/lib/python3.10/site-packages/airflow/example_dags/example_python_operator.py
[2023-12-03 21:35:45,461] {processor.py:641} INFO - Processing file /home/antosha/venvs/practice_3/lib/python3.10/site-packages/airflow/example_dags/example_python_operator.py for tasks to queue
[2023-12-03 21:35:45,462] {logging_mixin.py:115} INFO - [2023-12-03 21:35:45,462] {dagbag.py:507} INFO - Filling up the DagBag from /home/antosha/venvs/practice_3/lib/python3.10/site-packages/airflow/example_dags/example_python_operator.py
[2023-12-03 21:35:45,476] {logging_mixin.py:115} INFO - [2023-12-03 21:35:45,476] {example_python_operator.py:68} WARNING - The virtalenv_python example task requires virtualenv, please install it.
[2023-12-03 21:35:45,477] {processor.py:651} INFO - DAG(s) dict_keys(['example_python_operator']) retrieved from /home/antosha/venvs/practice_3/lib/python3.10/site-packages/airflow/example_dags/example_python_operator.py
[2023-12-03 21:35:45,488] {logging_mixin.py:115} INFO - [2023-12-03 21:35:45,488] {dag.py:2371} INFO - Sync 1 DAGs
[2023-12-03 21:35:45,498] {logging_mixin.py:115} INFO - [2023-12-03 21:35:45,498] {dag.py:2915} INFO - Setting next_dagrun for example_python_operator to None, run_after=None
[2023-12-03 21:35:45,506] {processor.py:161} INFO - Processing /home/antosha/venvs/practice_3/lib/python3.10/site-packages/airflow/example_dags/example_python_operator.py took 0.048 seconds
