[2023-12-03 21:24:04,949] {processor.py:153} INFO - Started process (PID=5218) to work on /home/antosha/venvs/practice_3/lib/python3.10/site-packages/airflow/example_dags/example_branch_day_of_week_operator.py
[2023-12-03 21:24:04,950] {processor.py:641} INFO - Processing file /home/antosha/venvs/practice_3/lib/python3.10/site-packages/airflow/example_dags/example_branch_day_of_week_operator.py for tasks to queue
[2023-12-03 21:24:04,951] {logging_mixin.py:115} INFO - [2023-12-03 21:24:04,951] {dagbag.py:507} INFO - Filling up the DagBag from /home/antosha/venvs/practice_3/lib/python3.10/site-packages/airflow/example_dags/example_branch_day_of_week_operator.py
[2023-12-03 21:24:04,965] {processor.py:651} INFO - DAG(s) dict_keys(['example_weekday_branch_operator']) retrieved from /home/antosha/venvs/practice_3/lib/python3.10/site-packages/airflow/example_dags/example_branch_day_of_week_operator.py
[2023-12-03 21:24:05,081] {logging_mixin.py:115} INFO - [2023-12-03 21:24:05,081] {manager.py:508} INFO - Created Permission View: can delete on DAG:example_weekday_branch_operator
[2023-12-03 21:24:05,093] {logging_mixin.py:115} INFO - [2023-12-03 21:24:05,093] {manager.py:508} INFO - Created Permission View: can edit on DAG:example_weekday_branch_operator
[2023-12-03 21:24:05,102] {logging_mixin.py:115} INFO - [2023-12-03 21:24:05,102] {manager.py:508} INFO - Created Permission View: can read on DAG:example_weekday_branch_operator
[2023-12-03 21:24:05,102] {logging_mixin.py:115} INFO - [2023-12-03 21:24:05,102] {dag.py:2371} INFO - Sync 1 DAGs
[2023-12-03 21:24:05,111] {logging_mixin.py:115} INFO - [2023-12-03 21:24:05,111] {dag.py:2390} INFO - Creating ORM DAG for example_weekday_branch_operator
[2023-12-03 21:24:05,129] {logging_mixin.py:115} INFO - [2023-12-03 21:24:05,129] {dag.py:2915} INFO - Setting next_dagrun for example_weekday_branch_operator to 2023-12-02T00:00:00+00:00, run_after=2023-12-03T00:00:00+00:00
[2023-12-03 21:24:05,147] {processor.py:161} INFO - Processing /home/antosha/venvs/practice_3/lib/python3.10/site-packages/airflow/example_dags/example_branch_day_of_week_operator.py took 0.206 seconds
[2023-12-03 21:24:38,002] {processor.py:153} INFO - Started process (PID=5278) to work on /home/antosha/venvs/practice_3/lib/python3.10/site-packages/airflow/example_dags/example_branch_day_of_week_operator.py
[2023-12-03 21:24:38,003] {processor.py:641} INFO - Processing file /home/antosha/venvs/practice_3/lib/python3.10/site-packages/airflow/example_dags/example_branch_day_of_week_operator.py for tasks to queue
[2023-12-03 21:24:38,003] {logging_mixin.py:115} INFO - [2023-12-03 21:24:38,003] {dagbag.py:507} INFO - Filling up the DagBag from /home/antosha/venvs/practice_3/lib/python3.10/site-packages/airflow/example_dags/example_branch_day_of_week_operator.py
[2023-12-03 21:24:38,009] {processor.py:651} INFO - DAG(s) dict_keys(['example_weekday_branch_operator']) retrieved from /home/antosha/venvs/practice_3/lib/python3.10/site-packages/airflow/example_dags/example_branch_day_of_week_operator.py
[2023-12-03 21:24:38,021] {logging_mixin.py:115} INFO - [2023-12-03 21:24:38,021] {dag.py:2371} INFO - Sync 1 DAGs
[2023-12-03 21:24:38,035] {logging_mixin.py:115} INFO - [2023-12-03 21:24:38,035] {dag.py:2915} INFO - Setting next_dagrun for example_weekday_branch_operator to 2023-12-02T00:00:00+00:00, run_after=2023-12-03T00:00:00+00:00
[2023-12-03 21:24:38,042] {processor.py:161} INFO - Processing /home/antosha/venvs/practice_3/lib/python3.10/site-packages/airflow/example_dags/example_branch_day_of_week_operator.py took 0.042 seconds
[2023-12-03 21:25:11,533] {processor.py:153} INFO - Started process (PID=5324) to work on /home/antosha/venvs/practice_3/lib/python3.10/site-packages/airflow/example_dags/example_branch_day_of_week_operator.py
[2023-12-03 21:25:11,534] {processor.py:641} INFO - Processing file /home/antosha/venvs/practice_3/lib/python3.10/site-packages/airflow/example_dags/example_branch_day_of_week_operator.py for tasks to queue
[2023-12-03 21:25:11,534] {logging_mixin.py:115} INFO - [2023-12-03 21:25:11,534] {dagbag.py:507} INFO - Filling up the DagBag from /home/antosha/venvs/practice_3/lib/python3.10/site-packages/airflow/example_dags/example_branch_day_of_week_operator.py
[2023-12-03 21:25:11,540] {processor.py:651} INFO - DAG(s) dict_keys(['example_weekday_branch_operator']) retrieved from /home/antosha/venvs/practice_3/lib/python3.10/site-packages/airflow/example_dags/example_branch_day_of_week_operator.py
[2023-12-03 21:25:11,553] {logging_mixin.py:115} INFO - [2023-12-03 21:25:11,553] {dag.py:2371} INFO - Sync 1 DAGs
[2023-12-03 21:25:11,567] {logging_mixin.py:115} INFO - [2023-12-03 21:25:11,567] {dag.py:2915} INFO - Setting next_dagrun for example_weekday_branch_operator to 2023-12-02T00:00:00+00:00, run_after=2023-12-03T00:00:00+00:00
[2023-12-03 21:25:11,575] {processor.py:161} INFO - Processing /home/antosha/venvs/practice_3/lib/python3.10/site-packages/airflow/example_dags/example_branch_day_of_week_operator.py took 0.044 seconds
[2023-12-03 21:25:43,431] {processor.py:153} INFO - Started process (PID=5358) to work on /home/antosha/venvs/practice_3/lib/python3.10/site-packages/airflow/example_dags/example_branch_day_of_week_operator.py
[2023-12-03 21:25:43,431] {processor.py:641} INFO - Processing file /home/antosha/venvs/practice_3/lib/python3.10/site-packages/airflow/example_dags/example_branch_day_of_week_operator.py for tasks to queue
[2023-12-03 21:25:43,431] {logging_mixin.py:115} INFO - [2023-12-03 21:25:43,431] {dagbag.py:507} INFO - Filling up the DagBag from /home/antosha/venvs/practice_3/lib/python3.10/site-packages/airflow/example_dags/example_branch_day_of_week_operator.py
[2023-12-03 21:25:43,438] {processor.py:651} INFO - DAG(s) dict_keys(['example_weekday_branch_operator']) retrieved from /home/antosha/venvs/practice_3/lib/python3.10/site-packages/airflow/example_dags/example_branch_day_of_week_operator.py
[2023-12-03 21:25:43,449] {logging_mixin.py:115} INFO - [2023-12-03 21:25:43,449] {dag.py:2371} INFO - Sync 1 DAGs
[2023-12-03 21:25:43,463] {logging_mixin.py:115} INFO - [2023-12-03 21:25:43,463] {dag.py:2915} INFO - Setting next_dagrun for example_weekday_branch_operator to 2023-12-02T00:00:00+00:00, run_after=2023-12-03T00:00:00+00:00
[2023-12-03 21:25:43,470] {processor.py:161} INFO - Processing /home/antosha/venvs/practice_3/lib/python3.10/site-packages/airflow/example_dags/example_branch_day_of_week_operator.py took 0.042 seconds
[2023-12-03 21:26:15,970] {processor.py:153} INFO - Started process (PID=5392) to work on /home/antosha/venvs/practice_3/lib/python3.10/site-packages/airflow/example_dags/example_branch_day_of_week_operator.py
[2023-12-03 21:26:15,971] {processor.py:641} INFO - Processing file /home/antosha/venvs/practice_3/lib/python3.10/site-packages/airflow/example_dags/example_branch_day_of_week_operator.py for tasks to queue
[2023-12-03 21:26:15,971] {logging_mixin.py:115} INFO - [2023-12-03 21:26:15,971] {dagbag.py:507} INFO - Filling up the DagBag from /home/antosha/venvs/practice_3/lib/python3.10/site-packages/airflow/example_dags/example_branch_day_of_week_operator.py
[2023-12-03 21:26:15,977] {processor.py:651} INFO - DAG(s) dict_keys(['example_weekday_branch_operator']) retrieved from /home/antosha/venvs/practice_3/lib/python3.10/site-packages/airflow/example_dags/example_branch_day_of_week_operator.py
[2023-12-03 21:26:15,994] {logging_mixin.py:115} INFO - [2023-12-03 21:26:15,994] {dag.py:2371} INFO - Sync 1 DAGs
[2023-12-03 21:26:16,008] {logging_mixin.py:115} INFO - [2023-12-03 21:26:16,008] {dag.py:2915} INFO - Setting next_dagrun for example_weekday_branch_operator to 2023-12-02T00:00:00+00:00, run_after=2023-12-03T00:00:00+00:00
[2023-12-03 21:26:16,016] {processor.py:161} INFO - Processing /home/antosha/venvs/practice_3/lib/python3.10/site-packages/airflow/example_dags/example_branch_day_of_week_operator.py took 0.048 seconds
[2023-12-03 21:26:48,005] {processor.py:153} INFO - Started process (PID=5442) to work on /home/antosha/venvs/practice_3/lib/python3.10/site-packages/airflow/example_dags/example_branch_day_of_week_operator.py
[2023-12-03 21:26:48,006] {processor.py:641} INFO - Processing file /home/antosha/venvs/practice_3/lib/python3.10/site-packages/airflow/example_dags/example_branch_day_of_week_operator.py for tasks to queue
[2023-12-03 21:26:48,006] {logging_mixin.py:115} INFO - [2023-12-03 21:26:48,006] {dagbag.py:507} INFO - Filling up the DagBag from /home/antosha/venvs/practice_3/lib/python3.10/site-packages/airflow/example_dags/example_branch_day_of_week_operator.py
[2023-12-03 21:26:48,012] {processor.py:651} INFO - DAG(s) dict_keys(['example_weekday_branch_operator']) retrieved from /home/antosha/venvs/practice_3/lib/python3.10/site-packages/airflow/example_dags/example_branch_day_of_week_operator.py
[2023-12-03 21:26:48,024] {logging_mixin.py:115} INFO - [2023-12-03 21:26:48,024] {dag.py:2371} INFO - Sync 1 DAGs
[2023-12-03 21:26:48,038] {logging_mixin.py:115} INFO - [2023-12-03 21:26:48,038] {dag.py:2915} INFO - Setting next_dagrun for example_weekday_branch_operator to 2023-12-02T00:00:00+00:00, run_after=2023-12-03T00:00:00+00:00
[2023-12-03 21:26:48,046] {processor.py:161} INFO - Processing /home/antosha/venvs/practice_3/lib/python3.10/site-packages/airflow/example_dags/example_branch_day_of_week_operator.py took 0.043 seconds
[2023-12-03 21:27:21,168] {processor.py:153} INFO - Started process (PID=5476) to work on /home/antosha/venvs/practice_3/lib/python3.10/site-packages/airflow/example_dags/example_branch_day_of_week_operator.py
[2023-12-03 21:27:21,168] {processor.py:641} INFO - Processing file /home/antosha/venvs/practice_3/lib/python3.10/site-packages/airflow/example_dags/example_branch_day_of_week_operator.py for tasks to queue
[2023-12-03 21:27:21,169] {logging_mixin.py:115} INFO - [2023-12-03 21:27:21,169] {dagbag.py:507} INFO - Filling up the DagBag from /home/antosha/venvs/practice_3/lib/python3.10/site-packages/airflow/example_dags/example_branch_day_of_week_operator.py
[2023-12-03 21:27:21,176] {processor.py:651} INFO - DAG(s) dict_keys(['example_weekday_branch_operator']) retrieved from /home/antosha/venvs/practice_3/lib/python3.10/site-packages/airflow/example_dags/example_branch_day_of_week_operator.py
[2023-12-03 21:27:21,190] {logging_mixin.py:115} INFO - [2023-12-03 21:27:21,190] {dag.py:2371} INFO - Sync 1 DAGs
[2023-12-03 21:27:21,206] {logging_mixin.py:115} INFO - [2023-12-03 21:27:21,206] {dag.py:2915} INFO - Setting next_dagrun for example_weekday_branch_operator to 2023-12-02T00:00:00+00:00, run_after=2023-12-03T00:00:00+00:00
[2023-12-03 21:27:21,214] {processor.py:161} INFO - Processing /home/antosha/venvs/practice_3/lib/python3.10/site-packages/airflow/example_dags/example_branch_day_of_week_operator.py took 0.049 seconds
[2023-12-03 21:27:53,598] {processor.py:153} INFO - Started process (PID=5539) to work on /home/antosha/venvs/practice_3/lib/python3.10/site-packages/airflow/example_dags/example_branch_day_of_week_operator.py
[2023-12-03 21:27:53,598] {processor.py:641} INFO - Processing file /home/antosha/venvs/practice_3/lib/python3.10/site-packages/airflow/example_dags/example_branch_day_of_week_operator.py for tasks to queue
[2023-12-03 21:27:53,599] {logging_mixin.py:115} INFO - [2023-12-03 21:27:53,599] {dagbag.py:507} INFO - Filling up the DagBag from /home/antosha/venvs/practice_3/lib/python3.10/site-packages/airflow/example_dags/example_branch_day_of_week_operator.py
[2023-12-03 21:27:53,605] {processor.py:651} INFO - DAG(s) dict_keys(['example_weekday_branch_operator']) retrieved from /home/antosha/venvs/practice_3/lib/python3.10/site-packages/airflow/example_dags/example_branch_day_of_week_operator.py
[2023-12-03 21:27:53,618] {logging_mixin.py:115} INFO - [2023-12-03 21:27:53,618] {dag.py:2371} INFO - Sync 1 DAGs
[2023-12-03 21:27:53,632] {logging_mixin.py:115} INFO - [2023-12-03 21:27:53,632] {dag.py:2915} INFO - Setting next_dagrun for example_weekday_branch_operator to 2023-12-02T00:00:00+00:00, run_after=2023-12-03T00:00:00+00:00
[2023-12-03 21:27:53,642] {processor.py:161} INFO - Processing /home/antosha/venvs/practice_3/lib/python3.10/site-packages/airflow/example_dags/example_branch_day_of_week_operator.py took 0.046 seconds
[2023-12-03 21:28:26,815] {processor.py:153} INFO - Started process (PID=5580) to work on /home/antosha/venvs/practice_3/lib/python3.10/site-packages/airflow/example_dags/example_branch_day_of_week_operator.py
[2023-12-03 21:28:26,816] {processor.py:641} INFO - Processing file /home/antosha/venvs/practice_3/lib/python3.10/site-packages/airflow/example_dags/example_branch_day_of_week_operator.py for tasks to queue
[2023-12-03 21:28:26,816] {logging_mixin.py:115} INFO - [2023-12-03 21:28:26,816] {dagbag.py:507} INFO - Filling up the DagBag from /home/antosha/venvs/practice_3/lib/python3.10/site-packages/airflow/example_dags/example_branch_day_of_week_operator.py
[2023-12-03 21:28:26,823] {processor.py:651} INFO - DAG(s) dict_keys(['example_weekday_branch_operator']) retrieved from /home/antosha/venvs/practice_3/lib/python3.10/site-packages/airflow/example_dags/example_branch_day_of_week_operator.py
[2023-12-03 21:28:26,835] {logging_mixin.py:115} INFO - [2023-12-03 21:28:26,835] {dag.py:2371} INFO - Sync 1 DAGs
[2023-12-03 21:28:26,850] {logging_mixin.py:115} INFO - [2023-12-03 21:28:26,850] {dag.py:2915} INFO - Setting next_dagrun for example_weekday_branch_operator to 2023-12-02T00:00:00+00:00, run_after=2023-12-03T00:00:00+00:00
[2023-12-03 21:28:26,858] {processor.py:161} INFO - Processing /home/antosha/venvs/practice_3/lib/python3.10/site-packages/airflow/example_dags/example_branch_day_of_week_operator.py took 0.045 seconds
[2023-12-03 21:28:59,353] {processor.py:153} INFO - Started process (PID=5615) to work on /home/antosha/venvs/practice_3/lib/python3.10/site-packages/airflow/example_dags/example_branch_day_of_week_operator.py
[2023-12-03 21:28:59,353] {processor.py:641} INFO - Processing file /home/antosha/venvs/practice_3/lib/python3.10/site-packages/airflow/example_dags/example_branch_day_of_week_operator.py for tasks to queue
[2023-12-03 21:28:59,354] {logging_mixin.py:115} INFO - [2023-12-03 21:28:59,354] {dagbag.py:507} INFO - Filling up the DagBag from /home/antosha/venvs/practice_3/lib/python3.10/site-packages/airflow/example_dags/example_branch_day_of_week_operator.py
[2023-12-03 21:28:59,360] {processor.py:651} INFO - DAG(s) dict_keys(['example_weekday_branch_operator']) retrieved from /home/antosha/venvs/practice_3/lib/python3.10/site-packages/airflow/example_dags/example_branch_day_of_week_operator.py
[2023-12-03 21:28:59,372] {logging_mixin.py:115} INFO - [2023-12-03 21:28:59,372] {dag.py:2371} INFO - Sync 1 DAGs
[2023-12-03 21:28:59,386] {logging_mixin.py:115} INFO - [2023-12-03 21:28:59,386] {dag.py:2915} INFO - Setting next_dagrun for example_weekday_branch_operator to 2023-12-02T00:00:00+00:00, run_after=2023-12-03T00:00:00+00:00
[2023-12-03 21:28:59,393] {processor.py:161} INFO - Processing /home/antosha/venvs/practice_3/lib/python3.10/site-packages/airflow/example_dags/example_branch_day_of_week_operator.py took 0.043 seconds
[2023-12-03 21:29:32,138] {processor.py:153} INFO - Started process (PID=5660) to work on /home/antosha/venvs/practice_3/lib/python3.10/site-packages/airflow/example_dags/example_branch_day_of_week_operator.py
[2023-12-03 21:29:32,139] {processor.py:641} INFO - Processing file /home/antosha/venvs/practice_3/lib/python3.10/site-packages/airflow/example_dags/example_branch_day_of_week_operator.py for tasks to queue
[2023-12-03 21:29:32,139] {logging_mixin.py:115} INFO - [2023-12-03 21:29:32,139] {dagbag.py:507} INFO - Filling up the DagBag from /home/antosha/venvs/practice_3/lib/python3.10/site-packages/airflow/example_dags/example_branch_day_of_week_operator.py
[2023-12-03 21:29:32,146] {processor.py:651} INFO - DAG(s) dict_keys(['example_weekday_branch_operator']) retrieved from /home/antosha/venvs/practice_3/lib/python3.10/site-packages/airflow/example_dags/example_branch_day_of_week_operator.py
[2023-12-03 21:29:32,158] {logging_mixin.py:115} INFO - [2023-12-03 21:29:32,157] {dag.py:2371} INFO - Sync 1 DAGs
[2023-12-03 21:29:32,171] {logging_mixin.py:115} INFO - [2023-12-03 21:29:32,171] {dag.py:2915} INFO - Setting next_dagrun for example_weekday_branch_operator to 2023-12-02T00:00:00+00:00, run_after=2023-12-03T00:00:00+00:00
[2023-12-03 21:29:32,179] {processor.py:161} INFO - Processing /home/antosha/venvs/practice_3/lib/python3.10/site-packages/airflow/example_dags/example_branch_day_of_week_operator.py took 0.043 seconds
[2023-12-03 21:30:05,162] {processor.py:153} INFO - Started process (PID=5699) to work on /home/antosha/venvs/practice_3/lib/python3.10/site-packages/airflow/example_dags/example_branch_day_of_week_operator.py
[2023-12-03 21:30:05,162] {processor.py:641} INFO - Processing file /home/antosha/venvs/practice_3/lib/python3.10/site-packages/airflow/example_dags/example_branch_day_of_week_operator.py for tasks to queue
[2023-12-03 21:30:05,162] {logging_mixin.py:115} INFO - [2023-12-03 21:30:05,162] {dagbag.py:507} INFO - Filling up the DagBag from /home/antosha/venvs/practice_3/lib/python3.10/site-packages/airflow/example_dags/example_branch_day_of_week_operator.py
[2023-12-03 21:30:05,169] {processor.py:651} INFO - DAG(s) dict_keys(['example_weekday_branch_operator']) retrieved from /home/antosha/venvs/practice_3/lib/python3.10/site-packages/airflow/example_dags/example_branch_day_of_week_operator.py
[2023-12-03 21:30:05,181] {logging_mixin.py:115} INFO - [2023-12-03 21:30:05,181] {dag.py:2371} INFO - Sync 1 DAGs
[2023-12-03 21:30:05,207] {logging_mixin.py:115} INFO - [2023-12-03 21:30:05,207] {dag.py:2915} INFO - Setting next_dagrun for example_weekday_branch_operator to 2023-12-02T00:00:00+00:00, run_after=2023-12-03T00:00:00+00:00
[2023-12-03 21:30:05,215] {processor.py:161} INFO - Processing /home/antosha/venvs/practice_3/lib/python3.10/site-packages/airflow/example_dags/example_branch_day_of_week_operator.py took 0.056 seconds
[2023-12-03 21:30:35,960] {processor.py:153} INFO - Started process (PID=5742) to work on /home/antosha/venvs/practice_3/lib/python3.10/site-packages/airflow/example_dags/example_branch_day_of_week_operator.py
[2023-12-03 21:30:35,961] {processor.py:641} INFO - Processing file /home/antosha/venvs/practice_3/lib/python3.10/site-packages/airflow/example_dags/example_branch_day_of_week_operator.py for tasks to queue
[2023-12-03 21:30:35,961] {logging_mixin.py:115} INFO - [2023-12-03 21:30:35,961] {dagbag.py:507} INFO - Filling up the DagBag from /home/antosha/venvs/practice_3/lib/python3.10/site-packages/airflow/example_dags/example_branch_day_of_week_operator.py
[2023-12-03 21:30:35,968] {processor.py:651} INFO - DAG(s) dict_keys(['example_weekday_branch_operator']) retrieved from /home/antosha/venvs/practice_3/lib/python3.10/site-packages/airflow/example_dags/example_branch_day_of_week_operator.py
[2023-12-03 21:30:35,984] {logging_mixin.py:115} INFO - [2023-12-03 21:30:35,984] {dag.py:2371} INFO - Sync 1 DAGs
[2023-12-03 21:30:36,000] {logging_mixin.py:115} INFO - [2023-12-03 21:30:36,000] {dag.py:2915} INFO - Setting next_dagrun for example_weekday_branch_operator to 2023-12-02T00:00:00+00:00, run_after=2023-12-03T00:00:00+00:00
[2023-12-03 21:30:36,008] {processor.py:161} INFO - Processing /home/antosha/venvs/practice_3/lib/python3.10/site-packages/airflow/example_dags/example_branch_day_of_week_operator.py took 0.051 seconds
[2023-12-03 21:31:09,639] {processor.py:153} INFO - Started process (PID=5776) to work on /home/antosha/venvs/practice_3/lib/python3.10/site-packages/airflow/example_dags/example_branch_day_of_week_operator.py
[2023-12-03 21:31:09,640] {processor.py:641} INFO - Processing file /home/antosha/venvs/practice_3/lib/python3.10/site-packages/airflow/example_dags/example_branch_day_of_week_operator.py for tasks to queue
[2023-12-03 21:31:09,640] {logging_mixin.py:115} INFO - [2023-12-03 21:31:09,640] {dagbag.py:507} INFO - Filling up the DagBag from /home/antosha/venvs/practice_3/lib/python3.10/site-packages/airflow/example_dags/example_branch_day_of_week_operator.py
[2023-12-03 21:31:09,647] {processor.py:651} INFO - DAG(s) dict_keys(['example_weekday_branch_operator']) retrieved from /home/antosha/venvs/practice_3/lib/python3.10/site-packages/airflow/example_dags/example_branch_day_of_week_operator.py
[2023-12-03 21:31:09,659] {logging_mixin.py:115} INFO - [2023-12-03 21:31:09,659] {dag.py:2371} INFO - Sync 1 DAGs
[2023-12-03 21:31:09,673] {logging_mixin.py:115} INFO - [2023-12-03 21:31:09,673] {dag.py:2915} INFO - Setting next_dagrun for example_weekday_branch_operator to 2023-12-02T00:00:00+00:00, run_after=2023-12-03T00:00:00+00:00
[2023-12-03 21:31:09,681] {processor.py:161} INFO - Processing /home/antosha/venvs/practice_3/lib/python3.10/site-packages/airflow/example_dags/example_branch_day_of_week_operator.py took 0.044 seconds
[2023-12-03 21:31:41,256] {processor.py:153} INFO - Started process (PID=5810) to work on /home/antosha/venvs/practice_3/lib/python3.10/site-packages/airflow/example_dags/example_branch_day_of_week_operator.py
[2023-12-03 21:31:41,256] {processor.py:641} INFO - Processing file /home/antosha/venvs/practice_3/lib/python3.10/site-packages/airflow/example_dags/example_branch_day_of_week_operator.py for tasks to queue
[2023-12-03 21:31:41,256] {logging_mixin.py:115} INFO - [2023-12-03 21:31:41,256] {dagbag.py:507} INFO - Filling up the DagBag from /home/antosha/venvs/practice_3/lib/python3.10/site-packages/airflow/example_dags/example_branch_day_of_week_operator.py
[2023-12-03 21:31:41,263] {processor.py:651} INFO - DAG(s) dict_keys(['example_weekday_branch_operator']) retrieved from /home/antosha/venvs/practice_3/lib/python3.10/site-packages/airflow/example_dags/example_branch_day_of_week_operator.py
[2023-12-03 21:31:41,276] {logging_mixin.py:115} INFO - [2023-12-03 21:31:41,276] {dag.py:2371} INFO - Sync 1 DAGs
[2023-12-03 21:31:41,291] {logging_mixin.py:115} INFO - [2023-12-03 21:31:41,291] {dag.py:2915} INFO - Setting next_dagrun for example_weekday_branch_operator to 2023-12-02T00:00:00+00:00, run_after=2023-12-03T00:00:00+00:00
[2023-12-03 21:31:41,300] {processor.py:161} INFO - Processing /home/antosha/venvs/practice_3/lib/python3.10/site-packages/airflow/example_dags/example_branch_day_of_week_operator.py took 0.047 seconds
[2023-12-03 21:32:13,768] {processor.py:153} INFO - Started process (PID=5844) to work on /home/antosha/venvs/practice_3/lib/python3.10/site-packages/airflow/example_dags/example_branch_day_of_week_operator.py
[2023-12-03 21:32:13,769] {processor.py:641} INFO - Processing file /home/antosha/venvs/practice_3/lib/python3.10/site-packages/airflow/example_dags/example_branch_day_of_week_operator.py for tasks to queue
[2023-12-03 21:32:13,769] {logging_mixin.py:115} INFO - [2023-12-03 21:32:13,769] {dagbag.py:507} INFO - Filling up the DagBag from /home/antosha/venvs/practice_3/lib/python3.10/site-packages/airflow/example_dags/example_branch_day_of_week_operator.py
[2023-12-03 21:32:13,776] {processor.py:651} INFO - DAG(s) dict_keys(['example_weekday_branch_operator']) retrieved from /home/antosha/venvs/practice_3/lib/python3.10/site-packages/airflow/example_dags/example_branch_day_of_week_operator.py
[2023-12-03 21:32:13,788] {logging_mixin.py:115} INFO - [2023-12-03 21:32:13,788] {dag.py:2371} INFO - Sync 1 DAGs
[2023-12-03 21:32:13,802] {logging_mixin.py:115} INFO - [2023-12-03 21:32:13,802] {dag.py:2915} INFO - Setting next_dagrun for example_weekday_branch_operator to 2023-12-02T00:00:00+00:00, run_after=2023-12-03T00:00:00+00:00
[2023-12-03 21:32:13,810] {processor.py:161} INFO - Processing /home/antosha/venvs/practice_3/lib/python3.10/site-packages/airflow/example_dags/example_branch_day_of_week_operator.py took 0.044 seconds
[2023-12-03 21:32:48,248] {processor.py:153} INFO - Started process (PID=5882) to work on /home/antosha/venvs/practice_3/lib/python3.10/site-packages/airflow/example_dags/example_branch_day_of_week_operator.py
[2023-12-03 21:32:48,248] {processor.py:641} INFO - Processing file /home/antosha/venvs/practice_3/lib/python3.10/site-packages/airflow/example_dags/example_branch_day_of_week_operator.py for tasks to queue
[2023-12-03 21:32:48,249] {logging_mixin.py:115} INFO - [2023-12-03 21:32:48,249] {dagbag.py:507} INFO - Filling up the DagBag from /home/antosha/venvs/practice_3/lib/python3.10/site-packages/airflow/example_dags/example_branch_day_of_week_operator.py
[2023-12-03 21:32:48,255] {processor.py:651} INFO - DAG(s) dict_keys(['example_weekday_branch_operator']) retrieved from /home/antosha/venvs/practice_3/lib/python3.10/site-packages/airflow/example_dags/example_branch_day_of_week_operator.py
[2023-12-03 21:32:48,267] {logging_mixin.py:115} INFO - [2023-12-03 21:32:48,267] {dag.py:2371} INFO - Sync 1 DAGs
[2023-12-03 21:32:48,282] {logging_mixin.py:115} INFO - [2023-12-03 21:32:48,282] {dag.py:2915} INFO - Setting next_dagrun for example_weekday_branch_operator to 2023-12-02T00:00:00+00:00, run_after=2023-12-03T00:00:00+00:00
[2023-12-03 21:32:48,290] {processor.py:161} INFO - Processing /home/antosha/venvs/practice_3/lib/python3.10/site-packages/airflow/example_dags/example_branch_day_of_week_operator.py took 0.044 seconds
[2023-12-03 21:33:19,257] {processor.py:153} INFO - Started process (PID=5916) to work on /home/antosha/venvs/practice_3/lib/python3.10/site-packages/airflow/example_dags/example_branch_day_of_week_operator.py
[2023-12-03 21:33:19,258] {processor.py:641} INFO - Processing file /home/antosha/venvs/practice_3/lib/python3.10/site-packages/airflow/example_dags/example_branch_day_of_week_operator.py for tasks to queue
[2023-12-03 21:33:19,258] {logging_mixin.py:115} INFO - [2023-12-03 21:33:19,258] {dagbag.py:507} INFO - Filling up the DagBag from /home/antosha/venvs/practice_3/lib/python3.10/site-packages/airflow/example_dags/example_branch_day_of_week_operator.py
[2023-12-03 21:33:19,271] {processor.py:651} INFO - DAG(s) dict_keys(['example_weekday_branch_operator']) retrieved from /home/antosha/venvs/practice_3/lib/python3.10/site-packages/airflow/example_dags/example_branch_day_of_week_operator.py
[2023-12-03 21:33:19,286] {logging_mixin.py:115} INFO - [2023-12-03 21:33:19,286] {dag.py:2371} INFO - Sync 1 DAGs
[2023-12-03 21:33:19,300] {logging_mixin.py:115} INFO - [2023-12-03 21:33:19,300] {dag.py:2915} INFO - Setting next_dagrun for example_weekday_branch_operator to 2023-12-02T00:00:00+00:00, run_after=2023-12-03T00:00:00+00:00
[2023-12-03 21:33:19,308] {processor.py:161} INFO - Processing /home/antosha/venvs/practice_3/lib/python3.10/site-packages/airflow/example_dags/example_branch_day_of_week_operator.py took 0.053 seconds
[2023-12-03 21:33:52,604] {processor.py:153} INFO - Started process (PID=5950) to work on /home/antosha/venvs/practice_3/lib/python3.10/site-packages/airflow/example_dags/example_branch_day_of_week_operator.py
[2023-12-03 21:33:52,604] {processor.py:641} INFO - Processing file /home/antosha/venvs/practice_3/lib/python3.10/site-packages/airflow/example_dags/example_branch_day_of_week_operator.py for tasks to queue
[2023-12-03 21:33:52,605] {logging_mixin.py:115} INFO - [2023-12-03 21:33:52,605] {dagbag.py:507} INFO - Filling up the DagBag from /home/antosha/venvs/practice_3/lib/python3.10/site-packages/airflow/example_dags/example_branch_day_of_week_operator.py
[2023-12-03 21:33:52,611] {processor.py:651} INFO - DAG(s) dict_keys(['example_weekday_branch_operator']) retrieved from /home/antosha/venvs/practice_3/lib/python3.10/site-packages/airflow/example_dags/example_branch_day_of_week_operator.py
[2023-12-03 21:33:52,632] {logging_mixin.py:115} INFO - [2023-12-03 21:33:52,632] {dag.py:2371} INFO - Sync 1 DAGs
[2023-12-03 21:33:52,645] {logging_mixin.py:115} INFO - [2023-12-03 21:33:52,644] {dag.py:2915} INFO - Setting next_dagrun for example_weekday_branch_operator to 2023-12-02T00:00:00+00:00, run_after=2023-12-03T00:00:00+00:00
[2023-12-03 21:33:52,653] {processor.py:161} INFO - Processing /home/antosha/venvs/practice_3/lib/python3.10/site-packages/airflow/example_dags/example_branch_day_of_week_operator.py took 0.051 seconds
[2023-12-03 21:34:25,590] {processor.py:153} INFO - Started process (PID=5988) to work on /home/antosha/venvs/practice_3/lib/python3.10/site-packages/airflow/example_dags/example_branch_day_of_week_operator.py
[2023-12-03 21:34:25,590] {processor.py:641} INFO - Processing file /home/antosha/venvs/practice_3/lib/python3.10/site-packages/airflow/example_dags/example_branch_day_of_week_operator.py for tasks to queue
[2023-12-03 21:34:25,591] {logging_mixin.py:115} INFO - [2023-12-03 21:34:25,591] {dagbag.py:507} INFO - Filling up the DagBag from /home/antosha/venvs/practice_3/lib/python3.10/site-packages/airflow/example_dags/example_branch_day_of_week_operator.py
[2023-12-03 21:34:25,597] {processor.py:651} INFO - DAG(s) dict_keys(['example_weekday_branch_operator']) retrieved from /home/antosha/venvs/practice_3/lib/python3.10/site-packages/airflow/example_dags/example_branch_day_of_week_operator.py
[2023-12-03 21:34:25,612] {logging_mixin.py:115} INFO - [2023-12-03 21:34:25,612] {dag.py:2371} INFO - Sync 1 DAGs
[2023-12-03 21:34:25,625] {logging_mixin.py:115} INFO - [2023-12-03 21:34:25,624] {dag.py:2915} INFO - Setting next_dagrun for example_weekday_branch_operator to 2023-12-02T00:00:00+00:00, run_after=2023-12-03T00:00:00+00:00
[2023-12-03 21:34:25,633] {processor.py:161} INFO - Processing /home/antosha/venvs/practice_3/lib/python3.10/site-packages/airflow/example_dags/example_branch_day_of_week_operator.py took 0.045 seconds
[2023-12-03 21:34:57,483] {processor.py:153} INFO - Started process (PID=6024) to work on /home/antosha/venvs/practice_3/lib/python3.10/site-packages/airflow/example_dags/example_branch_day_of_week_operator.py
[2023-12-03 21:34:57,483] {processor.py:641} INFO - Processing file /home/antosha/venvs/practice_3/lib/python3.10/site-packages/airflow/example_dags/example_branch_day_of_week_operator.py for tasks to queue
[2023-12-03 21:34:57,484] {logging_mixin.py:115} INFO - [2023-12-03 21:34:57,484] {dagbag.py:507} INFO - Filling up the DagBag from /home/antosha/venvs/practice_3/lib/python3.10/site-packages/airflow/example_dags/example_branch_day_of_week_operator.py
[2023-12-03 21:34:57,490] {processor.py:651} INFO - DAG(s) dict_keys(['example_weekday_branch_operator']) retrieved from /home/antosha/venvs/practice_3/lib/python3.10/site-packages/airflow/example_dags/example_branch_day_of_week_operator.py
[2023-12-03 21:34:57,503] {logging_mixin.py:115} INFO - [2023-12-03 21:34:57,503] {dag.py:2371} INFO - Sync 1 DAGs
[2023-12-03 21:34:57,516] {logging_mixin.py:115} INFO - [2023-12-03 21:34:57,516] {dag.py:2915} INFO - Setting next_dagrun for example_weekday_branch_operator to 2023-12-02T00:00:00+00:00, run_after=2023-12-03T00:00:00+00:00
[2023-12-03 21:34:57,524] {processor.py:161} INFO - Processing /home/antosha/venvs/practice_3/lib/python3.10/site-packages/airflow/example_dags/example_branch_day_of_week_operator.py took 0.043 seconds
[2023-12-03 21:35:30,046] {processor.py:153} INFO - Started process (PID=6067) to work on /home/antosha/venvs/practice_3/lib/python3.10/site-packages/airflow/example_dags/example_branch_day_of_week_operator.py
[2023-12-03 21:35:30,050] {processor.py:641} INFO - Processing file /home/antosha/venvs/practice_3/lib/python3.10/site-packages/airflow/example_dags/example_branch_day_of_week_operator.py for tasks to queue
[2023-12-03 21:35:30,050] {logging_mixin.py:115} INFO - [2023-12-03 21:35:30,050] {dagbag.py:507} INFO - Filling up the DagBag from /home/antosha/venvs/practice_3/lib/python3.10/site-packages/airflow/example_dags/example_branch_day_of_week_operator.py
[2023-12-03 21:35:30,061] {processor.py:651} INFO - DAG(s) dict_keys(['example_weekday_branch_operator']) retrieved from /home/antosha/venvs/practice_3/lib/python3.10/site-packages/airflow/example_dags/example_branch_day_of_week_operator.py
[2023-12-03 21:35:30,090] {logging_mixin.py:115} INFO - [2023-12-03 21:35:30,089] {dag.py:2371} INFO - Sync 1 DAGs
[2023-12-03 21:35:30,118] {logging_mixin.py:115} INFO - [2023-12-03 21:35:30,117] {dag.py:2915} INFO - Setting next_dagrun for example_weekday_branch_operator to 2023-12-02T00:00:00+00:00, run_after=2023-12-03T00:00:00+00:00
[2023-12-03 21:35:30,135] {processor.py:161} INFO - Processing /home/antosha/venvs/practice_3/lib/python3.10/site-packages/airflow/example_dags/example_branch_day_of_week_operator.py took 0.092 seconds
