[2023-12-03 21:24:12,686] {processor.py:153} INFO - Started process (PID=5247) to work on /home/antosha/venvs/practice_3/lib/python3.10/site-packages/airflow/example_dags/example_task_group_decorator.py
[2023-12-03 21:24:12,687] {processor.py:641} INFO - Processing file /home/antosha/venvs/practice_3/lib/python3.10/site-packages/airflow/example_dags/example_task_group_decorator.py for tasks to queue
[2023-12-03 21:24:12,687] {logging_mixin.py:115} INFO - [2023-12-03 21:24:12,687] {dagbag.py:507} INFO - Filling up the DagBag from /home/antosha/venvs/practice_3/lib/python3.10/site-packages/airflow/example_dags/example_task_group_decorator.py
[2023-12-03 21:24:12,720] {processor.py:651} INFO - DAG(s) dict_keys(['example_task_group_decorator']) retrieved from /home/antosha/venvs/practice_3/lib/python3.10/site-packages/airflow/example_dags/example_task_group_decorator.py
[2023-12-03 21:24:12,766] {logging_mixin.py:115} INFO - [2023-12-03 21:24:12,766] {manager.py:508} INFO - Created Permission View: can delete on DAG:example_task_group_decorator
[2023-12-03 21:24:12,772] {logging_mixin.py:115} INFO - [2023-12-03 21:24:12,772] {manager.py:508} INFO - Created Permission View: can edit on DAG:example_task_group_decorator
[2023-12-03 21:24:12,777] {logging_mixin.py:115} INFO - [2023-12-03 21:24:12,777] {manager.py:508} INFO - Created Permission View: can read on DAG:example_task_group_decorator
[2023-12-03 21:24:12,777] {logging_mixin.py:115} INFO - [2023-12-03 21:24:12,777] {dag.py:2371} INFO - Sync 1 DAGs
[2023-12-03 21:24:12,782] {logging_mixin.py:115} INFO - [2023-12-03 21:24:12,781] {dag.py:2390} INFO - Creating ORM DAG for example_task_group_decorator
[2023-12-03 21:24:12,788] {logging_mixin.py:115} INFO - [2023-12-03 21:24:12,788] {dag.py:2915} INFO - Setting next_dagrun for example_task_group_decorator to 2023-12-02T16:24:12.788078+00:00, run_after=2023-12-03T16:24:12.788078+00:00
[2023-12-03 21:24:12,796] {processor.py:161} INFO - Processing /home/antosha/venvs/practice_3/lib/python3.10/site-packages/airflow/example_dags/example_task_group_decorator.py took 0.112 seconds
[2023-12-03 21:24:43,573] {processor.py:153} INFO - Started process (PID=5285) to work on /home/antosha/venvs/practice_3/lib/python3.10/site-packages/airflow/example_dags/example_task_group_decorator.py
[2023-12-03 21:24:43,573] {processor.py:641} INFO - Processing file /home/antosha/venvs/practice_3/lib/python3.10/site-packages/airflow/example_dags/example_task_group_decorator.py for tasks to queue
[2023-12-03 21:24:43,574] {logging_mixin.py:115} INFO - [2023-12-03 21:24:43,574] {dagbag.py:507} INFO - Filling up the DagBag from /home/antosha/venvs/practice_3/lib/python3.10/site-packages/airflow/example_dags/example_task_group_decorator.py
[2023-12-03 21:24:43,593] {processor.py:651} INFO - DAG(s) dict_keys(['example_task_group_decorator']) retrieved from /home/antosha/venvs/practice_3/lib/python3.10/site-packages/airflow/example_dags/example_task_group_decorator.py
[2023-12-03 21:24:43,622] {logging_mixin.py:115} INFO - [2023-12-03 21:24:43,622] {dag.py:2371} INFO - Sync 1 DAGs
[2023-12-03 21:24:43,644] {logging_mixin.py:115} INFO - [2023-12-03 21:24:43,644] {dag.py:2915} INFO - Setting next_dagrun for example_task_group_decorator to 2023-12-02T16:24:43.644085+00:00, run_after=2023-12-03T16:24:43.644085+00:00
[2023-12-03 21:24:43,654] {processor.py:161} INFO - Processing /home/antosha/venvs/practice_3/lib/python3.10/site-packages/airflow/example_dags/example_task_group_decorator.py took 0.084 seconds
[2023-12-03 21:25:18,924] {processor.py:153} INFO - Started process (PID=5331) to work on /home/antosha/venvs/practice_3/lib/python3.10/site-packages/airflow/example_dags/example_task_group_decorator.py
[2023-12-03 21:25:18,924] {processor.py:641} INFO - Processing file /home/antosha/venvs/practice_3/lib/python3.10/site-packages/airflow/example_dags/example_task_group_decorator.py for tasks to queue
[2023-12-03 21:25:18,925] {logging_mixin.py:115} INFO - [2023-12-03 21:25:18,925] {dagbag.py:507} INFO - Filling up the DagBag from /home/antosha/venvs/practice_3/lib/python3.10/site-packages/airflow/example_dags/example_task_group_decorator.py
[2023-12-03 21:25:18,944] {processor.py:651} INFO - DAG(s) dict_keys(['example_task_group_decorator']) retrieved from /home/antosha/venvs/practice_3/lib/python3.10/site-packages/airflow/example_dags/example_task_group_decorator.py
[2023-12-03 21:25:18,972] {logging_mixin.py:115} INFO - [2023-12-03 21:25:18,972] {dag.py:2371} INFO - Sync 1 DAGs
[2023-12-03 21:25:18,984] {logging_mixin.py:115} INFO - [2023-12-03 21:25:18,984] {dag.py:2915} INFO - Setting next_dagrun for example_task_group_decorator to 2023-12-02T16:25:18.984645+00:00, run_after=2023-12-03T16:25:18.984645+00:00
[2023-12-03 21:25:18,993] {processor.py:161} INFO - Processing /home/antosha/venvs/practice_3/lib/python3.10/site-packages/airflow/example_dags/example_task_group_decorator.py took 0.072 seconds
[2023-12-03 21:25:49,683] {processor.py:153} INFO - Started process (PID=5365) to work on /home/antosha/venvs/practice_3/lib/python3.10/site-packages/airflow/example_dags/example_task_group_decorator.py
[2023-12-03 21:25:49,684] {processor.py:641} INFO - Processing file /home/antosha/venvs/practice_3/lib/python3.10/site-packages/airflow/example_dags/example_task_group_decorator.py for tasks to queue
[2023-12-03 21:25:49,684] {logging_mixin.py:115} INFO - [2023-12-03 21:25:49,684] {dagbag.py:507} INFO - Filling up the DagBag from /home/antosha/venvs/practice_3/lib/python3.10/site-packages/airflow/example_dags/example_task_group_decorator.py
[2023-12-03 21:25:49,704] {processor.py:651} INFO - DAG(s) dict_keys(['example_task_group_decorator']) retrieved from /home/antosha/venvs/practice_3/lib/python3.10/site-packages/airflow/example_dags/example_task_group_decorator.py
[2023-12-03 21:25:49,716] {logging_mixin.py:115} INFO - [2023-12-03 21:25:49,716] {dag.py:2371} INFO - Sync 1 DAGs
[2023-12-03 21:25:49,727] {logging_mixin.py:115} INFO - [2023-12-03 21:25:49,727] {dag.py:2915} INFO - Setting next_dagrun for example_task_group_decorator to 2023-12-02T16:25:49.726838+00:00, run_after=2023-12-03T16:25:49.726838+00:00
[2023-12-03 21:25:49,734] {processor.py:161} INFO - Processing /home/antosha/venvs/practice_3/lib/python3.10/site-packages/airflow/example_dags/example_task_group_decorator.py took 0.053 seconds
[2023-12-03 21:26:23,363] {processor.py:153} INFO - Started process (PID=5399) to work on /home/antosha/venvs/practice_3/lib/python3.10/site-packages/airflow/example_dags/example_task_group_decorator.py
[2023-12-03 21:26:23,363] {processor.py:641} INFO - Processing file /home/antosha/venvs/practice_3/lib/python3.10/site-packages/airflow/example_dags/example_task_group_decorator.py for tasks to queue
[2023-12-03 21:26:23,364] {logging_mixin.py:115} INFO - [2023-12-03 21:26:23,364] {dagbag.py:507} INFO - Filling up the DagBag from /home/antosha/venvs/practice_3/lib/python3.10/site-packages/airflow/example_dags/example_task_group_decorator.py
[2023-12-03 21:26:23,383] {processor.py:651} INFO - DAG(s) dict_keys(['example_task_group_decorator']) retrieved from /home/antosha/venvs/practice_3/lib/python3.10/site-packages/airflow/example_dags/example_task_group_decorator.py
[2023-12-03 21:26:23,395] {logging_mixin.py:115} INFO - [2023-12-03 21:26:23,395] {dag.py:2371} INFO - Sync 1 DAGs
[2023-12-03 21:26:23,406] {logging_mixin.py:115} INFO - [2023-12-03 21:26:23,405] {dag.py:2915} INFO - Setting next_dagrun for example_task_group_decorator to 2023-12-02T16:26:23.405741+00:00, run_after=2023-12-03T16:26:23.405741+00:00
[2023-12-03 21:26:23,413] {processor.py:161} INFO - Processing /home/antosha/venvs/practice_3/lib/python3.10/site-packages/airflow/example_dags/example_task_group_decorator.py took 0.053 seconds
[2023-12-03 21:26:54,591] {processor.py:153} INFO - Started process (PID=5449) to work on /home/antosha/venvs/practice_3/lib/python3.10/site-packages/airflow/example_dags/example_task_group_decorator.py
[2023-12-03 21:26:54,591] {processor.py:641} INFO - Processing file /home/antosha/venvs/practice_3/lib/python3.10/site-packages/airflow/example_dags/example_task_group_decorator.py for tasks to queue
[2023-12-03 21:26:54,592] {logging_mixin.py:115} INFO - [2023-12-03 21:26:54,592] {dagbag.py:507} INFO - Filling up the DagBag from /home/antosha/venvs/practice_3/lib/python3.10/site-packages/airflow/example_dags/example_task_group_decorator.py
[2023-12-03 21:26:54,612] {processor.py:651} INFO - DAG(s) dict_keys(['example_task_group_decorator']) retrieved from /home/antosha/venvs/practice_3/lib/python3.10/site-packages/airflow/example_dags/example_task_group_decorator.py
[2023-12-03 21:26:54,641] {logging_mixin.py:115} INFO - [2023-12-03 21:26:54,641] {dag.py:2371} INFO - Sync 1 DAGs
[2023-12-03 21:26:54,650] {logging_mixin.py:115} INFO - [2023-12-03 21:26:54,650] {dag.py:2915} INFO - Setting next_dagrun for example_task_group_decorator to 2023-12-02T16:26:54.650215+00:00, run_after=2023-12-03T16:26:54.650215+00:00
[2023-12-03 21:26:54,669] {processor.py:161} INFO - Processing /home/antosha/venvs/practice_3/lib/python3.10/site-packages/airflow/example_dags/example_task_group_decorator.py took 0.081 seconds
[2023-12-03 21:27:27,210] {processor.py:153} INFO - Started process (PID=5483) to work on /home/antosha/venvs/practice_3/lib/python3.10/site-packages/airflow/example_dags/example_task_group_decorator.py
[2023-12-03 21:27:27,210] {processor.py:641} INFO - Processing file /home/antosha/venvs/practice_3/lib/python3.10/site-packages/airflow/example_dags/example_task_group_decorator.py for tasks to queue
[2023-12-03 21:27:27,211] {logging_mixin.py:115} INFO - [2023-12-03 21:27:27,211] {dagbag.py:507} INFO - Filling up the DagBag from /home/antosha/venvs/practice_3/lib/python3.10/site-packages/airflow/example_dags/example_task_group_decorator.py
[2023-12-03 21:27:27,247] {processor.py:651} INFO - DAG(s) dict_keys(['example_task_group_decorator']) retrieved from /home/antosha/venvs/practice_3/lib/python3.10/site-packages/airflow/example_dags/example_task_group_decorator.py
[2023-12-03 21:27:27,271] {logging_mixin.py:115} INFO - [2023-12-03 21:27:27,271] {dag.py:2371} INFO - Sync 1 DAGs
[2023-12-03 21:27:27,297] {logging_mixin.py:115} INFO - [2023-12-03 21:27:27,297] {dag.py:2915} INFO - Setting next_dagrun for example_task_group_decorator to 2023-12-02T16:27:27.296842+00:00, run_after=2023-12-03T16:27:27.296842+00:00
[2023-12-03 21:27:27,316] {processor.py:161} INFO - Processing /home/antosha/venvs/practice_3/lib/python3.10/site-packages/airflow/example_dags/example_task_group_decorator.py took 0.111 seconds
[2023-12-03 21:28:00,946] {processor.py:153} INFO - Started process (PID=5549) to work on /home/antosha/venvs/practice_3/lib/python3.10/site-packages/airflow/example_dags/example_task_group_decorator.py
[2023-12-03 21:28:00,946] {processor.py:641} INFO - Processing file /home/antosha/venvs/practice_3/lib/python3.10/site-packages/airflow/example_dags/example_task_group_decorator.py for tasks to queue
[2023-12-03 21:28:00,947] {logging_mixin.py:115} INFO - [2023-12-03 21:28:00,947] {dagbag.py:507} INFO - Filling up the DagBag from /home/antosha/venvs/practice_3/lib/python3.10/site-packages/airflow/example_dags/example_task_group_decorator.py
[2023-12-03 21:28:00,969] {processor.py:651} INFO - DAG(s) dict_keys(['example_task_group_decorator']) retrieved from /home/antosha/venvs/practice_3/lib/python3.10/site-packages/airflow/example_dags/example_task_group_decorator.py
[2023-12-03 21:28:01,001] {logging_mixin.py:115} INFO - [2023-12-03 21:28:01,001] {dag.py:2371} INFO - Sync 1 DAGs
[2023-12-03 21:28:01,010] {logging_mixin.py:115} INFO - [2023-12-03 21:28:01,010] {dag.py:2915} INFO - Setting next_dagrun for example_task_group_decorator to 2023-12-02T16:28:01.010283+00:00, run_after=2023-12-03T16:28:01.010283+00:00
[2023-12-03 21:28:01,019] {processor.py:161} INFO - Processing /home/antosha/venvs/practice_3/lib/python3.10/site-packages/airflow/example_dags/example_task_group_decorator.py took 0.075 seconds
[2023-12-03 21:28:33,969] {processor.py:153} INFO - Started process (PID=5588) to work on /home/antosha/venvs/practice_3/lib/python3.10/site-packages/airflow/example_dags/example_task_group_decorator.py
[2023-12-03 21:28:33,970] {processor.py:641} INFO - Processing file /home/antosha/venvs/practice_3/lib/python3.10/site-packages/airflow/example_dags/example_task_group_decorator.py for tasks to queue
[2023-12-03 21:28:33,970] {logging_mixin.py:115} INFO - [2023-12-03 21:28:33,970] {dagbag.py:507} INFO - Filling up the DagBag from /home/antosha/venvs/practice_3/lib/python3.10/site-packages/airflow/example_dags/example_task_group_decorator.py
[2023-12-03 21:28:33,990] {processor.py:651} INFO - DAG(s) dict_keys(['example_task_group_decorator']) retrieved from /home/antosha/venvs/practice_3/lib/python3.10/site-packages/airflow/example_dags/example_task_group_decorator.py
[2023-12-03 21:28:34,018] {logging_mixin.py:115} INFO - [2023-12-03 21:28:34,018] {dag.py:2371} INFO - Sync 1 DAGs
[2023-12-03 21:28:34,027] {logging_mixin.py:115} INFO - [2023-12-03 21:28:34,027] {dag.py:2915} INFO - Setting next_dagrun for example_task_group_decorator to 2023-12-02T16:28:34.027583+00:00, run_after=2023-12-03T16:28:34.027583+00:00
[2023-12-03 21:28:34,036] {processor.py:161} INFO - Processing /home/antosha/venvs/practice_3/lib/python3.10/site-packages/airflow/example_dags/example_task_group_decorator.py took 0.069 seconds
[2023-12-03 21:29:06,102] {processor.py:153} INFO - Started process (PID=5628) to work on /home/antosha/venvs/practice_3/lib/python3.10/site-packages/airflow/example_dags/example_task_group_decorator.py
[2023-12-03 21:29:06,102] {processor.py:641} INFO - Processing file /home/antosha/venvs/practice_3/lib/python3.10/site-packages/airflow/example_dags/example_task_group_decorator.py for tasks to queue
[2023-12-03 21:29:06,103] {logging_mixin.py:115} INFO - [2023-12-03 21:29:06,103] {dagbag.py:507} INFO - Filling up the DagBag from /home/antosha/venvs/practice_3/lib/python3.10/site-packages/airflow/example_dags/example_task_group_decorator.py
[2023-12-03 21:29:06,123] {processor.py:651} INFO - DAG(s) dict_keys(['example_task_group_decorator']) retrieved from /home/antosha/venvs/practice_3/lib/python3.10/site-packages/airflow/example_dags/example_task_group_decorator.py
[2023-12-03 21:29:06,153] {logging_mixin.py:115} INFO - [2023-12-03 21:29:06,153] {dag.py:2371} INFO - Sync 1 DAGs
[2023-12-03 21:29:06,162] {logging_mixin.py:115} INFO - [2023-12-03 21:29:06,162] {dag.py:2915} INFO - Setting next_dagrun for example_task_group_decorator to 2023-12-02T16:29:06.162719+00:00, run_after=2023-12-03T16:29:06.162719+00:00
[2023-12-03 21:29:06,171] {processor.py:161} INFO - Processing /home/antosha/venvs/practice_3/lib/python3.10/site-packages/airflow/example_dags/example_task_group_decorator.py took 0.072 seconds
[2023-12-03 21:29:38,734] {processor.py:153} INFO - Started process (PID=5667) to work on /home/antosha/venvs/practice_3/lib/python3.10/site-packages/airflow/example_dags/example_task_group_decorator.py
[2023-12-03 21:29:38,734] {processor.py:641} INFO - Processing file /home/antosha/venvs/practice_3/lib/python3.10/site-packages/airflow/example_dags/example_task_group_decorator.py for tasks to queue
[2023-12-03 21:29:38,735] {logging_mixin.py:115} INFO - [2023-12-03 21:29:38,735] {dagbag.py:507} INFO - Filling up the DagBag from /home/antosha/venvs/practice_3/lib/python3.10/site-packages/airflow/example_dags/example_task_group_decorator.py
[2023-12-03 21:29:38,755] {processor.py:651} INFO - DAG(s) dict_keys(['example_task_group_decorator']) retrieved from /home/antosha/venvs/practice_3/lib/python3.10/site-packages/airflow/example_dags/example_task_group_decorator.py
[2023-12-03 21:29:38,783] {logging_mixin.py:115} INFO - [2023-12-03 21:29:38,783] {dag.py:2371} INFO - Sync 1 DAGs
[2023-12-03 21:29:38,792] {logging_mixin.py:115} INFO - [2023-12-03 21:29:38,792] {dag.py:2915} INFO - Setting next_dagrun for example_task_group_decorator to 2023-12-02T16:29:38.792456+00:00, run_after=2023-12-03T16:29:38.792456+00:00
[2023-12-03 21:29:38,800] {processor.py:161} INFO - Processing /home/antosha/venvs/practice_3/lib/python3.10/site-packages/airflow/example_dags/example_task_group_decorator.py took 0.068 seconds
[2023-12-03 21:30:10,642] {processor.py:153} INFO - Started process (PID=5706) to work on /home/antosha/venvs/practice_3/lib/python3.10/site-packages/airflow/example_dags/example_task_group_decorator.py
[2023-12-03 21:30:10,643] {processor.py:641} INFO - Processing file /home/antosha/venvs/practice_3/lib/python3.10/site-packages/airflow/example_dags/example_task_group_decorator.py for tasks to queue
[2023-12-03 21:30:10,643] {logging_mixin.py:115} INFO - [2023-12-03 21:30:10,643] {dagbag.py:507} INFO - Filling up the DagBag from /home/antosha/venvs/practice_3/lib/python3.10/site-packages/airflow/example_dags/example_task_group_decorator.py
[2023-12-03 21:30:10,663] {processor.py:651} INFO - DAG(s) dict_keys(['example_task_group_decorator']) retrieved from /home/antosha/venvs/practice_3/lib/python3.10/site-packages/airflow/example_dags/example_task_group_decorator.py
[2023-12-03 21:30:10,691] {logging_mixin.py:115} INFO - [2023-12-03 21:30:10,691] {dag.py:2371} INFO - Sync 1 DAGs
[2023-12-03 21:30:10,701] {logging_mixin.py:115} INFO - [2023-12-03 21:30:10,700] {dag.py:2915} INFO - Setting next_dagrun for example_task_group_decorator to 2023-12-02T16:30:10.700754+00:00, run_after=2023-12-03T16:30:10.700754+00:00
[2023-12-03 21:30:10,709] {processor.py:161} INFO - Processing /home/antosha/venvs/practice_3/lib/python3.10/site-packages/airflow/example_dags/example_task_group_decorator.py took 0.069 seconds
[2023-12-03 21:30:42,835] {processor.py:153} INFO - Started process (PID=5749) to work on /home/antosha/venvs/practice_3/lib/python3.10/site-packages/airflow/example_dags/example_task_group_decorator.py
[2023-12-03 21:30:42,836] {processor.py:641} INFO - Processing file /home/antosha/venvs/practice_3/lib/python3.10/site-packages/airflow/example_dags/example_task_group_decorator.py for tasks to queue
[2023-12-03 21:30:42,836] {logging_mixin.py:115} INFO - [2023-12-03 21:30:42,836] {dagbag.py:507} INFO - Filling up the DagBag from /home/antosha/venvs/practice_3/lib/python3.10/site-packages/airflow/example_dags/example_task_group_decorator.py
[2023-12-03 21:30:42,858] {processor.py:651} INFO - DAG(s) dict_keys(['example_task_group_decorator']) retrieved from /home/antosha/venvs/practice_3/lib/python3.10/site-packages/airflow/example_dags/example_task_group_decorator.py
[2023-12-03 21:30:42,888] {logging_mixin.py:115} INFO - [2023-12-03 21:30:42,888] {dag.py:2371} INFO - Sync 1 DAGs
[2023-12-03 21:30:42,898] {logging_mixin.py:115} INFO - [2023-12-03 21:30:42,898] {dag.py:2915} INFO - Setting next_dagrun for example_task_group_decorator to 2023-12-02T16:30:42.897827+00:00, run_after=2023-12-03T16:30:42.897827+00:00
[2023-12-03 21:30:42,907] {processor.py:161} INFO - Processing /home/antosha/venvs/practice_3/lib/python3.10/site-packages/airflow/example_dags/example_task_group_decorator.py took 0.074 seconds
[2023-12-03 21:31:15,896] {processor.py:153} INFO - Started process (PID=5783) to work on /home/antosha/venvs/practice_3/lib/python3.10/site-packages/airflow/example_dags/example_task_group_decorator.py
[2023-12-03 21:31:15,897] {processor.py:641} INFO - Processing file /home/antosha/venvs/practice_3/lib/python3.10/site-packages/airflow/example_dags/example_task_group_decorator.py for tasks to queue
[2023-12-03 21:31:15,897] {logging_mixin.py:115} INFO - [2023-12-03 21:31:15,897] {dagbag.py:507} INFO - Filling up the DagBag from /home/antosha/venvs/practice_3/lib/python3.10/site-packages/airflow/example_dags/example_task_group_decorator.py
[2023-12-03 21:31:15,916] {processor.py:651} INFO - DAG(s) dict_keys(['example_task_group_decorator']) retrieved from /home/antosha/venvs/practice_3/lib/python3.10/site-packages/airflow/example_dags/example_task_group_decorator.py
[2023-12-03 21:31:15,954] {logging_mixin.py:115} INFO - [2023-12-03 21:31:15,954] {dag.py:2371} INFO - Sync 1 DAGs
[2023-12-03 21:31:15,964] {logging_mixin.py:115} INFO - [2023-12-03 21:31:15,964] {dag.py:2915} INFO - Setting next_dagrun for example_task_group_decorator to 2023-12-02T16:31:15.964283+00:00, run_after=2023-12-03T16:31:15.964283+00:00
[2023-12-03 21:31:15,972] {processor.py:161} INFO - Processing /home/antosha/venvs/practice_3/lib/python3.10/site-packages/airflow/example_dags/example_task_group_decorator.py took 0.079 seconds
[2023-12-03 21:31:47,988] {processor.py:153} INFO - Started process (PID=5817) to work on /home/antosha/venvs/practice_3/lib/python3.10/site-packages/airflow/example_dags/example_task_group_decorator.py
[2023-12-03 21:31:47,988] {processor.py:641} INFO - Processing file /home/antosha/venvs/practice_3/lib/python3.10/site-packages/airflow/example_dags/example_task_group_decorator.py for tasks to queue
[2023-12-03 21:31:47,988] {logging_mixin.py:115} INFO - [2023-12-03 21:31:47,988] {dagbag.py:507} INFO - Filling up the DagBag from /home/antosha/venvs/practice_3/lib/python3.10/site-packages/airflow/example_dags/example_task_group_decorator.py
[2023-12-03 21:31:48,014] {processor.py:651} INFO - DAG(s) dict_keys(['example_task_group_decorator']) retrieved from /home/antosha/venvs/practice_3/lib/python3.10/site-packages/airflow/example_dags/example_task_group_decorator.py
[2023-12-03 21:31:48,052] {logging_mixin.py:115} INFO - [2023-12-03 21:31:48,052] {dag.py:2371} INFO - Sync 1 DAGs
[2023-12-03 21:31:48,064] {logging_mixin.py:115} INFO - [2023-12-03 21:31:48,064] {dag.py:2915} INFO - Setting next_dagrun for example_task_group_decorator to 2023-12-02T16:31:48.063818+00:00, run_after=2023-12-03T16:31:48.063818+00:00
[2023-12-03 21:31:48,073] {processor.py:161} INFO - Processing /home/antosha/venvs/practice_3/lib/python3.10/site-packages/airflow/example_dags/example_task_group_decorator.py took 0.088 seconds
[2023-12-03 21:32:20,322] {processor.py:153} INFO - Started process (PID=5851) to work on /home/antosha/venvs/practice_3/lib/python3.10/site-packages/airflow/example_dags/example_task_group_decorator.py
[2023-12-03 21:32:20,322] {processor.py:641} INFO - Processing file /home/antosha/venvs/practice_3/lib/python3.10/site-packages/airflow/example_dags/example_task_group_decorator.py for tasks to queue
[2023-12-03 21:32:20,323] {logging_mixin.py:115} INFO - [2023-12-03 21:32:20,323] {dagbag.py:507} INFO - Filling up the DagBag from /home/antosha/venvs/practice_3/lib/python3.10/site-packages/airflow/example_dags/example_task_group_decorator.py
[2023-12-03 21:32:20,343] {processor.py:651} INFO - DAG(s) dict_keys(['example_task_group_decorator']) retrieved from /home/antosha/venvs/practice_3/lib/python3.10/site-packages/airflow/example_dags/example_task_group_decorator.py
[2023-12-03 21:32:20,371] {logging_mixin.py:115} INFO - [2023-12-03 21:32:20,371] {dag.py:2371} INFO - Sync 1 DAGs
[2023-12-03 21:32:20,380] {logging_mixin.py:115} INFO - [2023-12-03 21:32:20,380] {dag.py:2915} INFO - Setting next_dagrun for example_task_group_decorator to 2023-12-02T16:32:20.380548+00:00, run_after=2023-12-03T16:32:20.380548+00:00
[2023-12-03 21:32:20,389] {processor.py:161} INFO - Processing /home/antosha/venvs/practice_3/lib/python3.10/site-packages/airflow/example_dags/example_task_group_decorator.py took 0.069 seconds
[2023-12-03 21:32:55,631] {processor.py:153} INFO - Started process (PID=5889) to work on /home/antosha/venvs/practice_3/lib/python3.10/site-packages/airflow/example_dags/example_task_group_decorator.py
[2023-12-03 21:32:55,631] {processor.py:641} INFO - Processing file /home/antosha/venvs/practice_3/lib/python3.10/site-packages/airflow/example_dags/example_task_group_decorator.py for tasks to queue
[2023-12-03 21:32:55,632] {logging_mixin.py:115} INFO - [2023-12-03 21:32:55,631] {dagbag.py:507} INFO - Filling up the DagBag from /home/antosha/venvs/practice_3/lib/python3.10/site-packages/airflow/example_dags/example_task_group_decorator.py
[2023-12-03 21:32:55,652] {processor.py:651} INFO - DAG(s) dict_keys(['example_task_group_decorator']) retrieved from /home/antosha/venvs/practice_3/lib/python3.10/site-packages/airflow/example_dags/example_task_group_decorator.py
[2023-12-03 21:32:55,664] {logging_mixin.py:115} INFO - [2023-12-03 21:32:55,664] {dag.py:2371} INFO - Sync 1 DAGs
[2023-12-03 21:32:55,676] {logging_mixin.py:115} INFO - [2023-12-03 21:32:55,675] {dag.py:2915} INFO - Setting next_dagrun for example_task_group_decorator to 2023-12-02T16:32:55.675801+00:00, run_after=2023-12-03T16:32:55.675801+00:00
[2023-12-03 21:32:55,683] {processor.py:161} INFO - Processing /home/antosha/venvs/practice_3/lib/python3.10/site-packages/airflow/example_dags/example_task_group_decorator.py took 0.055 seconds
[2023-12-03 21:33:26,429] {processor.py:153} INFO - Started process (PID=5923) to work on /home/antosha/venvs/practice_3/lib/python3.10/site-packages/airflow/example_dags/example_task_group_decorator.py
[2023-12-03 21:33:26,430] {processor.py:641} INFO - Processing file /home/antosha/venvs/practice_3/lib/python3.10/site-packages/airflow/example_dags/example_task_group_decorator.py for tasks to queue
[2023-12-03 21:33:26,430] {logging_mixin.py:115} INFO - [2023-12-03 21:33:26,430] {dagbag.py:507} INFO - Filling up the DagBag from /home/antosha/venvs/practice_3/lib/python3.10/site-packages/airflow/example_dags/example_task_group_decorator.py
[2023-12-03 21:33:26,450] {processor.py:651} INFO - DAG(s) dict_keys(['example_task_group_decorator']) retrieved from /home/antosha/venvs/practice_3/lib/python3.10/site-packages/airflow/example_dags/example_task_group_decorator.py
[2023-12-03 21:33:26,462] {logging_mixin.py:115} INFO - [2023-12-03 21:33:26,462] {dag.py:2371} INFO - Sync 1 DAGs
[2023-12-03 21:33:26,473] {logging_mixin.py:115} INFO - [2023-12-03 21:33:26,473] {dag.py:2915} INFO - Setting next_dagrun for example_task_group_decorator to 2023-12-02T16:33:26.473505+00:00, run_after=2023-12-03T16:33:26.473505+00:00
[2023-12-03 21:33:26,481] {processor.py:161} INFO - Processing /home/antosha/venvs/practice_3/lib/python3.10/site-packages/airflow/example_dags/example_task_group_decorator.py took 0.054 seconds
[2023-12-03 21:33:58,877] {processor.py:153} INFO - Started process (PID=5957) to work on /home/antosha/venvs/practice_3/lib/python3.10/site-packages/airflow/example_dags/example_task_group_decorator.py
[2023-12-03 21:33:58,878] {processor.py:641} INFO - Processing file /home/antosha/venvs/practice_3/lib/python3.10/site-packages/airflow/example_dags/example_task_group_decorator.py for tasks to queue
[2023-12-03 21:33:58,878] {logging_mixin.py:115} INFO - [2023-12-03 21:33:58,878] {dagbag.py:507} INFO - Filling up the DagBag from /home/antosha/venvs/practice_3/lib/python3.10/site-packages/airflow/example_dags/example_task_group_decorator.py
[2023-12-03 21:33:58,898] {processor.py:651} INFO - DAG(s) dict_keys(['example_task_group_decorator']) retrieved from /home/antosha/venvs/practice_3/lib/python3.10/site-packages/airflow/example_dags/example_task_group_decorator.py
[2023-12-03 21:33:58,930] {logging_mixin.py:115} INFO - [2023-12-03 21:33:58,929] {dag.py:2371} INFO - Sync 1 DAGs
[2023-12-03 21:33:58,939] {logging_mixin.py:115} INFO - [2023-12-03 21:33:58,939] {dag.py:2915} INFO - Setting next_dagrun for example_task_group_decorator to 2023-12-02T16:33:58.939664+00:00, run_after=2023-12-03T16:33:58.939664+00:00
[2023-12-03 21:33:58,949] {processor.py:161} INFO - Processing /home/antosha/venvs/practice_3/lib/python3.10/site-packages/airflow/example_dags/example_task_group_decorator.py took 0.075 seconds
[2023-12-03 21:34:32,337] {processor.py:153} INFO - Started process (PID=5995) to work on /home/antosha/venvs/practice_3/lib/python3.10/site-packages/airflow/example_dags/example_task_group_decorator.py
[2023-12-03 21:34:32,338] {processor.py:641} INFO - Processing file /home/antosha/venvs/practice_3/lib/python3.10/site-packages/airflow/example_dags/example_task_group_decorator.py for tasks to queue
[2023-12-03 21:34:32,338] {logging_mixin.py:115} INFO - [2023-12-03 21:34:32,338] {dagbag.py:507} INFO - Filling up the DagBag from /home/antosha/venvs/practice_3/lib/python3.10/site-packages/airflow/example_dags/example_task_group_decorator.py
[2023-12-03 21:34:32,360] {processor.py:651} INFO - DAG(s) dict_keys(['example_task_group_decorator']) retrieved from /home/antosha/venvs/practice_3/lib/python3.10/site-packages/airflow/example_dags/example_task_group_decorator.py
[2023-12-03 21:34:32,373] {logging_mixin.py:115} INFO - [2023-12-03 21:34:32,373] {dag.py:2371} INFO - Sync 1 DAGs
[2023-12-03 21:34:32,384] {logging_mixin.py:115} INFO - [2023-12-03 21:34:32,384] {dag.py:2915} INFO - Setting next_dagrun for example_task_group_decorator to 2023-12-02T16:34:32.384385+00:00, run_after=2023-12-03T16:34:32.384385+00:00
[2023-12-03 21:34:32,393] {processor.py:161} INFO - Processing /home/antosha/venvs/practice_3/lib/python3.10/site-packages/airflow/example_dags/example_task_group_decorator.py took 0.058 seconds
[2023-12-03 21:35:03,748] {processor.py:153} INFO - Started process (PID=6033) to work on /home/antosha/venvs/practice_3/lib/python3.10/site-packages/airflow/example_dags/example_task_group_decorator.py
[2023-12-03 21:35:03,749] {processor.py:641} INFO - Processing file /home/antosha/venvs/practice_3/lib/python3.10/site-packages/airflow/example_dags/example_task_group_decorator.py for tasks to queue
[2023-12-03 21:35:03,749] {logging_mixin.py:115} INFO - [2023-12-03 21:35:03,749] {dagbag.py:507} INFO - Filling up the DagBag from /home/antosha/venvs/practice_3/lib/python3.10/site-packages/airflow/example_dags/example_task_group_decorator.py
[2023-12-03 21:35:03,769] {processor.py:651} INFO - DAG(s) dict_keys(['example_task_group_decorator']) retrieved from /home/antosha/venvs/practice_3/lib/python3.10/site-packages/airflow/example_dags/example_task_group_decorator.py
[2023-12-03 21:35:03,783] {logging_mixin.py:115} INFO - [2023-12-03 21:35:03,783] {dag.py:2371} INFO - Sync 1 DAGs
[2023-12-03 21:35:03,795] {logging_mixin.py:115} INFO - [2023-12-03 21:35:03,795] {dag.py:2915} INFO - Setting next_dagrun for example_task_group_decorator to 2023-12-02T16:35:03.795632+00:00, run_after=2023-12-03T16:35:03.795632+00:00
[2023-12-03 21:35:03,804] {processor.py:161} INFO - Processing /home/antosha/venvs/practice_3/lib/python3.10/site-packages/airflow/example_dags/example_task_group_decorator.py took 0.058 seconds
[2023-12-03 21:35:37,546] {processor.py:153} INFO - Started process (PID=6074) to work on /home/antosha/venvs/practice_3/lib/python3.10/site-packages/airflow/example_dags/example_task_group_decorator.py
[2023-12-03 21:35:37,547] {processor.py:641} INFO - Processing file /home/antosha/venvs/practice_3/lib/python3.10/site-packages/airflow/example_dags/example_task_group_decorator.py for tasks to queue
[2023-12-03 21:35:37,547] {logging_mixin.py:115} INFO - [2023-12-03 21:35:37,547] {dagbag.py:507} INFO - Filling up the DagBag from /home/antosha/venvs/practice_3/lib/python3.10/site-packages/airflow/example_dags/example_task_group_decorator.py
[2023-12-03 21:35:37,570] {processor.py:651} INFO - DAG(s) dict_keys(['example_task_group_decorator']) retrieved from /home/antosha/venvs/practice_3/lib/python3.10/site-packages/airflow/example_dags/example_task_group_decorator.py
[2023-12-03 21:35:37,584] {logging_mixin.py:115} INFO - [2023-12-03 21:35:37,584] {dag.py:2371} INFO - Sync 1 DAGs
[2023-12-03 21:35:37,596] {logging_mixin.py:115} INFO - [2023-12-03 21:35:37,596] {dag.py:2915} INFO - Setting next_dagrun for example_task_group_decorator to 2023-12-02T16:35:37.596263+00:00, run_after=2023-12-03T16:35:37.596263+00:00
[2023-12-03 21:35:37,605] {processor.py:161} INFO - Processing /home/antosha/venvs/practice_3/lib/python3.10/site-packages/airflow/example_dags/example_task_group_decorator.py took 0.062 seconds
