[2023-12-03 21:23:53,705] {processor.py:153} INFO - Started process (PID=4541) to work on /home/antosha/venvs/practice_3/lib/python3.10/site-packages/airflow/example_dags/tutorial_etl_dag.py
[2023-12-03 21:23:53,705] {processor.py:641} INFO - Processing file /home/antosha/venvs/practice_3/lib/python3.10/site-packages/airflow/example_dags/tutorial_etl_dag.py for tasks to queue
[2023-12-03 21:23:53,706] {logging_mixin.py:115} INFO - [2023-12-03 21:23:53,706] {dagbag.py:507} INFO - Filling up the DagBag from /home/antosha/venvs/practice_3/lib/python3.10/site-packages/airflow/example_dags/tutorial_etl_dag.py
[2023-12-03 21:23:53,712] {processor.py:651} INFO - DAG(s) dict_keys(['tutorial_etl_dag']) retrieved from /home/antosha/venvs/practice_3/lib/python3.10/site-packages/airflow/example_dags/tutorial_etl_dag.py
[2023-12-03 21:23:53,755] {logging_mixin.py:115} INFO - [2023-12-03 21:23:53,755] {manager.py:508} INFO - Created Permission View: can delete on DAG:tutorial_etl_dag
[2023-12-03 21:23:53,761] {logging_mixin.py:115} INFO - [2023-12-03 21:23:53,761] {manager.py:508} INFO - Created Permission View: can edit on DAG:tutorial_etl_dag
[2023-12-03 21:23:53,765] {logging_mixin.py:115} INFO - [2023-12-03 21:23:53,765] {manager.py:508} INFO - Created Permission View: can read on DAG:tutorial_etl_dag
[2023-12-03 21:23:53,765] {logging_mixin.py:115} INFO - [2023-12-03 21:23:53,765] {dag.py:2371} INFO - Sync 1 DAGs
[2023-12-03 21:23:53,770] {logging_mixin.py:115} INFO - [2023-12-03 21:23:53,770] {dag.py:2390} INFO - Creating ORM DAG for tutorial_etl_dag
[2023-12-03 21:23:53,775] {logging_mixin.py:115} INFO - [2023-12-03 21:23:53,775] {dag.py:2915} INFO - Setting next_dagrun for tutorial_etl_dag to None, run_after=None
[2023-12-03 21:23:53,783] {processor.py:161} INFO - Processing /home/antosha/venvs/practice_3/lib/python3.10/site-packages/airflow/example_dags/tutorial_etl_dag.py took 0.081 seconds
[2023-12-03 21:24:29,313] {processor.py:153} INFO - Started process (PID=5268) to work on /home/antosha/venvs/practice_3/lib/python3.10/site-packages/airflow/example_dags/tutorial_etl_dag.py
[2023-12-03 21:24:29,313] {processor.py:641} INFO - Processing file /home/antosha/venvs/practice_3/lib/python3.10/site-packages/airflow/example_dags/tutorial_etl_dag.py for tasks to queue
[2023-12-03 21:24:29,313] {logging_mixin.py:115} INFO - [2023-12-03 21:24:29,313] {dagbag.py:507} INFO - Filling up the DagBag from /home/antosha/venvs/practice_3/lib/python3.10/site-packages/airflow/example_dags/tutorial_etl_dag.py
[2023-12-03 21:24:29,319] {processor.py:651} INFO - DAG(s) dict_keys(['tutorial_etl_dag']) retrieved from /home/antosha/venvs/practice_3/lib/python3.10/site-packages/airflow/example_dags/tutorial_etl_dag.py
[2023-12-03 21:24:29,331] {logging_mixin.py:115} INFO - [2023-12-03 21:24:29,331] {dag.py:2371} INFO - Sync 1 DAGs
[2023-12-03 21:24:29,343] {logging_mixin.py:115} INFO - [2023-12-03 21:24:29,343] {dag.py:2915} INFO - Setting next_dagrun for tutorial_etl_dag to None, run_after=None
[2023-12-03 21:24:29,350] {processor.py:161} INFO - Processing /home/antosha/venvs/practice_3/lib/python3.10/site-packages/airflow/example_dags/tutorial_etl_dag.py took 0.040 seconds
[2023-12-03 21:25:01,268] {processor.py:153} INFO - Started process (PID=5307) to work on /home/antosha/venvs/practice_3/lib/python3.10/site-packages/airflow/example_dags/tutorial_etl_dag.py
[2023-12-03 21:25:01,268] {processor.py:641} INFO - Processing file /home/antosha/venvs/practice_3/lib/python3.10/site-packages/airflow/example_dags/tutorial_etl_dag.py for tasks to queue
[2023-12-03 21:25:01,269] {logging_mixin.py:115} INFO - [2023-12-03 21:25:01,269] {dagbag.py:507} INFO - Filling up the DagBag from /home/antosha/venvs/practice_3/lib/python3.10/site-packages/airflow/example_dags/tutorial_etl_dag.py
[2023-12-03 21:25:01,275] {processor.py:651} INFO - DAG(s) dict_keys(['tutorial_etl_dag']) retrieved from /home/antosha/venvs/practice_3/lib/python3.10/site-packages/airflow/example_dags/tutorial_etl_dag.py
[2023-12-03 21:25:01,287] {logging_mixin.py:115} INFO - [2023-12-03 21:25:01,287] {dag.py:2371} INFO - Sync 1 DAGs
[2023-12-03 21:25:01,301] {logging_mixin.py:115} INFO - [2023-12-03 21:25:01,301] {dag.py:2915} INFO - Setting next_dagrun for tutorial_etl_dag to None, run_after=None
[2023-12-03 21:25:01,308] {processor.py:161} INFO - Processing /home/antosha/venvs/practice_3/lib/python3.10/site-packages/airflow/example_dags/tutorial_etl_dag.py took 0.043 seconds
[2023-12-03 21:25:34,771] {processor.py:153} INFO - Started process (PID=5348) to work on /home/antosha/venvs/practice_3/lib/python3.10/site-packages/airflow/example_dags/tutorial_etl_dag.py
[2023-12-03 21:25:34,772] {processor.py:641} INFO - Processing file /home/antosha/venvs/practice_3/lib/python3.10/site-packages/airflow/example_dags/tutorial_etl_dag.py for tasks to queue
[2023-12-03 21:25:34,772] {logging_mixin.py:115} INFO - [2023-12-03 21:25:34,772] {dagbag.py:507} INFO - Filling up the DagBag from /home/antosha/venvs/practice_3/lib/python3.10/site-packages/airflow/example_dags/tutorial_etl_dag.py
[2023-12-03 21:25:34,778] {processor.py:651} INFO - DAG(s) dict_keys(['tutorial_etl_dag']) retrieved from /home/antosha/venvs/practice_3/lib/python3.10/site-packages/airflow/example_dags/tutorial_etl_dag.py
[2023-12-03 21:25:34,790] {logging_mixin.py:115} INFO - [2023-12-03 21:25:34,790] {dag.py:2371} INFO - Sync 1 DAGs
[2023-12-03 21:25:34,802] {logging_mixin.py:115} INFO - [2023-12-03 21:25:34,802] {dag.py:2915} INFO - Setting next_dagrun for tutorial_etl_dag to None, run_after=None
[2023-12-03 21:25:34,810] {processor.py:161} INFO - Processing /home/antosha/venvs/practice_3/lib/python3.10/site-packages/airflow/example_dags/tutorial_etl_dag.py took 0.041 seconds
[2023-12-03 21:26:05,708] {processor.py:153} INFO - Started process (PID=5382) to work on /home/antosha/venvs/practice_3/lib/python3.10/site-packages/airflow/example_dags/tutorial_etl_dag.py
[2023-12-03 21:26:05,708] {processor.py:641} INFO - Processing file /home/antosha/venvs/practice_3/lib/python3.10/site-packages/airflow/example_dags/tutorial_etl_dag.py for tasks to queue
[2023-12-03 21:26:05,708] {logging_mixin.py:115} INFO - [2023-12-03 21:26:05,708] {dagbag.py:507} INFO - Filling up the DagBag from /home/antosha/venvs/practice_3/lib/python3.10/site-packages/airflow/example_dags/tutorial_etl_dag.py
[2023-12-03 21:26:05,714] {processor.py:651} INFO - DAG(s) dict_keys(['tutorial_etl_dag']) retrieved from /home/antosha/venvs/practice_3/lib/python3.10/site-packages/airflow/example_dags/tutorial_etl_dag.py
[2023-12-03 21:26:05,726] {logging_mixin.py:115} INFO - [2023-12-03 21:26:05,726] {dag.py:2371} INFO - Sync 1 DAGs
[2023-12-03 21:26:05,739] {logging_mixin.py:115} INFO - [2023-12-03 21:26:05,739] {dag.py:2915} INFO - Setting next_dagrun for tutorial_etl_dag to None, run_after=None
[2023-12-03 21:26:05,747] {processor.py:161} INFO - Processing /home/antosha/venvs/practice_3/lib/python3.10/site-packages/airflow/example_dags/tutorial_etl_dag.py took 0.042 seconds
[2023-12-03 21:26:39,033] {processor.py:153} INFO - Started process (PID=5432) to work on /home/antosha/venvs/practice_3/lib/python3.10/site-packages/airflow/example_dags/tutorial_etl_dag.py
[2023-12-03 21:26:39,033] {processor.py:641} INFO - Processing file /home/antosha/venvs/practice_3/lib/python3.10/site-packages/airflow/example_dags/tutorial_etl_dag.py for tasks to queue
[2023-12-03 21:26:39,034] {logging_mixin.py:115} INFO - [2023-12-03 21:26:39,033] {dagbag.py:507} INFO - Filling up the DagBag from /home/antosha/venvs/practice_3/lib/python3.10/site-packages/airflow/example_dags/tutorial_etl_dag.py
[2023-12-03 21:26:39,039] {processor.py:651} INFO - DAG(s) dict_keys(['tutorial_etl_dag']) retrieved from /home/antosha/venvs/practice_3/lib/python3.10/site-packages/airflow/example_dags/tutorial_etl_dag.py
[2023-12-03 21:26:39,051] {logging_mixin.py:115} INFO - [2023-12-03 21:26:39,051] {dag.py:2371} INFO - Sync 1 DAGs
[2023-12-03 21:26:39,063] {logging_mixin.py:115} INFO - [2023-12-03 21:26:39,063] {dag.py:2915} INFO - Setting next_dagrun for tutorial_etl_dag to None, run_after=None
[2023-12-03 21:26:39,071] {processor.py:161} INFO - Processing /home/antosha/venvs/practice_3/lib/python3.10/site-packages/airflow/example_dags/tutorial_etl_dag.py took 0.041 seconds
[2023-12-03 21:27:10,429] {processor.py:153} INFO - Started process (PID=5466) to work on /home/antosha/venvs/practice_3/lib/python3.10/site-packages/airflow/example_dags/tutorial_etl_dag.py
[2023-12-03 21:27:10,429] {processor.py:641} INFO - Processing file /home/antosha/venvs/practice_3/lib/python3.10/site-packages/airflow/example_dags/tutorial_etl_dag.py for tasks to queue
[2023-12-03 21:27:10,430] {logging_mixin.py:115} INFO - [2023-12-03 21:27:10,430] {dagbag.py:507} INFO - Filling up the DagBag from /home/antosha/venvs/practice_3/lib/python3.10/site-packages/airflow/example_dags/tutorial_etl_dag.py
[2023-12-03 21:27:10,435] {processor.py:651} INFO - DAG(s) dict_keys(['tutorial_etl_dag']) retrieved from /home/antosha/venvs/practice_3/lib/python3.10/site-packages/airflow/example_dags/tutorial_etl_dag.py
[2023-12-03 21:27:10,447] {logging_mixin.py:115} INFO - [2023-12-03 21:27:10,447] {dag.py:2371} INFO - Sync 1 DAGs
[2023-12-03 21:27:10,460] {logging_mixin.py:115} INFO - [2023-12-03 21:27:10,460] {dag.py:2915} INFO - Setting next_dagrun for tutorial_etl_dag to None, run_after=None
[2023-12-03 21:27:10,467] {processor.py:161} INFO - Processing /home/antosha/venvs/practice_3/lib/python3.10/site-packages/airflow/example_dags/tutorial_etl_dag.py took 0.041 seconds
[2023-12-03 21:27:43,334] {processor.py:153} INFO - Started process (PID=5518) to work on /home/antosha/venvs/practice_3/lib/python3.10/site-packages/airflow/example_dags/tutorial_etl_dag.py
[2023-12-03 21:27:43,335] {processor.py:641} INFO - Processing file /home/antosha/venvs/practice_3/lib/python3.10/site-packages/airflow/example_dags/tutorial_etl_dag.py for tasks to queue
[2023-12-03 21:27:43,335] {logging_mixin.py:115} INFO - [2023-12-03 21:27:43,335] {dagbag.py:507} INFO - Filling up the DagBag from /home/antosha/venvs/practice_3/lib/python3.10/site-packages/airflow/example_dags/tutorial_etl_dag.py
[2023-12-03 21:27:43,341] {processor.py:651} INFO - DAG(s) dict_keys(['tutorial_etl_dag']) retrieved from /home/antosha/venvs/practice_3/lib/python3.10/site-packages/airflow/example_dags/tutorial_etl_dag.py
[2023-12-03 21:27:43,352] {logging_mixin.py:115} INFO - [2023-12-03 21:27:43,352] {dag.py:2371} INFO - Sync 1 DAGs
[2023-12-03 21:27:43,365] {logging_mixin.py:115} INFO - [2023-12-03 21:27:43,365] {dag.py:2915} INFO - Setting next_dagrun for tutorial_etl_dag to None, run_after=None
[2023-12-03 21:27:43,372] {processor.py:161} INFO - Processing /home/antosha/venvs/practice_3/lib/python3.10/site-packages/airflow/example_dags/tutorial_etl_dag.py took 0.040 seconds
[2023-12-03 21:28:17,815] {processor.py:153} INFO - Started process (PID=5570) to work on /home/antosha/venvs/practice_3/lib/python3.10/site-packages/airflow/example_dags/tutorial_etl_dag.py
[2023-12-03 21:28:17,815] {processor.py:641} INFO - Processing file /home/antosha/venvs/practice_3/lib/python3.10/site-packages/airflow/example_dags/tutorial_etl_dag.py for tasks to queue
[2023-12-03 21:28:17,816] {logging_mixin.py:115} INFO - [2023-12-03 21:28:17,816] {dagbag.py:507} INFO - Filling up the DagBag from /home/antosha/venvs/practice_3/lib/python3.10/site-packages/airflow/example_dags/tutorial_etl_dag.py
[2023-12-03 21:28:17,821] {processor.py:651} INFO - DAG(s) dict_keys(['tutorial_etl_dag']) retrieved from /home/antosha/venvs/practice_3/lib/python3.10/site-packages/airflow/example_dags/tutorial_etl_dag.py
[2023-12-03 21:28:17,833] {logging_mixin.py:115} INFO - [2023-12-03 21:28:17,833] {dag.py:2371} INFO - Sync 1 DAGs
[2023-12-03 21:28:17,845] {logging_mixin.py:115} INFO - [2023-12-03 21:28:17,845] {dag.py:2915} INFO - Setting next_dagrun for tutorial_etl_dag to None, run_after=None
[2023-12-03 21:28:17,853] {processor.py:161} INFO - Processing /home/antosha/venvs/practice_3/lib/python3.10/site-packages/airflow/example_dags/tutorial_etl_dag.py took 0.040 seconds
[2023-12-03 21:28:49,991] {processor.py:153} INFO - Started process (PID=5605) to work on /home/antosha/venvs/practice_3/lib/python3.10/site-packages/airflow/example_dags/tutorial_etl_dag.py
[2023-12-03 21:28:49,992] {processor.py:641} INFO - Processing file /home/antosha/venvs/practice_3/lib/python3.10/site-packages/airflow/example_dags/tutorial_etl_dag.py for tasks to queue
[2023-12-03 21:28:49,994] {logging_mixin.py:115} INFO - [2023-12-03 21:28:49,992] {dagbag.py:507} INFO - Filling up the DagBag from /home/antosha/venvs/practice_3/lib/python3.10/site-packages/airflow/example_dags/tutorial_etl_dag.py
[2023-12-03 21:28:50,006] {processor.py:651} INFO - DAG(s) dict_keys(['tutorial_etl_dag']) retrieved from /home/antosha/venvs/practice_3/lib/python3.10/site-packages/airflow/example_dags/tutorial_etl_dag.py
[2023-12-03 21:28:50,028] {logging_mixin.py:115} INFO - [2023-12-03 21:28:50,028] {dag.py:2371} INFO - Sync 1 DAGs
[2023-12-03 21:28:50,057] {logging_mixin.py:115} INFO - [2023-12-03 21:28:50,057] {dag.py:2915} INFO - Setting next_dagrun for tutorial_etl_dag to None, run_after=None
[2023-12-03 21:28:50,068] {processor.py:161} INFO - Processing /home/antosha/venvs/practice_3/lib/python3.10/site-packages/airflow/example_dags/tutorial_etl_dag.py took 0.081 seconds
[2023-12-03 21:29:23,007] {processor.py:153} INFO - Started process (PID=5650) to work on /home/antosha/venvs/practice_3/lib/python3.10/site-packages/airflow/example_dags/tutorial_etl_dag.py
[2023-12-03 21:29:23,007] {processor.py:641} INFO - Processing file /home/antosha/venvs/practice_3/lib/python3.10/site-packages/airflow/example_dags/tutorial_etl_dag.py for tasks to queue
[2023-12-03 21:29:23,008] {logging_mixin.py:115} INFO - [2023-12-03 21:29:23,008] {dagbag.py:507} INFO - Filling up the DagBag from /home/antosha/venvs/practice_3/lib/python3.10/site-packages/airflow/example_dags/tutorial_etl_dag.py
[2023-12-03 21:29:23,014] {processor.py:651} INFO - DAG(s) dict_keys(['tutorial_etl_dag']) retrieved from /home/antosha/venvs/practice_3/lib/python3.10/site-packages/airflow/example_dags/tutorial_etl_dag.py
[2023-12-03 21:29:23,026] {logging_mixin.py:115} INFO - [2023-12-03 21:29:23,026] {dag.py:2371} INFO - Sync 1 DAGs
[2023-12-03 21:29:23,039] {logging_mixin.py:115} INFO - [2023-12-03 21:29:23,039] {dag.py:2915} INFO - Setting next_dagrun for tutorial_etl_dag to None, run_after=None
[2023-12-03 21:29:23,047] {processor.py:161} INFO - Processing /home/antosha/venvs/practice_3/lib/python3.10/site-packages/airflow/example_dags/tutorial_etl_dag.py took 0.042 seconds
[2023-12-03 21:29:54,926] {processor.py:153} INFO - Started process (PID=5684) to work on /home/antosha/venvs/practice_3/lib/python3.10/site-packages/airflow/example_dags/tutorial_etl_dag.py
[2023-12-03 21:29:54,927] {processor.py:641} INFO - Processing file /home/antosha/venvs/practice_3/lib/python3.10/site-packages/airflow/example_dags/tutorial_etl_dag.py for tasks to queue
[2023-12-03 21:29:54,927] {logging_mixin.py:115} INFO - [2023-12-03 21:29:54,927] {dagbag.py:507} INFO - Filling up the DagBag from /home/antosha/venvs/practice_3/lib/python3.10/site-packages/airflow/example_dags/tutorial_etl_dag.py
[2023-12-03 21:29:54,933] {processor.py:651} INFO - DAG(s) dict_keys(['tutorial_etl_dag']) retrieved from /home/antosha/venvs/practice_3/lib/python3.10/site-packages/airflow/example_dags/tutorial_etl_dag.py
[2023-12-03 21:29:54,943] {logging_mixin.py:115} INFO - [2023-12-03 21:29:54,943] {dag.py:2371} INFO - Sync 1 DAGs
[2023-12-03 21:29:54,955] {logging_mixin.py:115} INFO - [2023-12-03 21:29:54,955] {dag.py:2915} INFO - Setting next_dagrun for tutorial_etl_dag to None, run_after=None
[2023-12-03 21:29:54,963] {processor.py:161} INFO - Processing /home/antosha/venvs/practice_3/lib/python3.10/site-packages/airflow/example_dags/tutorial_etl_dag.py took 0.039 seconds
[2023-12-03 21:30:26,818] {processor.py:153} INFO - Started process (PID=5726) to work on /home/antosha/venvs/practice_3/lib/python3.10/site-packages/airflow/example_dags/tutorial_etl_dag.py
[2023-12-03 21:30:26,819] {processor.py:641} INFO - Processing file /home/antosha/venvs/practice_3/lib/python3.10/site-packages/airflow/example_dags/tutorial_etl_dag.py for tasks to queue
[2023-12-03 21:30:26,819] {logging_mixin.py:115} INFO - [2023-12-03 21:30:26,819] {dagbag.py:507} INFO - Filling up the DagBag from /home/antosha/venvs/practice_3/lib/python3.10/site-packages/airflow/example_dags/tutorial_etl_dag.py
[2023-12-03 21:30:26,825] {processor.py:651} INFO - DAG(s) dict_keys(['tutorial_etl_dag']) retrieved from /home/antosha/venvs/practice_3/lib/python3.10/site-packages/airflow/example_dags/tutorial_etl_dag.py
[2023-12-03 21:30:26,836] {logging_mixin.py:115} INFO - [2023-12-03 21:30:26,836] {dag.py:2371} INFO - Sync 1 DAGs
[2023-12-03 21:30:26,849] {logging_mixin.py:115} INFO - [2023-12-03 21:30:26,849] {dag.py:2915} INFO - Setting next_dagrun for tutorial_etl_dag to None, run_after=None
[2023-12-03 21:30:26,856] {processor.py:161} INFO - Processing /home/antosha/venvs/practice_3/lib/python3.10/site-packages/airflow/example_dags/tutorial_etl_dag.py took 0.041 seconds
[2023-12-03 21:30:59,378] {processor.py:153} INFO - Started process (PID=5766) to work on /home/antosha/venvs/practice_3/lib/python3.10/site-packages/airflow/example_dags/tutorial_etl_dag.py
[2023-12-03 21:30:59,379] {processor.py:641} INFO - Processing file /home/antosha/venvs/practice_3/lib/python3.10/site-packages/airflow/example_dags/tutorial_etl_dag.py for tasks to queue
[2023-12-03 21:30:59,379] {logging_mixin.py:115} INFO - [2023-12-03 21:30:59,379] {dagbag.py:507} INFO - Filling up the DagBag from /home/antosha/venvs/practice_3/lib/python3.10/site-packages/airflow/example_dags/tutorial_etl_dag.py
[2023-12-03 21:30:59,387] {processor.py:651} INFO - DAG(s) dict_keys(['tutorial_etl_dag']) retrieved from /home/antosha/venvs/practice_3/lib/python3.10/site-packages/airflow/example_dags/tutorial_etl_dag.py
[2023-12-03 21:30:59,403] {logging_mixin.py:115} INFO - [2023-12-03 21:30:59,403] {dag.py:2371} INFO - Sync 1 DAGs
[2023-12-03 21:30:59,416] {logging_mixin.py:115} INFO - [2023-12-03 21:30:59,416] {dag.py:2915} INFO - Setting next_dagrun for tutorial_etl_dag to None, run_after=None
[2023-12-03 21:30:59,424] {processor.py:161} INFO - Processing /home/antosha/venvs/practice_3/lib/python3.10/site-packages/airflow/example_dags/tutorial_etl_dag.py took 0.050 seconds
[2023-12-03 21:31:32,379] {processor.py:153} INFO - Started process (PID=5800) to work on /home/antosha/venvs/practice_3/lib/python3.10/site-packages/airflow/example_dags/tutorial_etl_dag.py
[2023-12-03 21:31:32,379] {processor.py:641} INFO - Processing file /home/antosha/venvs/practice_3/lib/python3.10/site-packages/airflow/example_dags/tutorial_etl_dag.py for tasks to queue
[2023-12-03 21:31:32,379] {logging_mixin.py:115} INFO - [2023-12-03 21:31:32,379] {dagbag.py:507} INFO - Filling up the DagBag from /home/antosha/venvs/practice_3/lib/python3.10/site-packages/airflow/example_dags/tutorial_etl_dag.py
[2023-12-03 21:31:32,385] {processor.py:651} INFO - DAG(s) dict_keys(['tutorial_etl_dag']) retrieved from /home/antosha/venvs/practice_3/lib/python3.10/site-packages/airflow/example_dags/tutorial_etl_dag.py
[2023-12-03 21:31:32,397] {logging_mixin.py:115} INFO - [2023-12-03 21:31:32,397] {dag.py:2371} INFO - Sync 1 DAGs
[2023-12-03 21:31:32,410] {logging_mixin.py:115} INFO - [2023-12-03 21:31:32,410] {dag.py:2915} INFO - Setting next_dagrun for tutorial_etl_dag to None, run_after=None
[2023-12-03 21:31:32,418] {processor.py:161} INFO - Processing /home/antosha/venvs/practice_3/lib/python3.10/site-packages/airflow/example_dags/tutorial_etl_dag.py took 0.041 seconds
[2023-12-03 21:32:04,301] {processor.py:153} INFO - Started process (PID=5834) to work on /home/antosha/venvs/practice_3/lib/python3.10/site-packages/airflow/example_dags/tutorial_etl_dag.py
[2023-12-03 21:32:04,302] {processor.py:641} INFO - Processing file /home/antosha/venvs/practice_3/lib/python3.10/site-packages/airflow/example_dags/tutorial_etl_dag.py for tasks to queue
[2023-12-03 21:32:04,302] {logging_mixin.py:115} INFO - [2023-12-03 21:32:04,302] {dagbag.py:507} INFO - Filling up the DagBag from /home/antosha/venvs/practice_3/lib/python3.10/site-packages/airflow/example_dags/tutorial_etl_dag.py
[2023-12-03 21:32:04,308] {processor.py:651} INFO - DAG(s) dict_keys(['tutorial_etl_dag']) retrieved from /home/antosha/venvs/practice_3/lib/python3.10/site-packages/airflow/example_dags/tutorial_etl_dag.py
[2023-12-03 21:32:04,321] {logging_mixin.py:115} INFO - [2023-12-03 21:32:04,321] {dag.py:2371} INFO - Sync 1 DAGs
[2023-12-03 21:32:04,333] {logging_mixin.py:115} INFO - [2023-12-03 21:32:04,333] {dag.py:2915} INFO - Setting next_dagrun for tutorial_etl_dag to None, run_after=None
[2023-12-03 21:32:04,341] {processor.py:161} INFO - Processing /home/antosha/venvs/practice_3/lib/python3.10/site-packages/airflow/example_dags/tutorial_etl_dag.py took 0.042 seconds
[2023-12-03 21:32:37,978] {processor.py:153} INFO - Started process (PID=5869) to work on /home/antosha/venvs/practice_3/lib/python3.10/site-packages/airflow/example_dags/tutorial_etl_dag.py
[2023-12-03 21:32:37,978] {processor.py:641} INFO - Processing file /home/antosha/venvs/practice_3/lib/python3.10/site-packages/airflow/example_dags/tutorial_etl_dag.py for tasks to queue
[2023-12-03 21:32:37,979] {logging_mixin.py:115} INFO - [2023-12-03 21:32:37,979] {dagbag.py:507} INFO - Filling up the DagBag from /home/antosha/venvs/practice_3/lib/python3.10/site-packages/airflow/example_dags/tutorial_etl_dag.py
[2023-12-03 21:32:37,985] {processor.py:651} INFO - DAG(s) dict_keys(['tutorial_etl_dag']) retrieved from /home/antosha/venvs/practice_3/lib/python3.10/site-packages/airflow/example_dags/tutorial_etl_dag.py
[2023-12-03 21:32:37,997] {logging_mixin.py:115} INFO - [2023-12-03 21:32:37,997] {dag.py:2371} INFO - Sync 1 DAGs
[2023-12-03 21:32:38,015] {logging_mixin.py:115} INFO - [2023-12-03 21:32:38,015] {dag.py:2915} INFO - Setting next_dagrun for tutorial_etl_dag to None, run_after=None
[2023-12-03 21:32:38,023] {processor.py:161} INFO - Processing /home/antosha/venvs/practice_3/lib/python3.10/site-packages/airflow/example_dags/tutorial_etl_dag.py took 0.049 seconds
[2023-12-03 21:33:11,383] {processor.py:153} INFO - Started process (PID=5906) to work on /home/antosha/venvs/practice_3/lib/python3.10/site-packages/airflow/example_dags/tutorial_etl_dag.py
[2023-12-03 21:33:11,384] {processor.py:641} INFO - Processing file /home/antosha/venvs/practice_3/lib/python3.10/site-packages/airflow/example_dags/tutorial_etl_dag.py for tasks to queue
[2023-12-03 21:33:11,384] {logging_mixin.py:115} INFO - [2023-12-03 21:33:11,384] {dagbag.py:507} INFO - Filling up the DagBag from /home/antosha/venvs/practice_3/lib/python3.10/site-packages/airflow/example_dags/tutorial_etl_dag.py
[2023-12-03 21:33:11,390] {processor.py:651} INFO - DAG(s) dict_keys(['tutorial_etl_dag']) retrieved from /home/antosha/venvs/practice_3/lib/python3.10/site-packages/airflow/example_dags/tutorial_etl_dag.py
[2023-12-03 21:33:11,402] {logging_mixin.py:115} INFO - [2023-12-03 21:33:11,402] {dag.py:2371} INFO - Sync 1 DAGs
[2023-12-03 21:33:11,415] {logging_mixin.py:115} INFO - [2023-12-03 21:33:11,414] {dag.py:2915} INFO - Setting next_dagrun for tutorial_etl_dag to None, run_after=None
[2023-12-03 21:33:11,422] {processor.py:161} INFO - Processing /home/antosha/venvs/practice_3/lib/python3.10/site-packages/airflow/example_dags/tutorial_etl_dag.py took 0.041 seconds
[2023-12-03 21:33:42,445] {processor.py:153} INFO - Started process (PID=5940) to work on /home/antosha/venvs/practice_3/lib/python3.10/site-packages/airflow/example_dags/tutorial_etl_dag.py
[2023-12-03 21:33:42,445] {processor.py:641} INFO - Processing file /home/antosha/venvs/practice_3/lib/python3.10/site-packages/airflow/example_dags/tutorial_etl_dag.py for tasks to queue
[2023-12-03 21:33:42,446] {logging_mixin.py:115} INFO - [2023-12-03 21:33:42,446] {dagbag.py:507} INFO - Filling up the DagBag from /home/antosha/venvs/practice_3/lib/python3.10/site-packages/airflow/example_dags/tutorial_etl_dag.py
[2023-12-03 21:33:42,451] {processor.py:651} INFO - DAG(s) dict_keys(['tutorial_etl_dag']) retrieved from /home/antosha/venvs/practice_3/lib/python3.10/site-packages/airflow/example_dags/tutorial_etl_dag.py
[2023-12-03 21:33:42,463] {logging_mixin.py:115} INFO - [2023-12-03 21:33:42,463] {dag.py:2371} INFO - Sync 1 DAGs
[2023-12-03 21:33:42,476] {logging_mixin.py:115} INFO - [2023-12-03 21:33:42,476] {dag.py:2915} INFO - Setting next_dagrun for tutorial_etl_dag to None, run_after=None
[2023-12-03 21:33:42,484] {processor.py:161} INFO - Processing /home/antosha/venvs/practice_3/lib/python3.10/site-packages/airflow/example_dags/tutorial_etl_dag.py took 0.045 seconds
[2023-12-03 21:34:15,419] {processor.py:153} INFO - Started process (PID=5978) to work on /home/antosha/venvs/practice_3/lib/python3.10/site-packages/airflow/example_dags/tutorial_etl_dag.py
[2023-12-03 21:34:15,422] {processor.py:641} INFO - Processing file /home/antosha/venvs/practice_3/lib/python3.10/site-packages/airflow/example_dags/tutorial_etl_dag.py for tasks to queue
[2023-12-03 21:34:15,423] {logging_mixin.py:115} INFO - [2023-12-03 21:34:15,423] {dagbag.py:507} INFO - Filling up the DagBag from /home/antosha/venvs/practice_3/lib/python3.10/site-packages/airflow/example_dags/tutorial_etl_dag.py
[2023-12-03 21:34:15,439] {processor.py:651} INFO - DAG(s) dict_keys(['tutorial_etl_dag']) retrieved from /home/antosha/venvs/practice_3/lib/python3.10/site-packages/airflow/example_dags/tutorial_etl_dag.py
[2023-12-03 21:34:15,476] {logging_mixin.py:115} INFO - [2023-12-03 21:34:15,476] {dag.py:2371} INFO - Sync 1 DAGs
[2023-12-03 21:34:15,520] {logging_mixin.py:115} INFO - [2023-12-03 21:34:15,520] {dag.py:2915} INFO - Setting next_dagrun for tutorial_etl_dag to None, run_after=None
[2023-12-03 21:34:15,544] {processor.py:161} INFO - Processing /home/antosha/venvs/practice_3/lib/python3.10/site-packages/airflow/example_dags/tutorial_etl_dag.py took 0.133 seconds
[2023-12-03 21:34:48,344] {processor.py:153} INFO - Started process (PID=6012) to work on /home/antosha/venvs/practice_3/lib/python3.10/site-packages/airflow/example_dags/tutorial_etl_dag.py
[2023-12-03 21:34:48,345] {processor.py:641} INFO - Processing file /home/antosha/venvs/practice_3/lib/python3.10/site-packages/airflow/example_dags/tutorial_etl_dag.py for tasks to queue
[2023-12-03 21:34:48,345] {logging_mixin.py:115} INFO - [2023-12-03 21:34:48,345] {dagbag.py:507} INFO - Filling up the DagBag from /home/antosha/venvs/practice_3/lib/python3.10/site-packages/airflow/example_dags/tutorial_etl_dag.py
[2023-12-03 21:34:48,351] {processor.py:651} INFO - DAG(s) dict_keys(['tutorial_etl_dag']) retrieved from /home/antosha/venvs/practice_3/lib/python3.10/site-packages/airflow/example_dags/tutorial_etl_dag.py
[2023-12-03 21:34:48,365] {logging_mixin.py:115} INFO - [2023-12-03 21:34:48,365] {dag.py:2371} INFO - Sync 1 DAGs
[2023-12-03 21:34:48,377] {logging_mixin.py:115} INFO - [2023-12-03 21:34:48,376] {dag.py:2915} INFO - Setting next_dagrun for tutorial_etl_dag to None, run_after=None
[2023-12-03 21:34:48,384] {processor.py:161} INFO - Processing /home/antosha/venvs/practice_3/lib/python3.10/site-packages/airflow/example_dags/tutorial_etl_dag.py took 0.043 seconds
[2023-12-03 21:35:19,765] {processor.py:153} INFO - Started process (PID=6057) to work on /home/antosha/venvs/practice_3/lib/python3.10/site-packages/airflow/example_dags/tutorial_etl_dag.py
[2023-12-03 21:35:19,766] {processor.py:641} INFO - Processing file /home/antosha/venvs/practice_3/lib/python3.10/site-packages/airflow/example_dags/tutorial_etl_dag.py for tasks to queue
[2023-12-03 21:35:19,766] {logging_mixin.py:115} INFO - [2023-12-03 21:35:19,766] {dagbag.py:507} INFO - Filling up the DagBag from /home/antosha/venvs/practice_3/lib/python3.10/site-packages/airflow/example_dags/tutorial_etl_dag.py
[2023-12-03 21:35:19,772] {processor.py:651} INFO - DAG(s) dict_keys(['tutorial_etl_dag']) retrieved from /home/antosha/venvs/practice_3/lib/python3.10/site-packages/airflow/example_dags/tutorial_etl_dag.py
[2023-12-03 21:35:19,789] {logging_mixin.py:115} INFO - [2023-12-03 21:35:19,788] {dag.py:2371} INFO - Sync 1 DAGs
[2023-12-03 21:35:19,802] {logging_mixin.py:115} INFO - [2023-12-03 21:35:19,802] {dag.py:2915} INFO - Setting next_dagrun for tutorial_etl_dag to None, run_after=None
[2023-12-03 21:35:19,812] {processor.py:161} INFO - Processing /home/antosha/venvs/practice_3/lib/python3.10/site-packages/airflow/example_dags/tutorial_etl_dag.py took 0.050 seconds
