[2023-12-03 21:23:58,538] {processor.py:153} INFO - Started process (PID=4603) to work on /home/antosha/venvs/practice_3/lib/python3.10/site-packages/airflow/example_dags/tutorial_taskflow_api_etl_virtualenv.py
[2023-12-03 21:23:58,538] {processor.py:641} INFO - Processing file /home/antosha/venvs/practice_3/lib/python3.10/site-packages/airflow/example_dags/tutorial_taskflow_api_etl_virtualenv.py for tasks to queue
[2023-12-03 21:23:58,538] {logging_mixin.py:115} INFO - [2023-12-03 21:23:58,538] {dagbag.py:507} INFO - Filling up the DagBag from /home/antosha/venvs/practice_3/lib/python3.10/site-packages/airflow/example_dags/tutorial_taskflow_api_etl_virtualenv.py
[2023-12-03 21:23:58,563] {logging_mixin.py:115} INFO - [2023-12-03 21:23:58,563] {tutorial_taskflow_api_etl_virtualenv.py:29} WARNING - The tutorial_taskflow_api_etl_virtualenv example DAG requires virtualenv, please install it.
[2023-12-03 21:23:58,563] {processor.py:653} WARNING - No viable dags retrieved from /home/antosha/venvs/practice_3/lib/python3.10/site-packages/airflow/example_dags/tutorial_taskflow_api_etl_virtualenv.py
[2023-12-03 21:23:58,580] {processor.py:161} INFO - Processing /home/antosha/venvs/practice_3/lib/python3.10/site-packages/airflow/example_dags/tutorial_taskflow_api_etl_virtualenv.py took 0.048 seconds
[2023-12-03 21:24:33,004] {processor.py:153} INFO - Started process (PID=5272) to work on /home/antosha/venvs/practice_3/lib/python3.10/site-packages/airflow/example_dags/tutorial_taskflow_api_etl_virtualenv.py
[2023-12-03 21:24:33,004] {processor.py:641} INFO - Processing file /home/antosha/venvs/practice_3/lib/python3.10/site-packages/airflow/example_dags/tutorial_taskflow_api_etl_virtualenv.py for tasks to queue
[2023-12-03 21:24:33,004] {logging_mixin.py:115} INFO - [2023-12-03 21:24:33,004] {dagbag.py:507} INFO - Filling up the DagBag from /home/antosha/venvs/practice_3/lib/python3.10/site-packages/airflow/example_dags/tutorial_taskflow_api_etl_virtualenv.py
[2023-12-03 21:24:33,014] {logging_mixin.py:115} INFO - [2023-12-03 21:24:33,014] {tutorial_taskflow_api_etl_virtualenv.py:29} WARNING - The tutorial_taskflow_api_etl_virtualenv example DAG requires virtualenv, please install it.
[2023-12-03 21:24:33,014] {processor.py:653} WARNING - No viable dags retrieved from /home/antosha/venvs/practice_3/lib/python3.10/site-packages/airflow/example_dags/tutorial_taskflow_api_etl_virtualenv.py
[2023-12-03 21:24:33,022] {processor.py:161} INFO - Processing /home/antosha/venvs/practice_3/lib/python3.10/site-packages/airflow/example_dags/tutorial_taskflow_api_etl_virtualenv.py took 0.021 seconds
[2023-12-03 21:25:05,273] {processor.py:153} INFO - Started process (PID=5317) to work on /home/antosha/venvs/practice_3/lib/python3.10/site-packages/airflow/example_dags/tutorial_taskflow_api_etl_virtualenv.py
[2023-12-03 21:25:05,274] {processor.py:641} INFO - Processing file /home/antosha/venvs/practice_3/lib/python3.10/site-packages/airflow/example_dags/tutorial_taskflow_api_etl_virtualenv.py for tasks to queue
[2023-12-03 21:25:05,274] {logging_mixin.py:115} INFO - [2023-12-03 21:25:05,274] {dagbag.py:507} INFO - Filling up the DagBag from /home/antosha/venvs/practice_3/lib/python3.10/site-packages/airflow/example_dags/tutorial_taskflow_api_etl_virtualenv.py
[2023-12-03 21:25:05,284] {logging_mixin.py:115} INFO - [2023-12-03 21:25:05,284] {tutorial_taskflow_api_etl_virtualenv.py:29} WARNING - The tutorial_taskflow_api_etl_virtualenv example DAG requires virtualenv, please install it.
[2023-12-03 21:25:05,284] {processor.py:653} WARNING - No viable dags retrieved from /home/antosha/venvs/practice_3/lib/python3.10/site-packages/airflow/example_dags/tutorial_taskflow_api_etl_virtualenv.py
[2023-12-03 21:25:05,292] {processor.py:161} INFO - Processing /home/antosha/venvs/practice_3/lib/python3.10/site-packages/airflow/example_dags/tutorial_taskflow_api_etl_virtualenv.py took 0.022 seconds
[2023-12-03 21:25:38,291] {processor.py:153} INFO - Started process (PID=5352) to work on /home/antosha/venvs/practice_3/lib/python3.10/site-packages/airflow/example_dags/tutorial_taskflow_api_etl_virtualenv.py
[2023-12-03 21:25:38,291] {processor.py:641} INFO - Processing file /home/antosha/venvs/practice_3/lib/python3.10/site-packages/airflow/example_dags/tutorial_taskflow_api_etl_virtualenv.py for tasks to queue
[2023-12-03 21:25:38,292] {logging_mixin.py:115} INFO - [2023-12-03 21:25:38,292] {dagbag.py:507} INFO - Filling up the DagBag from /home/antosha/venvs/practice_3/lib/python3.10/site-packages/airflow/example_dags/tutorial_taskflow_api_etl_virtualenv.py
[2023-12-03 21:25:38,301] {logging_mixin.py:115} INFO - [2023-12-03 21:25:38,301] {tutorial_taskflow_api_etl_virtualenv.py:29} WARNING - The tutorial_taskflow_api_etl_virtualenv example DAG requires virtualenv, please install it.
[2023-12-03 21:25:38,301] {processor.py:653} WARNING - No viable dags retrieved from /home/antosha/venvs/practice_3/lib/python3.10/site-packages/airflow/example_dags/tutorial_taskflow_api_etl_virtualenv.py
[2023-12-03 21:25:38,309] {processor.py:161} INFO - Processing /home/antosha/venvs/practice_3/lib/python3.10/site-packages/airflow/example_dags/tutorial_taskflow_api_etl_virtualenv.py took 0.021 seconds
[2023-12-03 21:26:09,905] {processor.py:153} INFO - Started process (PID=5386) to work on /home/antosha/venvs/practice_3/lib/python3.10/site-packages/airflow/example_dags/tutorial_taskflow_api_etl_virtualenv.py
[2023-12-03 21:26:09,905] {processor.py:641} INFO - Processing file /home/antosha/venvs/practice_3/lib/python3.10/site-packages/airflow/example_dags/tutorial_taskflow_api_etl_virtualenv.py for tasks to queue
[2023-12-03 21:26:09,905] {logging_mixin.py:115} INFO - [2023-12-03 21:26:09,905] {dagbag.py:507} INFO - Filling up the DagBag from /home/antosha/venvs/practice_3/lib/python3.10/site-packages/airflow/example_dags/tutorial_taskflow_api_etl_virtualenv.py
[2023-12-03 21:26:09,915] {logging_mixin.py:115} INFO - [2023-12-03 21:26:09,915] {tutorial_taskflow_api_etl_virtualenv.py:29} WARNING - The tutorial_taskflow_api_etl_virtualenv example DAG requires virtualenv, please install it.
[2023-12-03 21:26:09,915] {processor.py:653} WARNING - No viable dags retrieved from /home/antosha/venvs/practice_3/lib/python3.10/site-packages/airflow/example_dags/tutorial_taskflow_api_etl_virtualenv.py
[2023-12-03 21:26:09,923] {processor.py:161} INFO - Processing /home/antosha/venvs/practice_3/lib/python3.10/site-packages/airflow/example_dags/tutorial_taskflow_api_etl_virtualenv.py took 0.020 seconds
[2023-12-03 21:26:42,872] {processor.py:153} INFO - Started process (PID=5436) to work on /home/antosha/venvs/practice_3/lib/python3.10/site-packages/airflow/example_dags/tutorial_taskflow_api_etl_virtualenv.py
[2023-12-03 21:26:42,873] {processor.py:641} INFO - Processing file /home/antosha/venvs/practice_3/lib/python3.10/site-packages/airflow/example_dags/tutorial_taskflow_api_etl_virtualenv.py for tasks to queue
[2023-12-03 21:26:42,873] {logging_mixin.py:115} INFO - [2023-12-03 21:26:42,873] {dagbag.py:507} INFO - Filling up the DagBag from /home/antosha/venvs/practice_3/lib/python3.10/site-packages/airflow/example_dags/tutorial_taskflow_api_etl_virtualenv.py
[2023-12-03 21:26:42,883] {logging_mixin.py:115} INFO - [2023-12-03 21:26:42,883] {tutorial_taskflow_api_etl_virtualenv.py:29} WARNING - The tutorial_taskflow_api_etl_virtualenv example DAG requires virtualenv, please install it.
[2023-12-03 21:26:42,883] {processor.py:653} WARNING - No viable dags retrieved from /home/antosha/venvs/practice_3/lib/python3.10/site-packages/airflow/example_dags/tutorial_taskflow_api_etl_virtualenv.py
[2023-12-03 21:26:42,891] {processor.py:161} INFO - Processing /home/antosha/venvs/practice_3/lib/python3.10/site-packages/airflow/example_dags/tutorial_taskflow_api_etl_virtualenv.py took 0.021 seconds
[2023-12-03 21:27:14,803] {processor.py:153} INFO - Started process (PID=5470) to work on /home/antosha/venvs/practice_3/lib/python3.10/site-packages/airflow/example_dags/tutorial_taskflow_api_etl_virtualenv.py
[2023-12-03 21:27:14,803] {processor.py:641} INFO - Processing file /home/antosha/venvs/practice_3/lib/python3.10/site-packages/airflow/example_dags/tutorial_taskflow_api_etl_virtualenv.py for tasks to queue
[2023-12-03 21:27:14,804] {logging_mixin.py:115} INFO - [2023-12-03 21:27:14,804] {dagbag.py:507} INFO - Filling up the DagBag from /home/antosha/venvs/practice_3/lib/python3.10/site-packages/airflow/example_dags/tutorial_taskflow_api_etl_virtualenv.py
[2023-12-03 21:27:14,813] {logging_mixin.py:115} INFO - [2023-12-03 21:27:14,813] {tutorial_taskflow_api_etl_virtualenv.py:29} WARNING - The tutorial_taskflow_api_etl_virtualenv example DAG requires virtualenv, please install it.
[2023-12-03 21:27:14,813] {processor.py:653} WARNING - No viable dags retrieved from /home/antosha/venvs/practice_3/lib/python3.10/site-packages/airflow/example_dags/tutorial_taskflow_api_etl_virtualenv.py
[2023-12-03 21:27:14,822] {processor.py:161} INFO - Processing /home/antosha/venvs/practice_3/lib/python3.10/site-packages/airflow/example_dags/tutorial_taskflow_api_etl_virtualenv.py took 0.021 seconds
[2023-12-03 21:27:47,554] {processor.py:153} INFO - Started process (PID=5533) to work on /home/antosha/venvs/practice_3/lib/python3.10/site-packages/airflow/example_dags/tutorial_taskflow_api_etl_virtualenv.py
[2023-12-03 21:27:47,554] {processor.py:641} INFO - Processing file /home/antosha/venvs/practice_3/lib/python3.10/site-packages/airflow/example_dags/tutorial_taskflow_api_etl_virtualenv.py for tasks to queue
[2023-12-03 21:27:47,555] {logging_mixin.py:115} INFO - [2023-12-03 21:27:47,555] {dagbag.py:507} INFO - Filling up the DagBag from /home/antosha/venvs/practice_3/lib/python3.10/site-packages/airflow/example_dags/tutorial_taskflow_api_etl_virtualenv.py
[2023-12-03 21:27:47,564] {logging_mixin.py:115} INFO - [2023-12-03 21:27:47,564] {tutorial_taskflow_api_etl_virtualenv.py:29} WARNING - The tutorial_taskflow_api_etl_virtualenv example DAG requires virtualenv, please install it.
[2023-12-03 21:27:47,565] {processor.py:653} WARNING - No viable dags retrieved from /home/antosha/venvs/practice_3/lib/python3.10/site-packages/airflow/example_dags/tutorial_taskflow_api_etl_virtualenv.py
[2023-12-03 21:27:47,573] {processor.py:161} INFO - Processing /home/antosha/venvs/practice_3/lib/python3.10/site-packages/airflow/example_dags/tutorial_taskflow_api_etl_virtualenv.py took 0.022 seconds
[2023-12-03 21:28:21,448] {processor.py:153} INFO - Started process (PID=5574) to work on /home/antosha/venvs/practice_3/lib/python3.10/site-packages/airflow/example_dags/tutorial_taskflow_api_etl_virtualenv.py
[2023-12-03 21:28:21,448] {processor.py:641} INFO - Processing file /home/antosha/venvs/practice_3/lib/python3.10/site-packages/airflow/example_dags/tutorial_taskflow_api_etl_virtualenv.py for tasks to queue
[2023-12-03 21:28:21,448] {logging_mixin.py:115} INFO - [2023-12-03 21:28:21,448] {dagbag.py:507} INFO - Filling up the DagBag from /home/antosha/venvs/practice_3/lib/python3.10/site-packages/airflow/example_dags/tutorial_taskflow_api_etl_virtualenv.py
[2023-12-03 21:28:21,458] {logging_mixin.py:115} INFO - [2023-12-03 21:28:21,458] {tutorial_taskflow_api_etl_virtualenv.py:29} WARNING - The tutorial_taskflow_api_etl_virtualenv example DAG requires virtualenv, please install it.
[2023-12-03 21:28:21,458] {processor.py:653} WARNING - No viable dags retrieved from /home/antosha/venvs/practice_3/lib/python3.10/site-packages/airflow/example_dags/tutorial_taskflow_api_etl_virtualenv.py
[2023-12-03 21:28:21,466] {processor.py:161} INFO - Processing /home/antosha/venvs/practice_3/lib/python3.10/site-packages/airflow/example_dags/tutorial_taskflow_api_etl_virtualenv.py took 0.020 seconds
[2023-12-03 21:28:53,584] {processor.py:153} INFO - Started process (PID=5609) to work on /home/antosha/venvs/practice_3/lib/python3.10/site-packages/airflow/example_dags/tutorial_taskflow_api_etl_virtualenv.py
[2023-12-03 21:28:53,584] {processor.py:641} INFO - Processing file /home/antosha/venvs/practice_3/lib/python3.10/site-packages/airflow/example_dags/tutorial_taskflow_api_etl_virtualenv.py for tasks to queue
[2023-12-03 21:28:53,584] {logging_mixin.py:115} INFO - [2023-12-03 21:28:53,584] {dagbag.py:507} INFO - Filling up the DagBag from /home/antosha/venvs/practice_3/lib/python3.10/site-packages/airflow/example_dags/tutorial_taskflow_api_etl_virtualenv.py
[2023-12-03 21:28:53,594] {logging_mixin.py:115} INFO - [2023-12-03 21:28:53,594] {tutorial_taskflow_api_etl_virtualenv.py:29} WARNING - The tutorial_taskflow_api_etl_virtualenv example DAG requires virtualenv, please install it.
[2023-12-03 21:28:53,595] {processor.py:653} WARNING - No viable dags retrieved from /home/antosha/venvs/practice_3/lib/python3.10/site-packages/airflow/example_dags/tutorial_taskflow_api_etl_virtualenv.py
[2023-12-03 21:28:53,602] {processor.py:161} INFO - Processing /home/antosha/venvs/practice_3/lib/python3.10/site-packages/airflow/example_dags/tutorial_taskflow_api_etl_virtualenv.py took 0.021 seconds
[2023-12-03 21:29:26,354] {processor.py:153} INFO - Started process (PID=5654) to work on /home/antosha/venvs/practice_3/lib/python3.10/site-packages/airflow/example_dags/tutorial_taskflow_api_etl_virtualenv.py
[2023-12-03 21:29:26,355] {processor.py:641} INFO - Processing file /home/antosha/venvs/practice_3/lib/python3.10/site-packages/airflow/example_dags/tutorial_taskflow_api_etl_virtualenv.py for tasks to queue
[2023-12-03 21:29:26,355] {logging_mixin.py:115} INFO - [2023-12-03 21:29:26,355] {dagbag.py:507} INFO - Filling up the DagBag from /home/antosha/venvs/practice_3/lib/python3.10/site-packages/airflow/example_dags/tutorial_taskflow_api_etl_virtualenv.py
[2023-12-03 21:29:26,365] {logging_mixin.py:115} INFO - [2023-12-03 21:29:26,364] {tutorial_taskflow_api_etl_virtualenv.py:29} WARNING - The tutorial_taskflow_api_etl_virtualenv example DAG requires virtualenv, please install it.
[2023-12-03 21:29:26,365] {processor.py:653} WARNING - No viable dags retrieved from /home/antosha/venvs/practice_3/lib/python3.10/site-packages/airflow/example_dags/tutorial_taskflow_api_etl_virtualenv.py
[2023-12-03 21:29:26,372] {processor.py:161} INFO - Processing /home/antosha/venvs/practice_3/lib/python3.10/site-packages/airflow/example_dags/tutorial_taskflow_api_etl_virtualenv.py took 0.021 seconds
[2023-12-03 21:29:58,903] {processor.py:153} INFO - Started process (PID=5688) to work on /home/antosha/venvs/practice_3/lib/python3.10/site-packages/airflow/example_dags/tutorial_taskflow_api_etl_virtualenv.py
[2023-12-03 21:29:58,903] {processor.py:641} INFO - Processing file /home/antosha/venvs/practice_3/lib/python3.10/site-packages/airflow/example_dags/tutorial_taskflow_api_etl_virtualenv.py for tasks to queue
[2023-12-03 21:29:58,903] {logging_mixin.py:115} INFO - [2023-12-03 21:29:58,903] {dagbag.py:507} INFO - Filling up the DagBag from /home/antosha/venvs/practice_3/lib/python3.10/site-packages/airflow/example_dags/tutorial_taskflow_api_etl_virtualenv.py
[2023-12-03 21:29:58,913] {logging_mixin.py:115} INFO - [2023-12-03 21:29:58,913] {tutorial_taskflow_api_etl_virtualenv.py:29} WARNING - The tutorial_taskflow_api_etl_virtualenv example DAG requires virtualenv, please install it.
[2023-12-03 21:29:58,913] {processor.py:653} WARNING - No viable dags retrieved from /home/antosha/venvs/practice_3/lib/python3.10/site-packages/airflow/example_dags/tutorial_taskflow_api_etl_virtualenv.py
[2023-12-03 21:29:58,921] {processor.py:161} INFO - Processing /home/antosha/venvs/practice_3/lib/python3.10/site-packages/airflow/example_dags/tutorial_taskflow_api_etl_virtualenv.py took 0.021 seconds
[2023-12-03 21:30:29,696] {processor.py:153} INFO - Started process (PID=5731) to work on /home/antosha/venvs/practice_3/lib/python3.10/site-packages/airflow/example_dags/tutorial_taskflow_api_etl_virtualenv.py
[2023-12-03 21:30:29,697] {processor.py:641} INFO - Processing file /home/antosha/venvs/practice_3/lib/python3.10/site-packages/airflow/example_dags/tutorial_taskflow_api_etl_virtualenv.py for tasks to queue
[2023-12-03 21:30:29,697] {logging_mixin.py:115} INFO - [2023-12-03 21:30:29,697] {dagbag.py:507} INFO - Filling up the DagBag from /home/antosha/venvs/practice_3/lib/python3.10/site-packages/airflow/example_dags/tutorial_taskflow_api_etl_virtualenv.py
[2023-12-03 21:30:29,707] {logging_mixin.py:115} INFO - [2023-12-03 21:30:29,707] {tutorial_taskflow_api_etl_virtualenv.py:29} WARNING - The tutorial_taskflow_api_etl_virtualenv example DAG requires virtualenv, please install it.
[2023-12-03 21:30:29,707] {processor.py:653} WARNING - No viable dags retrieved from /home/antosha/venvs/practice_3/lib/python3.10/site-packages/airflow/example_dags/tutorial_taskflow_api_etl_virtualenv.py
[2023-12-03 21:30:29,715] {processor.py:161} INFO - Processing /home/antosha/venvs/practice_3/lib/python3.10/site-packages/airflow/example_dags/tutorial_taskflow_api_etl_virtualenv.py took 0.021 seconds
[2023-12-03 21:31:03,375] {processor.py:153} INFO - Started process (PID=5770) to work on /home/antosha/venvs/practice_3/lib/python3.10/site-packages/airflow/example_dags/tutorial_taskflow_api_etl_virtualenv.py
[2023-12-03 21:31:03,375] {processor.py:641} INFO - Processing file /home/antosha/venvs/practice_3/lib/python3.10/site-packages/airflow/example_dags/tutorial_taskflow_api_etl_virtualenv.py for tasks to queue
[2023-12-03 21:31:03,375] {logging_mixin.py:115} INFO - [2023-12-03 21:31:03,375] {dagbag.py:507} INFO - Filling up the DagBag from /home/antosha/venvs/practice_3/lib/python3.10/site-packages/airflow/example_dags/tutorial_taskflow_api_etl_virtualenv.py
[2023-12-03 21:31:03,385] {logging_mixin.py:115} INFO - [2023-12-03 21:31:03,385] {tutorial_taskflow_api_etl_virtualenv.py:29} WARNING - The tutorial_taskflow_api_etl_virtualenv example DAG requires virtualenv, please install it.
[2023-12-03 21:31:03,385] {processor.py:653} WARNING - No viable dags retrieved from /home/antosha/venvs/practice_3/lib/python3.10/site-packages/airflow/example_dags/tutorial_taskflow_api_etl_virtualenv.py
[2023-12-03 21:31:03,394] {processor.py:161} INFO - Processing /home/antosha/venvs/practice_3/lib/python3.10/site-packages/airflow/example_dags/tutorial_taskflow_api_etl_virtualenv.py took 0.022 seconds
[2023-12-03 21:31:36,385] {processor.py:153} INFO - Started process (PID=5804) to work on /home/antosha/venvs/practice_3/lib/python3.10/site-packages/airflow/example_dags/tutorial_taskflow_api_etl_virtualenv.py
[2023-12-03 21:31:36,385] {processor.py:641} INFO - Processing file /home/antosha/venvs/practice_3/lib/python3.10/site-packages/airflow/example_dags/tutorial_taskflow_api_etl_virtualenv.py for tasks to queue
[2023-12-03 21:31:36,386] {logging_mixin.py:115} INFO - [2023-12-03 21:31:36,385] {dagbag.py:507} INFO - Filling up the DagBag from /home/antosha/venvs/practice_3/lib/python3.10/site-packages/airflow/example_dags/tutorial_taskflow_api_etl_virtualenv.py
[2023-12-03 21:31:36,395] {logging_mixin.py:115} INFO - [2023-12-03 21:31:36,395] {tutorial_taskflow_api_etl_virtualenv.py:29} WARNING - The tutorial_taskflow_api_etl_virtualenv example DAG requires virtualenv, please install it.
[2023-12-03 21:31:36,395] {processor.py:653} WARNING - No viable dags retrieved from /home/antosha/venvs/practice_3/lib/python3.10/site-packages/airflow/example_dags/tutorial_taskflow_api_etl_virtualenv.py
[2023-12-03 21:31:36,403] {processor.py:161} INFO - Processing /home/antosha/venvs/practice_3/lib/python3.10/site-packages/airflow/example_dags/tutorial_taskflow_api_etl_virtualenv.py took 0.021 seconds
[2023-12-03 21:32:08,249] {processor.py:153} INFO - Started process (PID=5838) to work on /home/antosha/venvs/practice_3/lib/python3.10/site-packages/airflow/example_dags/tutorial_taskflow_api_etl_virtualenv.py
[2023-12-03 21:32:08,250] {processor.py:641} INFO - Processing file /home/antosha/venvs/practice_3/lib/python3.10/site-packages/airflow/example_dags/tutorial_taskflow_api_etl_virtualenv.py for tasks to queue
[2023-12-03 21:32:08,250] {logging_mixin.py:115} INFO - [2023-12-03 21:32:08,250] {dagbag.py:507} INFO - Filling up the DagBag from /home/antosha/venvs/practice_3/lib/python3.10/site-packages/airflow/example_dags/tutorial_taskflow_api_etl_virtualenv.py
[2023-12-03 21:32:08,260] {logging_mixin.py:115} INFO - [2023-12-03 21:32:08,260] {tutorial_taskflow_api_etl_virtualenv.py:29} WARNING - The tutorial_taskflow_api_etl_virtualenv example DAG requires virtualenv, please install it.
[2023-12-03 21:32:08,260] {processor.py:653} WARNING - No viable dags retrieved from /home/antosha/venvs/practice_3/lib/python3.10/site-packages/airflow/example_dags/tutorial_taskflow_api_etl_virtualenv.py
[2023-12-03 21:32:08,269] {processor.py:161} INFO - Processing /home/antosha/venvs/practice_3/lib/python3.10/site-packages/airflow/example_dags/tutorial_taskflow_api_etl_virtualenv.py took 0.022 seconds
[2023-12-03 21:32:41,722] {processor.py:153} INFO - Started process (PID=5874) to work on /home/antosha/venvs/practice_3/lib/python3.10/site-packages/airflow/example_dags/tutorial_taskflow_api_etl_virtualenv.py
[2023-12-03 21:32:41,722] {processor.py:641} INFO - Processing file /home/antosha/venvs/practice_3/lib/python3.10/site-packages/airflow/example_dags/tutorial_taskflow_api_etl_virtualenv.py for tasks to queue
[2023-12-03 21:32:41,722] {logging_mixin.py:115} INFO - [2023-12-03 21:32:41,722] {dagbag.py:507} INFO - Filling up the DagBag from /home/antosha/venvs/practice_3/lib/python3.10/site-packages/airflow/example_dags/tutorial_taskflow_api_etl_virtualenv.py
[2023-12-03 21:32:41,733] {logging_mixin.py:115} INFO - [2023-12-03 21:32:41,733] {tutorial_taskflow_api_etl_virtualenv.py:29} WARNING - The tutorial_taskflow_api_etl_virtualenv example DAG requires virtualenv, please install it.
[2023-12-03 21:32:41,733] {processor.py:653} WARNING - No viable dags retrieved from /home/antosha/venvs/practice_3/lib/python3.10/site-packages/airflow/example_dags/tutorial_taskflow_api_etl_virtualenv.py
[2023-12-03 21:32:41,744] {processor.py:161} INFO - Processing /home/antosha/venvs/practice_3/lib/python3.10/site-packages/airflow/example_dags/tutorial_taskflow_api_etl_virtualenv.py took 0.025 seconds
[2023-12-03 21:33:14,236] {processor.py:153} INFO - Started process (PID=5910) to work on /home/antosha/venvs/practice_3/lib/python3.10/site-packages/airflow/example_dags/tutorial_taskflow_api_etl_virtualenv.py
[2023-12-03 21:33:14,236] {processor.py:641} INFO - Processing file /home/antosha/venvs/practice_3/lib/python3.10/site-packages/airflow/example_dags/tutorial_taskflow_api_etl_virtualenv.py for tasks to queue
[2023-12-03 21:33:14,237] {logging_mixin.py:115} INFO - [2023-12-03 21:33:14,237] {dagbag.py:507} INFO - Filling up the DagBag from /home/antosha/venvs/practice_3/lib/python3.10/site-packages/airflow/example_dags/tutorial_taskflow_api_etl_virtualenv.py
[2023-12-03 21:33:14,246] {logging_mixin.py:115} INFO - [2023-12-03 21:33:14,246] {tutorial_taskflow_api_etl_virtualenv.py:29} WARNING - The tutorial_taskflow_api_etl_virtualenv example DAG requires virtualenv, please install it.
[2023-12-03 21:33:14,247] {processor.py:653} WARNING - No viable dags retrieved from /home/antosha/venvs/practice_3/lib/python3.10/site-packages/airflow/example_dags/tutorial_taskflow_api_etl_virtualenv.py
[2023-12-03 21:33:14,254] {processor.py:161} INFO - Processing /home/antosha/venvs/practice_3/lib/python3.10/site-packages/airflow/example_dags/tutorial_taskflow_api_etl_virtualenv.py took 0.021 seconds
[2023-12-03 21:33:46,950] {processor.py:153} INFO - Started process (PID=5944) to work on /home/antosha/venvs/practice_3/lib/python3.10/site-packages/airflow/example_dags/tutorial_taskflow_api_etl_virtualenv.py
[2023-12-03 21:33:46,951] {processor.py:641} INFO - Processing file /home/antosha/venvs/practice_3/lib/python3.10/site-packages/airflow/example_dags/tutorial_taskflow_api_etl_virtualenv.py for tasks to queue
[2023-12-03 21:33:46,951] {logging_mixin.py:115} INFO - [2023-12-03 21:33:46,951] {dagbag.py:507} INFO - Filling up the DagBag from /home/antosha/venvs/practice_3/lib/python3.10/site-packages/airflow/example_dags/tutorial_taskflow_api_etl_virtualenv.py
[2023-12-03 21:33:46,961] {logging_mixin.py:115} INFO - [2023-12-03 21:33:46,961] {tutorial_taskflow_api_etl_virtualenv.py:29} WARNING - The tutorial_taskflow_api_etl_virtualenv example DAG requires virtualenv, please install it.
[2023-12-03 21:33:46,961] {processor.py:653} WARNING - No viable dags retrieved from /home/antosha/venvs/practice_3/lib/python3.10/site-packages/airflow/example_dags/tutorial_taskflow_api_etl_virtualenv.py
[2023-12-03 21:33:46,969] {processor.py:161} INFO - Processing /home/antosha/venvs/practice_3/lib/python3.10/site-packages/airflow/example_dags/tutorial_taskflow_api_etl_virtualenv.py took 0.021 seconds
[2023-12-03 21:34:19,408] {processor.py:153} INFO - Started process (PID=5982) to work on /home/antosha/venvs/practice_3/lib/python3.10/site-packages/airflow/example_dags/tutorial_taskflow_api_etl_virtualenv.py
[2023-12-03 21:34:19,408] {processor.py:641} INFO - Processing file /home/antosha/venvs/practice_3/lib/python3.10/site-packages/airflow/example_dags/tutorial_taskflow_api_etl_virtualenv.py for tasks to queue
[2023-12-03 21:34:19,408] {logging_mixin.py:115} INFO - [2023-12-03 21:34:19,408] {dagbag.py:507} INFO - Filling up the DagBag from /home/antosha/venvs/practice_3/lib/python3.10/site-packages/airflow/example_dags/tutorial_taskflow_api_etl_virtualenv.py
[2023-12-03 21:34:19,418] {logging_mixin.py:115} INFO - [2023-12-03 21:34:19,418] {tutorial_taskflow_api_etl_virtualenv.py:29} WARNING - The tutorial_taskflow_api_etl_virtualenv example DAG requires virtualenv, please install it.
[2023-12-03 21:34:19,418] {processor.py:653} WARNING - No viable dags retrieved from /home/antosha/venvs/practice_3/lib/python3.10/site-packages/airflow/example_dags/tutorial_taskflow_api_etl_virtualenv.py
[2023-12-03 21:34:19,428] {processor.py:161} INFO - Processing /home/antosha/venvs/practice_3/lib/python3.10/site-packages/airflow/example_dags/tutorial_taskflow_api_etl_virtualenv.py took 0.024 seconds
[2023-12-03 21:34:51,466] {processor.py:153} INFO - Started process (PID=6016) to work on /home/antosha/venvs/practice_3/lib/python3.10/site-packages/airflow/example_dags/tutorial_taskflow_api_etl_virtualenv.py
[2023-12-03 21:34:51,466] {processor.py:641} INFO - Processing file /home/antosha/venvs/practice_3/lib/python3.10/site-packages/airflow/example_dags/tutorial_taskflow_api_etl_virtualenv.py for tasks to queue
[2023-12-03 21:34:51,467] {logging_mixin.py:115} INFO - [2023-12-03 21:34:51,467] {dagbag.py:507} INFO - Filling up the DagBag from /home/antosha/venvs/practice_3/lib/python3.10/site-packages/airflow/example_dags/tutorial_taskflow_api_etl_virtualenv.py
[2023-12-03 21:34:51,477] {logging_mixin.py:115} INFO - [2023-12-03 21:34:51,477] {tutorial_taskflow_api_etl_virtualenv.py:29} WARNING - The tutorial_taskflow_api_etl_virtualenv example DAG requires virtualenv, please install it.
[2023-12-03 21:34:51,477] {processor.py:653} WARNING - No viable dags retrieved from /home/antosha/venvs/practice_3/lib/python3.10/site-packages/airflow/example_dags/tutorial_taskflow_api_etl_virtualenv.py
[2023-12-03 21:34:51,487] {processor.py:161} INFO - Processing /home/antosha/venvs/practice_3/lib/python3.10/site-packages/airflow/example_dags/tutorial_taskflow_api_etl_virtualenv.py took 0.024 seconds
[2023-12-03 21:35:24,010] {processor.py:153} INFO - Started process (PID=6061) to work on /home/antosha/venvs/practice_3/lib/python3.10/site-packages/airflow/example_dags/tutorial_taskflow_api_etl_virtualenv.py
[2023-12-03 21:35:24,010] {processor.py:641} INFO - Processing file /home/antosha/venvs/practice_3/lib/python3.10/site-packages/airflow/example_dags/tutorial_taskflow_api_etl_virtualenv.py for tasks to queue
[2023-12-03 21:35:24,011] {logging_mixin.py:115} INFO - [2023-12-03 21:35:24,011] {dagbag.py:507} INFO - Filling up the DagBag from /home/antosha/venvs/practice_3/lib/python3.10/site-packages/airflow/example_dags/tutorial_taskflow_api_etl_virtualenv.py
[2023-12-03 21:35:24,023] {logging_mixin.py:115} INFO - [2023-12-03 21:35:24,023] {tutorial_taskflow_api_etl_virtualenv.py:29} WARNING - The tutorial_taskflow_api_etl_virtualenv example DAG requires virtualenv, please install it.
[2023-12-03 21:35:24,024] {processor.py:653} WARNING - No viable dags retrieved from /home/antosha/venvs/practice_3/lib/python3.10/site-packages/airflow/example_dags/tutorial_taskflow_api_etl_virtualenv.py
[2023-12-03 21:35:24,038] {processor.py:161} INFO - Processing /home/antosha/venvs/practice_3/lib/python3.10/site-packages/airflow/example_dags/tutorial_taskflow_api_etl_virtualenv.py took 0.031 seconds
