[2023-12-03 23:05:26,946] {taskinstance.py:1159} INFO - Dependencies all met for <TaskInstance: water_polution.model_preprocessing manual__2023-12-03T17:38:00.239033+00:00 [queued]>
[2023-12-03 23:05:26,953] {taskinstance.py:1159} INFO - Dependencies all met for <TaskInstance: water_polution.model_preprocessing manual__2023-12-03T17:38:00.239033+00:00 [queued]>
[2023-12-03 23:05:26,953] {taskinstance.py:1356} INFO - 
--------------------------------------------------------------------------------
[2023-12-03 23:05:26,953] {taskinstance.py:1357} INFO - Starting attempt 1 of 6
[2023-12-03 23:05:26,953] {taskinstance.py:1358} INFO - 
--------------------------------------------------------------------------------
[2023-12-03 23:05:26,976] {taskinstance.py:1377} INFO - Executing <Task(BashOperator): model_preprocessing> on 2023-12-03 17:38:00.239033+00:00
[2023-12-03 23:05:26,978] {standard_task_runner.py:52} INFO - Started process 22444 to run task
[2023-12-03 23:05:26,990] {standard_task_runner.py:79} INFO - Running: ['airflow', 'tasks', 'run', 'water_polution', 'model_preprocessing', 'manual__2023-12-03T17:38:00.239033+00:00', '--job-id', '16', '--raw', '--subdir', 'DAGS_FOLDER/water_polution.py', '--cfg-path', '/tmp/tmpvere34pf', '--error-file', '/tmp/tmpdytcr7v1']
[2023-12-03 23:05:26,993] {standard_task_runner.py:80} INFO - Job 16: Subtask model_preprocessing
[2023-12-03 23:05:27,060] {task_command.py:369} INFO - Running <TaskInstance: water_polution.model_preprocessing manual__2023-12-03T17:38:00.239033+00:00 [running]> on host MLops.myguest.virtualbox.org
[2023-12-03 23:05:27,138] {taskinstance.py:1569} INFO - Exporting the following env vars:
AIRFLOW_CTX_DAG_OWNER=Admin
AIRFLOW_CTX_DAG_ID=water_polution
AIRFLOW_CTX_TASK_ID=model_preprocessing
AIRFLOW_CTX_EXECUTION_DATE=2023-12-03T17:38:00.239033+00:00
AIRFLOW_CTX_TRY_NUMBER=1
AIRFLOW_CTX_DAG_RUN_ID=manual__2023-12-03T17:38:00.239033+00:00
[2023-12-03 23:05:27,139] {subprocess.py:62} INFO - Tmp dir root location: 
 /tmp
[2023-12-03 23:05:27,141] {subprocess.py:74} INFO - Running command: ['bash', '-c', 'python3 /home/antosha/project/scripts/model_preprocessing.py']
[2023-12-03 23:05:27,154] {subprocess.py:85} INFO - Output:
[2023-12-03 23:05:28,556] {subprocess.py:96} INFO - Command exited with return code 0
[2023-12-03 23:05:28,580] {taskinstance.py:1395} INFO - Marking task as SUCCESS. dag_id=water_polution, task_id=model_preprocessing, execution_date=20231203T173800, start_date=20231203T180526, end_date=20231203T180528
[2023-12-03 23:05:28,623] {local_task_job.py:156} INFO - Task exited with return code 0
[2023-12-03 23:05:28,640] {local_task_job.py:273} INFO - 0 downstream tasks scheduled from follow-on schedule check
