[2023-12-03 23:05:35,291] {taskinstance.py:1159} INFO - Dependencies all met for <TaskInstance: water_polution.model_preprocessing manual__2023-12-03T18:05:25.013380+00:00 [queued]>
[2023-12-03 23:05:35,295] {taskinstance.py:1159} INFO - Dependencies all met for <TaskInstance: water_polution.model_preprocessing manual__2023-12-03T18:05:25.013380+00:00 [queued]>
[2023-12-03 23:05:35,295] {taskinstance.py:1356} INFO - 
--------------------------------------------------------------------------------
[2023-12-03 23:05:35,295] {taskinstance.py:1357} INFO - Starting attempt 1 of 6
[2023-12-03 23:05:35,295] {taskinstance.py:1358} INFO - 
--------------------------------------------------------------------------------
[2023-12-03 23:05:35,303] {taskinstance.py:1377} INFO - Executing <Task(BashOperator): model_preprocessing> on 2023-12-03 18:05:25.013380+00:00
[2023-12-03 23:05:35,305] {standard_task_runner.py:52} INFO - Started process 22467 to run task
[2023-12-03 23:05:35,311] {standard_task_runner.py:79} INFO - Running: ['airflow', 'tasks', 'run', 'water_polution', 'model_preprocessing', 'manual__2023-12-03T18:05:25.013380+00:00', '--job-id', '18', '--raw', '--subdir', 'DAGS_FOLDER/water_polution.py', '--cfg-path', '/tmp/tmphfkc8ptw', '--error-file', '/tmp/tmphi232244']
[2023-12-03 23:05:35,312] {standard_task_runner.py:80} INFO - Job 18: Subtask model_preprocessing
[2023-12-03 23:05:35,348] {task_command.py:369} INFO - Running <TaskInstance: water_polution.model_preprocessing manual__2023-12-03T18:05:25.013380+00:00 [running]> on host MLops.myguest.virtualbox.org
[2023-12-03 23:05:35,389] {taskinstance.py:1569} INFO - Exporting the following env vars:
AIRFLOW_CTX_DAG_OWNER=Admin
AIRFLOW_CTX_DAG_ID=water_polution
AIRFLOW_CTX_TASK_ID=model_preprocessing
AIRFLOW_CTX_EXECUTION_DATE=2023-12-03T18:05:25.013380+00:00
AIRFLOW_CTX_TRY_NUMBER=1
AIRFLOW_CTX_DAG_RUN_ID=manual__2023-12-03T18:05:25.013380+00:00
[2023-12-03 23:05:35,389] {subprocess.py:62} INFO - Tmp dir root location: 
 /tmp
[2023-12-03 23:05:35,390] {subprocess.py:74} INFO - Running command: ['bash', '-c', 'python3 /home/antosha/project/scripts/model_preprocessing.py']
[2023-12-03 23:05:35,398] {subprocess.py:85} INFO - Output:
[2023-12-03 23:05:36,250] {subprocess.py:96} INFO - Command exited with return code 0
[2023-12-03 23:05:36,264] {taskinstance.py:1395} INFO - Marking task as SUCCESS. dag_id=water_polution, task_id=model_preprocessing, execution_date=20231203T180525, start_date=20231203T180535, end_date=20231203T180536
[2023-12-03 23:05:36,287] {local_task_job.py:156} INFO - Task exited with return code 0
[2023-12-03 23:05:36,316] {local_task_job.py:273} INFO - 1 downstream tasks scheduled from follow-on schedule check
